<?xml version="1.0" encoding="utf-8"?>
<TestRun id="30f65488-a4ba-4a83-9dc4-6a00a8d21870" name="@macbook-pro-de-gwendall 2023-03-18 17:40:07" xmlns="http://microsoft.com/schemas/VisualStudio/TeamTest/2010">
  <Times creation="2023-03-18T17:40:07.3916520+01:00" queuing="2023-03-18T17:40:07.3916520+01:00" start="2023-03-18T17:40:04.7154800+01:00" finish="2023-03-18T17:40:08.6370380+01:00" />
  <TestSettings name="default" id="eda66b20-334e-40b7-9578-b4ed374c1651">
    <Deployment runDeploymentRoot="_macbook-pro-de-gwendall_2023-03-18_17_40_07" />
  </TestSettings>
  <Results>
    <UnitTestResult executionId="cf5780f3-a5ae-4142-882b-292d7ffdea4c" testId="1347f241-136c-cef8-d4ba-385ff45a8d83" testName="RSql4Net.Tests.Models.Queries.ComparisonDoubleExpressionTest.ShouldBeNotEquals" computerName="macbook-pro-de-gwendall" duration="00:00:00.0019395" startTime="2023-03-18T17:40:08.2287510+01:00" endTime="2023-03-18T17:40:08.2287510+01:00" testType="13cdc9d9-ddb5-4fa4-a97d-d965ccfc6d4b" outcome="Passed" testListId="8c84fa94-04c1-424b-9868-57a2d4851a1d" relativeResultsDirectory="cf5780f3-a5ae-4142-882b-292d7ffdea4c" />
    <UnitTestResult executionId="372ee12f-8100-42f3-8ac6-4c62d4b04eb6" testId="2a4e4943-58eb-c7b4-0836-32fd6e0ebdbd" testName="RSql4Net.Tests.Models.Queries.ComparisonBooleanExpressionTest.ShouldThrowInvalidConversionException" computerName="macbook-pro-de-gwendall" duration="00:00:00.0007339" startTime="2023-03-18T17:40:08.3466640+01:00" endTime="2023-03-18T17:40:08.3466640+01:00" testType="13cdc9d9-ddb5-4fa4-a97d-d965ccfc6d4b" outcome="Passed" testListId="8c84fa94-04c1-424b-9868-57a2d4851a1d" relativeResultsDirectory="372ee12f-8100-42f3-8ac6-4c62d4b04eb6" />
    <UnitTestResult executionId="9a4e1dbc-44fb-4773-b55e-d176dd2203f1" testId="6318c8ad-9a09-f765-f416-1c28329d9874" testName="RSql4Net.Tests.Models.Queries.ComparisonStringExpressionTest.ShouldThrowExceptionGreaterThanOrEquals" computerName="macbook-pro-de-gwendall" duration="00:00:00.0009346" startTime="2023-03-18T17:40:08.1381360+01:00" endTime="2023-03-18T17:40:08.1381360+01:00" testType="13cdc9d9-ddb5-4fa4-a97d-d965ccfc6d4b" outcome="Passed" testListId="8c84fa94-04c1-424b-9868-57a2d4851a1d" relativeResultsDirectory="9a4e1dbc-44fb-4773-b55e-d176dd2203f1" />
    <UnitTestResult executionId="30de2cd6-9a77-4fdd-b7ad-99b45c702fca" testId="3bd12f5e-06c2-8025-0e66-a1ff83463cd1" testName="RSql4Net.Tests.Models.Queries.ComparisonDoubleExpressionTest.ShouldBeLowerThanWithNullable" computerName="macbook-pro-de-gwendall" duration="00:00:00.0026123" startTime="2023-03-18T17:40:08.2343000+01:00" endTime="2023-03-18T17:40:08.2343000+01:00" testType="13cdc9d9-ddb5-4fa4-a97d-d965ccfc6d4b" outcome="Passed" testListId="8c84fa94-04c1-424b-9868-57a2d4851a1d" relativeResultsDirectory="30de2cd6-9a77-4fdd-b7ad-99b45c702fca" />
    <UnitTestResult executionId="aa08cc5c-7a8d-4158-a5b1-2d4055dede47" testId="eb3f41cc-8ee0-e795-631e-b01c92d04851" testName="RSql4Net.Tests.Models.Queries.ComparisonStringExpressionTest.ShouldBeStartsWith" computerName="macbook-pro-de-gwendall" duration="00:00:00.0008394" startTime="2023-03-18T17:40:08.1564880+01:00" endTime="2023-03-18T17:40:08.1564880+01:00" testType="13cdc9d9-ddb5-4fa4-a97d-d965ccfc6d4b" outcome="Passed" testListId="8c84fa94-04c1-424b-9868-57a2d4851a1d" relativeResultsDirectory="aa08cc5c-7a8d-4158-a5b1-2d4055dede47" />
    <UnitTestResult executionId="69991802-a020-4cb5-a4ea-2e61226de0d7" testId="bfefe66a-8ce4-63fc-21af-7e76bcb9a29b" testName="RSql4Net.Tests.Models.Queries.ComparisonStringExpressionTest.ShouldThrowExceptionLowerThan" computerName="macbook-pro-de-gwendall" duration="00:00:00.0009085" startTime="2023-03-18T17:40:08.1386090+01:00" endTime="2023-03-18T17:40:08.1386090+01:00" testType="13cdc9d9-ddb5-4fa4-a97d-d965ccfc6d4b" outcome="Passed" testListId="8c84fa94-04c1-424b-9868-57a2d4851a1d" relativeResultsDirectory="69991802-a020-4cb5-a4ea-2e61226de0d7" />
    <UnitTestResult executionId="c1b2c40c-9fb8-48ee-aad9-23631b6fda70" testId="1c46ab22-39c5-508f-f6e2-b7d5ed4ca241" testName="RSql4Net.Tests.Models.Queries.ComparisonDecimalExpressionTest.ShouldBeGreaterThanWithNullable" computerName="macbook-pro-de-gwendall" duration="00:00:00.0100663" startTime="2023-03-18T17:40:07.7130000+01:00" endTime="2023-03-18T17:40:07.7130010+01:00" testType="13cdc9d9-ddb5-4fa4-a97d-d965ccfc6d4b" outcome="Passed" testListId="8c84fa94-04c1-424b-9868-57a2d4851a1d" relativeResultsDirectory="c1b2c40c-9fb8-48ee-aad9-23631b6fda70" />
    <UnitTestResult executionId="99b5c750-58af-4145-aac7-a4315ceb4401" testId="b1e2926e-f8f3-82da-2314-c429fe38bdac" testName="RSql4Net.Tests.SwaggerGen.RSqlOperationFilterTest.ShouldBeWithQueryParameter" computerName="macbook-pro-de-gwendall" duration="00:00:00.0009756" startTime="2023-03-18T17:40:08.1662200+01:00" endTime="2023-03-18T17:40:08.1662200+01:00" testType="13cdc9d9-ddb5-4fa4-a97d-d965ccfc6d4b" outcome="Passed" testListId="8c84fa94-04c1-424b-9868-57a2d4851a1d" relativeResultsDirectory="99b5c750-58af-4145-aac7-a4315ceb4401" />
    <UnitTestResult executionId="5038c45d-d8fb-47bb-8423-ecdbfce04dd0" testId="193579c3-924a-42ac-1f05-be920639c4a1" testName="RSql4Net.Tests.Models.Queries.ComparisonDateTimeExpressionTest.ShouldThrowInvalidConversionException" computerName="macbook-pro-de-gwendall" duration="00:00:00.0009756" startTime="2023-03-18T17:40:07.8708450+01:00" endTime="2023-03-18T17:40:07.8708450+01:00" testType="13cdc9d9-ddb5-4fa4-a97d-d965ccfc6d4b" outcome="Passed" testListId="8c84fa94-04c1-424b-9868-57a2d4851a1d" relativeResultsDirectory="5038c45d-d8fb-47bb-8423-ecdbfce04dd0" />
    <UnitTestResult executionId="ac89385e-aa22-4595-9d6d-45726a708878" testId="65d43f36-da3f-f658-6fd0-c192ae241543" testName="RSql4Net.Tests.Models.MethodContainsInfoTest.ShouldBeReturnNull" computerName="macbook-pro-de-gwendall" duration="00:00:00.0003879" startTime="2023-03-18T17:40:07.7214130+01:00" endTime="2023-03-18T17:40:07.7214130+01:00" testType="13cdc9d9-ddb5-4fa4-a97d-d965ccfc6d4b" outcome="Passed" testListId="8c84fa94-04c1-424b-9868-57a2d4851a1d" relativeResultsDirectory="ac89385e-aa22-4595-9d6d-45726a708878" />
    <UnitTestResult executionId="db023cc2-2d75-4165-87d7-6ef5f5645b63" testId="323f31b8-d3d6-1c0a-280c-1ea473d44b4b" testName="RSql4Net.Tests.Models.Queries.ComparisonInt16ExpressionTest.ShouldBeGreaterThanWithNullable" computerName="macbook-pro-de-gwendall" duration="00:00:00.0023842" startTime="2023-03-18T17:40:08.2269570+01:00" endTime="2023-03-18T17:40:08.2269570+01:00" testType="13cdc9d9-ddb5-4fa4-a97d-d965ccfc6d4b" outcome="Passed" testListId="8c84fa94-04c1-424b-9868-57a2d4851a1d" relativeResultsDirectory="db023cc2-2d75-4165-87d7-6ef5f5645b63" />
    <UnitTestResult executionId="471b9c45-5101-4c51-a55b-b5cd9a6b8405" testId="b1e36434-8999-4b5c-3e20-a0bc55b14f29" testName="RSql4Net.Tests.Models.Queries.ComparisonByteExpressionTest.ShouldBeGreaterThanOrEqualsWithNullable" computerName="macbook-pro-de-gwendall" duration="00:00:00.0032144" startTime="2023-03-18T17:40:08.3118040+01:00" endTime="2023-03-18T17:40:08.3118040+01:00" testType="13cdc9d9-ddb5-4fa4-a97d-d965ccfc6d4b" outcome="Passed" testListId="8c84fa94-04c1-424b-9868-57a2d4851a1d" relativeResultsDirectory="471b9c45-5101-4c51-a55b-b5cd9a6b8405" />
    <UnitTestResult executionId="57f04205-d243-4692-ab8d-ed685f0c9c3f" testId="24d61a71-241c-e8c7-a5dc-1d39c1c16b22" testName="RSql4Net.Tests.Configuration.SettingsBuilderTest.ShouldBeOutOfRangePageSizeException" computerName="macbook-pro-de-gwendall" duration="00:00:00.0006206" startTime="2023-03-18T17:40:08.0853900+01:00" endTime="2023-03-18T17:40:08.0853900+01:00" testType="13cdc9d9-ddb5-4fa4-a97d-d965ccfc6d4b" outcome="Passed" testListId="8c84fa94-04c1-424b-9868-57a2d4851a1d" relativeResultsDirectory="57f04205-d243-4692-ab8d-ed685f0c9c3f" />
    <UnitTestResult executionId="b516b205-67d2-44b1-846a-5b3a7e7f9333" testId="48d3b575-36be-519d-c4bb-5067aa7abe4e" testName="RSql4Net.Tests.Models.Queries.ComparisonDecimalExpressionTest.ShouldBeGreaterThanOrEqualsWithNullable" computerName="macbook-pro-de-gwendall" duration="00:00:00.0274001" startTime="2023-03-18T17:40:07.5226600+01:00" endTime="2023-03-18T17:40:07.5226600+01:00" testType="13cdc9d9-ddb5-4fa4-a97d-d965ccfc6d4b" outcome="Passed" testListId="8c84fa94-04c1-424b-9868-57a2d4851a1d" relativeResultsDirectory="b516b205-67d2-44b1-846a-5b3a7e7f9333" />
    <UnitTestResult executionId="c1890601-09ba-4aad-989c-d6aa3c2f3121" testId="0ef5e003-5932-1c65-e16a-5acde530f66c" testName="RSql4Net.Tests.Models.Paging.Exceptions.OutOfRangePageNumberExceptionTest.ShouldBeOutOfRangePageNumberException" computerName="macbook-pro-de-gwendall" duration="00:00:00.0011365" startTime="2023-03-18T17:40:07.8422820+01:00" endTime="2023-03-18T17:40:07.8422820+01:00" testType="13cdc9d9-ddb5-4fa4-a97d-d965ccfc6d4b" outcome="Passed" testListId="8c84fa94-04c1-424b-9868-57a2d4851a1d" relativeResultsDirectory="c1890601-09ba-4aad-989c-d6aa3c2f3121" />
    <UnitTestResult executionId="7711885e-3c44-44cd-8c40-9cf474c3fca4" testId="92fda909-bacb-c010-bc73-013c127e84c5" testName="RSql4Net.Tests.Models.Queries.ComparisonSubObjectExpressionTest.ShouldBeEquals" computerName="macbook-pro-de-gwendall" duration="00:00:00.0015744" startTime="2023-03-18T17:40:07.4954630+01:00" endTime="2023-03-18T17:40:07.4954630+01:00" testType="13cdc9d9-ddb5-4fa4-a97d-d965ccfc6d4b" outcome="Passed" testListId="8c84fa94-04c1-424b-9868-57a2d4851a1d" relativeResultsDirectory="7711885e-3c44-44cd-8c40-9cf474c3fca4" />
    <UnitTestResult executionId="a8c12870-a690-48f1-864d-ab7bf5e952ba" testId="f71ee8b8-48e8-5736-59b2-1e84177c935a" testName="RSql4Net.Tests.Models.Paging.PageTest.ShouldBeWithHasContentAndIsFirstPage" computerName="macbook-pro-de-gwendall" duration="00:00:00.0006972" startTime="2023-03-18T17:40:07.9869640+01:00" endTime="2023-03-18T17:40:07.9869640+01:00" testType="13cdc9d9-ddb5-4fa4-a97d-d965ccfc6d4b" outcome="Passed" testListId="8c84fa94-04c1-424b-9868-57a2d4851a1d" relativeResultsDirectory="a8c12870-a690-48f1-864d-ab7bf5e952ba" />
    <UnitTestResult executionId="ab265df6-e025-46af-833b-b13adc33620f" testId="637ccd55-a1b3-28e6-fce5-0835802691d0" testName="RSql4Net.Tests.Models.Queries.ComparisonByteExpressionTest.ShouldBeLowerThanOrEqualsWithNullable" computerName="macbook-pro-de-gwendall" duration="00:00:00.0022616" startTime="2023-03-18T17:40:08.2633910+01:00" endTime="2023-03-18T17:40:08.2633910+01:00" testType="13cdc9d9-ddb5-4fa4-a97d-d965ccfc6d4b" outcome="Passed" testListId="8c84fa94-04c1-424b-9868-57a2d4851a1d" relativeResultsDirectory="ab265df6-e025-46af-833b-b13adc33620f" />
    <UnitTestResult executionId="ed9d7a4f-436d-4d3f-a5a0-6e21879b618f" testId="04e901a7-e8d7-41d4-62cc-f5e2a9003964" testName="RSql4Net.Tests.Models.Paging.Exceptions.OutOfRangePageSizeExceptionTest.ShouldBeOutOfRangePageSizeException" computerName="macbook-pro-de-gwendall" duration="00:00:00.0009597" startTime="2023-03-18T17:40:07.3055580+01:00" endTime="2023-03-18T17:40:07.3055580+01:00" testType="13cdc9d9-ddb5-4fa4-a97d-d965ccfc6d4b" outcome="Passed" testListId="8c84fa94-04c1-424b-9868-57a2d4851a1d" relativeResultsDirectory="ed9d7a4f-436d-4d3f-a5a0-6e21879b618f" />
    <UnitTestResult executionId="2a63abcb-8cfc-44b7-97b8-5663d1762393" testId="7fbb7831-ec84-605b-ae24-be5325ad16e3" testName="RSql4Net.Tests.Models.Queries.Exceptions.QueryComparisonInvalidComparatorSelectionExceptionTest.ShouldBeSerializable" computerName="macbook-pro-de-gwendall" duration="00:00:00.0027618" startTime="2023-03-18T17:40:07.4957560+01:00" endTime="2023-03-18T17:40:07.4957560+01:00" testType="13cdc9d9-ddb5-4fa4-a97d-d965ccfc6d4b" outcome="Passed" testListId="8c84fa94-04c1-424b-9868-57a2d4851a1d" relativeResultsDirectory="2a63abcb-8cfc-44b7-97b8-5663d1762393" />
    <UnitTestResult executionId="72c7a85c-8bdb-4980-a6a3-4d72d83948e8" testId="2c0c8eeb-65d3-ab6e-b2a1-2d89d166659b" testName="RSql4Net.Tests.Models.Queries.ComparisonFloatExpressionTest.ShouldThrowInvalidConversionException" computerName="macbook-pro-de-gwendall" duration="00:00:00.0006685" startTime="2023-03-18T17:40:08.2974870+01:00" endTime="2023-03-18T17:40:08.2974870+01:00" testType="13cdc9d9-ddb5-4fa4-a97d-d965ccfc6d4b" outcome="Passed" testListId="8c84fa94-04c1-424b-9868-57a2d4851a1d" relativeResultsDirectory="72c7a85c-8bdb-4980-a6a3-4d72d83948e8" />
    <UnitTestResult executionId="58d9e129-ce7c-4273-ad15-4e376d0c8bd1" testId="e2fdfbc5-89ea-0c33-b909-8f18127851bc" testName="RSql4Net.Tests.Models.Queries.ComparisonCharExpressionTest.ShouldBeNotEqualsWithNullable" computerName="macbook-pro-de-gwendall" duration="00:00:00.0018230" startTime="2023-03-18T17:40:07.7021500+01:00" endTime="2023-03-18T17:40:07.7021500+01:00" testType="13cdc9d9-ddb5-4fa4-a97d-d965ccfc6d4b" outcome="Passed" testListId="8c84fa94-04c1-424b-9868-57a2d4851a1d" relativeResultsDirectory="58d9e129-ce7c-4273-ad15-4e376d0c8bd1" />
    <UnitTestResult executionId="d913d67f-49c5-41e7-871b-ad191317bf22" testId="72cc9381-a15d-5922-bf27-2d84a5a1ca3f" testName="RSql4Net.Tests.Models.Paging.PageTest.ShouldBeToThrowArgumentNullExceptionWhenSelectorNull" computerName="macbook-pro-de-gwendall" duration="00:00:00.0086748" startTime="2023-03-18T17:40:07.9864640+01:00" endTime="2023-03-18T17:40:07.9864640+01:00" testType="13cdc9d9-ddb5-4fa4-a97d-d965ccfc6d4b" outcome="Passed" testListId="8c84fa94-04c1-424b-9868-57a2d4851a1d" relativeResultsDirectory="d913d67f-49c5-41e7-871b-ad191317bf22" />
    <UnitTestResult executionId="c1317f1a-696a-412c-989c-82cfc5ad8d6b" testId="5561ee75-021b-bcf6-6b97-ea62352f3bc6" testName="RSql4Net.Tests.Models.Queries.RSqlQueryExpressionHelperTest.ShouldBeGetLkExpressionThrowComparisonTooManyArgumentExceptionTest" computerName="macbook-pro-de-gwendall" duration="00:00:00.1475251" startTime="2023-03-18T17:40:07.4618880+01:00" endTime="2023-03-18T17:40:07.4618880+01:00" testType="13cdc9d9-ddb5-4fa4-a97d-d965ccfc6d4b" outcome="Passed" testListId="8c84fa94-04c1-424b-9868-57a2d4851a1d" relativeResultsDirectory="c1317f1a-696a-412c-989c-82cfc5ad8d6b" />
    <UnitTestResult executionId="43049d51-825c-4f0b-bd26-62c85de95712" testId="673dc0cd-ee2e-6c49-6c45-96fa3c658c5c" testName="RSql4Net.Tests.Models.Queries.ComparisonDateTimeOffsetExpressionTest.ShouldBeGreaterThan" computerName="macbook-pro-de-gwendall" duration="00:00:00.0821025" startTime="2023-03-18T17:40:07.7656210+01:00" endTime="2023-03-18T17:40:07.7656210+01:00" testType="13cdc9d9-ddb5-4fa4-a97d-d965ccfc6d4b" outcome="Passed" testListId="8c84fa94-04c1-424b-9868-57a2d4851a1d" relativeResultsDirectory="43049d51-825c-4f0b-bd26-62c85de95712" />
    <UnitTestResult executionId="07b4b522-6459-4fc9-9497-746d97fc1e36" testId="dc58dee5-2774-9f7e-861c-159f5238182a" testName="RSql4Net.Tests.Models.Queries.ComparisonGuidExpressionTest.ShouldThrowExceptionLowerThanOrEquals" computerName="macbook-pro-de-gwendall" duration="00:00:00.0011172" startTime="2023-03-18T17:40:07.8324380+01:00" endTime="2023-03-18T17:40:07.8324380+01:00" testType="13cdc9d9-ddb5-4fa4-a97d-d965ccfc6d4b" outcome="Passed" testListId="8c84fa94-04c1-424b-9868-57a2d4851a1d" relativeResultsDirectory="07b4b522-6459-4fc9-9497-746d97fc1e36" />
    <UnitTestResult executionId="1bddb403-492a-43e4-941a-2055f75b50b3" testId="de4160cc-baae-7c0d-1b3d-4e61f5b0e450" testName="RSql4Net.Tests.Models.Queries.ComparisonGuidExpressionTest.ShouldThrowExceptionLowerThan" computerName="macbook-pro-de-gwendall" duration="00:00:00.0029244" startTime="2023-03-18T17:40:07.7538170+01:00" endTime="2023-03-18T17:40:07.7538170+01:00" testType="13cdc9d9-ddb5-4fa4-a97d-d965ccfc6d4b" outcome="Passed" testListId="8c84fa94-04c1-424b-9868-57a2d4851a1d" relativeResultsDirectory="1bddb403-492a-43e4-941a-2055f75b50b3" />
    <UnitTestResult executionId="f8b4face-5494-49c8-9628-13f017f29b95" testId="c9fc8e19-7fe1-4dae-2948-7f153faac460" testName="RSql4Net.Tests.Models.Queries.ComparisonBooleanExpressionTest.ShouldThrowExceptionLowerThanOrEquals" computerName="macbook-pro-de-gwendall" duration="00:00:00.0011249" startTime="2023-03-18T17:40:08.3373020+01:00" endTime="2023-03-18T17:40:08.3373020+01:00" testType="13cdc9d9-ddb5-4fa4-a97d-d965ccfc6d4b" outcome="Passed" testListId="8c84fa94-04c1-424b-9868-57a2d4851a1d" relativeResultsDirectory="f8b4face-5494-49c8-9628-13f017f29b95" />
    <UnitTestResult executionId="8de81e1b-c89a-4616-a423-2a60b485413c" testId="7629c11e-c968-70fa-3b6e-79a7ec4fc0ac" testName="RSql4Net.Tests.Models.Queries.ComparisonByteExpressionTest.ShouldBeIn" computerName="macbook-pro-de-gwendall" duration="00:00:00.0032521" startTime="2023-03-18T17:40:08.3198180+01:00" endTime="2023-03-18T17:40:08.3198180+01:00" testType="13cdc9d9-ddb5-4fa4-a97d-d965ccfc6d4b" outcome="Passed" testListId="8c84fa94-04c1-424b-9868-57a2d4851a1d" relativeResultsDirectory="8de81e1b-c89a-4616-a423-2a60b485413c" />
    <UnitTestResult executionId="f97b0044-f4b8-4d65-a8b3-3f56746aa146" testId="a3f3cbbd-d404-4a3a-3ccd-06e0855c516d" testName="RSql4Net.Tests.Models.Queries.QueryModelBinderTest.ShouldBeBindModelAsyncTest" computerName="macbook-pro-de-gwendall" duration="00:00:00.0012555" startTime="2023-03-18T17:40:07.4722380+01:00" endTime="2023-03-18T17:40:07.4722380+01:00" testType="13cdc9d9-ddb5-4fa4-a97d-d965ccfc6d4b" outcome="Passed" testListId="8c84fa94-04c1-424b-9868-57a2d4851a1d" relativeResultsDirectory="f97b0044-f4b8-4d65-a8b3-3f56746aa146" />
    <UnitTestResult executionId="cd155c9d-b849-430e-832f-9a212807daa7" testId="c02368e4-4367-c8e4-2b88-09096a1ba2ed" testName="RSql4Net.Tests.Models.ExpressionValueTest.ShouldBeThrowArgumentNullException" computerName="macbook-pro-de-gwendall" duration="00:00:00.0010713" startTime="2023-03-18T17:40:07.7222740+01:00" endTime="2023-03-18T17:40:07.7222740+01:00" testType="13cdc9d9-ddb5-4fa4-a97d-d965ccfc6d4b" outcome="Passed" testListId="8c84fa94-04c1-424b-9868-57a2d4851a1d" relativeResultsDirectory="cd155c9d-b849-430e-832f-9a212807daa7" />
    <UnitTestResult executionId="b4b68d43-b466-4d5b-93fe-98d6cf997adf" testId="3d4b90ca-d8cd-933f-282f-ad7a1155f43e" testName="RSql4Net.Tests.Models.Paging.Exceptions.UnknownSortExceptionTest.ShouldBeSerializable" computerName="macbook-pro-de-gwendall" duration="00:00:00.0240235" startTime="2023-03-18T17:40:07.6165410+01:00" endTime="2023-03-18T17:40:07.6165410+01:00" testType="13cdc9d9-ddb5-4fa4-a97d-d965ccfc6d4b" outcome="Passed" testListId="8c84fa94-04c1-424b-9868-57a2d4851a1d" relativeResultsDirectory="b4b68d43-b466-4d5b-93fe-98d6cf997adf" />
    <UnitTestResult executionId="0820f7c7-fb98-435f-b5ae-f5c5d3eeedd1" testId="9dc65989-d026-d5a8-777b-84d227940d7b" testName="RSql4Net.Tests.Models.Queries.ComparisonCharExpressionTest.ShouldBeGreaterThan" computerName="macbook-pro-de-gwendall" duration="00:00:00.0070584" startTime="2023-03-18T17:40:07.7808890+01:00" endTime="2023-03-18T17:40:07.7808890+01:00" testType="13cdc9d9-ddb5-4fa4-a97d-d965ccfc6d4b" outcome="Passed" testListId="8c84fa94-04c1-424b-9868-57a2d4851a1d" relativeResultsDirectory="0820f7c7-fb98-435f-b5ae-f5c5d3eeedd1" />
    <UnitTestResult executionId="d4552ace-edb1-47d8-96ac-3b29d0522cc3" testId="52c15d9b-173f-29ba-3907-40dfab5b7ce5" testName="RSql4Net.Tests.Models.Queries.ComparisonInt16ExpressionTest.ShouldBeEquals" computerName="macbook-pro-de-gwendall" duration="00:00:00.0240616" startTime="2023-03-18T17:40:08.0912380+01:00" endTime="2023-03-18T17:40:08.0912380+01:00" testType="13cdc9d9-ddb5-4fa4-a97d-d965ccfc6d4b" outcome="Passed" testListId="8c84fa94-04c1-424b-9868-57a2d4851a1d" relativeResultsDirectory="d4552ace-edb1-47d8-96ac-3b29d0522cc3" />
    <UnitTestResult executionId="c752745c-1fe1-4c4b-95fe-9d45137be716" testId="4b5f86e6-1b06-d66d-f877-35f8ca965ac0" testName="RSql4Net.Tests.Models.Queries.QueryReflectionHelperTest.ShouldBeOverrideProperty(name: &quot;Test2&quot;)" computerName="macbook-pro-de-gwendall" duration="00:00:00.0002328" startTime="2023-03-18T17:40:08.1166260+01:00" endTime="2023-03-18T17:40:08.1166260+01:00" testType="13cdc9d9-ddb5-4fa4-a97d-d965ccfc6d4b" outcome="Passed" testListId="8c84fa94-04c1-424b-9868-57a2d4851a1d" relativeResultsDirectory="c752745c-1fe1-4c4b-95fe-9d45137be716" />
    <UnitTestResult executionId="7e3ae488-53b8-4ad1-b75e-8cd3219ada3c" testId="7e69559c-1ed8-a88d-0a12-79f7d41db660" testName="RSql4Net.Tests.Models.Queries.ComparisonDecimalExpressionTest.ShouldThrowInvalidConversionException" computerName="macbook-pro-de-gwendall" duration="00:00:00.0012749" startTime="2023-03-18T17:40:07.6801040+01:00" endTime="2023-03-18T17:40:07.6801040+01:00" testType="13cdc9d9-ddb5-4fa4-a97d-d965ccfc6d4b" outcome="Passed" testListId="8c84fa94-04c1-424b-9868-57a2d4851a1d" relativeResultsDirectory="7e3ae488-53b8-4ad1-b75e-8cd3219ada3c" />
    <UnitTestResult executionId="3bcd39f4-bf3b-4dde-a6ed-7ad3fb5bf2b9" testId="b2489cf6-7470-6b61-1a1e-aece79dfac81" testName="RSql4Net.Tests.Models.Queries.ComparisonGuidExpressionTest.ShouldBeNotIn" computerName="macbook-pro-de-gwendall" duration="00:00:00.0025515" startTime="2023-03-18T17:40:07.7496930+01:00" endTime="2023-03-18T17:40:07.7496930+01:00" testType="13cdc9d9-ddb5-4fa4-a97d-d965ccfc6d4b" outcome="Passed" testListId="8c84fa94-04c1-424b-9868-57a2d4851a1d" relativeResultsDirectory="3bcd39f4-bf3b-4dde-a6ed-7ad3fb5bf2b9" />
    <UnitTestResult executionId="fb24a84f-eba1-4e6f-8a14-f19ec5fd9156" testId="52bfcf71-0f82-dd58-8692-2c80534e10a0" testName="RSql4Net.Tests.Models.Queries.RSqlQueryExpressionHelperTest.ShouldBeGetOrExpressionThrowArgumentNullExceptionTest" computerName="macbook-pro-de-gwendall" duration="00:00:00.0013828" startTime="2023-03-18T17:40:07.4895990+01:00" endTime="2023-03-18T17:40:07.4895990+01:00" testType="13cdc9d9-ddb5-4fa4-a97d-d965ccfc6d4b" outcome="Passed" testListId="8c84fa94-04c1-424b-9868-57a2d4851a1d" relativeResultsDirectory="fb24a84f-eba1-4e6f-8a14-f19ec5fd9156" />
    <UnitTestResult executionId="ed1437a5-88e4-4090-afa7-4d4c507911aa" testId="735adce3-b0b2-2c8e-4357-26b470213a9c" testName="RSql4Net.Tests.Models.Queries.QueryableExtensionsTests.ShouldBePageWithSortOrderBy" computerName="macbook-pro-de-gwendall" duration="00:00:00.0536033" startTime="2023-03-18T17:40:08.1567400+01:00" endTime="2023-03-18T17:40:08.1567400+01:00" testType="13cdc9d9-ddb5-4fa4-a97d-d965ccfc6d4b" outcome="Passed" testListId="8c84fa94-04c1-424b-9868-57a2d4851a1d" relativeResultsDirectory="ed1437a5-88e4-4090-afa7-4d4c507911aa" />
    <UnitTestResult executionId="795b1948-db9d-4d70-95ea-b8040226f830" testId="d8ebeac3-0d84-9dca-2a44-c87b2a115079" testName="RSql4Net.Tests.Models.Queries.ComparisonDateTimeOffsetExpressionTest.ShouldBeEqualsWithNullable" computerName="macbook-pro-de-gwendall" duration="00:00:00.0061542" startTime="2023-03-18T17:40:07.6141580+01:00" endTime="2023-03-18T17:40:07.6141580+01:00" testType="13cdc9d9-ddb5-4fa4-a97d-d965ccfc6d4b" outcome="Passed" testListId="8c84fa94-04c1-424b-9868-57a2d4851a1d" relativeResultsDirectory="795b1948-db9d-4d70-95ea-b8040226f830" />
    <UnitTestResult executionId="be1e1876-372d-48a1-a5ac-60f9e5735a78" testId="509ca7ba-66f9-f558-66c4-a1ea66b5e1cd" testName="RSql4Net.Tests.Models.Queries.ComparisonByteExpressionTest.ShouldBeNotEqualsWithNullable" computerName="macbook-pro-de-gwendall" duration="00:00:00.0018936" startTime="2023-03-18T17:40:08.2648870+01:00" endTime="2023-03-18T17:40:08.2648870+01:00" testType="13cdc9d9-ddb5-4fa4-a97d-d965ccfc6d4b" outcome="Passed" testListId="8c84fa94-04c1-424b-9868-57a2d4851a1d" relativeResultsDirectory="be1e1876-372d-48a1-a5ac-60f9e5735a78" />
    <UnitTestResult executionId="cabd94d4-f2b9-4838-b0c0-5851d4c6cf20" testId="bfb9be75-e156-c728-d055-d143fb035539" testName="RSql4Net.Tests.Models.Queries.QueryableExtensionsTests.ShouldBePageWithNoSort" computerName="macbook-pro-de-gwendall" duration="00:00:00.0172790" startTime="2023-03-18T17:40:08.1121860+01:00" endTime="2023-03-18T17:40:08.1121860+01:00" testType="13cdc9d9-ddb5-4fa4-a97d-d965ccfc6d4b" outcome="Passed" testListId="8c84fa94-04c1-424b-9868-57a2d4851a1d" relativeResultsDirectory="cabd94d4-f2b9-4838-b0c0-5851d4c6cf20" />
    <UnitTestResult executionId="20db9ec9-ca16-4b95-be52-d91f54e2a12a" testId="193fb7c8-28c0-48c1-0c9d-a05079065f8e" testName="RSql4Net.Tests.Models.Queries.ComparisonFloatExpressionTest.ShouldBeEquals" computerName="macbook-pro-de-gwendall" duration="00:00:00.0036207" startTime="2023-03-18T17:40:08.2870310+01:00" endTime="2023-03-18T17:40:08.2870320+01:00" testType="13cdc9d9-ddb5-4fa4-a97d-d965ccfc6d4b" outcome="Passed" testListId="8c84fa94-04c1-424b-9868-57a2d4851a1d" relativeResultsDirectory="20db9ec9-ca16-4b95-be52-d91f54e2a12a" />
    <UnitTestResult executionId="8070b4d8-720d-4ef2-8e88-cb480ee4743a" testId="68ecc453-40c4-421d-3d93-7fb988c008e3" testName="RSql4Net.Tests.Models.Queries.QueryModelBinderTest.ShouldBeBindModelWithModelErrorAsyncTest" computerName="macbook-pro-de-gwendall" duration="00:00:00.0232225" startTime="2023-03-18T17:40:07.4886770+01:00" endTime="2023-03-18T17:40:07.4886770+01:00" testType="13cdc9d9-ddb5-4fa4-a97d-d965ccfc6d4b" outcome="Passed" testListId="8c84fa94-04c1-424b-9868-57a2d4851a1d" relativeResultsDirectory="8070b4d8-720d-4ef2-8e88-cb480ee4743a" />
    <UnitTestResult executionId="f252e028-839f-4522-83ed-53c23a3a911c" testId="0f6799d5-267a-0236-4374-a0f2b3116681" testName="RSql4Net.Tests.Models.Queries.ComparisonInt16ExpressionTest.ShouldBeNotIn" computerName="macbook-pro-de-gwendall" duration="00:00:00.0029653" startTime="2023-03-18T17:40:08.1941210+01:00" endTime="2023-03-18T17:40:08.1941210+01:00" testType="13cdc9d9-ddb5-4fa4-a97d-d965ccfc6d4b" outcome="Passed" testListId="8c84fa94-04c1-424b-9868-57a2d4851a1d" relativeResultsDirectory="f252e028-839f-4522-83ed-53c23a3a911c" />
    <UnitTestResult executionId="dd3f1a28-634e-4c0e-8196-9b6e67661ae8" testId="e39a6688-7577-8126-182a-a7f2071a1a79" testName="RSql4Net.Tests.Models.Queries.QueryReflectionHelperTest.ShouldBeExcludeProperty(name: &quot;ExcludeProperty&quot;)" computerName="macbook-pro-de-gwendall" duration="00:00:00.0000092" startTime="2023-03-18T17:40:08.1163150+01:00" endTime="2023-03-18T17:40:08.1163150+01:00" testType="13cdc9d9-ddb5-4fa4-a97d-d965ccfc6d4b" outcome="Passed" testListId="8c84fa94-04c1-424b-9868-57a2d4851a1d" relativeResultsDirectory="dd3f1a28-634e-4c0e-8196-9b6e67661ae8" />
    <UnitTestResult executionId="56cab34a-8278-4126-914d-ec03c5af8bc1" testId="f8e9f3f0-aa6f-4953-bd32-d6195a964021" testName="RSql4Net.Tests.SwaggerGen.RSqlOperationFilterTest.ShouldBeWithPageableParameter" computerName="macbook-pro-de-gwendall" duration="00:00:00.0271403" startTime="2023-03-18T17:40:08.1659770+01:00" endTime="2023-03-18T17:40:08.1659770+01:00" testType="13cdc9d9-ddb5-4fa4-a97d-d965ccfc6d4b" outcome="Passed" testListId="8c84fa94-04c1-424b-9868-57a2d4851a1d" relativeResultsDirectory="56cab34a-8278-4126-914d-ec03c5af8bc1" />
    <UnitTestResult executionId="26db8dd2-3ee7-4ce3-b228-40bec1b609c7" testId="da32758c-2aca-0034-4e1b-a3544445a753" testName="RSql4Net.Tests.Models.Queries.ComparisonBooleanExpressionTest.ShouldBeEqualsWithNullable" computerName="macbook-pro-de-gwendall" duration="00:00:00.0028991" startTime="2023-03-18T17:40:08.3449200+01:00" endTime="2023-03-18T17:40:08.3449210+01:00" testType="13cdc9d9-ddb5-4fa4-a97d-d965ccfc6d4b" outcome="Passed" testListId="8c84fa94-04c1-424b-9868-57a2d4851a1d" relativeResultsDirectory="26db8dd2-3ee7-4ce3-b228-40bec1b609c7" />
    <UnitTestResult executionId="61032e97-3ea6-49f3-bef2-097bd0602f92" testId="5f536ca0-5523-ec4e-09ed-e85cfd384058" testName="RSql4Net.Tests.Models.Paging.Exceptions.InvalidSortDirectionExceptionTest.ShouldBeSerializable" computerName="macbook-pro-de-gwendall" duration="00:00:00.0020665" startTime="2023-03-18T17:40:07.5525470+01:00" endTime="2023-03-18T17:40:07.5525470+01:00" testType="13cdc9d9-ddb5-4fa4-a97d-d965ccfc6d4b" outcome="Passed" testListId="8c84fa94-04c1-424b-9868-57a2d4851a1d" relativeResultsDirectory="61032e97-3ea6-49f3-bef2-097bd0602f92" />
    <UnitTestResult executionId="c7f245a4-26e0-4d57-a101-83b0819bb85e" testId="4a510927-80a6-ec2e-bec1-7dda78a5e15d" testName="RSql4Net.Tests.Configuration.SettingsBuilderTest.ShouldBeWithQueryCache" computerName="macbook-pro-de-gwendall" duration="00:00:00.0003219" startTime="2023-03-18T17:40:08.0902740+01:00" endTime="2023-03-18T17:40:08.0902740+01:00" testType="13cdc9d9-ddb5-4fa4-a97d-d965ccfc6d4b" outcome="Passed" testListId="8c84fa94-04c1-424b-9868-57a2d4851a1d" relativeResultsDirectory="c7f245a4-26e0-4d57-a101-83b0819bb85e" />
    <UnitTestResult executionId="0f430c17-d3c8-4ba0-88a2-b6d034359b4b" testId="cfdf5a0b-9a66-94b5-4704-0981832282b6" testName="RSql4Net.Tests.Models.Queries.ComparisonFloatExpressionTest.ShouldBeEqualsWithNullable" computerName="macbook-pro-de-gwendall" duration="00:00:00.0032829" startTime="2023-03-18T17:40:08.2123260+01:00" endTime="2023-03-18T17:40:08.2123260+01:00" testType="13cdc9d9-ddb5-4fa4-a97d-d965ccfc6d4b" outcome="Passed" testListId="8c84fa94-04c1-424b-9868-57a2d4851a1d" relativeResultsDirectory="0f430c17-d3c8-4ba0-88a2-b6d034359b4b" />
    <UnitTestResult executionId="32aac0a8-51ad-46d5-9ade-7d8bdfeac312" testId="db2dc42c-8513-32f0-00d7-7b6ca2ca30b2" testName="RSql4Net.Tests.Models.Paging.Exceptions.InvalidPageSizeValueExceptionTest.ShouldBeSerializable" computerName="macbook-pro-de-gwendall" duration="00:00:00.0277004" startTime="2023-03-18T17:40:07.1838930+01:00" endTime="2023-03-18T17:40:07.1838930+01:00" testType="13cdc9d9-ddb5-4fa4-a97d-d965ccfc6d4b" outcome="Passed" testListId="8c84fa94-04c1-424b-9868-57a2d4851a1d" relativeResultsDirectory="32aac0a8-51ad-46d5-9ade-7d8bdfeac312" />
    <UnitTestResult executionId="8ad9b281-c56f-462d-9800-f8eeb27c7fe6" testId="9716bbbb-31ed-166f-597d-17cab299d937" testName="RSql4Net.Tests.Models.Queries.ComparisonFloatExpressionTest.ShouldBeGreaterThanOrEqualsWithNullable" computerName="macbook-pro-de-gwendall" duration="00:00:00.0029071" startTime="2023-03-18T17:40:08.2431410+01:00" endTime="2023-03-18T17:40:08.2431410+01:00" testType="13cdc9d9-ddb5-4fa4-a97d-d965ccfc6d4b" outcome="Passed" testListId="8c84fa94-04c1-424b-9868-57a2d4851a1d" relativeResultsDirectory="8ad9b281-c56f-462d-9800-f8eeb27c7fe6" />
    <UnitTestResult executionId="1fde49d5-cb54-4de9-a4ad-4538045b25bd" testId="92e5636a-2567-0e25-7b93-7c0d0cc53c3b" testName="RSql4Net.Tests.Models.Queries.ComparisonInt64ExpressionTest.ShouldBeGreaterThanOrEqualsWithNullable" computerName="macbook-pro-de-gwendall" duration="00:00:00.0062864" startTime="2023-03-18T17:40:07.7186470+01:00" endTime="2023-03-18T17:40:07.7186470+01:00" testType="13cdc9d9-ddb5-4fa4-a97d-d965ccfc6d4b" outcome="Passed" testListId="8c84fa94-04c1-424b-9868-57a2d4851a1d" relativeResultsDirectory="1fde49d5-cb54-4de9-a4ad-4538045b25bd" />
    <UnitTestResult executionId="599bd0e3-2863-46f1-8abb-c4dee203c4f4" testId="66dc7c42-c61f-5a7a-8e2d-57b3001fab94" testName="RSql4Net.Tests.Models.Queries.Exceptions.ComparisonNotEnoughArgumentExceptionTest.ShouldBeSerializable" computerName="macbook-pro-de-gwendall" duration="00:00:00.0648896" startTime="2023-03-18T17:40:07.4951550+01:00" endTime="2023-03-18T17:40:07.4951550+01:00" testType="13cdc9d9-ddb5-4fa4-a97d-d965ccfc6d4b" outcome="Passed" testListId="8c84fa94-04c1-424b-9868-57a2d4851a1d" relativeResultsDirectory="599bd0e3-2863-46f1-8abb-c4dee203c4f4" />
    <UnitTestResult executionId="198a2709-24c6-4954-8746-f856082b5281" testId="6bcd031b-4d13-4197-e296-9ce519997277" testName="RSql4Net.Tests.Models.Queries.ComparisonFloatExpressionTest.ShouldBeNotEqualsWithNullable" computerName="macbook-pro-de-gwendall" duration="00:00:00.0037562" startTime="2023-03-18T17:40:08.1929470+01:00" endTime="2023-03-18T17:40:08.1929470+01:00" testType="13cdc9d9-ddb5-4fa4-a97d-d965ccfc6d4b" outcome="Passed" testListId="8c84fa94-04c1-424b-9868-57a2d4851a1d" relativeResultsDirectory="198a2709-24c6-4954-8746-f856082b5281" />
    <UnitTestResult executionId="b54d9179-39b3-47bb-bd58-ff4ea1d05fd1" testId="69f16bda-5d44-eaed-df61-05e7d7d753a5" testName="RSql4Net.Tests.Models.Queries.ComparisonDecimalExpressionTest.ShouldBeNotIn" computerName="macbook-pro-de-gwendall" duration="00:00:00.0159961" startTime="2023-03-18T17:40:07.6731630+01:00" endTime="2023-03-18T17:40:07.6731630+01:00" testType="13cdc9d9-ddb5-4fa4-a97d-d965ccfc6d4b" outcome="Passed" testListId="8c84fa94-04c1-424b-9868-57a2d4851a1d" relativeResultsDirectory="b54d9179-39b3-47bb-bd58-ff4ea1d05fd1" />
    <UnitTestResult executionId="3825736a-b0c9-4681-aeca-595285a06204" testId="368620dd-3899-f455-2f5a-cfb35d815695" testName="RSql4Net.Tests.Models.Paging.PageableTest.ShouldBeThrowInvalidPageNumberValueException" computerName="macbook-pro-de-gwendall" duration="00:00:00.0046409" startTime="2023-03-18T17:40:07.6309750+01:00" endTime="2023-03-18T17:40:07.6309750+01:00" testType="13cdc9d9-ddb5-4fa4-a97d-d965ccfc6d4b" outcome="Passed" testListId="8c84fa94-04c1-424b-9868-57a2d4851a1d" relativeResultsDirectory="3825736a-b0c9-4681-aeca-595285a06204" />
    <UnitTestResult executionId="c055eaf7-e887-495c-9f9b-5225af1e57fc" testId="96616c90-f4b3-0b77-9542-ff7c50c209b0" testName="RSql4Net.Tests.Models.Paging.PageableTest.ShouldBeThrowInvalidPageSizeValueException" computerName="macbook-pro-de-gwendall" duration="00:00:00.0003984" startTime="2023-03-18T17:40:07.6321250+01:00" endTime="2023-03-18T17:40:07.6321250+01:00" testType="13cdc9d9-ddb5-4fa4-a97d-d965ccfc6d4b" outcome="Passed" testListId="8c84fa94-04c1-424b-9868-57a2d4851a1d" relativeResultsDirectory="c055eaf7-e887-495c-9f9b-5225af1e57fc" />
    <UnitTestResult executionId="328c5950-6d75-4c29-9fc4-9fa5aa091307" testId="771fbacf-d6c2-ed74-821f-9010fb13a09b" testName="RSql4Net.Tests.Models.Queries.ComparisonFloatExpressionTest.ShouldBeLowerThan" computerName="macbook-pro-de-gwendall" duration="00:00:00.0018304" startTime="2023-03-18T17:40:08.3019380+01:00" endTime="2023-03-18T17:40:08.3019380+01:00" testType="13cdc9d9-ddb5-4fa4-a97d-d965ccfc6d4b" outcome="Passed" testListId="8c84fa94-04c1-424b-9868-57a2d4851a1d" relativeResultsDirectory="328c5950-6d75-4c29-9fc4-9fa5aa091307" />
    <UnitTestResult executionId="3aa58acd-8d39-4029-9db5-21da0909e4f8" testId="ecbe38e9-2a87-e30d-a4ee-bb9a11341e56" testName="RSql4Net.Tests.SwaggerGen.RSqlOperationFilterTest.ShouldBeThrowArgumentNullException" computerName="macbook-pro-de-gwendall" duration="00:00:00.0242252" startTime="2023-03-18T17:40:08.1388460+01:00" endTime="2023-03-18T17:40:08.1388460+01:00" testType="13cdc9d9-ddb5-4fa4-a97d-d965ccfc6d4b" outcome="Passed" testListId="8c84fa94-04c1-424b-9868-57a2d4851a1d" relativeResultsDirectory="3aa58acd-8d39-4029-9db5-21da0909e4f8" />
    <UnitTestResult executionId="550a0625-9d56-45cb-a093-b5b79f6438e2" testId="11f864b4-5c37-6aec-c79b-ec82933d5762" testName="RSql4Net.Tests.Models.Queries.QueryModelBinderProviderTest.ShouldBeNotQueryModelBinder" computerName="macbook-pro-de-gwendall" duration="00:00:00.0001999" startTime="2023-03-18T17:40:08.0909910+01:00" endTime="2023-03-18T17:40:08.0909910+01:00" testType="13cdc9d9-ddb5-4fa4-a97d-d965ccfc6d4b" outcome="Passed" testListId="8c84fa94-04c1-424b-9868-57a2d4851a1d" relativeResultsDirectory="550a0625-9d56-45cb-a093-b5b79f6438e2" />
    <UnitTestResult executionId="2053256e-4c26-4672-a8ba-0b7b29283549" testId="856cbc78-ccc0-4ffe-a615-c8092f11d9a7" testName="RSql4Net.Tests.Controllers.ControllerBaseExtensionsTest.ShouldBeAllContent" computerName="macbook-pro-de-gwendall" duration="00:00:00.0072462" startTime="2023-03-18T17:40:07.9083810+01:00" endTime="2023-03-18T17:40:07.9083810+01:00" testType="13cdc9d9-ddb5-4fa4-a97d-d965ccfc6d4b" outcome="Passed" testListId="8c84fa94-04c1-424b-9868-57a2d4851a1d" relativeResultsDirectory="2053256e-4c26-4672-a8ba-0b7b29283549" />
    <UnitTestResult executionId="01f83c98-d84d-485c-90f0-86a1ccc476fa" testId="74c3559d-0331-15b4-d746-a0cbb2313079" testName="RSql4Net.Tests.Models.Queries.ComparisonInt32ExpressionTest.ShouldBeLowerThanOrEquals" computerName="macbook-pro-de-gwendall" duration="00:00:00.0037919" startTime="2023-03-18T17:40:07.9313240+01:00" endTime="2023-03-18T17:40:07.9313240+01:00" testType="13cdc9d9-ddb5-4fa4-a97d-d965ccfc6d4b" outcome="Passed" testListId="8c84fa94-04c1-424b-9868-57a2d4851a1d" relativeResultsDirectory="01f83c98-d84d-485c-90f0-86a1ccc476fa" />
    <UnitTestResult executionId="009444fe-24da-4ba8-ac56-37ffed59daf1" testId="e3a30fa0-8414-9724-f45f-ee097fc56503" testName="RSql4Net.Tests.Models.Queries.ComparisonDoubleExpressionTest.ShouldBeLowerThanOrEquals" computerName="macbook-pro-de-gwendall" duration="00:00:00.0026448" startTime="2023-03-18T17:40:08.2930740+01:00" endTime="2023-03-18T17:40:08.2930740+01:00" testType="13cdc9d9-ddb5-4fa4-a97d-d965ccfc6d4b" outcome="Passed" testListId="8c84fa94-04c1-424b-9868-57a2d4851a1d" relativeResultsDirectory="009444fe-24da-4ba8-ac56-37ffed59daf1" />
    <UnitTestResult executionId="00e0b8c4-0782-44e0-be57-ee7cc1788a0e" testId="853714e0-e5bb-5d43-8372-e1c9134ad6f9" testName="RSql4Net.Tests.Models.Queries.ComparisonInt32ExpressionTest.ShouldBeNotEqualsWithNullable" computerName="macbook-pro-de-gwendall" duration="00:00:00.0022897" startTime="2023-03-18T17:40:08.0841920+01:00" endTime="2023-03-18T17:40:08.0841920+01:00" testType="13cdc9d9-ddb5-4fa4-a97d-d965ccfc6d4b" outcome="Passed" testListId="8c84fa94-04c1-424b-9868-57a2d4851a1d" relativeResultsDirectory="00e0b8c4-0782-44e0-be57-ee7cc1788a0e" />
    <UnitTestResult executionId="9e362736-5e1d-4566-8b4e-b0dbf25c8592" testId="ff84ba60-73ee-f58e-ff14-f6ff32f00c52" testName="RSql4Net.Tests.Models.Queries.ComparisonCharExpressionTest.ShouldThrowInvalidConversionException" computerName="macbook-pro-de-gwendall" duration="00:00:00.0028153" startTime="2023-03-18T17:40:07.6690010+01:00" endTime="2023-03-18T17:40:07.6690010+01:00" testType="13cdc9d9-ddb5-4fa4-a97d-d965ccfc6d4b" outcome="Passed" testListId="8c84fa94-04c1-424b-9868-57a2d4851a1d" relativeResultsDirectory="9e362736-5e1d-4566-8b4e-b0dbf25c8592" />
    <UnitTestResult executionId="c9265171-0468-494c-a80c-276dbd42f55d" testId="8a3e1047-d3fd-348b-973f-c2604614ed87" testName="RSql4Net.Tests.Models.Queries.ComparisonBooleanExpressionTest.ShouldBeIn" computerName="macbook-pro-de-gwendall" duration="00:00:00.0024210" startTime="2023-03-18T17:40:08.3421490+01:00" endTime="2023-03-18T17:40:08.3421490+01:00" testType="13cdc9d9-ddb5-4fa4-a97d-d965ccfc6d4b" outcome="Passed" testListId="8c84fa94-04c1-424b-9868-57a2d4851a1d" relativeResultsDirectory="c9265171-0468-494c-a80c-276dbd42f55d" />
    <UnitTestResult executionId="d664d484-2e5d-4c08-8ab4-d5edee85e8b2" testId="31e9ac34-6605-c9fa-d8c4-c999af4840c0" testName="RSql4Net.Tests.Models.Paging.PageTest.ShouldBeWithEmptyPage" computerName="macbook-pro-de-gwendall" duration="00:00:00.0159721" startTime="2023-03-18T17:40:07.9808400+01:00" endTime="2023-03-18T17:40:07.9808400+01:00" testType="13cdc9d9-ddb5-4fa4-a97d-d965ccfc6d4b" outcome="Passed" testListId="8c84fa94-04c1-424b-9868-57a2d4851a1d" relativeResultsDirectory="d664d484-2e5d-4c08-8ab4-d5edee85e8b2" />
    <UnitTestResult executionId="b30f460a-e84b-4e83-a485-f09eeccebeb7" testId="4a7ec0fd-5627-ffef-89ef-bcf030bab2b9" testName="RSql4Net.Tests.Models.Queries.RSqlQueryExpressionHelperTest.ShouldBeTrue" computerName="macbook-pro-de-gwendall" duration="00:00:00.0011359" startTime="2023-03-18T17:40:07.4882700+01:00" endTime="2023-03-18T17:40:07.4882700+01:00" testType="13cdc9d9-ddb5-4fa4-a97d-d965ccfc6d4b" outcome="Passed" testListId="8c84fa94-04c1-424b-9868-57a2d4851a1d" relativeResultsDirectory="b30f460a-e84b-4e83-a485-f09eeccebeb7" />
    <UnitTestResult executionId="eed2ecaf-0992-49b7-946d-52ce3dc13409" testId="29dc812f-8379-42ae-cc5e-acf89e970461" testName="RSql4Net.Tests.Models.Paging.PageableModelBinderProviderTest.ShouldBeWithClassPageableModelBinder" computerName="macbook-pro-de-gwendall" duration="00:00:00.0044123" startTime="2023-03-18T17:40:07.4279910+01:00" endTime="2023-03-18T17:40:07.4279910+01:00" testType="13cdc9d9-ddb5-4fa4-a97d-d965ccfc6d4b" outcome="Passed" testListId="8c84fa94-04c1-424b-9868-57a2d4851a1d" relativeResultsDirectory="eed2ecaf-0992-49b7-946d-52ce3dc13409" />
    <UnitTestResult executionId="1ea7b2d1-bcd3-402b-9a70-2c7be1a63389" testId="60fb77df-7ea3-45d6-087c-7d64ca76d05c" testName="RSql4Net.Tests.Models.Queries.ComparisonInt32ExpressionTest.ShouldBeLowerThanWithNullable" computerName="macbook-pro-de-gwendall" duration="00:00:00.0024154" startTime="2023-03-18T17:40:07.9065750+01:00" endTime="2023-03-18T17:40:07.9065750+01:00" testType="13cdc9d9-ddb5-4fa4-a97d-d965ccfc6d4b" outcome="Passed" testListId="8c84fa94-04c1-424b-9868-57a2d4851a1d" relativeResultsDirectory="1ea7b2d1-bcd3-402b-9a70-2c7be1a63389" />
    <UnitTestResult executionId="9c8af784-b335-4f85-b2b5-770b32a957b0" testId="a6eba466-5e1f-6fdb-5792-f9a7a607a018" testName="RSql4Net.Tests.Models.Queries.ComparisonInt32ExpressionTest.ShouldBeLowerThanOrEqualsWithNullable" computerName="macbook-pro-de-gwendall" duration="00:00:00.0022602" startTime="2023-03-18T17:40:08.0822940+01:00" endTime="2023-03-18T17:40:08.0822940+01:00" testType="13cdc9d9-ddb5-4fa4-a97d-d965ccfc6d4b" outcome="Passed" testListId="8c84fa94-04c1-424b-9868-57a2d4851a1d" relativeResultsDirectory="9c8af784-b335-4f85-b2b5-770b32a957b0" />
    <UnitTestResult executionId="1fd70d18-a823-4a7e-ac10-b2baadaf6a9d" testId="744d69bb-be6f-cce1-9e11-d9ca45bacefa" testName="RSql4Net.Tests.Configuration.SettingsBuilderTest.ShouldBeWithOnCreateCacheEntry" computerName="macbook-pro-de-gwendall" duration="00:00:00.0003074" startTime="2023-03-18T17:40:08.0856350+01:00" endTime="2023-03-18T17:40:08.0856360+01:00" testType="13cdc9d9-ddb5-4fa4-a97d-d965ccfc6d4b" outcome="Passed" testListId="8c84fa94-04c1-424b-9868-57a2d4851a1d" relativeResultsDirectory="1fd70d18-a823-4a7e-ac10-b2baadaf6a9d" />
    <UnitTestResult executionId="fce1f593-846a-4437-9ee4-60005c31d676" testId="2a92043b-a354-182c-2c5b-fa1531c31365" testName="RSql4Net.Tests.Models.Queries.ComparisonDecimalExpressionTest.ShouldBeLowerThanWithNullable" computerName="macbook-pro-de-gwendall" duration="00:00:00.0035056" startTime="2023-03-18T17:40:07.7027420+01:00" endTime="2023-03-18T17:40:07.7027420+01:00" testType="13cdc9d9-ddb5-4fa4-a97d-d965ccfc6d4b" outcome="Passed" testListId="8c84fa94-04c1-424b-9868-57a2d4851a1d" relativeResultsDirectory="fce1f593-846a-4437-9ee4-60005c31d676" />
    <UnitTestResult executionId="d7257721-2612-437b-ada2-da1381c78c73" testId="fa4b2431-c6a7-e3fd-330a-e6f2f21e4772" testName="RSql4Net.Tests.Models.Queries.ComparisonByteExpressionTest.ShouldBeLowerThanOrEquals" computerName="macbook-pro-de-gwendall" duration="00:00:00.0031989" startTime="2023-03-18T17:40:08.2778390+01:00" endTime="2023-03-18T17:40:08.2778390+01:00" testType="13cdc9d9-ddb5-4fa4-a97d-d965ccfc6d4b" outcome="Passed" testListId="8c84fa94-04c1-424b-9868-57a2d4851a1d" relativeResultsDirectory="d7257721-2612-437b-ada2-da1381c78c73" />
    <UnitTestResult executionId="192b39ca-a6c6-47e0-9f04-4345d51a8f93" testId="5086caa7-d2ab-2c2e-59b5-e07ae72bc9ae" testName="RSql4Net.Tests.Models.Queries.ComparisonInt64ExpressionTest.ShouldBeEqualsWithNullable" computerName="macbook-pro-de-gwendall" duration="00:00:00.0196848" startTime="2023-03-18T17:40:07.7132760+01:00" endTime="2023-03-18T17:40:07.7132760+01:00" testType="13cdc9d9-ddb5-4fa4-a97d-d965ccfc6d4b" outcome="Passed" testListId="8c84fa94-04c1-424b-9868-57a2d4851a1d" relativeResultsDirectory="192b39ca-a6c6-47e0-9f04-4345d51a8f93" />
    <UnitTestResult executionId="5ed93238-d3d7-4ed0-a848-0c7697587c01" testId="958c6825-7d5d-6be0-d7ca-dbe465832ca1" testName="RSql4Net.Tests.Models.Queries.Exceptions.ComparisonUnknownSelectorExceptionTest.ShouldBeSerializable" computerName="macbook-pro-de-gwendall" duration="00:00:00.0023235" startTime="2023-03-18T17:40:07.5497250+01:00" endTime="2023-03-18T17:40:07.5497260+01:00" testType="13cdc9d9-ddb5-4fa4-a97d-d965ccfc6d4b" outcome="Passed" testListId="8c84fa94-04c1-424b-9868-57a2d4851a1d" relativeResultsDirectory="5ed93238-d3d7-4ed0-a848-0c7697587c01" />
    <UnitTestResult executionId="000bc61b-7215-4feb-a2a2-4d1afc0abdf7" testId="1512b94e-ee7a-489c-9ffe-e99563ea200c" testName="RSql4Net.Tests.Models.Queries.ComparisonDecimalExpressionTest.ShouldBeNotEquals" computerName="macbook-pro-de-gwendall" duration="00:00:00.0032728" startTime="2023-03-18T17:40:07.7242800+01:00" endTime="2023-03-18T17:40:07.7242800+01:00" testType="13cdc9d9-ddb5-4fa4-a97d-d965ccfc6d4b" outcome="Passed" testListId="8c84fa94-04c1-424b-9868-57a2d4851a1d" relativeResultsDirectory="000bc61b-7215-4feb-a2a2-4d1afc0abdf7" />
    <UnitTestResult executionId="7f61896d-c626-48a8-8cd9-b43f87ce4912" testId="160e072b-221f-9c2e-d3ad-54710abe6587" testName="RSql4Net.Tests.Models.Queries.Exceptions.QueryErrorNodeExceptionTest.ShouldBeSerializable" computerName="macbook-pro-de-gwendall" duration="00:00:00.0019106" startTime="2023-03-18T17:40:08.1375930+01:00" endTime="2023-03-18T17:40:08.1375930+01:00" testType="13cdc9d9-ddb5-4fa4-a97d-d965ccfc6d4b" outcome="Passed" testListId="8c84fa94-04c1-424b-9868-57a2d4851a1d" relativeResultsDirectory="7f61896d-c626-48a8-8cd9-b43f87ce4912" />
    <UnitTestResult executionId="d92dd8ae-7c66-49b4-9821-aa2e325b3e96" testId="fcd4c0ab-d801-ad3a-0486-deafaafe1312" testName="RSql4Net.Tests.Models.Queries.ComparisonDecimalExpressionTest.ShouldBeEqualsWithNullable" computerName="macbook-pro-de-gwendall" duration="00:00:00.0126391" startTime="2023-03-18T17:40:07.6913580+01:00" endTime="2023-03-18T17:40:07.6913580+01:00" testType="13cdc9d9-ddb5-4fa4-a97d-d965ccfc6d4b" outcome="Passed" testListId="8c84fa94-04c1-424b-9868-57a2d4851a1d" relativeResultsDirectory="d92dd8ae-7c66-49b4-9821-aa2e325b3e96" />
    <UnitTestResult executionId="8173f589-4feb-44c8-bfc6-cf395cfecd39" testId="47bafd0f-4ea8-d79e-a3a1-e034829fdf0e" testName="RSql4Net.Tests.Models.Queries.ComparisonInt16ExpressionTest.ShouldBeGreaterThan" computerName="macbook-pro-de-gwendall" duration="00:00:00.0022182" startTime="2023-03-18T17:40:08.0813750+01:00" endTime="2023-03-18T17:40:08.0813760+01:00" testType="13cdc9d9-ddb5-4fa4-a97d-d965ccfc6d4b" outcome="Passed" testListId="8c84fa94-04c1-424b-9868-57a2d4851a1d" relativeResultsDirectory="8173f589-4feb-44c8-bfc6-cf395cfecd39" />
    <UnitTestResult executionId="a8215ffc-bfdd-43fe-95ea-ba3f3e87bcb6" testId="a6e5f062-8922-ab2d-036b-8db1754b9461" testName="RSql4Net.Tests.Models.Queries.ComparisonInt64ExpressionTest.ShouldBeNotEquals" computerName="macbook-pro-de-gwendall" duration="00:00:00.0014434" startTime="2023-03-18T17:40:07.6910030+01:00" endTime="2023-03-18T17:40:07.6910030+01:00" testType="13cdc9d9-ddb5-4fa4-a97d-d965ccfc6d4b" outcome="Passed" testListId="8c84fa94-04c1-424b-9868-57a2d4851a1d" relativeResultsDirectory="a8215ffc-bfdd-43fe-95ea-ba3f3e87bcb6" />
    <UnitTestResult executionId="9cb3a297-faf3-4da7-b3cb-e5deac396a48" testId="539000c1-50b2-78d9-85ce-c10ec3411f0d" testName="RSql4Net.Tests.Models.Queries.ComparisonDateTimeOffsetExpressionTest.ShouldThrowInvalidConversionException" computerName="macbook-pro-de-gwendall" duration="00:00:00.0018128" startTime="2023-03-18T17:40:07.6092110+01:00" endTime="2023-03-18T17:40:07.6092110+01:00" testType="13cdc9d9-ddb5-4fa4-a97d-d965ccfc6d4b" outcome="Passed" testListId="8c84fa94-04c1-424b-9868-57a2d4851a1d" relativeResultsDirectory="9cb3a297-faf3-4da7-b3cb-e5deac396a48" />
    <UnitTestResult executionId="8377c51e-3cd9-4e14-9220-c1c34f0db63a" testId="4ba015fd-b684-52d9-eb3d-37b09d418759" testName="RSql4Net.Tests.ServiceCollectionExtensionsTest.ShouldBeWithRSql" computerName="macbook-pro-de-gwendall" duration="00:00:00.2683660" startTime="2023-03-18T17:40:07.4188900+01:00" endTime="2023-03-18T17:40:07.4188900+01:00" testType="13cdc9d9-ddb5-4fa4-a97d-d965ccfc6d4b" outcome="Passed" testListId="8c84fa94-04c1-424b-9868-57a2d4851a1d" relativeResultsDirectory="8377c51e-3cd9-4e14-9220-c1c34f0db63a" />
    <UnitTestResult executionId="6e5ceec0-e2be-44f5-a32b-deef652c9e3e" testId="b62a27ca-a9b5-9b83-8f3f-a84d8bff9d6d" testName="RSql4Net.Tests.Models.Queries.ComparisonCharExpressionTest.ShouldBeNotInNullable" computerName="macbook-pro-de-gwendall" duration="00:00:00.0070957" startTime="2023-03-18T17:40:07.6393030+01:00" endTime="2023-03-18T17:40:07.6393030+01:00" testType="13cdc9d9-ddb5-4fa4-a97d-d965ccfc6d4b" outcome="Passed" testListId="8c84fa94-04c1-424b-9868-57a2d4851a1d" relativeResultsDirectory="6e5ceec0-e2be-44f5-a32b-deef652c9e3e" />
    <UnitTestResult executionId="50979b54-64c3-40a9-9d9b-ff1bd9e8ec6e" testId="881101fe-bb06-6c04-ddf4-9ecb365f97d5" testName="RSql4Net.Tests.Models.Queries.ComparisonDateTimeExpressionTest.ShouldBeEquals" computerName="macbook-pro-de-gwendall" duration="00:00:00.0482627" startTime="2023-03-18T17:40:07.9327560+01:00" endTime="2023-03-18T17:40:07.9327560+01:00" testType="13cdc9d9-ddb5-4fa4-a97d-d965ccfc6d4b" outcome="Passed" testListId="8c84fa94-04c1-424b-9868-57a2d4851a1d" relativeResultsDirectory="50979b54-64c3-40a9-9d9b-ff1bd9e8ec6e" />
    <UnitTestResult executionId="a2402ef9-72c7-4da2-aee0-f24194e9f938" testId="9c8e7fb1-c901-dbe0-6673-94353f3f4b70" testName="RSql4Net.Tests.Models.Queries.ComparisonEnumExpressionTest.ShouldBeNotEquals" computerName="macbook-pro-de-gwendall" duration="00:00:00.0011485" startTime="2023-03-18T17:40:08.3221960+01:00" endTime="2023-03-18T17:40:08.3221960+01:00" testType="13cdc9d9-ddb5-4fa4-a97d-d965ccfc6d4b" outcome="Passed" testListId="8c84fa94-04c1-424b-9868-57a2d4851a1d" relativeResultsDirectory="a2402ef9-72c7-4da2-aee0-f24194e9f938" />
    <UnitTestResult executionId="7ceda5dd-aa83-48fc-a726-ba0a519cee31" testId="bf1c9c74-340a-07e7-5c33-6766c9e09db8" testName="RSql4Net.Tests.Models.Queries.ComparisonDateTimeOffsetExpressionTest.ShouldBeGreaterThanOrEquals" computerName="macbook-pro-de-gwendall" duration="00:00:00.0064467" startTime="2023-03-18T17:40:07.6341420+01:00" endTime="2023-03-18T17:40:07.6341420+01:00" testType="13cdc9d9-ddb5-4fa4-a97d-d965ccfc6d4b" outcome="Passed" testListId="8c84fa94-04c1-424b-9868-57a2d4851a1d" relativeResultsDirectory="7ceda5dd-aa83-48fc-a726-ba0a519cee31" />
    <UnitTestResult executionId="c6651ab6-ecec-4ddc-883d-e7e4777b6b29" testId="007b0408-717d-c4ad-14bd-00cc96290524" testName="RSql4Net.Tests.Models.Queries.ComparisonStringExpressionTest.ShouldThrowExceptionGreaterThan" computerName="macbook-pro-de-gwendall" duration="00:00:00.0008200" startTime="2023-03-18T17:40:08.1115640+01:00" endTime="2023-03-18T17:40:08.1115650+01:00" testType="13cdc9d9-ddb5-4fa4-a97d-d965ccfc6d4b" outcome="Passed" testListId="8c84fa94-04c1-424b-9868-57a2d4851a1d" relativeResultsDirectory="c6651ab6-ecec-4ddc-883d-e7e4777b6b29" />
    <UnitTestResult executionId="71a64b8b-f4f6-4b9d-ab74-af9623890147" testId="6e6d29a0-fe2e-c32d-aa06-8f2675cfb956" testName="RSql4Net.Tests.Models.Queries.ComparisonCharExpressionTest.ShouldBeInNullable" computerName="macbook-pro-de-gwendall" duration="00:00:00.0107860" startTime="2023-03-18T17:40:07.7087780+01:00" endTime="2023-03-18T17:40:07.7087790+01:00" testType="13cdc9d9-ddb5-4fa4-a97d-d965ccfc6d4b" outcome="Passed" testListId="8c84fa94-04c1-424b-9868-57a2d4851a1d" relativeResultsDirectory="71a64b8b-f4f6-4b9d-ab74-af9623890147" />
    <UnitTestResult executionId="fe8f0686-e8fc-487a-8335-9bbae621a260" testId="07105369-0a74-1a34-a8e3-ef03c52013a1" testName="RSql4Net.Tests.Models.Queries.ComparisonGuidExpressionTest.ShouldBeEqualsWithNullable" computerName="macbook-pro-de-gwendall" duration="00:00:00.0246595" startTime="2023-03-18T17:40:07.8297040+01:00" endTime="2023-03-18T17:40:07.8297040+01:00" testType="13cdc9d9-ddb5-4fa4-a97d-d965ccfc6d4b" outcome="Passed" testListId="8c84fa94-04c1-424b-9868-57a2d4851a1d" relativeResultsDirectory="fe8f0686-e8fc-487a-8335-9bbae621a260" />
    <UnitTestResult executionId="af4bbdfb-6493-40cc-9f9c-48c45ea4d4c4" testId="b71b092e-4445-ea49-9cee-eed0077aca04" testName="RSql4Net.Tests.Models.Queries.ComparisonDateTimeOffsetExpressionTest.ShouldBeLowerThanOrEqualsWithNullable" computerName="macbook-pro-de-gwendall" duration="00:00:00.0056617" startTime="2023-03-18T17:40:07.5284550+01:00" endTime="2023-03-18T17:40:07.5284550+01:00" testType="13cdc9d9-ddb5-4fa4-a97d-d965ccfc6d4b" outcome="Passed" testListId="8c84fa94-04c1-424b-9868-57a2d4851a1d" relativeResultsDirectory="af4bbdfb-6493-40cc-9f9c-48c45ea4d4c4" />
    <UnitTestResult executionId="eb34256f-a54e-40c7-9162-a3235b52b6bb" testId="e96d5a4e-3361-11a8-df54-2cbff1fab841" testName="RSql4Net.Tests.Models.Queries.ComparisonEnumExpressionTest.ShouldBeIn" computerName="macbook-pro-de-gwendall" duration="00:00:00.0018633" startTime="2023-03-18T17:40:08.3444670+01:00" endTime="2023-03-18T17:40:08.3444680+01:00" testType="13cdc9d9-ddb5-4fa4-a97d-d965ccfc6d4b" outcome="Passed" testListId="8c84fa94-04c1-424b-9868-57a2d4851a1d" relativeResultsDirectory="eb34256f-a54e-40c7-9162-a3235b52b6bb" />
    <UnitTestResult executionId="aa2cf38e-dad2-4c47-93a6-15437b0af29c" testId="eb0568de-7634-e538-e1c9-fd881e45d772" testName="RSql4Net.Tests.Models.Queries.QueryReflectionHelperTest.ShouldBeParentProperty" computerName="macbook-pro-de-gwendall" duration="00:00:00.0003449" startTime="2023-03-18T17:40:08.1172390+01:00" endTime="2023-03-18T17:40:08.1172390+01:00" testType="13cdc9d9-ddb5-4fa4-a97d-d965ccfc6d4b" outcome="Passed" testListId="8c84fa94-04c1-424b-9868-57a2d4851a1d" relativeResultsDirectory="aa2cf38e-dad2-4c47-93a6-15437b0af29c" />
    <UnitTestResult executionId="bc2fd84e-6bd3-43c3-bf94-53ec879dfb00" testId="f629f68a-ae3b-d20c-1e5a-18bbe3f1b054" testName="RSql4Net.Tests.Models.Queries.ComparisonDateTimeExpressionTest.ShouldBeInNullable" computerName="macbook-pro-de-gwendall" duration="00:00:00.0016907" startTime="2023-03-18T17:40:08.1155180+01:00" endTime="2023-03-18T17:40:08.1155180+01:00" testType="13cdc9d9-ddb5-4fa4-a97d-d965ccfc6d4b" outcome="Passed" testListId="8c84fa94-04c1-424b-9868-57a2d4851a1d" relativeResultsDirectory="bc2fd84e-6bd3-43c3-bf94-53ec879dfb00" />
    <UnitTestResult executionId="f40cf451-37df-4a66-a0b2-560e4ae085de" testId="442bfcd2-1448-2a9e-d382-e1388e5fdee5" testName="RSql4Net.Tests.Models.Queries.ComparisonDateTimeOffsetExpressionTest.ShouldBeIn" computerName="macbook-pro-de-gwendall" duration="00:00:00.0158074" startTime="2023-03-18T17:40:07.6065030+01:00" endTime="2023-03-18T17:40:07.6065030+01:00" testType="13cdc9d9-ddb5-4fa4-a97d-d965ccfc6d4b" outcome="Passed" testListId="8c84fa94-04c1-424b-9868-57a2d4851a1d" relativeResultsDirectory="f40cf451-37df-4a66-a0b2-560e4ae085de" />
    <UnitTestResult executionId="04265f90-4f91-4bee-b57b-019f82b5efd1" testId="ee6c41d7-10e3-3374-52e5-e16f0a493e1b" testName="RSql4Net.Tests.Models.Queries.ComparisonInt64ExpressionTest.ShouldBeLowerThanWithNullable" computerName="macbook-pro-de-gwendall" duration="00:00:00.0025644" startTime="2023-03-18T17:40:07.6608320+01:00" endTime="2023-03-18T17:40:07.6608320+01:00" testType="13cdc9d9-ddb5-4fa4-a97d-d965ccfc6d4b" outcome="Passed" testListId="8c84fa94-04c1-424b-9868-57a2d4851a1d" relativeResultsDirectory="04265f90-4f91-4bee-b57b-019f82b5efd1" />
    <UnitTestResult executionId="081b6c16-4816-4c56-b411-87f863d55a82" testId="0ca148e7-37bf-37e7-b4ce-63e21a75aaec" testName="RSql4Net.Tests.Models.Paging.Exceptions.InvalidPageSizeValueExceptionTest.ShouldBeInvalidPageSizeValueException" computerName="macbook-pro-de-gwendall" duration="00:00:00.1327564" startTime="2023-03-18T17:40:07.2955280+01:00" endTime="2023-03-18T17:40:07.2955280+01:00" testType="13cdc9d9-ddb5-4fa4-a97d-d965ccfc6d4b" outcome="Passed" testListId="8c84fa94-04c1-424b-9868-57a2d4851a1d" relativeResultsDirectory="081b6c16-4816-4c56-b411-87f863d55a82" />
    <UnitTestResult executionId="5db823b6-db5e-45b5-b496-2568a80a15cb" testId="f5ca4854-6bdc-cd8b-b916-6dbc97333176" testName="RSql4Net.Tests.Models.Queries.ComparisonBooleanExpressionTest.ShouldBeNotEquals" computerName="macbook-pro-de-gwendall" duration="00:00:00.0017420" startTime="2023-03-18T17:40:08.3541120+01:00" endTime="2023-03-18T17:40:08.3541120+01:00" testType="13cdc9d9-ddb5-4fa4-a97d-d965ccfc6d4b" outcome="Passed" testListId="8c84fa94-04c1-424b-9868-57a2d4851a1d" relativeResultsDirectory="5db823b6-db5e-45b5-b496-2568a80a15cb" />
    <UnitTestResult executionId="4fa5a485-71e1-440e-bbc8-94657c818759" testId="b059f0a5-b299-aea8-3c6a-1a757e316b82" testName="RSql4Net.Tests.Models.Paging.PageableModelBinderTest.ShouldBeValidPageNumber" computerName="macbook-pro-de-gwendall" duration="00:00:00.0441104" startTime="2023-03-18T17:40:08.0201710+01:00" endTime="2023-03-18T17:40:08.0201710+01:00" testType="13cdc9d9-ddb5-4fa4-a97d-d965ccfc6d4b" outcome="Passed" testListId="8c84fa94-04c1-424b-9868-57a2d4851a1d" relativeResultsDirectory="4fa5a485-71e1-440e-bbc8-94657c818759" />
    <UnitTestResult executionId="968cace7-fc2f-4470-baeb-861f64e916b8" testId="ce9307b3-6db3-89f6-7b25-49c11e5dd57d" testName="RSql4Net.Tests.Models.Paging.PageableModelBinderTest.ShouldBeThrowArgumentNullException" computerName="macbook-pro-de-gwendall" duration="00:00:00.0363530" startTime="2023-03-18T17:40:07.9531460+01:00" endTime="2023-03-18T17:40:07.9531460+01:00" testType="13cdc9d9-ddb5-4fa4-a97d-d965ccfc6d4b" outcome="Passed" testListId="8c84fa94-04c1-424b-9868-57a2d4851a1d" relativeResultsDirectory="968cace7-fc2f-4470-baeb-861f64e916b8" />
    <UnitTestResult executionId="01c570c8-f6b3-40d8-b220-87f77ce3c558" testId="cb6af9fd-8a7c-032d-f613-5b83edab5762" testName="RSql4Net.Tests.Models.Queries.ComparisonInt32ExpressionTest.ShouldBeEqualsWithNullable" computerName="macbook-pro-de-gwendall" duration="00:00:00.0032458" startTime="2023-03-18T17:40:07.8989780+01:00" endTime="2023-03-18T17:40:07.8989790+01:00" testType="13cdc9d9-ddb5-4fa4-a97d-d965ccfc6d4b" outcome="Passed" testListId="8c84fa94-04c1-424b-9868-57a2d4851a1d" relativeResultsDirectory="01c570c8-f6b3-40d8-b220-87f77ce3c558" />
    <UnitTestResult executionId="48024ad3-e6de-4794-a6d7-661c30017f27" testId="54cccfa1-7a12-9e1a-d286-9c3be319f95f" testName="RSql4Net.Tests.Models.Queries.ComparisonInt64ExpressionTest.ShouldBeGreaterThan" computerName="macbook-pro-de-gwendall" duration="00:00:00.0172870" startTime="2023-03-18T17:40:07.5730110+01:00" endTime="2023-03-18T17:40:07.5730110+01:00" testType="13cdc9d9-ddb5-4fa4-a97d-d965ccfc6d4b" outcome="Passed" testListId="8c84fa94-04c1-424b-9868-57a2d4851a1d" relativeResultsDirectory="48024ad3-e6de-4794-a6d7-661c30017f27" />
    <UnitTestResult executionId="53bc7e7c-d449-4037-9a56-b628b7738a66" testId="6cb80eab-2155-3e32-4075-3a124947a278" testName="RSql4Net.Tests.Models.Queries.ComparisonDateTimeOffsetExpressionTest.ShouldBeNotIn" computerName="macbook-pro-de-gwendall" duration="00:00:00.0316530" startTime="2023-03-18T17:40:07.5213760+01:00" endTime="2023-03-18T17:40:07.5213760+01:00" testType="13cdc9d9-ddb5-4fa4-a97d-d965ccfc6d4b" outcome="Passed" testListId="8c84fa94-04c1-424b-9868-57a2d4851a1d" relativeResultsDirectory="53bc7e7c-d449-4037-9a56-b628b7738a66" />
    <UnitTestResult executionId="9827fb1f-45f1-45d6-87a5-597f6d42d44f" testId="d4c12bd2-c459-ae76-55bd-f5a51cf9c1a3" testName="RSql4Net.Tests.Models.Queries.Exceptions.InvalidConversionExceptionTest.ShouldBeThrow" computerName="macbook-pro-de-gwendall" duration="00:00:00.0018440" startTime="2023-03-18T17:40:07.8347310+01:00" endTime="2023-03-18T17:40:07.8347310+01:00" testType="13cdc9d9-ddb5-4fa4-a97d-d965ccfc6d4b" outcome="Passed" testListId="8c84fa94-04c1-424b-9868-57a2d4851a1d" relativeResultsDirectory="9827fb1f-45f1-45d6-87a5-597f6d42d44f" />
    <UnitTestResult executionId="fbcdec17-b192-4a32-9286-052f5c5aaab3" testId="f7cfb5ed-0e59-308d-5805-c7879361aae3" testName="RSql4Net.Tests.Models.Queries.ComparisonByteExpressionTest.ShouldBeNotIn" computerName="macbook-pro-de-gwendall" duration="00:00:00.0015325" startTime="2023-03-18T17:40:08.2823260+01:00" endTime="2023-03-18T17:40:08.2823260+01:00" testType="13cdc9d9-ddb5-4fa4-a97d-d965ccfc6d4b" outcome="Passed" testListId="8c84fa94-04c1-424b-9868-57a2d4851a1d" relativeResultsDirectory="fbcdec17-b192-4a32-9286-052f5c5aaab3" />
    <UnitTestResult executionId="b6b8cb20-da82-40cf-90bf-144aa41d475d" testId="afca6f05-923a-0ff7-8f71-b893e5bb8b4a" testName="RSql4Net.Tests.Models.Queries.ComparisonDateTimeExpressionTest.ShouldBeNotEquals" computerName="macbook-pro-de-gwendall" duration="00:00:00.0017795" startTime="2023-03-18T17:40:07.8743420+01:00" endTime="2023-03-18T17:40:07.8743420+01:00" testType="13cdc9d9-ddb5-4fa4-a97d-d965ccfc6d4b" outcome="Passed" testListId="8c84fa94-04c1-424b-9868-57a2d4851a1d" relativeResultsDirectory="b6b8cb20-da82-40cf-90bf-144aa41d475d" />
    <UnitTestResult executionId="7b590267-9267-4d1b-bf9f-1a2d3c8fe28b" testId="7a63bffc-0fa9-2cb8-2d3d-1f2dd2280b38" testName="RSql4Net.Tests.Models.Queries.ComparisonDateTimeExpressionTest.ShouldBeNotInNullable" computerName="macbook-pro-de-gwendall" duration="00:00:00.0920683" startTime="2023-03-18T17:40:08.0536620+01:00" endTime="2023-03-18T17:40:08.0536630+01:00" testType="13cdc9d9-ddb5-4fa4-a97d-d965ccfc6d4b" outcome="Passed" testListId="8c84fa94-04c1-424b-9868-57a2d4851a1d" relativeResultsDirectory="7b590267-9267-4d1b-bf9f-1a2d3c8fe28b" />
    <UnitTestResult executionId="1b63a93a-e2a5-452c-9fb9-cfa3d8036f95" testId="fd4369b9-edc9-c5ac-23a8-69c7d957bba8" testName="RSql4Net.Tests.Models.Queries.ComparisonInt64ExpressionTest.ShouldBeLowerThanOrEqualsWithNullable" computerName="macbook-pro-de-gwendall" duration="00:00:00.0059486" startTime="2023-03-18T17:40:07.6647040+01:00" endTime="2023-03-18T17:40:07.6647040+01:00" testType="13cdc9d9-ddb5-4fa4-a97d-d965ccfc6d4b" outcome="Passed" testListId="8c84fa94-04c1-424b-9868-57a2d4851a1d" relativeResultsDirectory="1b63a93a-e2a5-452c-9fb9-cfa3d8036f95" />
    <UnitTestResult executionId="693d8761-1b0e-4d1c-9c9b-393f9127121c" testId="abec240d-c5da-107b-9f24-9c86ec7ce4db" testName="RSql4Net.Tests.Models.Queries.ComparisonCharExpressionTest.ShouldBeGreaterThanOrEquals" computerName="macbook-pro-de-gwendall" duration="00:00:00.0225536" startTime="2023-03-18T17:40:07.7474070+01:00" endTime="2023-03-18T17:40:07.7474070+01:00" testType="13cdc9d9-ddb5-4fa4-a97d-d965ccfc6d4b" outcome="Passed" testListId="8c84fa94-04c1-424b-9868-57a2d4851a1d" relativeResultsDirectory="693d8761-1b0e-4d1c-9c9b-393f9127121c" />
    <UnitTestResult executionId="79b14a9d-dd31-494b-b231-f4a1bcaf741f" testId="c7078dfe-5bc9-c6bc-b957-507730682bac" testName="RSql4Net.Tests.Models.Queries.ComparisonEnumExpressionTest.ShouldBeEquals" computerName="macbook-pro-de-gwendall" duration="00:00:00.0024574" startTime="2023-03-18T17:40:08.3243090+01:00" endTime="2023-03-18T17:40:08.3243090+01:00" testType="13cdc9d9-ddb5-4fa4-a97d-d965ccfc6d4b" outcome="Passed" testListId="8c84fa94-04c1-424b-9868-57a2d4851a1d" relativeResultsDirectory="79b14a9d-dd31-494b-b231-f4a1bcaf741f" />
    <UnitTestResult executionId="6af758cd-105a-486c-8716-6013c368a586" testId="ae9e993c-4e65-e306-7e2d-1968638db56a" testName="RSql4Net.Tests.Models.Queries.ComparisonFloatExpressionTest.ShouldBeGreaterThan" computerName="macbook-pro-de-gwendall" duration="00:00:00.0084387" startTime="2023-03-18T17:40:08.2927580+01:00" endTime="2023-03-18T17:40:08.2927580+01:00" testType="13cdc9d9-ddb5-4fa4-a97d-d965ccfc6d4b" outcome="Passed" testListId="8c84fa94-04c1-424b-9868-57a2d4851a1d" relativeResultsDirectory="6af758cd-105a-486c-8716-6013c368a586" />
    <UnitTestResult executionId="224ad501-8097-497b-9fba-945d60c9a563" testId="9a0e7d59-8b1f-7a38-cce2-c0714544ea5c" testName="RSql4Net.Tests.Models.Queries.ComparisonByteExpressionTest.ShouldBeGreaterThanOrEquals" computerName="macbook-pro-de-gwendall" duration="00:00:00.0019446" startTime="2023-03-18T17:40:08.2817410+01:00" endTime="2023-03-18T17:40:08.2817410+01:00" testType="13cdc9d9-ddb5-4fa4-a97d-d965ccfc6d4b" outcome="Passed" testListId="8c84fa94-04c1-424b-9868-57a2d4851a1d" relativeResultsDirectory="224ad501-8097-497b-9fba-945d60c9a563" />
    <UnitTestResult executionId="5abf1c5b-75e8-4450-8e3c-e3fe794986b8" testId="6bba0d01-b5da-8bce-a80b-f5c8bde6a078" testName="RSql4Net.Tests.Models.Queries.ComparisonDecimalExpressionTest.ShouldBeLowerThanOrEquals" computerName="macbook-pro-de-gwendall" duration="00:00:00.0094229" startTime="2023-03-18T17:40:07.5843690+01:00" endTime="2023-03-18T17:40:07.5843690+01:00" testType="13cdc9d9-ddb5-4fa4-a97d-d965ccfc6d4b" outcome="Passed" testListId="8c84fa94-04c1-424b-9868-57a2d4851a1d" relativeResultsDirectory="5abf1c5b-75e8-4450-8e3c-e3fe794986b8" />
    <UnitTestResult executionId="b5499510-2ea6-43eb-9e1f-e64498962afb" testId="129d06e2-742c-5893-9551-2da275d202ea" testName="RSql4Net.Tests.Models.Queries.ComparisonDoubleExpressionTest.ShouldBeGreaterThanOrEquals" computerName="macbook-pro-de-gwendall" duration="00:00:00.0328570" startTime="2023-03-18T17:40:08.2089170+01:00" endTime="2023-03-18T17:40:08.2089170+01:00" testType="13cdc9d9-ddb5-4fa4-a97d-d965ccfc6d4b" outcome="Passed" testListId="8c84fa94-04c1-424b-9868-57a2d4851a1d" relativeResultsDirectory="b5499510-2ea6-43eb-9e1f-e64498962afb" />
    <UnitTestResult executionId="37ccbb04-d452-4662-970f-b4840d014b26" testId="0c63485f-c026-6aed-9c60-94124296d318" testName="RSql4Net.Tests.Models.Queries.ComparisonDoubleExpressionTest.ShouldBeEqualsWithNullable" computerName="macbook-pro-de-gwendall" duration="00:00:00.0121093" startTime="2023-03-18T17:40:08.2266460+01:00" endTime="2023-03-18T17:40:08.2266460+01:00" testType="13cdc9d9-ddb5-4fa4-a97d-d965ccfc6d4b" outcome="Passed" testListId="8c84fa94-04c1-424b-9868-57a2d4851a1d" relativeResultsDirectory="37ccbb04-d452-4662-970f-b4840d014b26" />
    <UnitTestResult executionId="9b90f3c6-f21b-43bd-9c3e-4f33236299ee" testId="8b96e15c-9f78-003a-ebe5-6d5bac178a75" testName="RSql4Net.Tests.Models.Queries.ComparisonBooleanExpressionTest.ShouldBeInNullable" computerName="macbook-pro-de-gwendall" duration="00:00:00.0051712" startTime="2023-03-18T17:40:08.3396450+01:00" endTime="2023-03-18T17:40:08.3396450+01:00" testType="13cdc9d9-ddb5-4fa4-a97d-d965ccfc6d4b" outcome="Passed" testListId="8c84fa94-04c1-424b-9868-57a2d4851a1d" relativeResultsDirectory="9b90f3c6-f21b-43bd-9c3e-4f33236299ee" />
    <UnitTestResult executionId="2ce1a01e-9eb7-4432-abe2-46e1f49f2948" testId="06c22b60-83ab-20e8-a007-b11ba23b1b6f" testName="RSql4Net.Tests.Models.Queries.ComparisonByteExpressionTest.ShouldBeEqualsWithNullable" computerName="macbook-pro-de-gwendall" duration="00:00:00.0492522" startTime="2023-03-18T17:40:08.2151930+01:00" endTime="2023-03-18T17:40:08.2151930+01:00" testType="13cdc9d9-ddb5-4fa4-a97d-d965ccfc6d4b" outcome="Passed" testListId="8c84fa94-04c1-424b-9868-57a2d4851a1d" relativeResultsDirectory="2ce1a01e-9eb7-4432-abe2-46e1f49f2948" />
    <UnitTestResult executionId="97295e23-1041-4557-88eb-213f1f54137c" testId="7ec62b7a-0d44-7a7b-95f8-e1dd527a9f80" testName="RSql4Net.Tests.Models.Queries.Exceptions.InvalidConversionExceptionTest.ShouldBeSerializable" computerName="macbook-pro-de-gwendall" duration="00:00:00.0042401" startTime="2023-03-18T17:40:07.8419770+01:00" endTime="2023-03-18T17:40:07.8419770+01:00" testType="13cdc9d9-ddb5-4fa4-a97d-d965ccfc6d4b" outcome="Passed" testListId="8c84fa94-04c1-424b-9868-57a2d4851a1d" relativeResultsDirectory="97295e23-1041-4557-88eb-213f1f54137c" />
    <UnitTestResult executionId="50838d14-192e-4851-bd67-6ab75627f61d" testId="a5732365-01f4-1390-8e54-a7cf9fceebb8" testName="RSql4Net.Tests.Models.Queries.ComparisonInt16ExpressionTest.ShouldBeNotEqualsWithNullable" computerName="macbook-pro-de-gwendall" duration="00:00:00.0019121" startTime="2023-03-18T17:40:08.2290750+01:00" endTime="2023-03-18T17:40:08.2290750+01:00" testType="13cdc9d9-ddb5-4fa4-a97d-d965ccfc6d4b" outcome="Passed" testListId="8c84fa94-04c1-424b-9868-57a2d4851a1d" relativeResultsDirectory="50838d14-192e-4851-bd67-6ab75627f61d" />
    <UnitTestResult executionId="9d49905f-0570-4222-9441-d6836cf3b9fa" testId="6e9c68c2-c0dd-4b1e-bcd6-21265adc17ab" testName="RSql4Net.Tests.Models.Queries.ComparisonInt32ExpressionTest.ShouldBeLowerThan" computerName="macbook-pro-de-gwendall" duration="00:00:00.0074413" startTime="2023-03-18T17:40:08.0844350+01:00" endTime="2023-03-18T17:40:08.0844350+01:00" testType="13cdc9d9-ddb5-4fa4-a97d-d965ccfc6d4b" outcome="Passed" testListId="8c84fa94-04c1-424b-9868-57a2d4851a1d" relativeResultsDirectory="9d49905f-0570-4222-9441-d6836cf3b9fa" />
    <UnitTestResult executionId="087f3c10-d439-4f2d-a233-5a674582e72f" testId="4f6eedc0-273d-3ddf-b2ec-30442140fc69" testName="RSql4Net.Tests.Models.Queries.ComparisonInt64ExpressionTest.ShouldBeIn" computerName="macbook-pro-de-gwendall" duration="00:00:00.0014694" startTime="2023-03-18T17:40:07.5902430+01:00" endTime="2023-03-18T17:40:07.5902430+01:00" testType="13cdc9d9-ddb5-4fa4-a97d-d965ccfc6d4b" outcome="Passed" testListId="8c84fa94-04c1-424b-9868-57a2d4851a1d" relativeResultsDirectory="087f3c10-d439-4f2d-a233-5a674582e72f" />
    <UnitTestResult executionId="d9d3e4f4-fde4-4aac-8821-0ea66bb0344d" testId="47b526a9-1ba3-164f-6b78-b8b016c05246" testName="RSql4Net.Tests.Models.Queries.ComparisonBooleanExpressionTest.ShouldBeNotIn" computerName="macbook-pro-de-gwendall" duration="00:00:00.0051107" startTime="2023-03-18T17:40:08.3514010+01:00" endTime="2023-03-18T17:40:08.3514010+01:00" testType="13cdc9d9-ddb5-4fa4-a97d-d965ccfc6d4b" outcome="Passed" testListId="8c84fa94-04c1-424b-9868-57a2d4851a1d" relativeResultsDirectory="d9d3e4f4-fde4-4aac-8821-0ea66bb0344d" />
    <UnitTestResult executionId="a966f290-dc72-46cf-8d72-ee0550fdc05c" testId="9c9cde97-93c4-1b48-fcbc-2ba560ccd26e" testName="RSql4Net.Tests.Models.Queries.ComparisonDecimalExpressionTest.ShouldBeIn" computerName="macbook-pro-de-gwendall" duration="00:00:00.0126392" startTime="2023-03-18T17:40:07.7210440+01:00" endTime="2023-03-18T17:40:07.7210440+01:00" testType="13cdc9d9-ddb5-4fa4-a97d-d965ccfc6d4b" outcome="Passed" testListId="8c84fa94-04c1-424b-9868-57a2d4851a1d" relativeResultsDirectory="a966f290-dc72-46cf-8d72-ee0550fdc05c" />
    <UnitTestResult executionId="77d664fd-742d-4b6a-bdf9-d13d80eebfd2" testId="92197a5b-dab7-7983-6641-48ed629f5e73" testName="RSql4Net.Tests.Models.Paging.Exceptions.UnknownSortExceptionTest.ShouldBeUnknownSortException" computerName="macbook-pro-de-gwendall" duration="00:00:00.0095352" startTime="2023-03-18T17:40:07.6257620+01:00" endTime="2023-03-18T17:40:07.6257620+01:00" testType="13cdc9d9-ddb5-4fa4-a97d-d965ccfc6d4b" outcome="Passed" testListId="8c84fa94-04c1-424b-9868-57a2d4851a1d" relativeResultsDirectory="77d664fd-742d-4b6a-bdf9-d13d80eebfd2" />
    <UnitTestResult executionId="8207375e-74ea-4631-a2fa-d045bbf7b95d" testId="8890594f-fd51-ad21-070c-880fa91560f7" testName="RSql4Net.Tests.ServiceCollectionExtensionsTest.ShouldBeWithArgumentNullException" computerName="macbook-pro-de-gwendall" duration="00:00:00.0129176" startTime="2023-03-18T17:40:07.1563320+01:00" endTime="2023-03-18T17:40:07.1563650+01:00" testType="13cdc9d9-ddb5-4fa4-a97d-d965ccfc6d4b" outcome="Passed" testListId="8c84fa94-04c1-424b-9868-57a2d4851a1d" relativeResultsDirectory="8207375e-74ea-4631-a2fa-d045bbf7b95d" />
    <UnitTestResult executionId="5018e696-3ab7-4586-b622-12d1e09abe1e" testId="a7e4ca44-e4f7-ba97-dfb3-07aa8f1ef3b6" testName="RSql4Net.Tests.Models.Queries.ComparisonStringExpressionTest.ShouldBeEndsWith" computerName="macbook-pro-de-gwendall" duration="00:00:00.0012251" startTime="2023-03-18T17:40:08.1558700+01:00" endTime="2023-03-18T17:40:08.1558700+01:00" testType="13cdc9d9-ddb5-4fa4-a97d-d965ccfc6d4b" outcome="Passed" testListId="8c84fa94-04c1-424b-9868-57a2d4851a1d" relativeResultsDirectory="5018e696-3ab7-4586-b622-12d1e09abe1e" />
    <UnitTestResult executionId="63005784-5a2d-4cf6-807a-c0774fb65a1b" testId="bf5875e1-2f86-87e8-d588-cf0331c94bfe" testName="RSql4Net.Tests.Models.Queries.ComparisonCharExpressionTest.ShouldBeNotIn" computerName="macbook-pro-de-gwendall" duration="00:00:00.0191006" startTime="2023-03-18T17:40:07.7682380+01:00" endTime="2023-03-18T17:40:07.7682380+01:00" testType="13cdc9d9-ddb5-4fa4-a97d-d965ccfc6d4b" outcome="Passed" testListId="8c84fa94-04c1-424b-9868-57a2d4851a1d" relativeResultsDirectory="63005784-5a2d-4cf6-807a-c0774fb65a1b" />
    <UnitTestResult executionId="cdfb3c3c-3e56-4b70-979b-ce2c48037f8e" testId="2958636c-cc8d-553a-9f84-d96bfbdc67a4" testName="RSql4Net.Tests.Models.Queries.ComparisonInt16ExpressionTest.ShouldBeNotEquals" computerName="macbook-pro-de-gwendall" duration="00:00:00.0555922" startTime="2023-03-18T17:40:08.0605780+01:00" endTime="2023-03-18T17:40:08.0605780+01:00" testType="13cdc9d9-ddb5-4fa4-a97d-d965ccfc6d4b" outcome="Passed" testListId="8c84fa94-04c1-424b-9868-57a2d4851a1d" relativeResultsDirectory="cdfb3c3c-3e56-4b70-979b-ce2c48037f8e" />
    <UnitTestResult executionId="f5847571-0a53-4c7a-9228-af3e6c11949b" testId="a60621af-584f-9744-f0f1-677a8234e7aa" testName="RSql4Net.Tests.Models.Queries.ComparisonDoubleExpressionTest.ShouldBeGreaterThanWithNullable" computerName="macbook-pro-de-gwendall" duration="00:00:00.0027619" startTime="2023-03-18T17:40:08.2201490+01:00" endTime="2023-03-18T17:40:08.2201490+01:00" testType="13cdc9d9-ddb5-4fa4-a97d-d965ccfc6d4b" outcome="Passed" testListId="8c84fa94-04c1-424b-9868-57a2d4851a1d" relativeResultsDirectory="f5847571-0a53-4c7a-9228-af3e6c11949b" />
    <UnitTestResult executionId="23fbe995-835b-4bbf-a6e1-6dfdb9e14cb9" testId="5bac8179-2736-84fc-2b5c-8a03626ef96f" testName="RSql4Net.Tests.Models.Queries.ComparisonDoubleExpressionTest.ShouldBeLowerThanOrEqualsWithNullable" computerName="macbook-pro-de-gwendall" duration="00:00:00.0022445" startTime="2023-03-18T17:40:08.3190250+01:00" endTime="2023-03-18T17:40:08.3190250+01:00" testType="13cdc9d9-ddb5-4fa4-a97d-d965ccfc6d4b" outcome="Passed" testListId="8c84fa94-04c1-424b-9868-57a2d4851a1d" relativeResultsDirectory="23fbe995-835b-4bbf-a6e1-6dfdb9e14cb9" />
    <UnitTestResult executionId="9bfc5f07-eb40-4f93-a3c4-b5c391ff3e66" testId="0bd6bd4d-05f6-ba01-c60a-c53965231b83" testName="RSql4Net.Tests.Models.Paging.PageableModelBinderProviderTest.ShouldBeWithInterfacePageableModelBinder" computerName="macbook-pro-de-gwendall" duration="00:00:00.0005225" startTime="2023-03-18T17:40:07.4283550+01:00" endTime="2023-03-18T17:40:07.4283550+01:00" testType="13cdc9d9-ddb5-4fa4-a97d-d965ccfc6d4b" outcome="Passed" testListId="8c84fa94-04c1-424b-9868-57a2d4851a1d" relativeResultsDirectory="9bfc5f07-eb40-4f93-a3c4-b5c391ff3e66" />
    <UnitTestResult executionId="ed95264e-7689-416e-8068-954d471326a7" testId="c048dd32-5c7a-5419-b68b-a5544b11f635" testName="RSql4Net.Tests.Models.Queries.ComparisonInt32ExpressionTest.ShouldBeEquals" computerName="macbook-pro-de-gwendall" duration="00:00:00.0019009" startTime="2023-03-18T17:40:07.9287360+01:00" endTime="2023-03-18T17:40:07.9287360+01:00" testType="13cdc9d9-ddb5-4fa4-a97d-d965ccfc6d4b" outcome="Passed" testListId="8c84fa94-04c1-424b-9868-57a2d4851a1d" relativeResultsDirectory="ed95264e-7689-416e-8068-954d471326a7" />
    <UnitTestResult executionId="e236a0b2-7f42-4685-a935-651abe0f54f3" testId="84f2aea3-83c4-14b3-3a5a-0780b87dcfee" testName="RSql4Net.Tests.Models.Queries.ComparisonStringExpressionTest.ShouldBeEquals" computerName="macbook-pro-de-gwendall" duration="00:00:00.0026135" startTime="2023-03-18T17:40:08.1562370+01:00" endTime="2023-03-18T17:40:08.1562370+01:00" testType="13cdc9d9-ddb5-4fa4-a97d-d965ccfc6d4b" outcome="Passed" testListId="8c84fa94-04c1-424b-9868-57a2d4851a1d" relativeResultsDirectory="e236a0b2-7f42-4685-a935-651abe0f54f3" />
    <UnitTestResult executionId="7795e9eb-078c-472d-8776-b39bbb497907" testId="10616d86-b4fb-ee8f-3816-22002e93afa1" testName="RSql4Net.Tests.Controllers.ControllerBaseExtensionsTest.ShouldBeThrowArgumentNullException" computerName="macbook-pro-de-gwendall" duration="00:00:00.0041581" startTime="2023-03-18T17:40:07.9284130+01:00" endTime="2023-03-18T17:40:07.9284130+01:00" testType="13cdc9d9-ddb5-4fa4-a97d-d965ccfc6d4b" outcome="Passed" testListId="8c84fa94-04c1-424b-9868-57a2d4851a1d" relativeResultsDirectory="7795e9eb-078c-472d-8776-b39bbb497907" />
    <UnitTestResult executionId="58b1f99c-db12-4cfe-9ac6-15b6a07b2604" testId="eb6e98ca-75a8-b42e-dc00-5d34d512cc30" testName="RSql4Net.Tests.Models.Queries.ComparisonStringExpressionTest.ShouldBeNotIn" computerName="macbook-pro-de-gwendall" duration="00:00:00.0181118" startTime="2023-03-18T17:40:08.1378910+01:00" endTime="2023-03-18T17:40:08.1378910+01:00" testType="13cdc9d9-ddb5-4fa4-a97d-d965ccfc6d4b" outcome="Passed" testListId="8c84fa94-04c1-424b-9868-57a2d4851a1d" relativeResultsDirectory="58b1f99c-db12-4cfe-9ac6-15b6a07b2604" />
    <UnitTestResult executionId="b97827ce-e767-493c-97af-d358dba9631c" testId="83f36b20-79f8-1e61-7d18-a59a54c00f3e" testName="RSql4Net.Tests.Models.Queries.ComparisonDoubleExpressionTest.ShouldBeGreaterThan" computerName="macbook-pro-de-gwendall" duration="00:00:00.0037955" startTime="2023-03-18T17:40:08.3356820+01:00" endTime="2023-03-18T17:40:08.3356820+01:00" testType="13cdc9d9-ddb5-4fa4-a97d-d965ccfc6d4b" outcome="Passed" testListId="8c84fa94-04c1-424b-9868-57a2d4851a1d" relativeResultsDirectory="b97827ce-e767-493c-97af-d358dba9631c" />
    <UnitTestResult executionId="00b24264-ceeb-4e64-b29a-6f4bc67f8beb" testId="449c8141-c3ac-4869-cbe1-7a3e2e87e272" testName="RSql4Net.Tests.Models.Queries.ComparisonInt32ExpressionTest.ShouldBeGreaterThanOrEqualsWithNullable" computerName="macbook-pro-de-gwendall" duration="00:00:00.1271715" startTime="2023-03-18T17:40:08.0817280+01:00" endTime="2023-03-18T17:40:08.0817280+01:00" testType="13cdc9d9-ddb5-4fa4-a97d-d965ccfc6d4b" outcome="Passed" testListId="8c84fa94-04c1-424b-9868-57a2d4851a1d" relativeResultsDirectory="00b24264-ceeb-4e64-b29a-6f4bc67f8beb" />
    <UnitTestResult executionId="aea01a3a-1da3-4e87-8a17-9161e1fa1f32" testId="d963981a-9ce3-beb7-7e2f-61778719969b" testName="RSql4Net.Tests.Models.Paging.PageableModelBinderTest.ShouldBeIsValid" computerName="macbook-pro-de-gwendall" duration="00:00:00.0238305" startTime="2023-03-18T17:40:07.9813450+01:00" endTime="2023-03-18T17:40:07.9813450+01:00" testType="13cdc9d9-ddb5-4fa4-a97d-d965ccfc6d4b" outcome="Passed" testListId="8c84fa94-04c1-424b-9868-57a2d4851a1d" relativeResultsDirectory="aea01a3a-1da3-4e87-8a17-9161e1fa1f32" />
    <UnitTestResult executionId="4492cfd0-8368-443f-a463-aee7b71d9015" testId="13fdf270-a163-9ba7-ed7b-f058d0b1461a" testName="RSql4Net.Tests.Models.Queries.ComparisonByteExpressionTest.ShouldBeInNullable" computerName="macbook-pro-de-gwendall" duration="00:00:00.0448956" startTime="2023-03-18T17:40:08.2597270+01:00" endTime="2023-03-18T17:40:08.2597270+01:00" testType="13cdc9d9-ddb5-4fa4-a97d-d965ccfc6d4b" outcome="Passed" testListId="8c84fa94-04c1-424b-9868-57a2d4851a1d" relativeResultsDirectory="4492cfd0-8368-443f-a463-aee7b71d9015" />
    <UnitTestResult executionId="9ed9a978-3260-4f61-9393-471fea9653db" testId="92741a22-28c3-a094-9747-ad8589f64324" testName="RSql4Net.Tests.Models.Queries.ComparisonCharExpressionTest.ShouldBeGreaterThanOrEqualsWithNullable" computerName="macbook-pro-de-gwendall" duration="00:00:00.0027006" startTime="2023-03-18T17:40:07.6728350+01:00" endTime="2023-03-18T17:40:07.6728350+01:00" testType="13cdc9d9-ddb5-4fa4-a97d-d965ccfc6d4b" outcome="Passed" testListId="8c84fa94-04c1-424b-9868-57a2d4851a1d" relativeResultsDirectory="9ed9a978-3260-4f61-9393-471fea9653db" />
    <UnitTestResult executionId="1590b335-342c-4590-aaeb-62983d262ff8" testId="c7abf1c4-30e3-37a9-deb5-29d7c3f1c999" testName="RSql4Net.Tests.Models.Queries.LogicalOperatorTest.AndSimpleTest" computerName="macbook-pro-de-gwendall" duration="00:00:00.0009679" startTime="2023-03-18T17:40:07.5411410+01:00" endTime="2023-03-18T17:40:07.5411410+01:00" testType="13cdc9d9-ddb5-4fa4-a97d-d965ccfc6d4b" outcome="Passed" testListId="8c84fa94-04c1-424b-9868-57a2d4851a1d" relativeResultsDirectory="1590b335-342c-4590-aaeb-62983d262ff8" />
    <UnitTestResult executionId="47de02e2-f87e-4307-9956-461c3fe68842" testId="f4d3cb2f-9601-1ad6-0c09-e4cec65340c9" testName="RSql4Net.Tests.Models.Queries.ComparisonInt32ExpressionTest.ShouldBeGreaterThanOrEquals" computerName="macbook-pro-de-gwendall" duration="00:00:00.0026559" startTime="2023-03-18T17:40:07.9132810+01:00" endTime="2023-03-18T17:40:07.9132810+01:00" testType="13cdc9d9-ddb5-4fa4-a97d-d965ccfc6d4b" outcome="Passed" testListId="8c84fa94-04c1-424b-9868-57a2d4851a1d" relativeResultsDirectory="47de02e2-f87e-4307-9956-461c3fe68842" />
    <UnitTestResult executionId="25adf5a9-5034-4b42-ab27-88a354608d22" testId="34ac8690-9005-159b-5ced-fdc350e74806" testName="RSql4Net.Tests.Models.Queries.ComparisonDecimalExpressionTest.ShouldBeLowerThan" computerName="macbook-pro-de-gwendall" duration="00:00:00.0028135" startTime="2023-03-18T17:40:07.6748640+01:00" endTime="2023-03-18T17:40:07.6748640+01:00" testType="13cdc9d9-ddb5-4fa4-a97d-d965ccfc6d4b" outcome="Passed" testListId="8c84fa94-04c1-424b-9868-57a2d4851a1d" relativeResultsDirectory="25adf5a9-5034-4b42-ab27-88a354608d22" />
    <UnitTestResult executionId="8f90ade4-49a6-4aeb-b49d-5b7c96ce52d4" testId="78eac5f8-bda6-d007-56b5-154052e8dfc6" testName="RSql4Net.Tests.Models.Queries.ComparisonGuidExpressionTest.ShouldBeInNullable" computerName="macbook-pro-de-gwendall" duration="00:00:00.0016387" startTime="2023-03-18T17:40:07.8319450+01:00" endTime="2023-03-18T17:40:07.8319450+01:00" testType="13cdc9d9-ddb5-4fa4-a97d-d965ccfc6d4b" outcome="Passed" testListId="8c84fa94-04c1-424b-9868-57a2d4851a1d" relativeResultsDirectory="8f90ade4-49a6-4aeb-b49d-5b7c96ce52d4" />
    <UnitTestResult executionId="a140a7a2-7caa-4075-8b5c-54636d25ecf8" testId="deff2b1c-bb94-54ac-743e-a0f5ec070de3" testName="RSql4Net.Tests.Models.Queries.ComparisonGuidExpressionTest.ShouldThrowExceptionGreaterThan" computerName="macbook-pro-de-gwendall" duration="00:00:00.0013962" startTime="2023-03-18T17:40:07.7425360+01:00" endTime="2023-03-18T17:40:07.7425360+01:00" testType="13cdc9d9-ddb5-4fa4-a97d-d965ccfc6d4b" outcome="Passed" testListId="8c84fa94-04c1-424b-9868-57a2d4851a1d" relativeResultsDirectory="a140a7a2-7caa-4075-8b5c-54636d25ecf8" />
    <UnitTestResult executionId="114106ec-69f1-4f64-9c46-8abd60f70087" testId="2060c73a-6fd3-9734-cf2c-61c48be89b29" testName="RSql4Net.Tests.Configuration.Exceptions.InvalidFormatFieldNameExceptionTest.ShouldBeSerializable" computerName="macbook-pro-de-gwendall" duration="00:00:00.0317553" startTime="2023-03-18T17:40:07.5919130+01:00" endTime="2023-03-18T17:40:07.5919130+01:00" testType="13cdc9d9-ddb5-4fa4-a97d-d965ccfc6d4b" outcome="Passed" testListId="8c84fa94-04c1-424b-9868-57a2d4851a1d" relativeResultsDirectory="114106ec-69f1-4f64-9c46-8abd60f70087" />
    <UnitTestResult executionId="c613faf2-5dfd-4d97-99d1-d97b1b992a63" testId="2724d9c6-b2fa-810e-ebfb-0e7d83e3de5d" testName="RSql4Net.Tests.Models.Queries.ComparisonDoubleExpressionTest.ShouldBeEquals" computerName="macbook-pro-de-gwendall" duration="00:00:00.0188184" startTime="2023-03-18T17:40:08.3186390+01:00" endTime="2023-03-18T17:40:08.3186390+01:00" testType="13cdc9d9-ddb5-4fa4-a97d-d965ccfc6d4b" outcome="Passed" testListId="8c84fa94-04c1-424b-9868-57a2d4851a1d" relativeResultsDirectory="c613faf2-5dfd-4d97-99d1-d97b1b992a63" />
    <UnitTestResult executionId="db956a21-1dbb-4732-861c-78195d7b8a57" testId="ed08d4f6-8c94-dc85-67e6-6bc12101b670" testName="RSql4Net.Tests.Models.Queries.ComparisonExceptionTest.ShouldBeThrowQueryComparisonTooManyArgumentException" computerName="macbook-pro-de-gwendall" duration="00:00:00.0006150" startTime="2023-03-18T17:40:07.5626280+01:00" endTime="2023-03-18T17:40:07.5626280+01:00" testType="13cdc9d9-ddb5-4fa4-a97d-d965ccfc6d4b" outcome="Passed" testListId="8c84fa94-04c1-424b-9868-57a2d4851a1d" relativeResultsDirectory="db956a21-1dbb-4732-861c-78195d7b8a57" />
    <UnitTestResult executionId="e1e2ec74-1756-466c-bfa6-da7efb13c339" testId="9541a191-32dc-1b45-3093-d5a492b245b6" testName="RSql4Net.Tests.Models.Queries.RSqlQueryExpressionHelperTest.ShouldBeGetIsNullExpressionThrowComparisonTooManyArgumentExceptionTest" computerName="macbook-pro-de-gwendall" duration="00:00:00.0008513" startTime="2023-03-18T17:40:07.4716300+01:00" endTime="2023-03-18T17:40:07.4716300+01:00" testType="13cdc9d9-ddb5-4fa4-a97d-d965ccfc6d4b" outcome="Passed" testListId="8c84fa94-04c1-424b-9868-57a2d4851a1d" relativeResultsDirectory="e1e2ec74-1756-466c-bfa6-da7efb13c339" />
    <UnitTestResult executionId="3269ef12-6823-4c61-ba9f-963962920019" testId="2eac06b7-5785-a5d2-f269-141547f8f2ba" testName="RSql4Net.Tests.Models.Queries.ComparisonCharExpressionTest.ShouldBeNotEquals" computerName="macbook-pro-de-gwendall" duration="00:00:00.0137418" startTime="2023-03-18T17:40:07.8544000+01:00" endTime="2023-03-18T17:40:07.8544000+01:00" testType="13cdc9d9-ddb5-4fa4-a97d-d965ccfc6d4b" outcome="Passed" testListId="8c84fa94-04c1-424b-9868-57a2d4851a1d" relativeResultsDirectory="3269ef12-6823-4c61-ba9f-963962920019" />
    <UnitTestResult executionId="f5bd66bb-8c3f-44f3-8baa-614d950c4c45" testId="1bf1d190-7c16-90b9-80ef-c54c697927fa" testName="RSql4Net.Tests.Models.Queries.ComparisonBooleanExpressionTest.ShouldThrowExceptionGreaterThan" computerName="macbook-pro-de-gwendall" duration="00:00:00.0051515" startTime="2023-03-18T17:40:08.3353360+01:00" endTime="2023-03-18T17:40:08.3353360+01:00" testType="13cdc9d9-ddb5-4fa4-a97d-d965ccfc6d4b" outcome="Passed" testListId="8c84fa94-04c1-424b-9868-57a2d4851a1d" relativeResultsDirectory="f5bd66bb-8c3f-44f3-8baa-614d950c4c45" />
    <UnitTestResult executionId="273331ab-ba34-4b7b-9081-15c5c449dc95" testId="b2b87053-07f9-50d9-2be4-282b59aa97bf" testName="RSql4Net.Tests.Models.Queries.ComparisonInt32ExpressionTest.ShouldBeNotIn" computerName="macbook-pro-de-gwendall" duration="00:00:00.0015555" startTime="2023-03-18T17:40:08.0849020+01:00" endTime="2023-03-18T17:40:08.0849020+01:00" testType="13cdc9d9-ddb5-4fa4-a97d-d965ccfc6d4b" outcome="Passed" testListId="8c84fa94-04c1-424b-9868-57a2d4851a1d" relativeResultsDirectory="273331ab-ba34-4b7b-9081-15c5c449dc95" />
    <UnitTestResult executionId="20639e7e-e81c-43e1-9728-dbaee35432e7" testId="223d1f7a-1b5b-28af-08b1-c63b57d6150a" testName="RSql4Net.Tests.Models.Queries.ComparisonInt64ExpressionTest.ShouldThrowInvalidConversionException" computerName="macbook-pro-de-gwendall" duration="00:00:00.0007023" startTime="2023-03-18T17:40:07.7189310+01:00" endTime="2023-03-18T17:40:07.7189310+01:00" testType="13cdc9d9-ddb5-4fa4-a97d-d965ccfc6d4b" outcome="Passed" testListId="8c84fa94-04c1-424b-9868-57a2d4851a1d" relativeResultsDirectory="20639e7e-e81c-43e1-9728-dbaee35432e7" />
    <UnitTestResult executionId="7720bf60-4ac1-4805-aef1-7fc344d4348a" testId="fe89c41e-f63f-eb7f-df69-c9acf7957b14" testName="RSql4Net.Tests.Models.Paging.Exceptions.OutOfRangePageNumberExceptionTest.ShouldBeSerializable" computerName="macbook-pro-de-gwendall" duration="00:00:00.0013882" startTime="2023-03-18T17:40:07.8425240+01:00" endTime="2023-03-18T17:40:07.8425240+01:00" testType="13cdc9d9-ddb5-4fa4-a97d-d965ccfc6d4b" outcome="Passed" testListId="8c84fa94-04c1-424b-9868-57a2d4851a1d" relativeResultsDirectory="7720bf60-4ac1-4805-aef1-7fc344d4348a" />
    <UnitTestResult executionId="fb93e617-fa39-49e9-9656-fa3d7bb63cca" testId="7b858a2f-88b0-6da8-ee9a-1532e3e2a916" testName="RSql4Net.Tests.Models.Queries.ComparisonCharExpressionTest.ShouldBeIn" computerName="macbook-pro-de-gwendall" duration="00:00:00.0171213" startTime="2023-03-18T17:40:07.7300250+01:00" endTime="2023-03-18T17:40:07.7300270+01:00" testType="13cdc9d9-ddb5-4fa4-a97d-d965ccfc6d4b" outcome="Passed" testListId="8c84fa94-04c1-424b-9868-57a2d4851a1d" relativeResultsDirectory="fb93e617-fa39-49e9-9656-fa3d7bb63cca" />
    <UnitTestResult executionId="25a9a186-7b7b-42e3-a23b-3dc5b56a06c5" testId="4a216f16-6292-7abe-926e-9d0f7cd2078c" testName="RSql4Net.Tests.Models.Queries.ComparisonGuidExpressionTest.ShouldBeNotEquals" computerName="macbook-pro-de-gwendall" duration="00:00:00.0054393" startTime="2023-03-18T17:40:07.7477350+01:00" endTime="2023-03-18T17:40:07.7477350+01:00" testType="13cdc9d9-ddb5-4fa4-a97d-d965ccfc6d4b" outcome="Passed" testListId="8c84fa94-04c1-424b-9868-57a2d4851a1d" relativeResultsDirectory="25a9a186-7b7b-42e3-a23b-3dc5b56a06c5" />
    <UnitTestResult executionId="c5d0a7e9-3369-4f7f-aacd-5821748cc0f6" testId="7361fb7d-ab51-b57e-5760-25803e64be01" testName="RSql4Net.Tests.Models.Queries.ComparisonInt32ExpressionTest.ShouldBeNotInNullable" computerName="macbook-pro-de-gwendall" duration="00:00:00.0039319" startTime="2023-03-18T17:40:07.9464540+01:00" endTime="2023-03-18T17:40:07.9464550+01:00" testType="13cdc9d9-ddb5-4fa4-a97d-d965ccfc6d4b" outcome="Passed" testListId="8c84fa94-04c1-424b-9868-57a2d4851a1d" relativeResultsDirectory="c5d0a7e9-3369-4f7f-aacd-5821748cc0f6" />
    <UnitTestResult executionId="379659d0-c54a-43fb-a0f7-3cdfbb6b8c8f" testId="71db09ac-3965-b85a-a710-cc1ed5dda8db" testName="RSql4Net.Tests.Models.Queries.QueryableExtensionsTests.ShouldBePageWithSortOrderByDescending" computerName="macbook-pro-de-gwendall" duration="00:00:00.0112947" startTime="2023-03-18T17:40:08.1883870+01:00" endTime="2023-03-18T17:40:08.1883870+01:00" testType="13cdc9d9-ddb5-4fa4-a97d-d965ccfc6d4b" outcome="Passed" testListId="8c84fa94-04c1-424b-9868-57a2d4851a1d" relativeResultsDirectory="379659d0-c54a-43fb-a0f7-3cdfbb6b8c8f" />
    <UnitTestResult executionId="641ac1a0-6743-43e0-a70c-9e4358e646f3" testId="043da95c-23e2-148f-543e-616c1f6d4304" testName="RSql4Net.Tests.Models.Queries.QueryModelBinderTest.ShouldBeBindModelAsyncWithCacheTest" computerName="macbook-pro-de-gwendall" duration="00:00:00.3300694" startTime="2023-03-18T17:40:07.4718970+01:00" endTime="2023-03-18T17:40:07.4718970+01:00" testType="13cdc9d9-ddb5-4fa4-a97d-d965ccfc6d4b" outcome="Passed" testListId="8c84fa94-04c1-424b-9868-57a2d4851a1d" relativeResultsDirectory="641ac1a0-6743-43e0-a70c-9e4358e646f3" />
    <UnitTestResult executionId="de037a41-9781-4eff-86e0-8dc47240e1af" testId="4faaad05-fa50-169f-9456-8af436405c28" testName="RSql4Net.Tests.Models.Queries.ComparisonEnumExpressionTest.ShouldBeNotInNullable" computerName="macbook-pro-de-gwendall" duration="00:00:00.0039094" startTime="2023-03-18T17:40:08.3286400+01:00" endTime="2023-03-18T17:40:08.3286400+01:00" testType="13cdc9d9-ddb5-4fa4-a97d-d965ccfc6d4b" outcome="Passed" testListId="8c84fa94-04c1-424b-9868-57a2d4851a1d" relativeResultsDirectory="de037a41-9781-4eff-86e0-8dc47240e1af" />
    <UnitTestResult executionId="fdfea8e3-5313-4abb-bd57-aca5fec01d58" testId="2a24ac53-b3f4-bee2-3417-6bf1441aae89" testName="RSql4Net.Tests.Models.Queries.ComparisonInt16ExpressionTest.ShouldBeLowerThan" computerName="macbook-pro-de-gwendall" duration="00:00:00.0032311" startTime="2023-03-18T17:40:08.1935410+01:00" endTime="2023-03-18T17:40:08.1935410+01:00" testType="13cdc9d9-ddb5-4fa4-a97d-d965ccfc6d4b" outcome="Passed" testListId="8c84fa94-04c1-424b-9868-57a2d4851a1d" relativeResultsDirectory="fdfea8e3-5313-4abb-bd57-aca5fec01d58" />
    <UnitTestResult executionId="72745bf5-1205-47db-9c0b-96b56ce52697" testId="4ddae656-d694-9d4c-413d-c76077fc3e84" testName="RSql4Net.Tests.Models.Queries.ComparisonDecimalExpressionTest.ShouldBeLowerThanOrEqualsWithNullable" computerName="macbook-pro-de-gwendall" duration="00:00:00.0052945" startTime="2023-03-18T17:40:07.6089060+01:00" endTime="2023-03-18T17:40:07.6089060+01:00" testType="13cdc9d9-ddb5-4fa4-a97d-d965ccfc6d4b" outcome="Passed" testListId="8c84fa94-04c1-424b-9868-57a2d4851a1d" relativeResultsDirectory="72745bf5-1205-47db-9c0b-96b56ce52697" />
    <UnitTestResult executionId="30e06ad0-2c7a-412f-a2b0-9e458e252dd8" testId="03e49b07-f185-c2c7-acb9-eb9f55386a08" testName="RSql4Net.Tests.Models.Queries.ComparisonInt64ExpressionTest.ShouldBeNotEqualsWithNullable" computerName="macbook-pro-de-gwendall" duration="00:00:00.0027946" startTime="2023-03-18T17:40:07.6561820+01:00" endTime="2023-03-18T17:40:07.6561820+01:00" testType="13cdc9d9-ddb5-4fa4-a97d-d965ccfc6d4b" outcome="Passed" testListId="8c84fa94-04c1-424b-9868-57a2d4851a1d" relativeResultsDirectory="30e06ad0-2c7a-412f-a2b0-9e458e252dd8" />
    <UnitTestResult executionId="2967adef-a030-4204-9a1a-fae4a725547e" testId="c189e59d-3a87-cd03-1d38-ac442fe81dd4" testName="RSql4Net.Tests.Models.Queries.ComparisonInt64ExpressionTest.ShouldBeEquals" computerName="macbook-pro-de-gwendall" duration="00:00:00.0220400" startTime="2023-03-18T17:40:07.6871300+01:00" endTime="2023-03-18T17:40:07.6871300+01:00" testType="13cdc9d9-ddb5-4fa4-a97d-d965ccfc6d4b" outcome="Passed" testListId="8c84fa94-04c1-424b-9868-57a2d4851a1d" relativeResultsDirectory="2967adef-a030-4204-9a1a-fae4a725547e" />
    <UnitTestResult executionId="4182f53e-1c7c-428d-b7c5-2ae465fb443f" testId="981d7c58-258a-a930-2de2-2d02e195dd3e" testName="RSql4Net.Tests.Models.Queries.ComparisonDoubleExpressionTest.ShouldBeLowerThan" computerName="macbook-pro-de-gwendall" duration="00:00:00.0018645" startTime="2023-03-18T17:40:08.3376010+01:00" endTime="2023-03-18T17:40:08.3376010+01:00" testType="13cdc9d9-ddb5-4fa4-a97d-d965ccfc6d4b" outcome="Passed" testListId="8c84fa94-04c1-424b-9868-57a2d4851a1d" relativeResultsDirectory="4182f53e-1c7c-428d-b7c5-2ae465fb443f" />
    <UnitTestResult executionId="48fc9f8b-b963-4025-9985-d3f943c5a915" testId="92051177-fdbc-8422-e8b5-0bfb6065d089" testName="RSql4Net.Tests.Models.Queries.ComparisonExceptionTest.ShouldThrowQueryComparisonUnknownComparatorException" computerName="macbook-pro-de-gwendall" duration="00:00:00.0009780" startTime="2023-03-18T17:40:07.5581020+01:00" endTime="2023-03-18T17:40:07.5581020+01:00" testType="13cdc9d9-ddb5-4fa4-a97d-d965ccfc6d4b" outcome="Passed" testListId="8c84fa94-04c1-424b-9868-57a2d4851a1d" relativeResultsDirectory="48fc9f8b-b963-4025-9985-d3f943c5a915" />
    <UnitTestResult executionId="d3364238-b4b8-482d-8401-f77135ce0589" testId="9c01007e-f15c-5042-f344-9d61c8fd49b7" testName="RSql4Net.Tests.Models.Queries.ComparisonDateTimeOffsetExpressionTest.ShouldBeLowerThanOrEquals" computerName="macbook-pro-de-gwendall" duration="00:00:00.0585031" startTime="2023-03-18T17:40:07.5856760+01:00" endTime="2023-03-18T17:40:07.5856760+01:00" testType="13cdc9d9-ddb5-4fa4-a97d-d965ccfc6d4b" outcome="Passed" testListId="8c84fa94-04c1-424b-9868-57a2d4851a1d" relativeResultsDirectory="d3364238-b4b8-482d-8401-f77135ce0589" />
    <UnitTestResult executionId="0dcbd2d1-49c8-4f65-a799-110422ddad09" testId="1ec6bda7-9164-577d-9489-e892f81d35ca" testName="RSql4Net.Tests.Models.Queries.QueryModelBinderTest.ShouldBeThrowArgumentNullException" computerName="macbook-pro-de-gwendall" duration="00:00:00.0022677" startTime="2023-03-18T17:40:07.4912670+01:00" endTime="2023-03-18T17:40:07.4912670+01:00" testType="13cdc9d9-ddb5-4fa4-a97d-d965ccfc6d4b" outcome="Passed" testListId="8c84fa94-04c1-424b-9868-57a2d4851a1d" relativeResultsDirectory="0dcbd2d1-49c8-4f65-a799-110422ddad09" />
    <UnitTestResult executionId="b21afadb-d6b6-4584-bc60-2c623695cc74" testId="d9229f49-efca-5fdb-4e7d-9c34b1f1a682" testName="RSql4Net.Tests.Controllers.ControllerBaseExtensionsTest.ShouldBePartialContent" computerName="macbook-pro-de-gwendall" duration="00:00:00.1784472" startTime="2023-03-18T17:40:07.9063170+01:00" endTime="2023-03-18T17:40:07.9063170+01:00" testType="13cdc9d9-ddb5-4fa4-a97d-d965ccfc6d4b" outcome="Passed" testListId="8c84fa94-04c1-424b-9868-57a2d4851a1d" relativeResultsDirectory="b21afadb-d6b6-4584-bc60-2c623695cc74" />
    <UnitTestResult executionId="de0bad4f-8cf7-422f-b47e-54f6e3e40f0b" testId="096f10bc-8b78-d872-74d1-e131206915a6" testName="RSql4Net.Tests.Models.Queries.ComparisonInt16ExpressionTest.ShouldBeNotInNullable" computerName="macbook-pro-de-gwendall" duration="00:00:00.0135799" startTime="2023-03-18T17:40:08.1118410+01:00" endTime="2023-03-18T17:40:08.1118410+01:00" testType="13cdc9d9-ddb5-4fa4-a97d-d965ccfc6d4b" outcome="Passed" testListId="8c84fa94-04c1-424b-9868-57a2d4851a1d" relativeResultsDirectory="de0bad4f-8cf7-422f-b47e-54f6e3e40f0b" />
    <UnitTestResult executionId="0d8e2e81-7ad2-47cd-a8ad-c02cacf3eea0" testId="cbad9f7e-98e9-44a4-3831-461990f1b6a6" testName="RSql4Net.Tests.Models.Paging.Exceptions.InvalidSortDirectionExceptionTest.ShouldBeInvalidSortDirectionException" computerName="macbook-pro-de-gwendall" duration="00:00:00.0042014" startTime="2023-03-18T17:40:07.5578420+01:00" endTime="2023-03-18T17:40:07.5578420+01:00" testType="13cdc9d9-ddb5-4fa4-a97d-d965ccfc6d4b" outcome="Passed" testListId="8c84fa94-04c1-424b-9868-57a2d4851a1d" relativeResultsDirectory="0d8e2e81-7ad2-47cd-a8ad-c02cacf3eea0" />
    <UnitTestResult executionId="5eed43f9-7fe1-4b5c-8a8a-51868bfe3bc2" testId="b4ec47f3-7932-66f0-fbeb-a89a22127715" testName="RSql4Net.Tests.Models.Queries.ComparisonFloatExpressionTest.ShouldBeIn" computerName="macbook-pro-de-gwendall" duration="00:00:00.0020690" startTime="2023-03-18T17:40:08.2969140+01:00" endTime="2023-03-18T17:40:08.2969140+01:00" testType="13cdc9d9-ddb5-4fa4-a97d-d965ccfc6d4b" outcome="Passed" testListId="8c84fa94-04c1-424b-9868-57a2d4851a1d" relativeResultsDirectory="5eed43f9-7fe1-4b5c-8a8a-51868bfe3bc2" />
    <UnitTestResult executionId="8c62798e-5ca1-40e0-9084-6d80a4a485c9" testId="1ac879e9-86e6-128e-2334-d4bc67a12cf5" testName="RSql4Net.Tests.Models.Queries.ComparisonInt64ExpressionTest.ShouldBeGreaterThanWithNullable" computerName="macbook-pro-de-gwendall" duration="00:00:00.4184677" startTime="2023-03-18T17:40:07.5522290+01:00" endTime="2023-03-18T17:40:07.5522290+01:00" testType="13cdc9d9-ddb5-4fa4-a97d-d965ccfc6d4b" outcome="Passed" testListId="8c84fa94-04c1-424b-9868-57a2d4851a1d" relativeResultsDirectory="8c62798e-5ca1-40e0-9084-6d80a4a485c9" />
    <UnitTestResult executionId="6552d84f-fdad-427b-85b1-d6524bcc29e9" testId="25092170-5d64-7b6d-4cf3-6b0ffd4b5dcf" testName="RSql4Net.Tests.Models.Queries.ComparisonDateTimeExpressionTest.ShouldBeNotIn" computerName="macbook-pro-de-gwendall" duration="00:00:00.0036403" startTime="2023-03-18T17:40:07.9639020+01:00" endTime="2023-03-18T17:40:07.9639020+01:00" testType="13cdc9d9-ddb5-4fa4-a97d-d965ccfc6d4b" outcome="Passed" testListId="8c84fa94-04c1-424b-9868-57a2d4851a1d" relativeResultsDirectory="6552d84f-fdad-427b-85b1-d6524bcc29e9" />
    <UnitTestResult executionId="38686ff9-3c15-4a7b-832b-bd0da79c9a1e" testId="affab33f-cfd0-37c9-57a5-5464fa77ccd8" testName="RSql4Net.Tests.Models.Queries.ComparisonByteExpressionTest.ShouldBeGreaterThan" computerName="macbook-pro-de-gwendall" duration="00:00:00.0017353" startTime="2023-03-18T17:40:08.2827060+01:00" endTime="2023-03-18T17:40:08.2827060+01:00" testType="13cdc9d9-ddb5-4fa4-a97d-d965ccfc6d4b" outcome="Passed" testListId="8c84fa94-04c1-424b-9868-57a2d4851a1d" relativeResultsDirectory="38686ff9-3c15-4a7b-832b-bd0da79c9a1e" />
    <UnitTestResult executionId="175ad374-c70e-4233-8204-12f1980b4052" testId="b41fd8f5-c54e-ac57-2097-af0e819454bb" testName="RSql4Net.Tests.Models.Queries.ComparisonFloatExpressionTest.ShouldBeNotIn" computerName="macbook-pro-de-gwendall" duration="00:00:00.0036666" startTime="2023-03-18T17:40:08.2820660+01:00" endTime="2023-03-18T17:40:08.2820660+01:00" testType="13cdc9d9-ddb5-4fa4-a97d-d965ccfc6d4b" outcome="Passed" testListId="8c84fa94-04c1-424b-9868-57a2d4851a1d" relativeResultsDirectory="175ad374-c70e-4233-8204-12f1980b4052" />
    <UnitTestResult executionId="de9b1ee9-4ad6-4a99-bb02-c1426a04c083" testId="434d0a81-4b0e-2d6e-28f2-3eea76b562bf" testName="RSql4Net.Tests.Models.Queries.ComparisonInt16ExpressionTest.ShouldBeGreaterThanOrEqualsWithNullable" computerName="macbook-pro-de-gwendall" duration="00:00:00.0166002" startTime="2023-03-18T17:40:08.2234300+01:00" endTime="2023-03-18T17:40:08.2234300+01:00" testType="13cdc9d9-ddb5-4fa4-a97d-d965ccfc6d4b" outcome="Passed" testListId="8c84fa94-04c1-424b-9868-57a2d4851a1d" relativeResultsDirectory="de9b1ee9-4ad6-4a99-bb02-c1426a04c083" />
    <UnitTestResult executionId="736bf329-3805-42d2-a8c0-52e5201ca609" testId="40c02586-1a04-34b7-cd46-fa5958d3659e" testName="RSql4Net.Tests.Models.Queries.ComparisonFloatExpressionTest.ShouldBeNotEquals" computerName="macbook-pro-de-gwendall" duration="00:00:00.0015210" startTime="2023-03-18T17:40:08.3021790+01:00" endTime="2023-03-18T17:40:08.3021790+01:00" testType="13cdc9d9-ddb5-4fa4-a97d-d965ccfc6d4b" outcome="Passed" testListId="8c84fa94-04c1-424b-9868-57a2d4851a1d" relativeResultsDirectory="736bf329-3805-42d2-a8c0-52e5201ca609" />
    <UnitTestResult executionId="27365a24-dc83-4d45-9dfc-3e48610065d4" testId="d8525535-a683-4f6e-df25-e3f681adf935" testName="RSql4Net.Tests.Models.Queries.ComparisonInt16ExpressionTest.ShouldBeLowerThanOrEquals" computerName="macbook-pro-de-gwendall" duration="00:00:00.0028033" startTime="2023-03-18T17:40:08.1124840+01:00" endTime="2023-03-18T17:40:08.1124840+01:00" testType="13cdc9d9-ddb5-4fa4-a97d-d965ccfc6d4b" outcome="Passed" testListId="8c84fa94-04c1-424b-9868-57a2d4851a1d" relativeResultsDirectory="27365a24-dc83-4d45-9dfc-3e48610065d4" />
    <UnitTestResult executionId="d305d11f-5791-464b-a766-7dba00b560a2" testId="7e59ac07-b19c-f6fb-c581-983100f315b6" testName="RSql4Net.Tests.Models.Queries.QueryModelBinderProviderTest.ShouldBeQueryModelBinder" computerName="macbook-pro-de-gwendall" duration="00:00:00.0009519" startTime="2023-03-18T17:40:08.0907540+01:00" endTime="2023-03-18T17:40:08.0907540+01:00" testType="13cdc9d9-ddb5-4fa4-a97d-d965ccfc6d4b" outcome="Passed" testListId="8c84fa94-04c1-424b-9868-57a2d4851a1d" relativeResultsDirectory="d305d11f-5791-464b-a766-7dba00b560a2" />
    <UnitTestResult executionId="bc7f0d68-2ed3-44d4-bf80-378f5deb20f7" testId="830a02d3-97a5-6ffe-c807-bbb830d67736" testName="RSql4Net.Tests.Models.Paging.PageTest.ShouldBeWithHasContentAndIsLastPage" computerName="macbook-pro-de-gwendall" duration="00:00:00.0007561" startTime="2023-03-18T17:40:07.8661400+01:00" endTime="2023-03-18T17:40:07.8661400+01:00" testType="13cdc9d9-ddb5-4fa4-a97d-d965ccfc6d4b" outcome="Passed" testListId="8c84fa94-04c1-424b-9868-57a2d4851a1d" relativeResultsDirectory="bc7f0d68-2ed3-44d4-bf80-378f5deb20f7" />
    <UnitTestResult executionId="6467ed38-bcab-4c18-8289-4eaf53262686" testId="b54deaba-ab34-1ece-76eb-ba24347a78c0" testName="RSql4Net.Tests.Models.Queries.Exceptions.ComparisonUnknownComparatorExceptionTest.ShouldBeSerializable" computerName="macbook-pro-de-gwendall" duration="00:00:00.0036497" startTime="2023-03-18T17:40:07.5467750+01:00" endTime="2023-03-18T17:40:07.5467750+01:00" testType="13cdc9d9-ddb5-4fa4-a97d-d965ccfc6d4b" outcome="Passed" testListId="8c84fa94-04c1-424b-9868-57a2d4851a1d" relativeResultsDirectory="6467ed38-bcab-4c18-8289-4eaf53262686" />
    <UnitTestResult executionId="fb2bb62d-0f05-4326-9749-c670e23bde93" testId="4c7ce7e4-c6be-26f0-1ef7-14ba09da5b5e" testName="RSql4Net.Tests.Models.Queries.ComparisonInt16ExpressionTest.ShouldBeGreaterThanOrEquals" computerName="macbook-pro-de-gwendall" duration="00:00:00.0019986" startTime="2023-03-18T17:40:08.2237550+01:00" endTime="2023-03-18T17:40:08.2237550+01:00" testType="13cdc9d9-ddb5-4fa4-a97d-d965ccfc6d4b" outcome="Passed" testListId="8c84fa94-04c1-424b-9868-57a2d4851a1d" relativeResultsDirectory="fb2bb62d-0f05-4326-9749-c670e23bde93" />
    <UnitTestResult executionId="61ca0fc5-7316-432f-821f-7e4c16b65fcf" testId="bbc673bb-67c2-10e5-4a05-36754f239e52" testName="RSql4Net.Tests.Models.Queries.ComparisonDoubleExpressionTest.ShouldBeNotIn" computerName="macbook-pro-de-gwendall" duration="00:00:00.0577262" startTime="2023-03-18T17:40:08.2890190+01:00" endTime="2023-03-18T17:40:08.2890190+01:00" testType="13cdc9d9-ddb5-4fa4-a97d-d965ccfc6d4b" outcome="Passed" testListId="8c84fa94-04c1-424b-9868-57a2d4851a1d" relativeResultsDirectory="61ca0fc5-7316-432f-821f-7e4c16b65fcf" />
    <UnitTestResult executionId="224394ff-6738-4890-963c-5e831df6886f" testId="3cc44839-1710-a7ab-cbfb-2f5c3c241eb7" testName="RSql4Net.Tests.Models.Queries.ComparisonStringExpressionTest.ShouldBeEqualsEmptyDoubleQuote" computerName="macbook-pro-de-gwendall" duration="00:00:00.0007494" startTime="2023-03-18T17:40:08.1383740+01:00" endTime="2023-03-18T17:40:08.1383740+01:00" testType="13cdc9d9-ddb5-4fa4-a97d-d965ccfc6d4b" outcome="Passed" testListId="8c84fa94-04c1-424b-9868-57a2d4851a1d" relativeResultsDirectory="224394ff-6738-4890-963c-5e831df6886f" />
    <UnitTestResult executionId="8ffea3f1-72ad-4881-afd9-3f4b3b6cf0ec" testId="404db39a-8149-5ab7-a9b5-80415afc33fc" testName="RSql4Net.Tests.Models.Queries.ComparisonBooleanExpressionTest.ShouldBeEquals" computerName="macbook-pro-de-gwendall" duration="00:00:00.0177499" startTime="2023-03-18T17:40:08.3283200+01:00" endTime="2023-03-18T17:40:08.3283200+01:00" testType="13cdc9d9-ddb5-4fa4-a97d-d965ccfc6d4b" outcome="Passed" testListId="8c84fa94-04c1-424b-9868-57a2d4851a1d" relativeResultsDirectory="8ffea3f1-72ad-4881-afd9-3f4b3b6cf0ec" />
    <UnitTestResult executionId="08e2f640-d8bf-489f-907f-b41045f22aa5" testId="9652633e-5eab-46b8-287b-01302aaba5ff" testName="RSql4Net.Tests.Models.Queries.ComparisonDateTimeExpressionTest.ShouldBeGreaterThanWithNullable" computerName="macbook-pro-de-gwendall" duration="00:00:00.0044596" startTime="2023-03-18T17:40:07.8804130+01:00" endTime="2023-03-18T17:40:07.8804130+01:00" testType="13cdc9d9-ddb5-4fa4-a97d-d965ccfc6d4b" outcome="Passed" testListId="8c84fa94-04c1-424b-9868-57a2d4851a1d" relativeResultsDirectory="08e2f640-d8bf-489f-907f-b41045f22aa5" />
    <UnitTestResult executionId="121e0544-9373-4b72-8092-5a15d8e9245d" testId="76cfdc7e-4c5f-6807-36b6-0039956306fd" testName="RSql4Net.Tests.Models.Queries.ComparisonCharExpressionTest.ShouldBeLowerThan" computerName="macbook-pro-de-gwendall" duration="00:00:00.0018897" startTime="2023-03-18T17:40:07.7493490+01:00" endTime="2023-03-18T17:40:07.7493490+01:00" testType="13cdc9d9-ddb5-4fa4-a97d-d965ccfc6d4b" outcome="Passed" testListId="8c84fa94-04c1-424b-9868-57a2d4851a1d" relativeResultsDirectory="121e0544-9373-4b72-8092-5a15d8e9245d" />
    <UnitTestResult executionId="53657d20-ef5b-4676-a428-10b9e702ae68" testId="54557abe-1a4e-501e-12d2-93d978283cf0" testName="RSql4Net.Tests.Models.Paging.PageTest.ShouldBeWithHasContentAndHasPreviousAndHasNext" computerName="macbook-pro-de-gwendall" duration="00:00:00.0074152" startTime="2023-03-18T17:40:07.8628520+01:00" endTime="2023-03-18T17:40:07.8628520+01:00" testType="13cdc9d9-ddb5-4fa4-a97d-d965ccfc6d4b" outcome="Passed" testListId="8c84fa94-04c1-424b-9868-57a2d4851a1d" relativeResultsDirectory="53657d20-ef5b-4676-a428-10b9e702ae68" />
    <UnitTestResult executionId="fbf6df3a-d723-41cd-893b-9c08ad9bcfc1" testId="f17fe23d-fc7f-7f58-c378-28426a6c7617" testName="RSql4Net.Tests.Models.Queries.ComparisonDateTimeOffsetExpressionTest.ShouldBeNotInNullable" computerName="macbook-pro-de-gwendall" duration="00:00:00.0168712" startTime="2023-03-18T17:40:07.6827830+01:00" endTime="2023-03-18T17:40:07.6827830+01:00" testType="13cdc9d9-ddb5-4fa4-a97d-d965ccfc6d4b" outcome="Passed" testListId="8c84fa94-04c1-424b-9868-57a2d4851a1d" relativeResultsDirectory="fbf6df3a-d723-41cd-893b-9c08ad9bcfc1" />
    <UnitTestResult executionId="ae2373ee-93c1-46fb-ad20-8dcf89de32fb" testId="830d0d13-c9b7-8311-2a0e-2baa92eda423" testName="RSql4Net.Tests.Configuration.SettingsBuilderTest.ShouldBeAlreadyFieldNameUsedException" computerName="macbook-pro-de-gwendall" duration="00:00:00.0004650" startTime="2023-03-18T17:40:08.0905100+01:00" endTime="2023-03-18T17:40:08.0905100+01:00" testType="13cdc9d9-ddb5-4fa4-a97d-d965ccfc6d4b" outcome="Passed" testListId="8c84fa94-04c1-424b-9868-57a2d4851a1d" relativeResultsDirectory="ae2373ee-93c1-46fb-ad20-8dcf89de32fb" />
    <UnitTestResult executionId="6cbf1a79-2cb5-467a-a824-19320801e62c" testId="29db48f3-fca6-dd26-7b29-d4433b784581" testName="RSql4Net.Tests.Models.Queries.ComparisonDateTimeExpressionTest.ShouldBeLowerThan" computerName="macbook-pro-de-gwendall" duration="00:00:00.0189161" startTime="2023-03-18T17:40:07.9552880+01:00" endTime="2023-03-18T17:40:07.9552880+01:00" testType="13cdc9d9-ddb5-4fa4-a97d-d965ccfc6d4b" outcome="Passed" testListId="8c84fa94-04c1-424b-9868-57a2d4851a1d" relativeResultsDirectory="6cbf1a79-2cb5-467a-a824-19320801e62c" />
    <UnitTestResult executionId="0719c810-4baa-4ac0-825a-b975764fa677" testId="84adaaa2-be7e-1dab-171d-cd4de1f4b36a" testName="RSql4Net.Tests.Configuration.SettingsBuilderTest.ShouldBeDefaultValidBuilder" computerName="macbook-pro-de-gwendall" duration="00:00:00.0003144" startTime="2023-03-18T17:40:08.0851470+01:00" endTime="2023-03-18T17:40:08.0851470+01:00" testType="13cdc9d9-ddb5-4fa4-a97d-d965ccfc6d4b" outcome="Passed" testListId="8c84fa94-04c1-424b-9868-57a2d4851a1d" relativeResultsDirectory="0719c810-4baa-4ac0-825a-b975764fa677" />
    <UnitTestResult executionId="d702c369-57a8-40aa-a054-162ed0ccf20e" testId="7c2bfdfd-4cd3-0a7e-46c0-ff338713ec8c" testName="RSql4Net.Tests.Models.Queries.Exceptions.ComparisonInvalidMatchTypeExceptionTest.ShouldBeSerializable" computerName="macbook-pro-de-gwendall" duration="00:00:00.0015847" startTime="2023-03-18T17:40:07.8549670+01:00" endTime="2023-03-18T17:40:07.8549670+01:00" testType="13cdc9d9-ddb5-4fa4-a97d-d965ccfc6d4b" outcome="Passed" testListId="8c84fa94-04c1-424b-9868-57a2d4851a1d" relativeResultsDirectory="d702c369-57a8-40aa-a054-162ed0ccf20e" />
    <UnitTestResult executionId="7b499ae0-18ce-4e98-987a-864a16c533a1" testId="94248a5f-9feb-9e70-b9ef-fe601bf33e51" testName="RSql4Net.Tests.Models.Queries.ComparisonStringExpressionTest.ShouldBeIn" computerName="macbook-pro-de-gwendall" duration="00:00:00.0042150" startTime="2023-03-18T17:40:08.1110520+01:00" endTime="2023-03-18T17:40:08.1110520+01:00" testType="13cdc9d9-ddb5-4fa4-a97d-d965ccfc6d4b" outcome="Passed" testListId="8c84fa94-04c1-424b-9868-57a2d4851a1d" relativeResultsDirectory="7b499ae0-18ce-4e98-987a-864a16c533a1" />
    <UnitTestResult executionId="b9d4cc95-e931-4cb7-a490-0957e6f48adf" testId="fcb0b9c4-adb9-b431-1d00-425c0da94fa6" testName="RSql4Net.Tests.Models.Queries.ComparisonDateTimeExpressionTest.ShouldBeLowerThanWithNullable" computerName="macbook-pro-de-gwendall" duration="00:00:00.0032685" startTime="2023-03-18T17:40:08.0554640+01:00" endTime="2023-03-18T17:40:08.0554640+01:00" testType="13cdc9d9-ddb5-4fa4-a97d-d965ccfc6d4b" outcome="Passed" testListId="8c84fa94-04c1-424b-9868-57a2d4851a1d" relativeResultsDirectory="b9d4cc95-e931-4cb7-a490-0957e6f48adf" />
    <UnitTestResult executionId="d8d46ad9-34d5-4cf8-b07b-4804fbb6d1eb" testId="83d89063-6f6a-9539-bdd5-66ff5ebb05bd" testName="RSql4Net.Tests.Models.Queries.RSqlQueryExpressionHelperTest.ShouldBeGetIsNullExpressionThrowComparisonInvalidComparatorSelectionExceptionTest" computerName="macbook-pro-de-gwendall" duration="00:00:00.0018394" startTime="2023-03-18T17:40:07.4628250+01:00" endTime="2023-03-18T17:40:07.4628250+01:00" testType="13cdc9d9-ddb5-4fa4-a97d-d965ccfc6d4b" outcome="Passed" testListId="8c84fa94-04c1-424b-9868-57a2d4851a1d" relativeResultsDirectory="d8d46ad9-34d5-4cf8-b07b-4804fbb6d1eb" />
    <UnitTestResult executionId="81feb12c-a9a3-49d3-b9d5-d2fe87dd8513" testId="cf15a4ee-2361-2e9b-a229-2d38c92f0f3d" testName="RSql4Net.Tests.Models.Queries.ComparisonInt64ExpressionTest.ShouldBeNotIn" computerName="macbook-pro-de-gwendall" duration="00:00:00.0100317" startTime="2023-03-18T17:40:07.5831560+01:00" endTime="2023-03-18T17:40:07.5831560+01:00" testType="13cdc9d9-ddb5-4fa4-a97d-d965ccfc6d4b" outcome="Passed" testListId="8c84fa94-04c1-424b-9868-57a2d4851a1d" relativeResultsDirectory="81feb12c-a9a3-49d3-b9d5-d2fe87dd8513" />
    <UnitTestResult executionId="250a6aab-6c60-48a7-b6d9-e39f85ca33d5" testId="a5bc4f80-1210-2039-c3af-ec2f78272e15" testName="RSql4Net.Tests.Models.Queries.ComparisonFloatExpressionTest.ShouldBeInNullable" computerName="macbook-pro-de-gwendall" duration="00:00:00.0056738" startTime="2023-03-18T17:40:08.2520250+01:00" endTime="2023-03-18T17:40:08.2520250+01:00" testType="13cdc9d9-ddb5-4fa4-a97d-d965ccfc6d4b" outcome="Passed" testListId="8c84fa94-04c1-424b-9868-57a2d4851a1d" relativeResultsDirectory="250a6aab-6c60-48a7-b6d9-e39f85ca33d5" />
    <UnitTestResult executionId="2ba70858-c030-4c1c-bd40-67d9e0da3094" testId="55243e6d-ef3c-b2e6-4c3c-737d2480ccb0" testName="RSql4Net.Tests.Models.Queries.ComparisonDoubleExpressionTest.ShouldBeNotInNullable" computerName="macbook-pro-de-gwendall" duration="00:00:00.0048561" startTime="2023-03-18T17:40:08.1927020+01:00" endTime="2023-03-18T17:40:08.1927020+01:00" testType="13cdc9d9-ddb5-4fa4-a97d-d965ccfc6d4b" outcome="Passed" testListId="8c84fa94-04c1-424b-9868-57a2d4851a1d" relativeResultsDirectory="2ba70858-c030-4c1c-bd40-67d9e0da3094" />
    <UnitTestResult executionId="bf0604c1-7c93-494d-bac7-73dcd8b5fff1" testId="38d4fabd-f706-209d-fbb5-34fd04031025" testName="RSql4Net.Tests.Models.Queries.ComparisonDateTimeExpressionTest.ShouldBeGreaterThanOrEquals" computerName="macbook-pro-de-gwendall" duration="00:00:00.0025628" startTime="2023-03-18T17:40:08.1152190+01:00" endTime="2023-03-18T17:40:08.1152190+01:00" testType="13cdc9d9-ddb5-4fa4-a97d-d965ccfc6d4b" outcome="Passed" testListId="8c84fa94-04c1-424b-9868-57a2d4851a1d" relativeResultsDirectory="bf0604c1-7c93-494d-bac7-73dcd8b5fff1" />
    <UnitTestResult executionId="5989c1b0-e458-4fb0-ad2f-908f5aef27ca" testId="8c3042de-1640-61df-21c7-c2ba47238ff7" testName="RSql4Net.Tests.Models.Queries.ComparisonDecimalExpressionTest.ShouldBeNotEqualsWithNullable" computerName="macbook-pro-de-gwendall" duration="00:00:00.0463701" startTime="2023-03-18T17:40:07.6553210+01:00" endTime="2023-03-18T17:40:07.6553210+01:00" testType="13cdc9d9-ddb5-4fa4-a97d-d965ccfc6d4b" outcome="Passed" testListId="8c84fa94-04c1-424b-9868-57a2d4851a1d" relativeResultsDirectory="5989c1b0-e458-4fb0-ad2f-908f5aef27ca" />
    <UnitTestResult executionId="1cdbaf6e-ec52-4f6f-a9bc-d0c9e8d895a2" testId="8b9796b7-ac1a-5608-8d60-0ce2c21258fc" testName="RSql4Net.Tests.Models.Queries.ComparisonStringExpressionTest.ShouldBeContains" computerName="macbook-pro-de-gwendall" duration="00:00:00.0007850" startTime="2023-03-18T17:40:08.1113220+01:00" endTime="2023-03-18T17:40:08.1113220+01:00" testType="13cdc9d9-ddb5-4fa4-a97d-d965ccfc6d4b" outcome="Passed" testListId="8c84fa94-04c1-424b-9868-57a2d4851a1d" relativeResultsDirectory="1cdbaf6e-ec52-4f6f-a9bc-d0c9e8d895a2" />
    <UnitTestResult executionId="4bafa86e-1bf5-4ba9-a48d-e40356b10ab7" testId="563da2ee-9349-8d1b-8c50-cc17383a29fe" testName="RSql4Net.Tests.Models.Queries.ComparisonCharExpressionTest.ShouldBeLowerThanOrEquals" computerName="macbook-pro-de-gwendall" duration="00:00:00.0208470" startTime="2023-03-18T17:40:07.6984110+01:00" endTime="2023-03-18T17:40:07.6984110+01:00" testType="13cdc9d9-ddb5-4fa4-a97d-d965ccfc6d4b" outcome="Passed" testListId="8c84fa94-04c1-424b-9868-57a2d4851a1d" relativeResultsDirectory="4bafa86e-1bf5-4ba9-a48d-e40356b10ab7" />
    <UnitTestResult executionId="e6ce105b-6137-4fb5-8973-dc68718fe4a0" testId="0b166708-09d0-d987-080e-376f3f05a1ac" testName="RSql4Net.Tests.Models.Queries.ComparisonDateTimeOffsetExpressionTest.ShouldBeLowerThanWithNullable" computerName="macbook-pro-de-gwendall" duration="00:00:00.0219191" startTime="2023-03-18T17:40:07.6662140+01:00" endTime="2023-03-18T17:40:07.6662140+01:00" testType="13cdc9d9-ddb5-4fa4-a97d-d965ccfc6d4b" outcome="Passed" testListId="8c84fa94-04c1-424b-9868-57a2d4851a1d" relativeResultsDirectory="e6ce105b-6137-4fb5-8973-dc68718fe4a0" />
    <UnitTestResult executionId="35a5b062-b77f-4881-9b33-4c00c7649b48" testId="3d4fa89b-233a-28bb-85b6-98fa7094df98" testName="RSql4Net.Tests.Models.Paging.PageableModelBinderProviderTest.ShouldBetNotPageableModelBinder" computerName="macbook-pro-de-gwendall" duration="00:00:00.0008841" startTime="2023-03-18T17:40:07.4286120+01:00" endTime="2023-03-18T17:40:07.4286120+01:00" testType="13cdc9d9-ddb5-4fa4-a97d-d965ccfc6d4b" outcome="Passed" testListId="8c84fa94-04c1-424b-9868-57a2d4851a1d" relativeResultsDirectory="35a5b062-b77f-4881-9b33-4c00c7649b48" />
    <UnitTestResult executionId="284da841-9e13-4ead-8891-88011c18007b" testId="66b3316c-0b66-702e-c771-c23b512678ae" testName="RSql4Net.Tests.Models.Queries.ComparisonInt64ExpressionTest.ShouldBeInNullable" computerName="macbook-pro-de-gwendall" duration="00:00:00.0052280" startTime="2023-03-18T17:40:07.5899270+01:00" endTime="2023-03-18T17:40:07.5899270+01:00" testType="13cdc9d9-ddb5-4fa4-a97d-d965ccfc6d4b" outcome="Passed" testListId="8c84fa94-04c1-424b-9868-57a2d4851a1d" relativeResultsDirectory="284da841-9e13-4ead-8891-88011c18007b" />
    <UnitTestResult executionId="1e719b90-92e5-4cc8-9fec-3be14091cd96" testId="420abb37-9168-bed0-3c02-f8ca29a3eb20" testName="RSql4Net.Tests.Models.Queries.ComparisonDateTimeOffsetExpressionTest.ShouldBeNotEqualsWithNullable" computerName="macbook-pro-de-gwendall" duration="00:00:00.0037237" startTime="2023-03-18T17:40:07.6382310+01:00" endTime="2023-03-18T17:40:07.6382310+01:00" testType="13cdc9d9-ddb5-4fa4-a97d-d965ccfc6d4b" outcome="Passed" testListId="8c84fa94-04c1-424b-9868-57a2d4851a1d" relativeResultsDirectory="1e719b90-92e5-4cc8-9fec-3be14091cd96" />
    <UnitTestResult executionId="656ad9ac-65ad-4961-abc4-f08f771e4f11" testId="56177b1b-9eb0-03f2-8f43-fac9706095ba" testName="RSql4Net.Tests.Models.Queries.ComparisonGuidExpressionTest.ShouldBeNotEqualsWithNullable" computerName="macbook-pro-de-gwendall" duration="00:00:00.0049118" startTime="2023-03-18T17:40:07.7579870+01:00" endTime="2023-03-18T17:40:07.7579870+01:00" testType="13cdc9d9-ddb5-4fa4-a97d-d965ccfc6d4b" outcome="Passed" testListId="8c84fa94-04c1-424b-9868-57a2d4851a1d" relativeResultsDirectory="656ad9ac-65ad-4961-abc4-f08f771e4f11" />
    <UnitTestResult executionId="99770120-5c53-46f9-8253-07ea31931edc" testId="678b9c94-9549-543e-a450-92ac90deaa00" testName="RSql4Net.Tests.Models.Queries.ComparisonEnumExpressionTest.ShouldBeInNullable" computerName="macbook-pro-de-gwendall" duration="00:00:00.0022499" startTime="2023-03-18T17:40:08.3306140+01:00" endTime="2023-03-18T17:40:08.3306140+01:00" testType="13cdc9d9-ddb5-4fa4-a97d-d965ccfc6d4b" outcome="Passed" testListId="8c84fa94-04c1-424b-9868-57a2d4851a1d" relativeResultsDirectory="99770120-5c53-46f9-8253-07ea31931edc" />
    <UnitTestResult executionId="0a4dec37-2f7e-4fda-a084-b35f867fd0f1" testId="f96e18f0-2e54-c873-19d3-b95208f43201" testName="RSql4Net.Tests.Models.Queries.ComparisonDecimalExpressionTest.ShouldBeInNullable" computerName="macbook-pro-de-gwendall" duration="00:00:00.0015430" startTime="2023-03-18T17:40:07.6094590+01:00" endTime="2023-03-18T17:40:07.6094590+01:00" testType="13cdc9d9-ddb5-4fa4-a97d-d965ccfc6d4b" outcome="Passed" testListId="8c84fa94-04c1-424b-9868-57a2d4851a1d" relativeResultsDirectory="0a4dec37-2f7e-4fda-a084-b35f867fd0f1" />
    <UnitTestResult executionId="fd19298c-9613-4b21-a3fe-67b967d7a014" testId="5e23a397-e5de-eca3-cc84-a20158a63a4d" testName="RSql4Net.Tests.Models.Queries.ComparisonEnumExpressionTest.ShouldBeNotEqualsWithNullable" computerName="macbook-pro-de-gwendall" duration="00:00:00.0064844" startTime="2023-03-18T17:40:08.3053530+01:00" endTime="2023-03-18T17:40:08.3053530+01:00" testType="13cdc9d9-ddb5-4fa4-a97d-d965ccfc6d4b" outcome="Passed" testListId="8c84fa94-04c1-424b-9868-57a2d4851a1d" relativeResultsDirectory="fd19298c-9613-4b21-a3fe-67b967d7a014" />
    <UnitTestResult executionId="c6f3b14c-7d07-46eb-ab19-40b4d279ee96" testId="2d7ece3b-5227-38fa-a455-72a867e2aa52" testName="RSql4Net.Tests.Models.Queries.ComparisonDateTimeExpressionTest.ShouldBeIn" computerName="macbook-pro-de-gwendall" duration="00:00:00.0023425" startTime="2023-03-18T17:40:08.0577290+01:00" endTime="2023-03-18T17:40:08.0577290+01:00" testType="13cdc9d9-ddb5-4fa4-a97d-d965ccfc6d4b" outcome="Passed" testListId="8c84fa94-04c1-424b-9868-57a2d4851a1d" relativeResultsDirectory="c6f3b14c-7d07-46eb-ab19-40b4d279ee96" />
    <UnitTestResult executionId="7f9ef933-20b9-4022-aa07-59eae5ae3f08" testId="991e2057-fc0d-6e6c-6e4a-f1ff1941da8c" testName="RSql4Net.Tests.Models.Queries.ComparisonStringExpressionTest.ShouldBeEqualsSingleQuote" computerName="macbook-pro-de-gwendall" duration="00:00:00.0512441" startTime="2023-03-18T17:40:08.0914800+01:00" endTime="2023-03-18T17:40:08.0914810+01:00" testType="13cdc9d9-ddb5-4fa4-a97d-d965ccfc6d4b" outcome="Passed" testListId="8c84fa94-04c1-424b-9868-57a2d4851a1d" relativeResultsDirectory="7f9ef933-20b9-4022-aa07-59eae5ae3f08" />
    <UnitTestResult executionId="29356974-a4dd-46f6-8811-b36cb479e8c3" testId="04508444-bca0-8b56-c3e5-cc05f4d4b581" testName="RSql4Net.Tests.Models.Queries.ComparisonStringExpressionTest.ShouldBeThrowComparisonInvalidComparatorSelectionExceptionTest" computerName="macbook-pro-de-gwendall" duration="00:00:00.0042468" startTime="2023-03-18T17:40:08.1493450+01:00" endTime="2023-03-18T17:40:08.1493450+01:00" testType="13cdc9d9-ddb5-4fa4-a97d-d965ccfc6d4b" outcome="Passed" testListId="8c84fa94-04c1-424b-9868-57a2d4851a1d" relativeResultsDirectory="29356974-a4dd-46f6-8811-b36cb479e8c3" />
    <UnitTestResult executionId="abdeece1-2a5c-4834-9284-987cfb84f94e" testId="050aef7b-1151-869d-ea30-b9f815e3a4ec" testName="RSql4Net.Tests.Models.Queries.ComparisonDecimalExpressionTest.ShouldBeNotInNullable" computerName="macbook-pro-de-gwendall" duration="00:00:00.0117164" startTime="2023-03-18T17:40:07.5747770+01:00" endTime="2023-03-18T17:40:07.5747770+01:00" testType="13cdc9d9-ddb5-4fa4-a97d-d965ccfc6d4b" outcome="Passed" testListId="8c84fa94-04c1-424b-9868-57a2d4851a1d" relativeResultsDirectory="abdeece1-2a5c-4834-9284-987cfb84f94e" />
    <UnitTestResult executionId="443fc326-6ae4-4f9e-80c4-16af6a3a2276" testId="de47982b-31e1-ef11-a5d8-54f7620bd206" testName="RSql4Net.Tests.Models.Queries.ComparisonDateTimeOffsetExpressionTest.ShouldBeGreaterThanWithNullable" computerName="macbook-pro-de-gwendall" duration="00:00:00.0043125" startTime="2023-03-18T17:40:07.5904780+01:00" endTime="2023-03-18T17:40:07.5904790+01:00" testType="13cdc9d9-ddb5-4fa4-a97d-d965ccfc6d4b" outcome="Passed" testListId="8c84fa94-04c1-424b-9868-57a2d4851a1d" relativeResultsDirectory="443fc326-6ae4-4f9e-80c4-16af6a3a2276" />
    <UnitTestResult executionId="e70ddfed-542c-42b8-9d38-ed5014f07b90" testId="12214fad-2044-c470-5e5d-8a5b1a7b7b68" testName="RSql4Net.Tests.Models.Queries.ComparisonGuidExpressionTest.ShouldThrowInvalidConversionException" computerName="macbook-pro-de-gwendall" duration="00:00:00.0150531" startTime="2023-03-18T17:40:07.8300340+01:00" endTime="2023-03-18T17:40:07.8300340+01:00" testType="13cdc9d9-ddb5-4fa4-a97d-d965ccfc6d4b" outcome="Passed" testListId="8c84fa94-04c1-424b-9868-57a2d4851a1d" relativeResultsDirectory="e70ddfed-542c-42b8-9d38-ed5014f07b90" />
    <UnitTestResult executionId="2d115b5e-2aee-4a95-932a-4d7702c313e8" testId="f2b4e622-5685-5ab3-dd40-9460cbad0e46" testName="RSql4Net.Tests.Models.Queries.ComparisonDateTimeExpressionTest.ShouldBeLowerThanOrEqualsWithNullable" computerName="macbook-pro-de-gwendall" duration="00:00:00.0071628" startTime="2023-03-18T17:40:08.0819770+01:00" endTime="2023-03-18T17:40:08.0819770+01:00" testType="13cdc9d9-ddb5-4fa4-a97d-d965ccfc6d4b" outcome="Passed" testListId="8c84fa94-04c1-424b-9868-57a2d4851a1d" relativeResultsDirectory="2d115b5e-2aee-4a95-932a-4d7702c313e8" />
    <UnitTestResult executionId="8c36108d-1e96-4e0e-88ea-ad73dcf79d4c" testId="97e36052-54ed-6133-dca8-6955d99fb298" testName="RSql4Net.Tests.Models.Queries.ComparisonInt32ExpressionTest.ShouldBeGreaterThan" computerName="macbook-pro-de-gwendall" duration="00:00:00.0691010" startTime="2023-03-18T17:40:07.8950290+01:00" endTime="2023-03-18T17:40:07.8950290+01:00" testType="13cdc9d9-ddb5-4fa4-a97d-d965ccfc6d4b" outcome="Passed" testListId="8c84fa94-04c1-424b-9868-57a2d4851a1d" relativeResultsDirectory="8c36108d-1e96-4e0e-88ea-ad73dcf79d4c" />
    <UnitTestResult executionId="0105621f-bcc7-44e0-be0d-e210c08213de" testId="33f7ccc3-a575-cea0-a820-f26434b88628" testName="RSql4Net.Tests.Models.Queries.QueryReflectionHelperTest.ShouldBeOverrideProperty(name: &quot;Test&quot;)" computerName="macbook-pro-de-gwendall" duration="00:00:00.0000079" startTime="2023-03-18T17:40:08.1169360+01:00" endTime="2023-03-18T17:40:08.1169360+01:00" testType="13cdc9d9-ddb5-4fa4-a97d-d965ccfc6d4b" outcome="Passed" testListId="8c84fa94-04c1-424b-9868-57a2d4851a1d" relativeResultsDirectory="0105621f-bcc7-44e0-be0d-e210c08213de" />
    <UnitTestResult executionId="b410c7d4-2d46-4432-a535-b1919c3a651e" testId="44506114-32e6-e37d-5479-6abb7be7f203" testName="RSql4Net.Tests.Models.QueryableExtensionsTest.ShouldBePageWithMultiSort" computerName="macbook-pro-de-gwendall" duration="00:00:00.0812724" startTime="2023-03-18T17:40:08.3101500+01:00" endTime="2023-03-18T17:40:08.3101500+01:00" testType="13cdc9d9-ddb5-4fa4-a97d-d965ccfc6d4b" outcome="Passed" testListId="8c84fa94-04c1-424b-9868-57a2d4851a1d" relativeResultsDirectory="b410c7d4-2d46-4432-a535-b1919c3a651e" />
    <UnitTestResult executionId="5aa3e490-5beb-45a8-a7e0-14244d1da6ff" testId="c0771813-75e1-12d0-3ddc-027130ef723b" testName="RSql4Net.Tests.Models.Queries.ComparisonInt32ExpressionTest.ShouldBeIn" computerName="macbook-pro-de-gwendall" duration="00:00:00.0016167" startTime="2023-03-18T17:40:07.9468240+01:00" endTime="2023-03-18T17:40:07.9468240+01:00" testType="13cdc9d9-ddb5-4fa4-a97d-d965ccfc6d4b" outcome="Passed" testListId="8c84fa94-04c1-424b-9868-57a2d4851a1d" relativeResultsDirectory="5aa3e490-5beb-45a8-a7e0-14244d1da6ff" />
    <UnitTestResult executionId="39924b15-45a8-498f-9bfa-dc8a6faaae0d" testId="6c300d8b-6f97-3167-5505-d46121639bc0" testName="RSql4Net.Tests.Models.Queries.RSqlQueryExpressionHelperTest.ShouldBeGetAndExpressionThrowArgumentNullExceptionTest" computerName="macbook-pro-de-gwendall" duration="00:00:00.0008527" startTime="2023-03-18T17:40:07.4630910+01:00" endTime="2023-03-18T17:40:07.4630910+01:00" testType="13cdc9d9-ddb5-4fa4-a97d-d965ccfc6d4b" outcome="Passed" testListId="8c84fa94-04c1-424b-9868-57a2d4851a1d" relativeResultsDirectory="39924b15-45a8-498f-9bfa-dc8a6faaae0d" />
    <UnitTestResult executionId="2864ce37-56e5-4fb1-a9df-b6a49dd6f654" testId="d2dc3879-589b-affa-e1e1-aa22fc182fea" testName="RSql4Net.Tests.Models.Queries.ComparisonInt32ExpressionTest.ShouldBeNotEquals" computerName="macbook-pro-de-gwendall" duration="00:00:00.0019149" startTime="2023-03-18T17:40:07.9059350+01:00" endTime="2023-03-18T17:40:07.9059350+01:00" testType="13cdc9d9-ddb5-4fa4-a97d-d965ccfc6d4b" outcome="Passed" testListId="8c84fa94-04c1-424b-9868-57a2d4851a1d" relativeResultsDirectory="2864ce37-56e5-4fb1-a9df-b6a49dd6f654" />
    <UnitTestResult executionId="7a96f14b-6081-4030-8ebb-7d186feb7ab4" testId="62e3045c-a497-76c4-2e62-015f9f7ea9c2" testName="RSql4Net.Tests.Models.Queries.ComparisonInt64ExpressionTest.ShouldBeLowerThanOrEquals" computerName="macbook-pro-de-gwendall" duration="00:00:00.0630156" startTime="2023-03-18T17:40:07.6538570+01:00" endTime="2023-03-18T17:40:07.6538570+01:00" testType="13cdc9d9-ddb5-4fa4-a97d-d965ccfc6d4b" outcome="Passed" testListId="8c84fa94-04c1-424b-9868-57a2d4851a1d" relativeResultsDirectory="7a96f14b-6081-4030-8ebb-7d186feb7ab4" />
    <UnitTestResult executionId="2a6cbb1c-eb7e-4d4c-a9e6-31d28098a9c5" testId="072c3823-dfd2-c81c-313d-abb196abae0b" testName="RSql4Net.Tests.Models.Queries.ComparisonDateTimeExpressionTest.ShouldBeEqualsWithNullable" computerName="macbook-pro-de-gwendall" duration="00:00:00.0404561" startTime="2023-03-18T17:40:08.1127760+01:00" endTime="2023-03-18T17:40:08.1127760+01:00" testType="13cdc9d9-ddb5-4fa4-a97d-d965ccfc6d4b" outcome="Passed" testListId="8c84fa94-04c1-424b-9868-57a2d4851a1d" relativeResultsDirectory="2a6cbb1c-eb7e-4d4c-a9e6-31d28098a9c5" />
    <UnitTestResult executionId="c8b14b8b-d4f5-48d5-a09f-528dd087d4fe" testId="34bcbfc6-659b-6383-b54c-e735fafc784c" testName="RSql4Net.Tests.Models.Queries.ComparisonDoubleExpressionTest.ShouldThrowInvalidConversionException" computerName="macbook-pro-de-gwendall" duration="00:00:00.0006491" startTime="2023-03-18T17:40:08.3016360+01:00" endTime="2023-03-18T17:40:08.3016370+01:00" testType="13cdc9d9-ddb5-4fa4-a97d-d965ccfc6d4b" outcome="Passed" testListId="8c84fa94-04c1-424b-9868-57a2d4851a1d" relativeResultsDirectory="c8b14b8b-d4f5-48d5-a09f-528dd087d4fe" />
    <UnitTestResult executionId="932e0910-638b-4fb7-82b2-0b3eb509cfc0" testId="1da85df9-d528-b495-5827-df3e9e0b2702" testName="RSql4Net.Tests.Models.Queries.ComparisonCharExpressionTest.ShouldBeLowerThanOrEqualsWithNullable" computerName="macbook-pro-de-gwendall" duration="00:00:00.0021391" startTime="2023-03-18T17:40:07.7023930+01:00" endTime="2023-03-18T17:40:07.7023930+01:00" testType="13cdc9d9-ddb5-4fa4-a97d-d965ccfc6d4b" outcome="Passed" testListId="8c84fa94-04c1-424b-9868-57a2d4851a1d" relativeResultsDirectory="932e0910-638b-4fb7-82b2-0b3eb509cfc0" />
    <UnitTestResult executionId="57d015f1-600e-4adc-92e0-fad3e523abee" testId="bc7ea639-d5c1-e4a7-5b36-65f340ce556e" testName="RSql4Net.Tests.Models.Queries.RSqlQueryExpressionHelperTest.ShouldBeGetEqExpressionThrowComparisonInvalidComparatorSelectionExceptionTest" computerName="macbook-pro-de-gwendall" duration="00:00:00.0011109" startTime="2023-03-18T17:40:07.4679810+01:00" endTime="2023-03-18T17:40:07.4679820+01:00" testType="13cdc9d9-ddb5-4fa4-a97d-d965ccfc6d4b" outcome="Passed" testListId="8c84fa94-04c1-424b-9868-57a2d4851a1d" relativeResultsDirectory="57d015f1-600e-4adc-92e0-fad3e523abee" />
    <UnitTestResult executionId="a24209a5-f1b2-46c8-8e4a-121b123a8bab" testId="660195f8-76f9-2dcf-c39d-b924c33dfabf" testName="RSql4Net.Tests.Models.Queries.LogicalOperatorTest.ShouldBeOrExpression" computerName="macbook-pro-de-gwendall" duration="00:00:00.0011585" startTime="2023-03-18T17:40:07.5447800+01:00" endTime="2023-03-18T17:40:07.5447800+01:00" testType="13cdc9d9-ddb5-4fa4-a97d-d965ccfc6d4b" outcome="Passed" testListId="8c84fa94-04c1-424b-9868-57a2d4851a1d" relativeResultsDirectory="a24209a5-f1b2-46c8-8e4a-121b123a8bab" />
    <UnitTestResult executionId="e5d76034-502c-4e36-9f42-339f862701a9" testId="4bc8e2f8-e622-56a8-b85a-801484f31596" testName="RSql4Net.Tests.Models.Queries.ComparisonDateTimeOffsetExpressionTest.ShouldBeLowerThan" computerName="macbook-pro-de-gwendall" duration="00:00:00.0040212" startTime="2023-03-18T17:40:07.6284200+01:00" endTime="2023-03-18T17:40:07.6284200+01:00" testType="13cdc9d9-ddb5-4fa4-a97d-d965ccfc6d4b" outcome="Passed" testListId="8c84fa94-04c1-424b-9868-57a2d4851a1d" relativeResultsDirectory="e5d76034-502c-4e36-9f42-339f862701a9" />
    <UnitTestResult executionId="24cfef16-d377-4202-bbb8-3fd6934a79db" testId="fc62161e-f1f2-e492-2b73-2ebf73e697b5" testName="RSql4Net.Tests.Models.Queries.ComparisonInt16ExpressionTest.ShouldBeIn" computerName="macbook-pro-de-gwendall" duration="00:00:00.0298596" startTime="2023-03-18T17:40:08.1932000+01:00" endTime="2023-03-18T17:40:08.1932000+01:00" testType="13cdc9d9-ddb5-4fa4-a97d-d965ccfc6d4b" outcome="Passed" testListId="8c84fa94-04c1-424b-9868-57a2d4851a1d" relativeResultsDirectory="24cfef16-d377-4202-bbb8-3fd6934a79db" />
    <UnitTestResult executionId="be802afe-fd98-4068-9f18-0715910f0fb3" testId="aee98fd2-4253-2827-2979-ef0b5b618baa" testName="RSql4Net.Tests.Models.Queries.ComparisonGuidExpressionTest.ShouldBeIn" computerName="macbook-pro-de-gwendall" duration="00:00:00.0025538" startTime="2023-03-18T17:40:07.7421250+01:00" endTime="2023-03-18T17:40:07.7421250+01:00" testType="13cdc9d9-ddb5-4fa4-a97d-d965ccfc6d4b" outcome="Passed" testListId="8c84fa94-04c1-424b-9868-57a2d4851a1d" relativeResultsDirectory="be802afe-fd98-4068-9f18-0715910f0fb3" />
    <UnitTestResult executionId="e43f19d8-70b4-4a75-846d-bd6907357693" testId="941ed32f-81dc-4be8-1aa4-93c5cf33e1d7" testName="RSql4Net.Tests.Models.Queries.RSqlQueryExpressionHelperTest.ShouldBeGetIsNullExpressionThrowComparisonNotEnoughArgumentExceptionTest" computerName="macbook-pro-de-gwendall" duration="00:00:00.0235077" startTime="2023-03-18T17:40:07.4869760+01:00" endTime="2023-03-18T17:40:07.4869760+01:00" testType="13cdc9d9-ddb5-4fa4-a97d-d965ccfc6d4b" outcome="Passed" testListId="8c84fa94-04c1-424b-9868-57a2d4851a1d" relativeResultsDirectory="e43f19d8-70b4-4a75-846d-bd6907357693" />
    <UnitTestResult executionId="959057fe-70bf-4acd-8e59-45eb13b1ff58" testId="ebff0beb-a7c1-1495-2b06-d10172550912" testName="RSql4Net.Tests.Models.Queries.ComparisonInt64ExpressionTest.ShouldBeNotInNullable" computerName="macbook-pro-de-gwendall" duration="00:00:00.0032352" startTime="2023-03-18T17:40:07.7192960+01:00" endTime="2023-03-18T17:40:07.7192960+01:00" testType="13cdc9d9-ddb5-4fa4-a97d-d965ccfc6d4b" outcome="Passed" testListId="8c84fa94-04c1-424b-9868-57a2d4851a1d" relativeResultsDirectory="959057fe-70bf-4acd-8e59-45eb13b1ff58" />
    <UnitTestResult executionId="45cfa494-3b95-43e6-b8fa-a359891befa3" testId="18b4e6b5-3e29-2838-7ee9-7180f83ee222" testName="RSql4Net.Tests.Models.Queries.LogicalOperatorTest.OrShouldBeIsAndExpressionWithGroupTest" computerName="macbook-pro-de-gwendall" duration="00:00:00.0012061" startTime="2023-03-18T17:40:07.5414100+01:00" endTime="2023-03-18T17:40:07.5414110+01:00" testType="13cdc9d9-ddb5-4fa4-a97d-d965ccfc6d4b" outcome="Passed" testListId="8c84fa94-04c1-424b-9868-57a2d4851a1d" relativeResultsDirectory="45cfa494-3b95-43e6-b8fa-a359891befa3" />
    <UnitTestResult executionId="d8ab10c8-e564-465d-8a6d-6b2605656a29" testId="6f5ee98f-7f13-b9ed-5de3-72293b2254af" testName="RSql4Net.Tests.Models.Queries.ComparisonDateTimeOffsetExpressionTest.ShouldBeNotEquals" computerName="macbook-pro-de-gwendall" duration="00:00:00.0017883" startTime="2023-03-18T17:40:07.6411900+01:00" endTime="2023-03-18T17:40:07.6411900+01:00" testType="13cdc9d9-ddb5-4fa4-a97d-d965ccfc6d4b" outcome="Passed" testListId="8c84fa94-04c1-424b-9868-57a2d4851a1d" relativeResultsDirectory="d8ab10c8-e564-465d-8a6d-6b2605656a29" />
    <UnitTestResult executionId="5877ed82-1437-42e2-9a3e-454e8fabc1d7" testId="6685cdd5-e940-ebd1-654a-12cbba893b07" testName="RSql4Net.Tests.Configuration.SettingsBuilderTest.ShouldBeInvalidFormatFieldNameException" computerName="macbook-pro-de-gwendall" duration="00:00:00.0004868" startTime="2023-03-18T17:40:08.0900010+01:00" endTime="2023-03-18T17:40:08.0900010+01:00" testType="13cdc9d9-ddb5-4fa4-a97d-d965ccfc6d4b" outcome="Passed" testListId="8c84fa94-04c1-424b-9868-57a2d4851a1d" relativeResultsDirectory="5877ed82-1437-42e2-9a3e-454e8fabc1d7" />
    <UnitTestResult executionId="346be861-9bcc-4c17-8a75-f687ae0409c2" testId="b135fe68-315c-e126-a1c7-964eec22e9b8" testName="RSql4Net.Tests.Models.Paging.Exceptions.OutOfRangePageSizeExceptionTest.ShouldBeSerializable" computerName="macbook-pro-de-gwendall" duration="00:00:00.0037897" startTime="2023-03-18T17:40:07.3052260+01:00" endTime="2023-03-18T17:40:07.3052260+01:00" testType="13cdc9d9-ddb5-4fa4-a97d-d965ccfc6d4b" outcome="Passed" testListId="8c84fa94-04c1-424b-9868-57a2d4851a1d" relativeResultsDirectory="346be861-9bcc-4c17-8a75-f687ae0409c2" />
    <UnitTestResult executionId="be64805d-9896-4ccf-b90c-bc69f290d117" testId="43cd0403-4027-ea62-f879-eadbd24375a3" testName="RSql4Net.Tests.Models.Paging.PageableModelBinderTest.ShouldBeBindModelAsyncTest" computerName="macbook-pro-de-gwendall" duration="00:00:00.0015835" startTime="2023-03-18T17:40:07.9867220+01:00" endTime="2023-03-18T17:40:07.9867220+01:00" testType="13cdc9d9-ddb5-4fa4-a97d-d965ccfc6d4b" outcome="Passed" testListId="8c84fa94-04c1-424b-9868-57a2d4851a1d" relativeResultsDirectory="be64805d-9896-4ccf-b90c-bc69f290d117" />
    <UnitTestResult executionId="ace7182a-1ce2-4619-8cf1-198a8f5e566d" testId="139828ba-6552-1b0e-56f6-133570e16ed0" testName="RSql4Net.Tests.Models.Queries.ComparisonFloatExpressionTest.ShouldBeNotInNullable" computerName="macbook-pro-de-gwendall" duration="00:00:00.0017498" startTime="2023-03-18T17:40:08.2523410+01:00" endTime="2023-03-18T17:40:08.2523410+01:00" testType="13cdc9d9-ddb5-4fa4-a97d-d965ccfc6d4b" outcome="Passed" testListId="8c84fa94-04c1-424b-9868-57a2d4851a1d" relativeResultsDirectory="ace7182a-1ce2-4619-8cf1-198a8f5e566d" />
    <UnitTestResult executionId="d48174d8-8190-4eae-a3bd-a8f546b85962" testId="41d2b2fa-bda3-faef-2f82-d5535b4acb65" testName="RSql4Net.Tests.Models.Queries.ComparisonStringExpressionTest.ShouldThrowExceptionLowerThanOrEquals" computerName="macbook-pro-de-gwendall" duration="00:00:00.0016123" startTime="2023-03-18T17:40:08.0415910+01:00" endTime="2023-03-18T17:40:08.0415910+01:00" testType="13cdc9d9-ddb5-4fa4-a97d-d965ccfc6d4b" outcome="Passed" testListId="8c84fa94-04c1-424b-9868-57a2d4851a1d" relativeResultsDirectory="d48174d8-8190-4eae-a3bd-a8f546b85962" />
    <UnitTestResult executionId="243dccab-81fa-4bdd-8c88-016b6b3879ab" testId="97d2af3b-ca92-69bf-f53f-f9a1e6e56c8a" testName="RSql4Net.Tests.Models.Queries.ComparisonDecimalExpressionTest.ShouldBeGreaterThan" computerName="macbook-pro-de-gwendall" duration="00:00:00.0172942" startTime="2023-03-18T17:40:07.6027850+01:00" endTime="2023-03-18T17:40:07.6027850+01:00" testType="13cdc9d9-ddb5-4fa4-a97d-d965ccfc6d4b" outcome="Passed" testListId="8c84fa94-04c1-424b-9868-57a2d4851a1d" relativeResultsDirectory="243dccab-81fa-4bdd-8c88-016b6b3879ab" />
    <UnitTestResult executionId="4fe54bcc-6238-4040-96ac-52b7be074e79" testId="6efc0155-8449-4b78-9cdc-d68a433da714" testName="RSql4Net.Tests.Models.Queries.ComparisonDateTimeExpressionTest.ShouldBeNotEqualsWithNullable" computerName="macbook-pro-de-gwendall" duration="00:00:00.0163282" startTime="2023-03-18T17:40:07.8704190+01:00" endTime="2023-03-18T17:40:07.8704190+01:00" testType="13cdc9d9-ddb5-4fa4-a97d-d965ccfc6d4b" outcome="Passed" testListId="8c84fa94-04c1-424b-9868-57a2d4851a1d" relativeResultsDirectory="4fe54bcc-6238-4040-96ac-52b7be074e79" />
    <UnitTestResult executionId="aa33efff-76d8-4710-b045-de35067a0ee3" testId="21e8e2cb-db16-e411-8a93-b83dbef92ff6" testName="RSql4Net.Tests.Models.Queries.ComparisonInt32ExpressionTest.ShouldBeGreaterThanWithNullable" computerName="macbook-pro-de-gwendall" duration="00:00:00.0065975" startTime="2023-03-18T17:40:07.9101360+01:00" endTime="2023-03-18T17:40:07.9101360+01:00" testType="13cdc9d9-ddb5-4fa4-a97d-d965ccfc6d4b" outcome="Passed" testListId="8c84fa94-04c1-424b-9868-57a2d4851a1d" relativeResultsDirectory="aa33efff-76d8-4710-b045-de35067a0ee3" />
    <UnitTestResult executionId="5a0e000b-1a7a-41f5-bacb-f2168c0bea64" testId="973fa410-da16-a361-c7f5-2a000b69e86e" testName="RSql4Net.Tests.Models.Queries.ComparisonBooleanExpressionTest.ShouldBeNotEqualsWithNullable" computerName="macbook-pro-de-gwendall" duration="00:00:00.0020481" startTime="2023-03-18T17:40:08.3573750+01:00" endTime="2023-03-18T17:40:08.3573750+01:00" testType="13cdc9d9-ddb5-4fa4-a97d-d965ccfc6d4b" outcome="Passed" testListId="8c84fa94-04c1-424b-9868-57a2d4851a1d" relativeResultsDirectory="5a0e000b-1a7a-41f5-bacb-f2168c0bea64" />
    <UnitTestResult executionId="d5154f8e-56f6-4a9d-b131-a19d1381dfc2" testId="6f37e7aa-2d10-e0c0-87af-2fc3a74c2497" testName="RSql4Net.Tests.Models.Queries.ComparisonInt64ExpressionTest.ShouldBeGreaterThanOrEquals" computerName="macbook-pro-de-gwendall" duration="00:00:00.0034883" startTime="2023-03-18T17:40:07.5560220+01:00" endTime="2023-03-18T17:40:07.5560220+01:00" testType="13cdc9d9-ddb5-4fa4-a97d-d965ccfc6d4b" outcome="Passed" testListId="8c84fa94-04c1-424b-9868-57a2d4851a1d" relativeResultsDirectory="d5154f8e-56f6-4a9d-b131-a19d1381dfc2" />
    <UnitTestResult executionId="2d762a06-de6c-4dc9-b3a8-4b3e44217857" testId="c8aecded-d269-11d9-d59d-3fa8b43aea85" testName="RSql4Net.Tests.Models.Queries.ComparisonDateTimeExpressionTest.ShouldBeGreaterThanOrEqualsWithNullable" computerName="macbook-pro-de-gwendall" duration="00:00:00.0033402" startTime="2023-03-18T17:40:07.9556740+01:00" endTime="2023-03-18T17:40:07.9556740+01:00" testType="13cdc9d9-ddb5-4fa4-a97d-d965ccfc6d4b" outcome="Passed" testListId="8c84fa94-04c1-424b-9868-57a2d4851a1d" relativeResultsDirectory="2d762a06-de6c-4dc9-b3a8-4b3e44217857" />
    <UnitTestResult executionId="3adf1aad-da7a-45f6-b2ef-e6c120ab3e99" testId="5a182670-9ec7-64dc-1107-763627414500" testName="RSql4Net.Tests.Models.Queries.ComparisonDateTimeOffsetExpressionTest.ShouldBeInNullable" computerName="macbook-pro-de-gwendall" duration="00:00:00.0092255" startTime="2023-03-18T17:40:07.6245570+01:00" endTime="2023-03-18T17:40:07.6245580+01:00" testType="13cdc9d9-ddb5-4fa4-a97d-d965ccfc6d4b" outcome="Passed" testListId="8c84fa94-04c1-424b-9868-57a2d4851a1d" relativeResultsDirectory="3adf1aad-da7a-45f6-b2ef-e6c120ab3e99" />
    <UnitTestResult executionId="397f567d-a855-48ec-a9a5-852c8cd1d30f" testId="ac3ecf25-cf10-70d8-1db3-1bbf623e0cc1" testName="RSql4Net.Tests.Models.Queries.ComparisonDateTimeOffsetExpressionTest.ShouldBeEquals" computerName="macbook-pro-de-gwendall" duration="00:00:00.0382971" startTime="2023-03-18T17:40:07.8240830+01:00" endTime="2023-03-18T17:40:07.8240830+01:00" testType="13cdc9d9-ddb5-4fa4-a97d-d965ccfc6d4b" outcome="Passed" testListId="8c84fa94-04c1-424b-9868-57a2d4851a1d" relativeResultsDirectory="397f567d-a855-48ec-a9a5-852c8cd1d30f" />
    <UnitTestResult executionId="176da211-d17a-497a-93a7-0e0cb72052cc" testId="9189aa81-dfba-dd16-c96b-cba37ff29054" testName="RSql4Net.Tests.Models.Queries.ComparisonCharExpressionTest.ShouldBeLowerThanWithNullable" computerName="macbook-pro-de-gwendall" duration="00:00:00.0046628" startTime="2023-03-18T17:40:07.8554680+01:00" endTime="2023-03-18T17:40:07.8554680+01:00" testType="13cdc9d9-ddb5-4fa4-a97d-d965ccfc6d4b" outcome="Passed" testListId="8c84fa94-04c1-424b-9868-57a2d4851a1d" relativeResultsDirectory="176da211-d17a-497a-93a7-0e0cb72052cc" />
    <UnitTestResult executionId="0cb0b10d-741e-4111-a714-88ee0ce13a86" testId="a8371b7f-e846-dab2-ff90-5f052d7a1836" testName="RSql4Net.Tests.Models.Paging.PageableModelBinderTest.ShouldBeBindModelAsyncWithModelErrorTest" computerName="macbook-pro-de-gwendall" duration="00:00:00.0016580" startTime="2023-03-18T17:40:08.0412280+01:00" endTime="2023-03-18T17:40:08.0412280+01:00" testType="13cdc9d9-ddb5-4fa4-a97d-d965ccfc6d4b" outcome="Passed" testListId="8c84fa94-04c1-424b-9868-57a2d4851a1d" relativeResultsDirectory="0cb0b10d-741e-4111-a714-88ee0ce13a86" />
    <UnitTestResult executionId="7baa695b-19ad-4b18-8d02-37e8532093c1" testId="35c9f402-259c-7fcb-2286-b11a8a38a19a" testName="RSql4Net.Tests.Models.Paging.Exceptions.InvalidPageNumberValueExceptionTest.ShouldBeThrow" computerName="macbook-pro-de-gwendall" duration="00:00:00.0007358" startTime="2023-03-18T17:40:08.1880560+01:00" endTime="2023-03-18T17:40:08.1880560+01:00" testType="13cdc9d9-ddb5-4fa4-a97d-d965ccfc6d4b" outcome="Passed" testListId="8c84fa94-04c1-424b-9868-57a2d4851a1d" relativeResultsDirectory="7baa695b-19ad-4b18-8d02-37e8532093c1" />
    <UnitTestResult executionId="45b180c7-5e93-40f2-a956-5078077db112" testId="5e615c88-baf4-4fbd-88dd-858a000b20e0" testName="RSql4Net.Tests.Models.Queries.ComparisonDateTimeExpressionTest.ShouldBeGreaterThan" computerName="macbook-pro-de-gwendall" duration="00:00:00.0027014" startTime="2023-03-18T17:40:07.8756500+01:00" endTime="2023-03-18T17:40:07.8756500+01:00" testType="13cdc9d9-ddb5-4fa4-a97d-d965ccfc6d4b" outcome="Passed" testListId="8c84fa94-04c1-424b-9868-57a2d4851a1d" relativeResultsDirectory="45b180c7-5e93-40f2-a956-5078077db112" />
    <UnitTestResult executionId="5410a821-326b-4397-9a2d-0722dd976df6" testId="59242324-e20b-a7b3-411c-823cf4f05e09" testName="RSql4Net.Tests.Models.Queries.ComparisonStringExpressionTest.ShouldBeNotEquals" computerName="macbook-pro-de-gwendall" duration="00:00:00.0223470" startTime="2023-03-18T17:40:08.1437110+01:00" endTime="2023-03-18T17:40:08.1437110+01:00" testType="13cdc9d9-ddb5-4fa4-a97d-d965ccfc6d4b" outcome="Passed" testListId="8c84fa94-04c1-424b-9868-57a2d4851a1d" relativeResultsDirectory="5410a821-326b-4397-9a2d-0722dd976df6" />
    <UnitTestResult executionId="b05e02ab-138e-40f3-b878-387e41c5bf56" testId="8c2b57eb-d0d4-3389-d570-57664b178843" testName="RSql4Net.Tests.Models.Queries.ComparisonByteExpressionTest.ShouldBeNotInNullable" computerName="macbook-pro-de-gwendall" duration="00:00:00.0093922" startTime="2023-03-18T17:40:08.2746010+01:00" endTime="2023-03-18T17:40:08.2746010+01:00" testType="13cdc9d9-ddb5-4fa4-a97d-d965ccfc6d4b" outcome="Passed" testListId="8c84fa94-04c1-424b-9868-57a2d4851a1d" relativeResultsDirectory="b05e02ab-138e-40f3-b878-387e41c5bf56" />
    <UnitTestResult executionId="b629b2d5-917a-424e-a73e-24c346130424" testId="08529ca9-9097-cd96-2850-aeadfa3cb417" testName="RSql4Net.Tests.Models.Queries.ComparisonBooleanExpressionTest.ShouldThrowExceptionLowerThan" computerName="macbook-pro-de-gwendall" duration="00:00:00.0008850" startTime="2023-03-18T17:40:08.3596050+01:00" endTime="2023-03-18T17:40:08.3596050+01:00" testType="13cdc9d9-ddb5-4fa4-a97d-d965ccfc6d4b" outcome="Passed" testListId="8c84fa94-04c1-424b-9868-57a2d4851a1d" relativeResultsDirectory="b629b2d5-917a-424e-a73e-24c346130424" />
    <UnitTestResult executionId="9c413225-6252-4969-b3fe-db3d971ffc2d" testId="608d5cba-ee64-a102-70b9-c93c8916b1fd" testName="RSql4Net.Tests.Models.Queries.ComparisonEnumExpressionTest.ShouldBeEqualsWithNullable" computerName="macbook-pro-de-gwendall" duration="00:00:00.0114831" startTime="2023-03-18T17:40:08.3419680+01:00" endTime="2023-03-18T17:40:08.3419680+01:00" testType="13cdc9d9-ddb5-4fa4-a97d-d965ccfc6d4b" outcome="Passed" testListId="8c84fa94-04c1-424b-9868-57a2d4851a1d" relativeResultsDirectory="9c413225-6252-4969-b3fe-db3d971ffc2d" />
    <UnitTestResult executionId="c38a4c23-e2c8-4610-9aeb-ae7bcfb5bfcd" testId="404b8b8b-0b63-8e1b-2e5c-95bf74baa3e2" testName="RSql4Net.Tests.Models.Queries.ComparisonStringExpressionTest.ShouldBeEqualsDoubleQuote" computerName="macbook-pro-de-gwendall" duration="00:00:00.0007808" startTime="2023-03-18T17:40:08.1551210+01:00" endTime="2023-03-18T17:40:08.1551210+01:00" testType="13cdc9d9-ddb5-4fa4-a97d-d965ccfc6d4b" outcome="Passed" testListId="8c84fa94-04c1-424b-9868-57a2d4851a1d" relativeResultsDirectory="c38a4c23-e2c8-4610-9aeb-ae7bcfb5bfcd" />
    <UnitTestResult executionId="977c4781-209f-4c80-96e9-9fa9123b39df" testId="faf7c01a-0cc8-434c-c738-c5f41a339b2f" testName="RSql4Net.Tests.Models.Queries.ComparisonInt32ExpressionTest.ShouldBeInNullable" computerName="macbook-pro-de-gwendall" duration="00:00:00.0018612" startTime="2023-03-18T17:40:08.0846660+01:00" endTime="2023-03-18T17:40:08.0846660+01:00" testType="13cdc9d9-ddb5-4fa4-a97d-d965ccfc6d4b" outcome="Passed" testListId="8c84fa94-04c1-424b-9868-57a2d4851a1d" relativeResultsDirectory="977c4781-209f-4c80-96e9-9fa9123b39df" />
    <UnitTestResult executionId="3d7f3077-66c0-4d21-a5b1-b71d662bb1aa" testId="f532ac45-3097-944f-c4f8-99582f29dc0c" testName="RSql4Net.Tests.Models.Queries.QueryReflectionHelperTest.ShouldBeExcludeProperty(name: &quot;ExcludeProperty2&quot;)" computerName="macbook-pro-de-gwendall" duration="00:00:00.0004946" startTime="2023-03-18T17:40:08.1159830+01:00" endTime="2023-03-18T17:40:08.1159830+01:00" testType="13cdc9d9-ddb5-4fa4-a97d-d965ccfc6d4b" outcome="Passed" testListId="8c84fa94-04c1-424b-9868-57a2d4851a1d" relativeResultsDirectory="3d7f3077-66c0-4d21-a5b1-b71d662bb1aa" />
    <UnitTestResult executionId="e2448ef5-ed67-42e9-a6c6-bc2920f16b97" testId="23e30615-bad0-f865-4c3e-b4185ab24210" testName="RSql4Net.Tests.Models.Queries.ComparisonFloatExpressionTest.ShouldBeGreaterThanOrEquals" computerName="macbook-pro-de-gwendall" duration="00:00:00.0311959" startTime="2023-03-18T17:40:08.2085260+01:00" endTime="2023-03-18T17:40:08.2085260+01:00" testType="13cdc9d9-ddb5-4fa4-a97d-d965ccfc6d4b" outcome="Passed" testListId="8c84fa94-04c1-424b-9868-57a2d4851a1d" relativeResultsDirectory="e2448ef5-ed67-42e9-a6c6-bc2920f16b97" />
    <UnitTestResult executionId="6dae7378-bf77-4162-bbaf-f83b2ff771ef" testId="7cc14e72-57ae-a0f0-609e-fa39693ccdaa" testName="RSql4Net.Tests.Models.Queries.QueryTest.ShouldBeThrowArgumentNullExceptionTest" computerName="macbook-pro-de-gwendall" duration="00:00:00.0007898" startTime="2023-03-18T17:40:07.8552180+01:00" endTime="2023-03-18T17:40:07.8552180+01:00" testType="13cdc9d9-ddb5-4fa4-a97d-d965ccfc6d4b" outcome="Passed" testListId="8c84fa94-04c1-424b-9868-57a2d4851a1d" relativeResultsDirectory="6dae7378-bf77-4162-bbaf-f83b2ff771ef" />
    <UnitTestResult executionId="94c5d19d-ad35-4fc6-a864-a5c04b74a2d8" testId="b896f8fe-2e5e-8aa9-9d39-db295d7843fd" testName="RSql4Net.Tests.Models.Queries.Exceptions.ComparisonInvalidMatchTypeExceptionTest.ShouldBeThrow" computerName="macbook-pro-de-gwendall" duration="00:00:00.0070055" startTime="2023-03-18T17:40:07.8547230+01:00" endTime="2023-03-18T17:40:07.8547230+01:00" testType="13cdc9d9-ddb5-4fa4-a97d-d965ccfc6d4b" outcome="Passed" testListId="8c84fa94-04c1-424b-9868-57a2d4851a1d" relativeResultsDirectory="94c5d19d-ad35-4fc6-a864-a5c04b74a2d8" />
    <UnitTestResult executionId="3ce116d0-c1bb-4e7a-a79f-f32314d198d2" testId="cfdf3f31-a502-5fca-5bf9-5aa27e53a4e3" testName="RSql4Net.Tests.Models.Queries.ComparisonFloatExpressionTest.ShouldBeLowerThanOrEqualsWithNullable" computerName="macbook-pro-de-gwendall" duration="00:00:00.0024378" startTime="2023-03-18T17:40:08.2774950+01:00" endTime="2023-03-18T17:40:08.2774950+01:00" testType="13cdc9d9-ddb5-4fa4-a97d-d965ccfc6d4b" outcome="Passed" testListId="8c84fa94-04c1-424b-9868-57a2d4851a1d" relativeResultsDirectory="3ce116d0-c1bb-4e7a-a79f-f32314d198d2" />
    <UnitTestResult executionId="d8581691-c248-46c7-9f20-d0be7e11a81d" testId="659ad104-4c4b-c1db-7b90-cf5df04efbe9" testName="RSql4Net.Tests.Models.Queries.ComparisonGuidExpressionTest.ShouldBeNotInNullable" computerName="macbook-pro-de-gwendall" duration="00:00:00.0136668" startTime="2023-03-18T17:40:07.7380000+01:00" endTime="2023-03-18T17:40:07.7380000+01:00" testType="13cdc9d9-ddb5-4fa4-a97d-d965ccfc6d4b" outcome="Passed" testListId="8c84fa94-04c1-424b-9868-57a2d4851a1d" relativeResultsDirectory="d8581691-c248-46c7-9f20-d0be7e11a81d" />
    <UnitTestResult executionId="48ebb074-0f3f-4ba5-ae10-e7e79e19d357" testId="f7f733d9-b1f9-2d9a-e6cc-8763e84126ec" testName="RSql4Net.Tests.Models.Queries.ComparisonBooleanExpressionTest.ShouldBeNotInNullable" computerName="macbook-pro-de-gwendall" duration="00:00:00.0016083" startTime="2023-03-18T17:40:08.3544220+01:00" endTime="2023-03-18T17:40:08.3544220+01:00" testType="13cdc9d9-ddb5-4fa4-a97d-d965ccfc6d4b" outcome="Passed" testListId="8c84fa94-04c1-424b-9868-57a2d4851a1d" relativeResultsDirectory="48ebb074-0f3f-4ba5-ae10-e7e79e19d357" />
    <UnitTestResult executionId="4f28f3f4-b461-45eb-aea4-e3e44c43945c" testId="6264d79d-9c2e-8553-a2bf-836a5866c485" testName="RSql4Net.Tests.Models.Queries.ComparisonByteExpressionTest.ShouldThrowInvalidConversionException" computerName="macbook-pro-de-gwendall" duration="00:00:00.0006836" startTime="2023-03-18T17:40:08.3120530+01:00" endTime="2023-03-18T17:40:08.3120530+01:00" testType="13cdc9d9-ddb5-4fa4-a97d-d965ccfc6d4b" outcome="Passed" testListId="8c84fa94-04c1-424b-9868-57a2d4851a1d" relativeResultsDirectory="4f28f3f4-b461-45eb-aea4-e3e44c43945c" />
    <UnitTestResult executionId="53c501e0-d1e5-4e5b-b26e-cca66d5d7a6a" testId="5101cca2-0f32-dacb-c590-28865c10dabe" testName="RSql4Net.Tests.Models.Queries.ComparisonDoubleExpressionTest.ShouldBeNotEqualsWithNullable" computerName="macbook-pro-de-gwendall" duration="00:00:00.0019283" startTime="2023-03-18T17:40:08.3304290+01:00" endTime="2023-03-18T17:40:08.3304290+01:00" testType="13cdc9d9-ddb5-4fa4-a97d-d965ccfc6d4b" outcome="Passed" testListId="8c84fa94-04c1-424b-9868-57a2d4851a1d" relativeResultsDirectory="53c501e0-d1e5-4e5b-b26e-cca66d5d7a6a" />
    <UnitTestResult executionId="611dcf74-890e-467f-befa-69033f80b1a3" testId="4222996a-dd69-9dff-7f8f-8fb7546b6b34" testName="RSql4Net.Tests.Models.Queries.ComparisonByteExpressionTest.ShouldBeLowerThan" computerName="macbook-pro-de-gwendall" duration="00:00:00.0026105" startTime="2023-03-18T17:40:08.3164610+01:00" endTime="2023-03-18T17:40:08.3164610+01:00" testType="13cdc9d9-ddb5-4fa4-a97d-d965ccfc6d4b" outcome="Passed" testListId="8c84fa94-04c1-424b-9868-57a2d4851a1d" relativeResultsDirectory="611dcf74-890e-467f-befa-69033f80b1a3" />
    <UnitTestResult executionId="d37a9498-4e8f-4ade-b657-aae116ad09cf" testId="0f211c0c-c4a5-0729-8a77-e39ab48ae45f" testName="RSql4Net.Tests.Models.Queries.ComparisonBooleanExpressionTest.ShouldThrowExceptionGreaterThanOrEquals" computerName="macbook-pro-de-gwendall" duration="00:00:00.0015058" startTime="2023-03-18T17:40:08.3593010+01:00" endTime="2023-03-18T17:40:08.3593010+01:00" testType="13cdc9d9-ddb5-4fa4-a97d-d965ccfc6d4b" outcome="Passed" testListId="8c84fa94-04c1-424b-9868-57a2d4851a1d" relativeResultsDirectory="d37a9498-4e8f-4ade-b657-aae116ad09cf" />
    <UnitTestResult executionId="ed74c79a-8d49-46d3-a227-e6bacb246b42" testId="bee8ab9b-1229-81b9-8dc6-5eb35ea0a15a" testName="RSql4Net.Tests.Models.Queries.ComparisonDoubleExpressionTest.ShouldBeInNullable" computerName="macbook-pro-de-gwendall" duration="00:00:00.0016456" startTime="2023-03-18T17:40:08.2904750+01:00" endTime="2023-03-18T17:40:08.2904750+01:00" testType="13cdc9d9-ddb5-4fa4-a97d-d965ccfc6d4b" outcome="Passed" testListId="8c84fa94-04c1-424b-9868-57a2d4851a1d" relativeResultsDirectory="ed74c79a-8d49-46d3-a227-e6bacb246b42" />
    <UnitTestResult executionId="ce5c5ea6-ce00-41e8-9ed4-4173272701c0" testId="e686199e-af25-de96-58f0-5651a7d51bf8" testName="RSql4Net.Tests.Models.Queries.ComparisonInt16ExpressionTest.ShouldBeEqualsWithNullable" computerName="macbook-pro-de-gwendall" duration="00:00:00.0022516" startTime="2023-03-18T17:40:08.1148950+01:00" endTime="2023-03-18T17:40:08.1148950+01:00" testType="13cdc9d9-ddb5-4fa4-a97d-d965ccfc6d4b" outcome="Passed" testListId="8c84fa94-04c1-424b-9868-57a2d4851a1d" relativeResultsDirectory="ce5c5ea6-ce00-41e8-9ed4-4173272701c0" />
    <UnitTestResult executionId="34890139-9d61-4406-a153-32bbd962a9bc" testId="9695d684-78e2-873c-1d69-33df199ebc57" testName="RSql4Net.Tests.Models.Queries.ComparisonCharExpressionTest.ShouldBeEquals" computerName="macbook-pro-de-gwendall" duration="00:00:00.0056169" startTime="2023-03-18T17:40:07.7737740+01:00" endTime="2023-03-18T17:40:07.7737740+01:00" testType="13cdc9d9-ddb5-4fa4-a97d-d965ccfc6d4b" outcome="Passed" testListId="8c84fa94-04c1-424b-9868-57a2d4851a1d" relativeResultsDirectory="34890139-9d61-4406-a153-32bbd962a9bc" />
    <UnitTestResult executionId="f0782577-4b34-49f4-a40f-5d95e4d2bddc" testId="96564f32-26cd-a3ee-d05c-ce4b266a5203" testName="RSql4Net.Tests.Models.Queries.Exceptions.ComparisonTooManyArgumentExceptionTest.ShouldBeSerializable" computerName="macbook-pro-de-gwendall" duration="00:00:00.0284958" startTime="2023-03-18T17:40:07.8327210+01:00" endTime="2023-03-18T17:40:07.8327210+01:00" testType="13cdc9d9-ddb5-4fa4-a97d-d965ccfc6d4b" outcome="Passed" testListId="8c84fa94-04c1-424b-9868-57a2d4851a1d" relativeResultsDirectory="f0782577-4b34-49f4-a40f-5d95e4d2bddc" />
    <UnitTestResult executionId="11ddd1f7-3253-4f00-b2d5-d358ef813312" testId="567d98ba-aaad-f264-f54c-5e980a7a09cc" testName="RSql4Net.Tests.Models.Queries.ComparisonByteExpressionTest.ShouldBeGreaterThanWithNullable" computerName="macbook-pro-de-gwendall" duration="00:00:00.0099779" startTime="2023-03-18T17:40:08.1656860+01:00" endTime="2023-03-18T17:40:08.1656860+01:00" testType="13cdc9d9-ddb5-4fa4-a97d-d965ccfc6d4b" outcome="Passed" testListId="8c84fa94-04c1-424b-9868-57a2d4851a1d" relativeResultsDirectory="11ddd1f7-3253-4f00-b2d5-d358ef813312" />
    <UnitTestResult executionId="8f6fcb9d-2c1f-4f3c-bfae-9fd4e65d842c" testId="018e0bef-3f0e-b0b9-2cc2-edcbab442a5a" testName="RSql4Net.Tests.Models.Paging.PageTest.ShouldBeToValid" computerName="macbook-pro-de-gwendall" duration="00:00:00.0895026" startTime="2023-03-18T17:40:07.9548550+01:00" endTime="2023-03-18T17:40:07.9548560+01:00" testType="13cdc9d9-ddb5-4fa4-a97d-d965ccfc6d4b" outcome="Passed" testListId="8c84fa94-04c1-424b-9868-57a2d4851a1d" relativeResultsDirectory="8f6fcb9d-2c1f-4f3c-bfae-9fd4e65d842c" />
    <UnitTestResult executionId="47b6fd33-9abb-42c1-9e89-3e6e15fe9a27" testId="e2253bf1-f1a4-91a4-083f-d66d9a354221" testName="RSql4Net.Tests.Models.Queries.ComparisonInt16ExpressionTest.ShouldBeInNullable" computerName="macbook-pro-de-gwendall" duration="00:00:00.0291989" startTime="2023-03-18T17:40:08.0051070+01:00" endTime="2023-03-18T17:40:08.0051070+01:00" testType="13cdc9d9-ddb5-4fa4-a97d-d965ccfc6d4b" outcome="Passed" testListId="8c84fa94-04c1-424b-9868-57a2d4851a1d" relativeResultsDirectory="47b6fd33-9abb-42c1-9e89-3e6e15fe9a27" />
    <UnitTestResult executionId="5e54fad3-f627-4737-b99c-54e9ca624784" testId="5a7e9457-dd42-9772-050d-b0199c83ea90" testName="RSql4Net.Tests.Models.Queries.ComparisonInt16ExpressionTest.ShouldBeLowerThanOrEqualsWithNullable" computerName="macbook-pro-de-gwendall" duration="00:00:00.0039502" startTime="2023-03-18T17:40:08.1938320+01:00" endTime="2023-03-18T17:40:08.1938320+01:00" testType="13cdc9d9-ddb5-4fa4-a97d-d965ccfc6d4b" outcome="Passed" testListId="8c84fa94-04c1-424b-9868-57a2d4851a1d" relativeResultsDirectory="5e54fad3-f627-4737-b99c-54e9ca624784" />
    <UnitTestResult executionId="4a1e30f7-6917-4ccd-85a0-0af6df79ffe3" testId="a3807877-4ae3-64e8-b4cc-b4537d48afb4" testName="RSql4Net.Tests.Models.Paging.Exceptions.InvalidPageNumberValueExceptionTest.ShouldBeSerializable" computerName="macbook-pro-de-gwendall" duration="00:00:00.0013350" startTime="2023-03-18T17:40:08.1896660+01:00" endTime="2023-03-18T17:40:08.1896660+01:00" testType="13cdc9d9-ddb5-4fa4-a97d-d965ccfc6d4b" outcome="Passed" testListId="8c84fa94-04c1-424b-9868-57a2d4851a1d" relativeResultsDirectory="4a1e30f7-6917-4ccd-85a0-0af6df79ffe3" />
    <UnitTestResult executionId="c8f6c99a-3c54-447b-8839-f2c420b4b6b1" testId="005e3c51-ed68-3fc0-3d5d-0855b199a8cb" testName="RSql4Net.Tests.Models.Queries.ComparisonEnumExpressionTest.ShouldThrowInvalidConversionException" computerName="macbook-pro-de-gwendall" duration="00:00:00.0006641" startTime="2023-03-18T17:40:08.3447800+01:00" endTime="2023-03-18T17:40:08.3447810+01:00" testType="13cdc9d9-ddb5-4fa4-a97d-d965ccfc6d4b" outcome="Passed" testListId="8c84fa94-04c1-424b-9868-57a2d4851a1d" relativeResultsDirectory="c8f6c99a-3c54-447b-8839-f2c420b4b6b1" />
    <UnitTestResult executionId="999a9e32-684f-4646-b376-fa87b0ae120f" testId="88eed883-3a80-5013-b28c-c43622438de6" testName="RSql4Net.Tests.Models.Queries.ComparisonDateTimeOffsetExpressionTest.ShouldBeGreaterThanOrEqualsWithNullable" computerName="macbook-pro-de-gwendall" duration="00:00:00.0044378" startTime="2023-03-18T17:40:07.6463930+01:00" endTime="2023-03-18T17:40:07.6463930+01:00" testType="13cdc9d9-ddb5-4fa4-a97d-d965ccfc6d4b" outcome="Passed" testListId="8c84fa94-04c1-424b-9868-57a2d4851a1d" relativeResultsDirectory="999a9e32-684f-4646-b376-fa87b0ae120f" />
    <UnitTestResult executionId="0f1e7d31-298b-45d6-9e0a-a5264c428d77" testId="7a32ee84-d7f6-226e-6d94-bf0e53ed33e6" testName="RSql4Net.Tests.Models.Queries.ComparisonExceptionTest.ShouldBeThrowQueryComparisonUnknownSelectorException" computerName="macbook-pro-de-gwendall" duration="00:00:00.0015207" startTime="2023-03-18T17:40:07.5622900+01:00" endTime="2023-03-18T17:40:07.5622900+01:00" testType="13cdc9d9-ddb5-4fa4-a97d-d965ccfc6d4b" outcome="Passed" testListId="8c84fa94-04c1-424b-9868-57a2d4851a1d" relativeResultsDirectory="0f1e7d31-298b-45d6-9e0a-a5264c428d77" />
    <UnitTestResult executionId="9be441f0-42bf-48e1-9818-07fcecc5fe4a" testId="c1434bf1-d23a-92ec-b509-106e7b4bedbc" testName="RSql4Net.Tests.Models.Queries.ComparisonEnumExpressionTest.ShouldBeNotIn" computerName="macbook-pro-de-gwendall" duration="00:00:00.0153540" startTime="2023-03-18T17:40:08.3218210+01:00" endTime="2023-03-18T17:40:08.3218210+01:00" testType="13cdc9d9-ddb5-4fa4-a97d-d965ccfc6d4b" outcome="Passed" testListId="8c84fa94-04c1-424b-9868-57a2d4851a1d" relativeResultsDirectory="9be441f0-42bf-48e1-9818-07fcecc5fe4a" />
    <UnitTestResult executionId="b4fcdd7c-63ec-48b7-b95b-ec93e6d1c585" testId="787870f5-3e0e-92fe-6108-df4ccf393003" testName="RSql4Net.Tests.Configuration.Exceptions.AlreadyFieldNameUsedExceptionTest.ShouldBeSerializable" computerName="macbook-pro-de-gwendall" duration="00:00:00.0024834" startTime="2023-03-18T17:40:07.3201350+01:00" endTime="2023-03-18T17:40:07.3201350+01:00" testType="13cdc9d9-ddb5-4fa4-a97d-d965ccfc6d4b" outcome="Passed" testListId="8c84fa94-04c1-424b-9868-57a2d4851a1d" relativeResultsDirectory="b4fcdd7c-63ec-48b7-b95b-ec93e6d1c585" />
    <UnitTestResult executionId="9c8ed05e-211b-4f6b-a462-64529ed36fe1" testId="534e9087-867a-60ed-8cc0-64abd8a553e2" testName="RSql4Net.Tests.Models.Queries.ComparisonInt64ExpressionTest.ShouldBeLowerThan" computerName="macbook-pro-de-gwendall" duration="00:00:00.0021142" startTime="2023-03-18T17:40:07.7208390+01:00" endTime="2023-03-18T17:40:07.7208390+01:00" testType="13cdc9d9-ddb5-4fa4-a97d-d965ccfc6d4b" outcome="Passed" testListId="8c84fa94-04c1-424b-9868-57a2d4851a1d" relativeResultsDirectory="9c8ed05e-211b-4f6b-a462-64529ed36fe1" />
    <UnitTestResult executionId="6185793c-090c-4930-970c-b07907cf4464" testId="462dec4c-3a33-b570-c645-eceaf827ac58" testName="RSql4Net.Tests.Models.Queries.ComparisonInt32ExpressionTest.ShouldThrowInvalidConversionException" computerName="macbook-pro-de-gwendall" duration="00:00:00.0007459" startTime="2023-03-18T17:40:08.0839330+01:00" endTime="2023-03-18T17:40:08.0839330+01:00" testType="13cdc9d9-ddb5-4fa4-a97d-d965ccfc6d4b" outcome="Passed" testListId="8c84fa94-04c1-424b-9868-57a2d4851a1d" relativeResultsDirectory="6185793c-090c-4930-970c-b07907cf4464" />
    <UnitTestResult executionId="b3fbcb3e-c3be-480f-b969-0f82ff848293" testId="ee9ca101-fc59-bd6e-e412-f9346355ac9a" testName="RSql4Net.Tests.Models.Queries.ComparisonByteExpressionTest.ShouldBeNotEquals" computerName="macbook-pro-de-gwendall" duration="00:00:00.0013574" startTime="2023-03-18T17:40:08.2600840+01:00" endTime="2023-03-18T17:40:08.2600840+01:00" testType="13cdc9d9-ddb5-4fa4-a97d-d965ccfc6d4b" outcome="Passed" testListId="8c84fa94-04c1-424b-9868-57a2d4851a1d" relativeResultsDirectory="b3fbcb3e-c3be-480f-b969-0f82ff848293" />
    <UnitTestResult executionId="2d245702-aeff-4ac2-9339-cbdaf2f8f289" testId="68b75c99-dac3-a5fc-e529-c42237fc36b3" testName="RSql4Net.Tests.Models.Queries.ComparisonDoubleExpressionTest.ShouldBeGreaterThanOrEqualsWithNullable" computerName="macbook-pro-de-gwendall" duration="00:00:00.0025890" startTime="2023-03-18T17:40:08.2127900+01:00" endTime="2023-03-18T17:40:08.2127900+01:00" testType="13cdc9d9-ddb5-4fa4-a97d-d965ccfc6d4b" outcome="Passed" testListId="8c84fa94-04c1-424b-9868-57a2d4851a1d" relativeResultsDirectory="2d245702-aeff-4ac2-9339-cbdaf2f8f289" />
    <UnitTestResult executionId="23fad88d-a5f7-4f5b-8456-f2e896c85662" testId="6c88b7ea-b888-37ff-67af-0a68235ae716" testName="RSql4Net.Tests.Models.Queries.QueryableExtensionsTests.ShouldBeThrowArgumentNullException" computerName="macbook-pro-de-gwendall" duration="00:00:00.0029001" startTime="2023-03-18T17:40:08.1899370+01:00" endTime="2023-03-18T17:40:08.1899370+01:00" testType="13cdc9d9-ddb5-4fa4-a97d-d965ccfc6d4b" outcome="Passed" testListId="8c84fa94-04c1-424b-9868-57a2d4851a1d" relativeResultsDirectory="23fad88d-a5f7-4f5b-8456-f2e896c85662" />
    <UnitTestResult executionId="9988c1e9-65aa-4b0c-a9cd-165ed1196f13" testId="8f60fef4-feed-da59-6bd8-df9b72fe1a7a" testName="RSql4Net.Tests.Models.Queries.ComparisonInt16ExpressionTest.ShouldThrowInvalidConversionException" computerName="macbook-pro-de-gwendall" duration="00:00:00.0423475" startTime="2023-03-18T17:40:08.1556320+01:00" endTime="2023-03-18T17:40:08.1556320+01:00" testType="13cdc9d9-ddb5-4fa4-a97d-d965ccfc6d4b" outcome="Passed" testListId="8c84fa94-04c1-424b-9868-57a2d4851a1d" relativeResultsDirectory="9988c1e9-65aa-4b0c-a9cd-165ed1196f13" />
    <UnitTestResult executionId="7c0356ae-3d1c-4a65-b6b8-d00055e59744" testId="185e763c-3f34-dd08-2fb0-230c3c9dbb2e" testName="RSql4Net.Tests.Models.Queries.ComparisonStringExpressionTest.ShouldBeEqualsEmptySingleQuote" computerName="macbook-pro-de-gwendall" duration="00:00:00.0006807" startTime="2023-03-18T17:40:08.1553940+01:00" endTime="2023-03-18T17:40:08.1553940+01:00" testType="13cdc9d9-ddb5-4fa4-a97d-d965ccfc6d4b" outcome="Passed" testListId="8c84fa94-04c1-424b-9868-57a2d4851a1d" relativeResultsDirectory="7c0356ae-3d1c-4a65-b6b8-d00055e59744" />
    <UnitTestResult executionId="a68c4ef0-0863-4059-886b-7dcdb905517d" testId="23c90cac-45f8-8376-eeb8-e17a2ac37d79" testName="RSql4Net.Tests.Models.Queries.LogicalOperatorTest.OrShouldBeOrExpressionWithGroupTest" computerName="macbook-pro-de-gwendall" duration="00:00:00.0447500" startTime="2023-03-18T17:40:07.5354280+01:00" endTime="2023-03-18T17:40:07.5354280+01:00" testType="13cdc9d9-ddb5-4fa4-a97d-d965ccfc6d4b" outcome="Passed" testListId="8c84fa94-04c1-424b-9868-57a2d4851a1d" relativeResultsDirectory="a68c4ef0-0863-4059-886b-7dcdb905517d" />
    <UnitTestResult executionId="61b5b790-fac2-4a75-a4ce-141cdfcd988a" testId="bd375c65-c285-6709-86c8-8d22133754ce" testName="RSql4Net.Tests.Models.Queries.ComparisonInt16ExpressionTest.ShouldBeLowerThanWithNullable" computerName="macbook-pro-de-gwendall" duration="00:00:00.0167121" startTime="2023-03-18T17:40:08.2057800+01:00" endTime="2023-03-18T17:40:08.2057800+01:00" testType="13cdc9d9-ddb5-4fa4-a97d-d965ccfc6d4b" outcome="Passed" testListId="8c84fa94-04c1-424b-9868-57a2d4851a1d" relativeResultsDirectory="61b5b790-fac2-4a75-a4ce-141cdfcd988a" />
    <UnitTestResult executionId="c880a588-e2a8-4e39-992a-a9016b75d4be" testId="6e3bf1cb-e058-191c-13ab-cae699dce81e" testName="RSql4Net.Tests.Models.Queries.ComparisonGuidExpressionTest.ShouldBeEquals" computerName="macbook-pro-de-gwendall" duration="00:00:00.0235545" startTime="2023-03-18T17:40:07.8237010+01:00" endTime="2023-03-18T17:40:07.8237010+01:00" testType="13cdc9d9-ddb5-4fa4-a97d-d965ccfc6d4b" outcome="Passed" testListId="8c84fa94-04c1-424b-9868-57a2d4851a1d" relativeResultsDirectory="c880a588-e2a8-4e39-992a-a9016b75d4be" />
    <UnitTestResult executionId="eb9f3c12-120f-4463-955e-b331aa1fbcbf" testId="a199e3d3-37c4-59ab-f42b-70300241cadc" testName="RSql4Net.Tests.Models.Queries.ComparisonDoubleExpressionTest.ShouldBeIn" computerName="macbook-pro-de-gwendall" duration="00:00:00.0015197" startTime="2023-03-18T17:40:08.2972440+01:00" endTime="2023-03-18T17:40:08.2972440+01:00" testType="13cdc9d9-ddb5-4fa4-a97d-d965ccfc6d4b" outcome="Passed" testListId="8c84fa94-04c1-424b-9868-57a2d4851a1d" relativeResultsDirectory="eb9f3c12-120f-4463-955e-b331aa1fbcbf" />
    <UnitTestResult executionId="df214bf2-0f8f-4b51-8a2a-da656971b42d" testId="da6cd655-47d7-868f-5a09-0cfc18371346" testName="RSql4Net.Tests.Models.Queries.ComparisonGuidExpressionTest.ShouldThrowExceptionGreaterThanOrEquals" computerName="macbook-pro-de-gwendall" duration="00:00:00.0014464" startTime="2023-03-18T17:40:07.8321950+01:00" endTime="2023-03-18T17:40:07.8321950+01:00" testType="13cdc9d9-ddb5-4fa4-a97d-d965ccfc6d4b" outcome="Passed" testListId="8c84fa94-04c1-424b-9868-57a2d4851a1d" relativeResultsDirectory="df214bf2-0f8f-4b51-8a2a-da656971b42d" />
    <UnitTestResult executionId="cafd610b-39eb-49c7-b6d8-ac4ec12c1287" testId="9c34f19c-a78d-e718-8670-920d606c5d71" testName="RSql4Net.Tests.Models.Queries.ComparisonDateTimeExpressionTest.ShouldBeLowerThanOrEquals" computerName="macbook-pro-de-gwendall" duration="00:00:00.0041223" startTime="2023-03-18T17:40:07.8845610+01:00" endTime="2023-03-18T17:40:07.8845610+01:00" testType="13cdc9d9-ddb5-4fa4-a97d-d965ccfc6d4b" outcome="Passed" testListId="8c84fa94-04c1-424b-9868-57a2d4851a1d" relativeResultsDirectory="cafd610b-39eb-49c7-b6d8-ac4ec12c1287" />
    <UnitTestResult executionId="be81e352-a1c3-4359-a191-472b9fb1c16d" testId="fa488c5f-fab5-f09b-e2a0-9a4880752228" testName="RSql4Net.Tests.Models.Queries.ComparisonByteExpressionTest.ShouldBeLowerThanWithNullable" computerName="macbook-pro-de-gwendall" duration="00:00:00.0022987" startTime="2023-03-18T17:40:08.3189070+01:00" endTime="2023-03-18T17:40:08.3189070+01:00" testType="13cdc9d9-ddb5-4fa4-a97d-d965ccfc6d4b" outcome="Passed" testListId="8c84fa94-04c1-424b-9868-57a2d4851a1d" relativeResultsDirectory="be81e352-a1c3-4359-a191-472b9fb1c16d" />
    <UnitTestResult executionId="fe2a7602-fd56-48fa-b354-9e94087ae285" testId="1f9697af-0d69-849e-0f98-c972cd0fddb8" testName="RSql4Net.Tests.Models.Queries.ComparisonFloatExpressionTest.ShouldBeLowerThanOrEquals" computerName="macbook-pro-de-gwendall" duration="00:00:00.0220289" startTime="2023-03-18T17:40:08.2742470+01:00" endTime="2023-03-18T17:40:08.2742470+01:00" testType="13cdc9d9-ddb5-4fa4-a97d-d965ccfc6d4b" outcome="Passed" testListId="8c84fa94-04c1-424b-9868-57a2d4851a1d" relativeResultsDirectory="fe2a7602-fd56-48fa-b354-9e94087ae285" />
    <UnitTestResult executionId="c4933257-737f-4d25-886d-ade05257a677" testId="0f20a65a-999f-dcdb-dbc8-5fcb78ce746f" testName="RSql4Net.Tests.Models.Queries.ComparisonFloatExpressionTest.ShouldBeGreaterThanWithNullable" computerName="macbook-pro-de-gwendall" duration="00:00:00.0296954" startTime="2023-03-18T17:40:08.2407700+01:00" endTime="2023-03-18T17:40:08.2407700+01:00" testType="13cdc9d9-ddb5-4fa4-a97d-d965ccfc6d4b" outcome="Passed" testListId="8c84fa94-04c1-424b-9868-57a2d4851a1d" relativeResultsDirectory="c4933257-737f-4d25-886d-ade05257a677" />
    <UnitTestResult executionId="320d9958-12e6-4644-b0c3-527361476848" testId="0fd1e8d4-6d76-262b-1e0f-4388783d56d8" testName="RSql4Net.Tests.Models.Queries.ComparisonCharExpressionTest.ShouldBeEqualsWithNullable" computerName="macbook-pro-de-gwendall" duration="00:00:00.0142682" startTime="2023-03-18T17:40:07.6659040+01:00" endTime="2023-03-18T17:40:07.6659040+01:00" testType="13cdc9d9-ddb5-4fa4-a97d-d965ccfc6d4b" outcome="Passed" testListId="8c84fa94-04c1-424b-9868-57a2d4851a1d" relativeResultsDirectory="320d9958-12e6-4644-b0c3-527361476848" />
    <UnitTestResult executionId="6e4eab5a-2538-4814-8f4a-fc8163de4041" testId="16af025c-999f-4b3e-e269-4dacccc018ad" testName="RSql4Net.Tests.Models.Queries.ComparisonFloatExpressionTest.ShouldBeLowerThanWithNullable" computerName="macbook-pro-de-gwendall" duration="00:00:00.0037070" startTime="2023-03-18T17:40:08.1924070+01:00" endTime="2023-03-18T17:40:08.1924070+01:00" testType="13cdc9d9-ddb5-4fa4-a97d-d965ccfc6d4b" outcome="Passed" testListId="8c84fa94-04c1-424b-9868-57a2d4851a1d" relativeResultsDirectory="6e4eab5a-2538-4814-8f4a-fc8163de4041" />
    <UnitTestResult executionId="a33d6ca8-4491-48a7-ae85-167c59a61ba0" testId="476e636f-af85-f0a7-ce68-221d8bd3d711" testName="RSql4Net.Tests.Models.Queries.ComparisonCharExpressionTest.ShouldBeGreaterThanWithNullable" computerName="macbook-pro-de-gwendall" duration="00:00:00.0121739" startTime="2023-03-18T17:40:07.6519070+01:00" endTime="2023-03-18T17:40:07.6519070+01:00" testType="13cdc9d9-ddb5-4fa4-a97d-d965ccfc6d4b" outcome="Passed" testListId="8c84fa94-04c1-424b-9868-57a2d4851a1d" relativeResultsDirectory="a33d6ca8-4491-48a7-ae85-167c59a61ba0" />
    <UnitTestResult executionId="84c701de-6d5b-4f70-a129-fea9057ec109" testId="51426835-a488-79ce-9060-c68af6406338" testName="RSql4Net.Tests.Models.Queries.ComparisonDecimalExpressionTest.ShouldBeEquals" computerName="macbook-pro-de-gwendall" duration="00:00:00.0053548" startTime="2023-03-18T17:40:07.7018470+01:00" endTime="2023-03-18T17:40:07.7018470+01:00" testType="13cdc9d9-ddb5-4fa4-a97d-d965ccfc6d4b" outcome="Passed" testListId="8c84fa94-04c1-424b-9868-57a2d4851a1d" relativeResultsDirectory="84c701de-6d5b-4f70-a129-fea9057ec109" />
    <UnitTestResult executionId="1097cf1c-a516-4083-96b2-de0faf91e39f" testId="96da3c0b-8632-de07-4fd1-51a5cebc16fa" testName="RSql4Net.Tests.Models.Paging.PageableModelBinderTest.ShouldBeValidPageSize" computerName="macbook-pro-de-gwendall" duration="00:00:00.0004558" startTime="2023-03-18T17:40:07.9816940+01:00" endTime="2023-03-18T17:40:07.9816940+01:00" testType="13cdc9d9-ddb5-4fa4-a97d-d965ccfc6d4b" outcome="Passed" testListId="8c84fa94-04c1-424b-9868-57a2d4851a1d" relativeResultsDirectory="1097cf1c-a516-4083-96b2-de0faf91e39f" />
    <UnitTestResult executionId="2f1d7392-ea88-4fc6-9ee5-1a73994579e3" testId="ccb6b5c5-305c-cac2-dd89-fdf457a75195" testName="RSql4Net.Tests.Models.Queries.ComparisonByteExpressionTest.ShouldBeEquals" computerName="macbook-pro-de-gwendall" duration="00:00:00.0248917" startTime="2023-03-18T17:40:08.3075490+01:00" endTime="2023-03-18T17:40:08.3075490+01:00" testType="13cdc9d9-ddb5-4fa4-a97d-d965ccfc6d4b" outcome="Passed" testListId="8c84fa94-04c1-424b-9868-57a2d4851a1d" relativeResultsDirectory="2f1d7392-ea88-4fc6-9ee5-1a73994579e3" />
    <UnitTestResult executionId="e38405de-0d64-4b01-8414-a755869d3f7d" testId="a65f31b0-a24d-7de5-1705-201d3c368a90" testName="RSql4Net.Tests.Models.Queries.ComparisonDecimalExpressionTest.ShouldBeGreaterThanOrEquals" computerName="macbook-pro-de-gwendall" duration="00:00:00.0396081" startTime="2023-03-18T17:40:07.5635350+01:00" endTime="2023-03-18T17:40:07.5635350+01:00" testType="13cdc9d9-ddb5-4fa4-a97d-d965ccfc6d4b" outcome="Passed" testListId="8c84fa94-04c1-424b-9868-57a2d4851a1d" relativeResultsDirectory="e38405de-0d64-4b01-8414-a755869d3f7d" />
    <UnitTestResult executionId="16437268-9d7f-4d2e-9ddb-4cc0d3fd91c6" testId="fdcc3b04-660b-d514-14e7-76bde633f941" testName="RSql4Net.Tests.Configuration.SettingsBuilderTest.ShouldBeCustomValidBuilder" computerName="macbook-pro-de-gwendall" duration="00:00:00.0006384" startTime="2023-03-18T17:40:08.0859450+01:00" endTime="2023-03-18T17:40:08.0859450+01:00" testType="13cdc9d9-ddb5-4fa4-a97d-d965ccfc6d4b" outcome="Passed" testListId="8c84fa94-04c1-424b-9868-57a2d4851a1d" relativeResultsDirectory="16437268-9d7f-4d2e-9ddb-4cc0d3fd91c6" />
  </Results>
  <TestDefinitions>
    <UnitTest name="RSql4Net.Tests.Models.Paging.PageTest.ShouldBeWithHasContentAndIsLastPage" storage="/users/gwendallgarnier/projects/personal/dotnet/rsql4net/src/rsql4net.tests/bin/debug/net6.0/rsql4net.tests.dll" id="830a02d3-97a5-6ffe-c807-bbb830d67736">
      <Execution id="bc7f0d68-2ed3-44d4-bf80-378f5deb20f7" />
      <TestMethod codeBase="/Users/gwendallgarnier/Projects/Personal/dotnet/rsql4net/src/RSql4Net.Tests/bin/Debug/net6.0/RSql4Net.Tests.dll" adapterTypeName="executor://xunit/VsTestRunner2/netcoreapp" className="RSql4Net.Tests.Models.Paging.PageTest" name="ShouldBeWithHasContentAndIsLastPage" />
    </UnitTest>
    <UnitTest name="RSql4Net.Tests.Models.Queries.QueryableExtensionsTests.ShouldBePageWithNoSort" storage="/users/gwendallgarnier/projects/personal/dotnet/rsql4net/src/rsql4net.tests/bin/debug/net6.0/rsql4net.tests.dll" id="bfb9be75-e156-c728-d055-d143fb035539">
      <Execution id="cabd94d4-f2b9-4838-b0c0-5851d4c6cf20" />
      <TestMethod codeBase="/Users/gwendallgarnier/Projects/Personal/dotnet/rsql4net/src/RSql4Net.Tests/bin/Debug/net6.0/RSql4Net.Tests.dll" adapterTypeName="executor://xunit/VsTestRunner2/netcoreapp" className="RSql4Net.Tests.Models.Queries.QueryableExtensionsTests" name="ShouldBePageWithNoSort" />
    </UnitTest>
    <UnitTest name="RSql4Net.Tests.Models.Queries.ComparisonInt16ExpressionTest.ShouldBeEqualsWithNullable" storage="/users/gwendallgarnier/projects/personal/dotnet/rsql4net/src/rsql4net.tests/bin/debug/net6.0/rsql4net.tests.dll" id="e686199e-af25-de96-58f0-5651a7d51bf8">
      <Execution id="ce5c5ea6-ce00-41e8-9ed4-4173272701c0" />
      <TestMethod codeBase="/Users/gwendallgarnier/Projects/Personal/dotnet/rsql4net/src/RSql4Net.Tests/bin/Debug/net6.0/RSql4Net.Tests.dll" adapterTypeName="executor://xunit/VsTestRunner2/netcoreapp" className="RSql4Net.Tests.Models.Queries.ComparisonInt16ExpressionTest" name="ShouldBeEqualsWithNullable" />
    </UnitTest>
    <UnitTest name="RSql4Net.Tests.Models.Queries.ComparisonGuidExpressionTest.ShouldBeEquals" storage="/users/gwendallgarnier/projects/personal/dotnet/rsql4net/src/rsql4net.tests/bin/debug/net6.0/rsql4net.tests.dll" id="6e3bf1cb-e058-191c-13ab-cae699dce81e">
      <Execution id="c880a588-e2a8-4e39-992a-a9016b75d4be" />
      <TestMethod codeBase="/Users/gwendallgarnier/Projects/Personal/dotnet/rsql4net/src/RSql4Net.Tests/bin/Debug/net6.0/RSql4Net.Tests.dll" adapterTypeName="executor://xunit/VsTestRunner2/netcoreapp" className="RSql4Net.Tests.Models.Queries.ComparisonGuidExpressionTest" name="ShouldBeEquals" />
    </UnitTest>
    <UnitTest name="RSql4Net.Tests.Models.Queries.ComparisonEnumExpressionTest.ShouldBeIn" storage="/users/gwendallgarnier/projects/personal/dotnet/rsql4net/src/rsql4net.tests/bin/debug/net6.0/rsql4net.tests.dll" id="e96d5a4e-3361-11a8-df54-2cbff1fab841">
      <Execution id="eb34256f-a54e-40c7-9162-a3235b52b6bb" />
      <TestMethod codeBase="/Users/gwendallgarnier/Projects/Personal/dotnet/rsql4net/src/RSql4Net.Tests/bin/Debug/net6.0/RSql4Net.Tests.dll" adapterTypeName="executor://xunit/VsTestRunner2/netcoreapp" className="RSql4Net.Tests.Models.Queries.ComparisonEnumExpressionTest" name="ShouldBeIn" />
    </UnitTest>
    <UnitTest name="RSql4Net.Tests.Models.Queries.ComparisonInt64ExpressionTest.ShouldBeNotInNullable" storage="/users/gwendallgarnier/projects/personal/dotnet/rsql4net/src/rsql4net.tests/bin/debug/net6.0/rsql4net.tests.dll" id="ebff0beb-a7c1-1495-2b06-d10172550912">
      <Execution id="959057fe-70bf-4acd-8e59-45eb13b1ff58" />
      <TestMethod codeBase="/Users/gwendallgarnier/Projects/Personal/dotnet/rsql4net/src/RSql4Net.Tests/bin/Debug/net6.0/RSql4Net.Tests.dll" adapterTypeName="executor://xunit/VsTestRunner2/netcoreapp" className="RSql4Net.Tests.Models.Queries.ComparisonInt64ExpressionTest" name="ShouldBeNotInNullable" />
    </UnitTest>
    <UnitTest name="RSql4Net.Tests.ServiceCollectionExtensionsTest.ShouldBeWithArgumentNullException" storage="/users/gwendallgarnier/projects/personal/dotnet/rsql4net/src/rsql4net.tests/bin/debug/net6.0/rsql4net.tests.dll" id="8890594f-fd51-ad21-070c-880fa91560f7">
      <Execution id="8207375e-74ea-4631-a2fa-d045bbf7b95d" />
      <TestMethod codeBase="/Users/gwendallgarnier/Projects/Personal/dotnet/rsql4net/src/RSql4Net.Tests/bin/Debug/net6.0/RSql4Net.Tests.dll" adapterTypeName="executor://xunit/VsTestRunner2/netcoreapp" className="RSql4Net.Tests.ServiceCollectionExtensionsTest" name="ShouldBeWithArgumentNullException" />
    </UnitTest>
    <UnitTest name="RSql4Net.Tests.Models.Queries.ComparisonDateTimeOffsetExpressionTest.ShouldBeEquals" storage="/users/gwendallgarnier/projects/personal/dotnet/rsql4net/src/rsql4net.tests/bin/debug/net6.0/rsql4net.tests.dll" id="ac3ecf25-cf10-70d8-1db3-1bbf623e0cc1">
      <Execution id="397f567d-a855-48ec-a9a5-852c8cd1d30f" />
      <TestMethod codeBase="/Users/gwendallgarnier/Projects/Personal/dotnet/rsql4net/src/RSql4Net.Tests/bin/Debug/net6.0/RSql4Net.Tests.dll" adapterTypeName="executor://xunit/VsTestRunner2/netcoreapp" className="RSql4Net.Tests.Models.Queries.ComparisonDateTimeOffsetExpressionTest" name="ShouldBeEquals" />
    </UnitTest>
    <UnitTest name="RSql4Net.Tests.Models.Queries.ComparisonFloatExpressionTest.ShouldBeGreaterThan" storage="/users/gwendallgarnier/projects/personal/dotnet/rsql4net/src/rsql4net.tests/bin/debug/net6.0/rsql4net.tests.dll" id="ae9e993c-4e65-e306-7e2d-1968638db56a">
      <Execution id="6af758cd-105a-486c-8716-6013c368a586" />
      <TestMethod codeBase="/Users/gwendallgarnier/Projects/Personal/dotnet/rsql4net/src/RSql4Net.Tests/bin/Debug/net6.0/RSql4Net.Tests.dll" adapterTypeName="executor://xunit/VsTestRunner2/netcoreapp" className="RSql4Net.Tests.Models.Queries.ComparisonFloatExpressionTest" name="ShouldBeGreaterThan" />
    </UnitTest>
    <UnitTest name="RSql4Net.Tests.Models.Paging.PageableModelBinderTest.ShouldBeThrowArgumentNullException" storage="/users/gwendallgarnier/projects/personal/dotnet/rsql4net/src/rsql4net.tests/bin/debug/net6.0/rsql4net.tests.dll" id="ce9307b3-6db3-89f6-7b25-49c11e5dd57d">
      <Execution id="968cace7-fc2f-4470-baeb-861f64e916b8" />
      <TestMethod codeBase="/Users/gwendallgarnier/Projects/Personal/dotnet/rsql4net/src/RSql4Net.Tests/bin/Debug/net6.0/RSql4Net.Tests.dll" adapterTypeName="executor://xunit/VsTestRunner2/netcoreapp" className="RSql4Net.Tests.Models.Paging.PageableModelBinderTest" name="ShouldBeThrowArgumentNullException" />
    </UnitTest>
    <UnitTest name="RSql4Net.Tests.Models.Queries.ComparisonInt32ExpressionTest.ShouldBeGreaterThanOrEquals" storage="/users/gwendallgarnier/projects/personal/dotnet/rsql4net/src/rsql4net.tests/bin/debug/net6.0/rsql4net.tests.dll" id="f4d3cb2f-9601-1ad6-0c09-e4cec65340c9">
      <Execution id="47de02e2-f87e-4307-9956-461c3fe68842" />
      <TestMethod codeBase="/Users/gwendallgarnier/Projects/Personal/dotnet/rsql4net/src/RSql4Net.Tests/bin/Debug/net6.0/RSql4Net.Tests.dll" adapterTypeName="executor://xunit/VsTestRunner2/netcoreapp" className="RSql4Net.Tests.Models.Queries.ComparisonInt32ExpressionTest" name="ShouldBeGreaterThanOrEquals" />
    </UnitTest>
    <UnitTest name="RSql4Net.Tests.Models.Queries.ComparisonDecimalExpressionTest.ShouldBeInNullable" storage="/users/gwendallgarnier/projects/personal/dotnet/rsql4net/src/rsql4net.tests/bin/debug/net6.0/rsql4net.tests.dll" id="f96e18f0-2e54-c873-19d3-b95208f43201">
      <Execution id="0a4dec37-2f7e-4fda-a084-b35f867fd0f1" />
      <TestMethod codeBase="/Users/gwendallgarnier/Projects/Personal/dotnet/rsql4net/src/RSql4Net.Tests/bin/Debug/net6.0/RSql4Net.Tests.dll" adapterTypeName="executor://xunit/VsTestRunner2/netcoreapp" className="RSql4Net.Tests.Models.Queries.ComparisonDecimalExpressionTest" name="ShouldBeInNullable" />
    </UnitTest>
    <UnitTest name="RSql4Net.Tests.Models.Queries.ComparisonInt64ExpressionTest.ShouldBeNotEqualsWithNullable" storage="/users/gwendallgarnier/projects/personal/dotnet/rsql4net/src/rsql4net.tests/bin/debug/net6.0/rsql4net.tests.dll" id="03e49b07-f185-c2c7-acb9-eb9f55386a08">
      <Execution id="30e06ad0-2c7a-412f-a2b0-9e458e252dd8" />
      <TestMethod codeBase="/Users/gwendallgarnier/Projects/Personal/dotnet/rsql4net/src/RSql4Net.Tests/bin/Debug/net6.0/RSql4Net.Tests.dll" adapterTypeName="executor://xunit/VsTestRunner2/netcoreapp" className="RSql4Net.Tests.Models.Queries.ComparisonInt64ExpressionTest" name="ShouldBeNotEqualsWithNullable" />
    </UnitTest>
    <UnitTest name="RSql4Net.Tests.Models.Queries.LogicalOperatorTest.ShouldBeOrExpression" storage="/users/gwendallgarnier/projects/personal/dotnet/rsql4net/src/rsql4net.tests/bin/debug/net6.0/rsql4net.tests.dll" id="660195f8-76f9-2dcf-c39d-b924c33dfabf">
      <Execution id="a24209a5-f1b2-46c8-8e4a-121b123a8bab" />
      <TestMethod codeBase="/Users/gwendallgarnier/Projects/Personal/dotnet/rsql4net/src/RSql4Net.Tests/bin/Debug/net6.0/RSql4Net.Tests.dll" adapterTypeName="executor://xunit/VsTestRunner2/netcoreapp" className="RSql4Net.Tests.Models.Queries.LogicalOperatorTest" name="ShouldBeOrExpression" />
    </UnitTest>
    <UnitTest name="RSql4Net.Tests.Models.Queries.ComparisonByteExpressionTest.ShouldBeGreaterThan" storage="/users/gwendallgarnier/projects/personal/dotnet/rsql4net/src/rsql4net.tests/bin/debug/net6.0/rsql4net.tests.dll" id="affab33f-cfd0-37c9-57a5-5464fa77ccd8">
      <Execution id="38686ff9-3c15-4a7b-832b-bd0da79c9a1e" />
      <TestMethod codeBase="/Users/gwendallgarnier/Projects/Personal/dotnet/rsql4net/src/RSql4Net.Tests/bin/Debug/net6.0/RSql4Net.Tests.dll" adapterTypeName="executor://xunit/VsTestRunner2/netcoreapp" className="RSql4Net.Tests.Models.Queries.ComparisonByteExpressionTest" name="ShouldBeGreaterThan" />
    </UnitTest>
    <UnitTest name="RSql4Net.Tests.Models.Queries.RSqlQueryExpressionHelperTest.ShouldBeGetEqExpressionThrowComparisonInvalidComparatorSelectionExceptionTest" storage="/users/gwendallgarnier/projects/personal/dotnet/rsql4net/src/rsql4net.tests/bin/debug/net6.0/rsql4net.tests.dll" id="bc7ea639-d5c1-e4a7-5b36-65f340ce556e">
      <Execution id="57d015f1-600e-4adc-92e0-fad3e523abee" />
      <TestMethod codeBase="/Users/gwendallgarnier/Projects/Personal/dotnet/rsql4net/src/RSql4Net.Tests/bin/Debug/net6.0/RSql4Net.Tests.dll" adapterTypeName="executor://xunit/VsTestRunner2/netcoreapp" className="RSql4Net.Tests.Models.Queries.RSqlQueryExpressionHelperTest" name="ShouldBeGetEqExpressionThrowComparisonInvalidComparatorSelectionExceptionTest" />
    </UnitTest>
    <UnitTest name="RSql4Net.Tests.Models.Paging.Exceptions.OutOfRangePageNumberExceptionTest.ShouldBeOutOfRangePageNumberException" storage="/users/gwendallgarnier/projects/personal/dotnet/rsql4net/src/rsql4net.tests/bin/debug/net6.0/rsql4net.tests.dll" id="0ef5e003-5932-1c65-e16a-5acde530f66c">
      <Execution id="c1890601-09ba-4aad-989c-d6aa3c2f3121" />
      <TestMethod codeBase="/Users/gwendallgarnier/Projects/Personal/dotnet/rsql4net/src/RSql4Net.Tests/bin/Debug/net6.0/RSql4Net.Tests.dll" adapterTypeName="executor://xunit/VsTestRunner2/netcoreapp" className="RSql4Net.Tests.Models.Paging.Exceptions.OutOfRangePageNumberExceptionTest" name="ShouldBeOutOfRangePageNumberException" />
    </UnitTest>
    <UnitTest name="RSql4Net.Tests.Models.Queries.ComparisonGuidExpressionTest.ShouldBeNotEquals" storage="/users/gwendallgarnier/projects/personal/dotnet/rsql4net/src/rsql4net.tests/bin/debug/net6.0/rsql4net.tests.dll" id="4a216f16-6292-7abe-926e-9d0f7cd2078c">
      <Execution id="25a9a186-7b7b-42e3-a23b-3dc5b56a06c5" />
      <TestMethod codeBase="/Users/gwendallgarnier/Projects/Personal/dotnet/rsql4net/src/RSql4Net.Tests/bin/Debug/net6.0/RSql4Net.Tests.dll" adapterTypeName="executor://xunit/VsTestRunner2/netcoreapp" className="RSql4Net.Tests.Models.Queries.ComparisonGuidExpressionTest" name="ShouldBeNotEquals" />
    </UnitTest>
    <UnitTest name="RSql4Net.Tests.Models.Queries.ComparisonCharExpressionTest.ShouldBeEquals" storage="/users/gwendallgarnier/projects/personal/dotnet/rsql4net/src/rsql4net.tests/bin/debug/net6.0/rsql4net.tests.dll" id="9695d684-78e2-873c-1d69-33df199ebc57">
      <Execution id="34890139-9d61-4406-a153-32bbd962a9bc" />
      <TestMethod codeBase="/Users/gwendallgarnier/Projects/Personal/dotnet/rsql4net/src/RSql4Net.Tests/bin/Debug/net6.0/RSql4Net.Tests.dll" adapterTypeName="executor://xunit/VsTestRunner2/netcoreapp" className="RSql4Net.Tests.Models.Queries.ComparisonCharExpressionTest" name="ShouldBeEquals" />
    </UnitTest>
    <UnitTest name="RSql4Net.Tests.Models.Queries.ComparisonDateTimeOffsetExpressionTest.ShouldBeNotEquals" storage="/users/gwendallgarnier/projects/personal/dotnet/rsql4net/src/rsql4net.tests/bin/debug/net6.0/rsql4net.tests.dll" id="6f5ee98f-7f13-b9ed-5de3-72293b2254af">
      <Execution id="d8ab10c8-e564-465d-8a6d-6b2605656a29" />
      <TestMethod codeBase="/Users/gwendallgarnier/Projects/Personal/dotnet/rsql4net/src/RSql4Net.Tests/bin/Debug/net6.0/RSql4Net.Tests.dll" adapterTypeName="executor://xunit/VsTestRunner2/netcoreapp" className="RSql4Net.Tests.Models.Queries.ComparisonDateTimeOffsetExpressionTest" name="ShouldBeNotEquals" />
    </UnitTest>
    <UnitTest name="RSql4Net.Tests.Models.Paging.Exceptions.InvalidPageSizeValueExceptionTest.ShouldBeSerializable" storage="/users/gwendallgarnier/projects/personal/dotnet/rsql4net/src/rsql4net.tests/bin/debug/net6.0/rsql4net.tests.dll" id="db2dc42c-8513-32f0-00d7-7b6ca2ca30b2">
      <Execution id="32aac0a8-51ad-46d5-9ade-7d8bdfeac312" />
      <TestMethod codeBase="/Users/gwendallgarnier/Projects/Personal/dotnet/rsql4net/src/RSql4Net.Tests/bin/Debug/net6.0/RSql4Net.Tests.dll" adapterTypeName="executor://xunit/VsTestRunner2/netcoreapp" className="RSql4Net.Tests.Models.Paging.Exceptions.InvalidPageSizeValueExceptionTest" name="ShouldBeSerializable" />
    </UnitTest>
    <UnitTest name="RSql4Net.Tests.Models.Paging.PageTest.ShouldBeToThrowArgumentNullExceptionWhenSelectorNull" storage="/users/gwendallgarnier/projects/personal/dotnet/rsql4net/src/rsql4net.tests/bin/debug/net6.0/rsql4net.tests.dll" id="72cc9381-a15d-5922-bf27-2d84a5a1ca3f">
      <Execution id="d913d67f-49c5-41e7-871b-ad191317bf22" />
      <TestMethod codeBase="/Users/gwendallgarnier/Projects/Personal/dotnet/rsql4net/src/RSql4Net.Tests/bin/Debug/net6.0/RSql4Net.Tests.dll" adapterTypeName="executor://xunit/VsTestRunner2/netcoreapp" className="RSql4Net.Tests.Models.Paging.PageTest" name="ShouldBeToThrowArgumentNullExceptionWhenSelectorNull" />
    </UnitTest>
    <UnitTest name="RSql4Net.Tests.Models.Queries.ComparisonInt16ExpressionTest.ShouldBeLowerThan" storage="/users/gwendallgarnier/projects/personal/dotnet/rsql4net/src/rsql4net.tests/bin/debug/net6.0/rsql4net.tests.dll" id="2a24ac53-b3f4-bee2-3417-6bf1441aae89">
      <Execution id="fdfea8e3-5313-4abb-bd57-aca5fec01d58" />
      <TestMethod codeBase="/Users/gwendallgarnier/Projects/Personal/dotnet/rsql4net/src/RSql4Net.Tests/bin/Debug/net6.0/RSql4Net.Tests.dll" adapterTypeName="executor://xunit/VsTestRunner2/netcoreapp" className="RSql4Net.Tests.Models.Queries.ComparisonInt16ExpressionTest" name="ShouldBeLowerThan" />
    </UnitTest>
    <UnitTest name="RSql4Net.Tests.Models.Queries.ComparisonInt64ExpressionTest.ShouldBeNotEquals" storage="/users/gwendallgarnier/projects/personal/dotnet/rsql4net/src/rsql4net.tests/bin/debug/net6.0/rsql4net.tests.dll" id="a6e5f062-8922-ab2d-036b-8db1754b9461">
      <Execution id="a8215ffc-bfdd-43fe-95ea-ba3f3e87bcb6" />
      <TestMethod codeBase="/Users/gwendallgarnier/Projects/Personal/dotnet/rsql4net/src/RSql4Net.Tests/bin/Debug/net6.0/RSql4Net.Tests.dll" adapterTypeName="executor://xunit/VsTestRunner2/netcoreapp" className="RSql4Net.Tests.Models.Queries.ComparisonInt64ExpressionTest" name="ShouldBeNotEquals" />
    </UnitTest>
    <UnitTest name="RSql4Net.Tests.Models.Queries.LogicalOperatorTest.AndSimpleTest" storage="/users/gwendallgarnier/projects/personal/dotnet/rsql4net/src/rsql4net.tests/bin/debug/net6.0/rsql4net.tests.dll" id="c7abf1c4-30e3-37a9-deb5-29d7c3f1c999">
      <Execution id="1590b335-342c-4590-aaeb-62983d262ff8" />
      <TestMethod codeBase="/Users/gwendallgarnier/Projects/Personal/dotnet/rsql4net/src/RSql4Net.Tests/bin/Debug/net6.0/RSql4Net.Tests.dll" adapterTypeName="executor://xunit/VsTestRunner2/netcoreapp" className="RSql4Net.Tests.Models.Queries.LogicalOperatorTest" name="AndSimpleTest" />
    </UnitTest>
    <UnitTest name="RSql4Net.Tests.Models.Queries.ComparisonFloatExpressionTest.ShouldBeGreaterThanWithNullable" storage="/users/gwendallgarnier/projects/personal/dotnet/rsql4net/src/rsql4net.tests/bin/debug/net6.0/rsql4net.tests.dll" id="0f20a65a-999f-dcdb-dbc8-5fcb78ce746f">
      <Execution id="c4933257-737f-4d25-886d-ade05257a677" />
      <TestMethod codeBase="/Users/gwendallgarnier/Projects/Personal/dotnet/rsql4net/src/RSql4Net.Tests/bin/Debug/net6.0/RSql4Net.Tests.dll" adapterTypeName="executor://xunit/VsTestRunner2/netcoreapp" className="RSql4Net.Tests.Models.Queries.ComparisonFloatExpressionTest" name="ShouldBeGreaterThanWithNullable" />
    </UnitTest>
    <UnitTest name="RSql4Net.Tests.Models.Queries.ComparisonCharExpressionTest.ShouldThrowInvalidConversionException" storage="/users/gwendallgarnier/projects/personal/dotnet/rsql4net/src/rsql4net.tests/bin/debug/net6.0/rsql4net.tests.dll" id="ff84ba60-73ee-f58e-ff14-f6ff32f00c52">
      <Execution id="9e362736-5e1d-4566-8b4e-b0dbf25c8592" />
      <TestMethod codeBase="/Users/gwendallgarnier/Projects/Personal/dotnet/rsql4net/src/RSql4Net.Tests/bin/Debug/net6.0/RSql4Net.Tests.dll" adapterTypeName="executor://xunit/VsTestRunner2/netcoreapp" className="RSql4Net.Tests.Models.Queries.ComparisonCharExpressionTest" name="ShouldThrowInvalidConversionException" />
    </UnitTest>
    <UnitTest name="RSql4Net.Tests.Models.Queries.QueryModelBinderTest.ShouldBeBindModelWithModelErrorAsyncTest" storage="/users/gwendallgarnier/projects/personal/dotnet/rsql4net/src/rsql4net.tests/bin/debug/net6.0/rsql4net.tests.dll" id="68ecc453-40c4-421d-3d93-7fb988c008e3">
      <Execution id="8070b4d8-720d-4ef2-8e88-cb480ee4743a" />
      <TestMethod codeBase="/Users/gwendallgarnier/Projects/Personal/dotnet/rsql4net/src/RSql4Net.Tests/bin/Debug/net6.0/RSql4Net.Tests.dll" adapterTypeName="executor://xunit/VsTestRunner2/netcoreapp" className="RSql4Net.Tests.Models.Queries.QueryModelBinderTest" name="ShouldBeBindModelWithModelErrorAsyncTest" />
    </UnitTest>
    <UnitTest name="RSql4Net.Tests.Models.Paging.PageableModelBinderTest.ShouldBeBindModelAsyncTest" storage="/users/gwendallgarnier/projects/personal/dotnet/rsql4net/src/rsql4net.tests/bin/debug/net6.0/rsql4net.tests.dll" id="43cd0403-4027-ea62-f879-eadbd24375a3">
      <Execution id="be64805d-9896-4ccf-b90c-bc69f290d117" />
      <TestMethod codeBase="/Users/gwendallgarnier/Projects/Personal/dotnet/rsql4net/src/RSql4Net.Tests/bin/Debug/net6.0/RSql4Net.Tests.dll" adapterTypeName="executor://xunit/VsTestRunner2/netcoreapp" className="RSql4Net.Tests.Models.Paging.PageableModelBinderTest" name="ShouldBeBindModelAsyncTest" />
    </UnitTest>
    <UnitTest name="RSql4Net.Tests.Models.Queries.ComparisonDateTimeExpressionTest.ShouldBeNotEquals" storage="/users/gwendallgarnier/projects/personal/dotnet/rsql4net/src/rsql4net.tests/bin/debug/net6.0/rsql4net.tests.dll" id="afca6f05-923a-0ff7-8f71-b893e5bb8b4a">
      <Execution id="b6b8cb20-da82-40cf-90bf-144aa41d475d" />
      <TestMethod codeBase="/Users/gwendallgarnier/Projects/Personal/dotnet/rsql4net/src/RSql4Net.Tests/bin/Debug/net6.0/RSql4Net.Tests.dll" adapterTypeName="executor://xunit/VsTestRunner2/netcoreapp" className="RSql4Net.Tests.Models.Queries.ComparisonDateTimeExpressionTest" name="ShouldBeNotEquals" />
    </UnitTest>
    <UnitTest name="RSql4Net.Tests.Models.Paging.PageableModelBinderProviderTest.ShouldBeWithClassPageableModelBinder" storage="/users/gwendallgarnier/projects/personal/dotnet/rsql4net/src/rsql4net.tests/bin/debug/net6.0/rsql4net.tests.dll" id="29dc812f-8379-42ae-cc5e-acf89e970461">
      <Execution id="eed2ecaf-0992-49b7-946d-52ce3dc13409" />
      <TestMethod codeBase="/Users/gwendallgarnier/Projects/Personal/dotnet/rsql4net/src/RSql4Net.Tests/bin/Debug/net6.0/RSql4Net.Tests.dll" adapterTypeName="executor://xunit/VsTestRunner2/netcoreapp" className="RSql4Net.Tests.Models.Paging.PageableModelBinderProviderTest" name="ShouldBeWithClassPageableModelBinder" />
    </UnitTest>
    <UnitTest name="RSql4Net.Tests.Models.Queries.ComparisonDoubleExpressionTest.ShouldBeLowerThan" storage="/users/gwendallgarnier/projects/personal/dotnet/rsql4net/src/rsql4net.tests/bin/debug/net6.0/rsql4net.tests.dll" id="981d7c58-258a-a930-2de2-2d02e195dd3e">
      <Execution id="4182f53e-1c7c-428d-b7c5-2ae465fb443f" />
      <TestMethod codeBase="/Users/gwendallgarnier/Projects/Personal/dotnet/rsql4net/src/RSql4Net.Tests/bin/Debug/net6.0/RSql4Net.Tests.dll" adapterTypeName="executor://xunit/VsTestRunner2/netcoreapp" className="RSql4Net.Tests.Models.Queries.ComparisonDoubleExpressionTest" name="ShouldBeLowerThan" />
    </UnitTest>
    <UnitTest name="RSql4Net.Tests.Models.Queries.ComparisonDoubleExpressionTest.ShouldBeGreaterThanOrEquals" storage="/users/gwendallgarnier/projects/personal/dotnet/rsql4net/src/rsql4net.tests/bin/debug/net6.0/rsql4net.tests.dll" id="129d06e2-742c-5893-9551-2da275d202ea">
      <Execution id="b5499510-2ea6-43eb-9e1f-e64498962afb" />
      <TestMethod codeBase="/Users/gwendallgarnier/Projects/Personal/dotnet/rsql4net/src/RSql4Net.Tests/bin/Debug/net6.0/RSql4Net.Tests.dll" adapterTypeName="executor://xunit/VsTestRunner2/netcoreapp" className="RSql4Net.Tests.Models.Queries.ComparisonDoubleExpressionTest" name="ShouldBeGreaterThanOrEquals" />
    </UnitTest>
    <UnitTest name="RSql4Net.Tests.Models.Queries.Exceptions.ComparisonUnknownComparatorExceptionTest.ShouldBeSerializable" storage="/users/gwendallgarnier/projects/personal/dotnet/rsql4net/src/rsql4net.tests/bin/debug/net6.0/rsql4net.tests.dll" id="b54deaba-ab34-1ece-76eb-ba24347a78c0">
      <Execution id="6467ed38-bcab-4c18-8289-4eaf53262686" />
      <TestMethod codeBase="/Users/gwendallgarnier/Projects/Personal/dotnet/rsql4net/src/RSql4Net.Tests/bin/Debug/net6.0/RSql4Net.Tests.dll" adapterTypeName="executor://xunit/VsTestRunner2/netcoreapp" className="RSql4Net.Tests.Models.Queries.Exceptions.ComparisonUnknownComparatorExceptionTest" name="ShouldBeSerializable" />
    </UnitTest>
    <UnitTest name="RSql4Net.Tests.Models.Queries.ComparisonDecimalExpressionTest.ShouldBeNotIn" storage="/users/gwendallgarnier/projects/personal/dotnet/rsql4net/src/rsql4net.tests/bin/debug/net6.0/rsql4net.tests.dll" id="69f16bda-5d44-eaed-df61-05e7d7d753a5">
      <Execution id="b54d9179-39b3-47bb-bd58-ff4ea1d05fd1" />
      <TestMethod codeBase="/Users/gwendallgarnier/Projects/Personal/dotnet/rsql4net/src/RSql4Net.Tests/bin/Debug/net6.0/RSql4Net.Tests.dll" adapterTypeName="executor://xunit/VsTestRunner2/netcoreapp" className="RSql4Net.Tests.Models.Queries.ComparisonDecimalExpressionTest" name="ShouldBeNotIn" />
    </UnitTest>
    <UnitTest name="RSql4Net.Tests.Models.Queries.ComparisonEnumExpressionTest.ShouldBeInNullable" storage="/users/gwendallgarnier/projects/personal/dotnet/rsql4net/src/rsql4net.tests/bin/debug/net6.0/rsql4net.tests.dll" id="678b9c94-9549-543e-a450-92ac90deaa00">
      <Execution id="99770120-5c53-46f9-8253-07ea31931edc" />
      <TestMethod codeBase="/Users/gwendallgarnier/Projects/Personal/dotnet/rsql4net/src/RSql4Net.Tests/bin/Debug/net6.0/RSql4Net.Tests.dll" adapterTypeName="executor://xunit/VsTestRunner2/netcoreapp" className="RSql4Net.Tests.Models.Queries.ComparisonEnumExpressionTest" name="ShouldBeInNullable" />
    </UnitTest>
    <UnitTest name="RSql4Net.Tests.Models.Queries.ComparisonInt64ExpressionTest.ShouldThrowInvalidConversionException" storage="/users/gwendallgarnier/projects/personal/dotnet/rsql4net/src/rsql4net.tests/bin/debug/net6.0/rsql4net.tests.dll" id="223d1f7a-1b5b-28af-08b1-c63b57d6150a">
      <Execution id="20639e7e-e81c-43e1-9728-dbaee35432e7" />
      <TestMethod codeBase="/Users/gwendallgarnier/Projects/Personal/dotnet/rsql4net/src/RSql4Net.Tests/bin/Debug/net6.0/RSql4Net.Tests.dll" adapterTypeName="executor://xunit/VsTestRunner2/netcoreapp" className="RSql4Net.Tests.Models.Queries.ComparisonInt64ExpressionTest" name="ShouldThrowInvalidConversionException" />
    </UnitTest>
    <UnitTest name="RSql4Net.Tests.Models.Paging.Exceptions.UnknownSortExceptionTest.ShouldBeUnknownSortException" storage="/users/gwendallgarnier/projects/personal/dotnet/rsql4net/src/rsql4net.tests/bin/debug/net6.0/rsql4net.tests.dll" id="92197a5b-dab7-7983-6641-48ed629f5e73">
      <Execution id="77d664fd-742d-4b6a-bdf9-d13d80eebfd2" />
      <TestMethod codeBase="/Users/gwendallgarnier/Projects/Personal/dotnet/rsql4net/src/RSql4Net.Tests/bin/Debug/net6.0/RSql4Net.Tests.dll" adapterTypeName="executor://xunit/VsTestRunner2/netcoreapp" className="RSql4Net.Tests.Models.Paging.Exceptions.UnknownSortExceptionTest" name="ShouldBeUnknownSortException" />
    </UnitTest>
    <UnitTest name="RSql4Net.Tests.Models.Queries.ComparisonFloatExpressionTest.ShouldBeGreaterThanOrEqualsWithNullable" storage="/users/gwendallgarnier/projects/personal/dotnet/rsql4net/src/rsql4net.tests/bin/debug/net6.0/rsql4net.tests.dll" id="9716bbbb-31ed-166f-597d-17cab299d937">
      <Execution id="8ad9b281-c56f-462d-9800-f8eeb27c7fe6" />
      <TestMethod codeBase="/Users/gwendallgarnier/Projects/Personal/dotnet/rsql4net/src/RSql4Net.Tests/bin/Debug/net6.0/RSql4Net.Tests.dll" adapterTypeName="executor://xunit/VsTestRunner2/netcoreapp" className="RSql4Net.Tests.Models.Queries.ComparisonFloatExpressionTest" name="ShouldBeGreaterThanOrEqualsWithNullable" />
    </UnitTest>
    <UnitTest name="RSql4Net.Tests.Models.Queries.ComparisonInt64ExpressionTest.ShouldBeLowerThanOrEqualsWithNullable" storage="/users/gwendallgarnier/projects/personal/dotnet/rsql4net/src/rsql4net.tests/bin/debug/net6.0/rsql4net.tests.dll" id="fd4369b9-edc9-c5ac-23a8-69c7d957bba8">
      <Execution id="1b63a93a-e2a5-452c-9fb9-cfa3d8036f95" />
      <TestMethod codeBase="/Users/gwendallgarnier/Projects/Personal/dotnet/rsql4net/src/RSql4Net.Tests/bin/Debug/net6.0/RSql4Net.Tests.dll" adapterTypeName="executor://xunit/VsTestRunner2/netcoreapp" className="RSql4Net.Tests.Models.Queries.ComparisonInt64ExpressionTest" name="ShouldBeLowerThanOrEqualsWithNullable" />
    </UnitTest>
    <UnitTest name="RSql4Net.Tests.Models.Queries.ComparisonInt16ExpressionTest.ShouldBeGreaterThanOrEquals" storage="/users/gwendallgarnier/projects/personal/dotnet/rsql4net/src/rsql4net.tests/bin/debug/net6.0/rsql4net.tests.dll" id="4c7ce7e4-c6be-26f0-1ef7-14ba09da5b5e">
      <Execution id="fb2bb62d-0f05-4326-9749-c670e23bde93" />
      <TestMethod codeBase="/Users/gwendallgarnier/Projects/Personal/dotnet/rsql4net/src/RSql4Net.Tests/bin/Debug/net6.0/RSql4Net.Tests.dll" adapterTypeName="executor://xunit/VsTestRunner2/netcoreapp" className="RSql4Net.Tests.Models.Queries.ComparisonInt16ExpressionTest" name="ShouldBeGreaterThanOrEquals" />
    </UnitTest>
    <UnitTest name="RSql4Net.Tests.Models.Queries.ComparisonStringExpressionTest.ShouldBeEqualsEmptySingleQuote" storage="/users/gwendallgarnier/projects/personal/dotnet/rsql4net/src/rsql4net.tests/bin/debug/net6.0/rsql4net.tests.dll" id="185e763c-3f34-dd08-2fb0-230c3c9dbb2e">
      <Execution id="7c0356ae-3d1c-4a65-b6b8-d00055e59744" />
      <TestMethod codeBase="/Users/gwendallgarnier/Projects/Personal/dotnet/rsql4net/src/RSql4Net.Tests/bin/Debug/net6.0/RSql4Net.Tests.dll" adapterTypeName="executor://xunit/VsTestRunner2/netcoreapp" className="RSql4Net.Tests.Models.Queries.ComparisonStringExpressionTest" name="ShouldBeEqualsEmptySingleQuote" />
    </UnitTest>
    <UnitTest name="RSql4Net.Tests.Models.Queries.ComparisonInt16ExpressionTest.ShouldThrowInvalidConversionException" storage="/users/gwendallgarnier/projects/personal/dotnet/rsql4net/src/rsql4net.tests/bin/debug/net6.0/rsql4net.tests.dll" id="8f60fef4-feed-da59-6bd8-df9b72fe1a7a">
      <Execution id="9988c1e9-65aa-4b0c-a9cd-165ed1196f13" />
      <TestMethod codeBase="/Users/gwendallgarnier/Projects/Personal/dotnet/rsql4net/src/RSql4Net.Tests/bin/Debug/net6.0/RSql4Net.Tests.dll" adapterTypeName="executor://xunit/VsTestRunner2/netcoreapp" className="RSql4Net.Tests.Models.Queries.ComparisonInt16ExpressionTest" name="ShouldThrowInvalidConversionException" />
    </UnitTest>
    <UnitTest name="RSql4Net.Tests.Models.Queries.QueryableExtensionsTests.ShouldBePageWithSortOrderBy" storage="/users/gwendallgarnier/projects/personal/dotnet/rsql4net/src/rsql4net.tests/bin/debug/net6.0/rsql4net.tests.dll" id="735adce3-b0b2-2c8e-4357-26b470213a9c">
      <Execution id="ed1437a5-88e4-4090-afa7-4d4c507911aa" />
      <TestMethod codeBase="/Users/gwendallgarnier/Projects/Personal/dotnet/rsql4net/src/RSql4Net.Tests/bin/Debug/net6.0/RSql4Net.Tests.dll" adapterTypeName="executor://xunit/VsTestRunner2/netcoreapp" className="RSql4Net.Tests.Models.Queries.QueryableExtensionsTests" name="ShouldBePageWithSortOrderBy" />
    </UnitTest>
    <UnitTest name="RSql4Net.Tests.Models.Queries.ComparisonFloatExpressionTest.ShouldBeInNullable" storage="/users/gwendallgarnier/projects/personal/dotnet/rsql4net/src/rsql4net.tests/bin/debug/net6.0/rsql4net.tests.dll" id="a5bc4f80-1210-2039-c3af-ec2f78272e15">
      <Execution id="250a6aab-6c60-48a7-b6d9-e39f85ca33d5" />
      <TestMethod codeBase="/Users/gwendallgarnier/Projects/Personal/dotnet/rsql4net/src/RSql4Net.Tests/bin/Debug/net6.0/RSql4Net.Tests.dll" adapterTypeName="executor://xunit/VsTestRunner2/netcoreapp" className="RSql4Net.Tests.Models.Queries.ComparisonFloatExpressionTest" name="ShouldBeInNullable" />
    </UnitTest>
    <UnitTest name="RSql4Net.Tests.Models.ExpressionValueTest.ShouldBeThrowArgumentNullException" storage="/users/gwendallgarnier/projects/personal/dotnet/rsql4net/src/rsql4net.tests/bin/debug/net6.0/rsql4net.tests.dll" id="c02368e4-4367-c8e4-2b88-09096a1ba2ed">
      <Execution id="cd155c9d-b849-430e-832f-9a212807daa7" />
      <TestMethod codeBase="/Users/gwendallgarnier/Projects/Personal/dotnet/rsql4net/src/RSql4Net.Tests/bin/Debug/net6.0/RSql4Net.Tests.dll" adapterTypeName="executor://xunit/VsTestRunner2/netcoreapp" className="RSql4Net.Tests.Models.ExpressionValueTest" name="ShouldBeThrowArgumentNullException" />
    </UnitTest>
    <UnitTest name="RSql4Net.Tests.Models.Paging.Exceptions.InvalidPageSizeValueExceptionTest.ShouldBeInvalidPageSizeValueException" storage="/users/gwendallgarnier/projects/personal/dotnet/rsql4net/src/rsql4net.tests/bin/debug/net6.0/rsql4net.tests.dll" id="0ca148e7-37bf-37e7-b4ce-63e21a75aaec">
      <Execution id="081b6c16-4816-4c56-b411-87f863d55a82" />
      <TestMethod codeBase="/Users/gwendallgarnier/Projects/Personal/dotnet/rsql4net/src/RSql4Net.Tests/bin/Debug/net6.0/RSql4Net.Tests.dll" adapterTypeName="executor://xunit/VsTestRunner2/netcoreapp" className="RSql4Net.Tests.Models.Paging.Exceptions.InvalidPageSizeValueExceptionTest" name="ShouldBeInvalidPageSizeValueException" />
    </UnitTest>
    <UnitTest name="RSql4Net.Tests.Models.Queries.ComparisonDateTimeExpressionTest.ShouldBeGreaterThanOrEqualsWithNullable" storage="/users/gwendallgarnier/projects/personal/dotnet/rsql4net/src/rsql4net.tests/bin/debug/net6.0/rsql4net.tests.dll" id="c8aecded-d269-11d9-d59d-3fa8b43aea85">
      <Execution id="2d762a06-de6c-4dc9-b3a8-4b3e44217857" />
      <TestMethod codeBase="/Users/gwendallgarnier/Projects/Personal/dotnet/rsql4net/src/RSql4Net.Tests/bin/Debug/net6.0/RSql4Net.Tests.dll" adapterTypeName="executor://xunit/VsTestRunner2/netcoreapp" className="RSql4Net.Tests.Models.Queries.ComparisonDateTimeExpressionTest" name="ShouldBeGreaterThanOrEqualsWithNullable" />
    </UnitTest>
    <UnitTest name="RSql4Net.Tests.Models.Queries.ComparisonInt32ExpressionTest.ShouldBeGreaterThan" storage="/users/gwendallgarnier/projects/personal/dotnet/rsql4net/src/rsql4net.tests/bin/debug/net6.0/rsql4net.tests.dll" id="97e36052-54ed-6133-dca8-6955d99fb298">
      <Execution id="8c36108d-1e96-4e0e-88ea-ad73dcf79d4c" />
      <TestMethod codeBase="/Users/gwendallgarnier/Projects/Personal/dotnet/rsql4net/src/RSql4Net.Tests/bin/Debug/net6.0/RSql4Net.Tests.dll" adapterTypeName="executor://xunit/VsTestRunner2/netcoreapp" className="RSql4Net.Tests.Models.Queries.ComparisonInt32ExpressionTest" name="ShouldBeGreaterThan" />
    </UnitTest>
    <UnitTest name="RSql4Net.Tests.SwaggerGen.RSqlOperationFilterTest.ShouldBeWithQueryParameter" storage="/users/gwendallgarnier/projects/personal/dotnet/rsql4net/src/rsql4net.tests/bin/debug/net6.0/rsql4net.tests.dll" id="b1e2926e-f8f3-82da-2314-c429fe38bdac">
      <Execution id="99b5c750-58af-4145-aac7-a4315ceb4401" />
      <TestMethod codeBase="/Users/gwendallgarnier/Projects/Personal/dotnet/rsql4net/src/RSql4Net.Tests/bin/Debug/net6.0/RSql4Net.Tests.dll" adapterTypeName="executor://xunit/VsTestRunner2/netcoreapp" className="RSql4Net.Tests.SwaggerGen.RSqlOperationFilterTest" name="ShouldBeWithQueryParameter" />
    </UnitTest>
    <UnitTest name="RSql4Net.Tests.Models.Queries.ComparisonDoubleExpressionTest.ShouldBeNotIn" storage="/users/gwendallgarnier/projects/personal/dotnet/rsql4net/src/rsql4net.tests/bin/debug/net6.0/rsql4net.tests.dll" id="bbc673bb-67c2-10e5-4a05-36754f239e52">
      <Execution id="61ca0fc5-7316-432f-821f-7e4c16b65fcf" />
      <TestMethod codeBase="/Users/gwendallgarnier/Projects/Personal/dotnet/rsql4net/src/RSql4Net.Tests/bin/Debug/net6.0/RSql4Net.Tests.dll" adapterTypeName="executor://xunit/VsTestRunner2/netcoreapp" className="RSql4Net.Tests.Models.Queries.ComparisonDoubleExpressionTest" name="ShouldBeNotIn" />
    </UnitTest>
    <UnitTest name="RSql4Net.Tests.Models.Queries.ComparisonByteExpressionTest.ShouldBeNotInNullable" storage="/users/gwendallgarnier/projects/personal/dotnet/rsql4net/src/rsql4net.tests/bin/debug/net6.0/rsql4net.tests.dll" id="8c2b57eb-d0d4-3389-d570-57664b178843">
      <Execution id="b05e02ab-138e-40f3-b878-387e41c5bf56" />
      <TestMethod codeBase="/Users/gwendallgarnier/Projects/Personal/dotnet/rsql4net/src/RSql4Net.Tests/bin/Debug/net6.0/RSql4Net.Tests.dll" adapterTypeName="executor://xunit/VsTestRunner2/netcoreapp" className="RSql4Net.Tests.Models.Queries.ComparisonByteExpressionTest" name="ShouldBeNotInNullable" />
    </UnitTest>
    <UnitTest name="RSql4Net.Tests.Models.Queries.QueryModelBinderTest.ShouldBeThrowArgumentNullException" storage="/users/gwendallgarnier/projects/personal/dotnet/rsql4net/src/rsql4net.tests/bin/debug/net6.0/rsql4net.tests.dll" id="1ec6bda7-9164-577d-9489-e892f81d35ca">
      <Execution id="0dcbd2d1-49c8-4f65-a799-110422ddad09" />
      <TestMethod codeBase="/Users/gwendallgarnier/Projects/Personal/dotnet/rsql4net/src/RSql4Net.Tests/bin/Debug/net6.0/RSql4Net.Tests.dll" adapterTypeName="executor://xunit/VsTestRunner2/netcoreapp" className="RSql4Net.Tests.Models.Queries.QueryModelBinderTest" name="ShouldBeThrowArgumentNullException" />
    </UnitTest>
    <UnitTest name="RSql4Net.Tests.Models.Queries.ComparisonInt32ExpressionTest.ShouldBeInNullable" storage="/users/gwendallgarnier/projects/personal/dotnet/rsql4net/src/rsql4net.tests/bin/debug/net6.0/rsql4net.tests.dll" id="faf7c01a-0cc8-434c-c738-c5f41a339b2f">
      <Execution id="977c4781-209f-4c80-96e9-9fa9123b39df" />
      <TestMethod codeBase="/Users/gwendallgarnier/Projects/Personal/dotnet/rsql4net/src/RSql4Net.Tests/bin/Debug/net6.0/RSql4Net.Tests.dll" adapterTypeName="executor://xunit/VsTestRunner2/netcoreapp" className="RSql4Net.Tests.Models.Queries.ComparisonInt32ExpressionTest" name="ShouldBeInNullable" />
    </UnitTest>
    <UnitTest name="RSql4Net.Tests.Models.Queries.ComparisonByteExpressionTest.ShouldBeGreaterThanWithNullable" storage="/users/gwendallgarnier/projects/personal/dotnet/rsql4net/src/rsql4net.tests/bin/debug/net6.0/rsql4net.tests.dll" id="567d98ba-aaad-f264-f54c-5e980a7a09cc">
      <Execution id="11ddd1f7-3253-4f00-b2d5-d358ef813312" />
      <TestMethod codeBase="/Users/gwendallgarnier/Projects/Personal/dotnet/rsql4net/src/RSql4Net.Tests/bin/Debug/net6.0/RSql4Net.Tests.dll" adapterTypeName="executor://xunit/VsTestRunner2/netcoreapp" className="RSql4Net.Tests.Models.Queries.ComparisonByteExpressionTest" name="ShouldBeGreaterThanWithNullable" />
    </UnitTest>
    <UnitTest name="RSql4Net.Tests.Models.Paging.PageableModelBinderTest.ShouldBeBindModelAsyncWithModelErrorTest" storage="/users/gwendallgarnier/projects/personal/dotnet/rsql4net/src/rsql4net.tests/bin/debug/net6.0/rsql4net.tests.dll" id="a8371b7f-e846-dab2-ff90-5f052d7a1836">
      <Execution id="0cb0b10d-741e-4111-a714-88ee0ce13a86" />
      <TestMethod codeBase="/Users/gwendallgarnier/Projects/Personal/dotnet/rsql4net/src/RSql4Net.Tests/bin/Debug/net6.0/RSql4Net.Tests.dll" adapterTypeName="executor://xunit/VsTestRunner2/netcoreapp" className="RSql4Net.Tests.Models.Paging.PageableModelBinderTest" name="ShouldBeBindModelAsyncWithModelErrorTest" />
    </UnitTest>
    <UnitTest name="RSql4Net.Tests.Models.Queries.ComparisonDoubleExpressionTest.ShouldBeNotInNullable" storage="/users/gwendallgarnier/projects/personal/dotnet/rsql4net/src/rsql4net.tests/bin/debug/net6.0/rsql4net.tests.dll" id="55243e6d-ef3c-b2e6-4c3c-737d2480ccb0">
      <Execution id="2ba70858-c030-4c1c-bd40-67d9e0da3094" />
      <TestMethod codeBase="/Users/gwendallgarnier/Projects/Personal/dotnet/rsql4net/src/RSql4Net.Tests/bin/Debug/net6.0/RSql4Net.Tests.dll" adapterTypeName="executor://xunit/VsTestRunner2/netcoreapp" className="RSql4Net.Tests.Models.Queries.ComparisonDoubleExpressionTest" name="ShouldBeNotInNullable" />
    </UnitTest>
    <UnitTest name="RSql4Net.Tests.Models.Queries.ComparisonDateTimeOffsetExpressionTest.ShouldBeEqualsWithNullable" storage="/users/gwendallgarnier/projects/personal/dotnet/rsql4net/src/rsql4net.tests/bin/debug/net6.0/rsql4net.tests.dll" id="d8ebeac3-0d84-9dca-2a44-c87b2a115079">
      <Execution id="795b1948-db9d-4d70-95ea-b8040226f830" />
      <TestMethod codeBase="/Users/gwendallgarnier/Projects/Personal/dotnet/rsql4net/src/RSql4Net.Tests/bin/Debug/net6.0/RSql4Net.Tests.dll" adapterTypeName="executor://xunit/VsTestRunner2/netcoreapp" className="RSql4Net.Tests.Models.Queries.ComparisonDateTimeOffsetExpressionTest" name="ShouldBeEqualsWithNullable" />
    </UnitTest>
    <UnitTest name="RSql4Net.Tests.Models.Queries.ComparisonDateTimeOffsetExpressionTest.ShouldThrowInvalidConversionException" storage="/users/gwendallgarnier/projects/personal/dotnet/rsql4net/src/rsql4net.tests/bin/debug/net6.0/rsql4net.tests.dll" id="539000c1-50b2-78d9-85ce-c10ec3411f0d">
      <Execution id="9cb3a297-faf3-4da7-b3cb-e5deac396a48" />
      <TestMethod codeBase="/Users/gwendallgarnier/Projects/Personal/dotnet/rsql4net/src/RSql4Net.Tests/bin/Debug/net6.0/RSql4Net.Tests.dll" adapterTypeName="executor://xunit/VsTestRunner2/netcoreapp" className="RSql4Net.Tests.Models.Queries.ComparisonDateTimeOffsetExpressionTest" name="ShouldThrowInvalidConversionException" />
    </UnitTest>
    <UnitTest name="RSql4Net.Tests.Models.Queries.ComparisonInt64ExpressionTest.ShouldBeGreaterThanWithNullable" storage="/users/gwendallgarnier/projects/personal/dotnet/rsql4net/src/rsql4net.tests/bin/debug/net6.0/rsql4net.tests.dll" id="1ac879e9-86e6-128e-2334-d4bc67a12cf5">
      <Execution id="8c62798e-5ca1-40e0-9084-6d80a4a485c9" />
      <TestMethod codeBase="/Users/gwendallgarnier/Projects/Personal/dotnet/rsql4net/src/RSql4Net.Tests/bin/Debug/net6.0/RSql4Net.Tests.dll" adapterTypeName="executor://xunit/VsTestRunner2/netcoreapp" className="RSql4Net.Tests.Models.Queries.ComparisonInt64ExpressionTest" name="ShouldBeGreaterThanWithNullable" />
    </UnitTest>
    <UnitTest name="RSql4Net.Tests.Models.Queries.ComparisonDateTimeExpressionTest.ShouldBeLowerThanOrEqualsWithNullable" storage="/users/gwendallgarnier/projects/personal/dotnet/rsql4net/src/rsql4net.tests/bin/debug/net6.0/rsql4net.tests.dll" id="f2b4e622-5685-5ab3-dd40-9460cbad0e46">
      <Execution id="2d115b5e-2aee-4a95-932a-4d7702c313e8" />
      <TestMethod codeBase="/Users/gwendallgarnier/Projects/Personal/dotnet/rsql4net/src/RSql4Net.Tests/bin/Debug/net6.0/RSql4Net.Tests.dll" adapterTypeName="executor://xunit/VsTestRunner2/netcoreapp" className="RSql4Net.Tests.Models.Queries.ComparisonDateTimeExpressionTest" name="ShouldBeLowerThanOrEqualsWithNullable" />
    </UnitTest>
    <UnitTest name="RSql4Net.Tests.Models.Queries.ComparisonDecimalExpressionTest.ShouldBeGreaterThanOrEquals" storage="/users/gwendallgarnier/projects/personal/dotnet/rsql4net/src/rsql4net.tests/bin/debug/net6.0/rsql4net.tests.dll" id="a65f31b0-a24d-7de5-1705-201d3c368a90">
      <Execution id="e38405de-0d64-4b01-8414-a755869d3f7d" />
      <TestMethod codeBase="/Users/gwendallgarnier/Projects/Personal/dotnet/rsql4net/src/RSql4Net.Tests/bin/Debug/net6.0/RSql4Net.Tests.dll" adapterTypeName="executor://xunit/VsTestRunner2/netcoreapp" className="RSql4Net.Tests.Models.Queries.ComparisonDecimalExpressionTest" name="ShouldBeGreaterThanOrEquals" />
    </UnitTest>
    <UnitTest name="RSql4Net.Tests.Models.Queries.ComparisonFloatExpressionTest.ShouldBeLowerThanWithNullable" storage="/users/gwendallgarnier/projects/personal/dotnet/rsql4net/src/rsql4net.tests/bin/debug/net6.0/rsql4net.tests.dll" id="16af025c-999f-4b3e-e269-4dacccc018ad">
      <Execution id="6e4eab5a-2538-4814-8f4a-fc8163de4041" />
      <TestMethod codeBase="/Users/gwendallgarnier/Projects/Personal/dotnet/rsql4net/src/RSql4Net.Tests/bin/Debug/net6.0/RSql4Net.Tests.dll" adapterTypeName="executor://xunit/VsTestRunner2/netcoreapp" className="RSql4Net.Tests.Models.Queries.ComparisonFloatExpressionTest" name="ShouldBeLowerThanWithNullable" />
    </UnitTest>
    <UnitTest name="RSql4Net.Tests.Models.Queries.ComparisonDateTimeOffsetExpressionTest.ShouldBeGreaterThanWithNullable" storage="/users/gwendallgarnier/projects/personal/dotnet/rsql4net/src/rsql4net.tests/bin/debug/net6.0/rsql4net.tests.dll" id="de47982b-31e1-ef11-a5d8-54f7620bd206">
      <Execution id="443fc326-6ae4-4f9e-80c4-16af6a3a2276" />
      <TestMethod codeBase="/Users/gwendallgarnier/Projects/Personal/dotnet/rsql4net/src/RSql4Net.Tests/bin/Debug/net6.0/RSql4Net.Tests.dll" adapterTypeName="executor://xunit/VsTestRunner2/netcoreapp" className="RSql4Net.Tests.Models.Queries.ComparisonDateTimeOffsetExpressionTest" name="ShouldBeGreaterThanWithNullable" />
    </UnitTest>
    <UnitTest name="RSql4Net.Tests.Models.Queries.ComparisonInt16ExpressionTest.ShouldBeNotInNullable" storage="/users/gwendallgarnier/projects/personal/dotnet/rsql4net/src/rsql4net.tests/bin/debug/net6.0/rsql4net.tests.dll" id="096f10bc-8b78-d872-74d1-e131206915a6">
      <Execution id="de0bad4f-8cf7-422f-b47e-54f6e3e40f0b" />
      <TestMethod codeBase="/Users/gwendallgarnier/Projects/Personal/dotnet/rsql4net/src/RSql4Net.Tests/bin/Debug/net6.0/RSql4Net.Tests.dll" adapterTypeName="executor://xunit/VsTestRunner2/netcoreapp" className="RSql4Net.Tests.Models.Queries.ComparisonInt16ExpressionTest" name="ShouldBeNotInNullable" />
    </UnitTest>
    <UnitTest name="RSql4Net.Tests.Models.Queries.ComparisonInt64ExpressionTest.ShouldBeGreaterThanOrEqualsWithNullable" storage="/users/gwendallgarnier/projects/personal/dotnet/rsql4net/src/rsql4net.tests/bin/debug/net6.0/rsql4net.tests.dll" id="92e5636a-2567-0e25-7b93-7c0d0cc53c3b">
      <Execution id="1fde49d5-cb54-4de9-a4ad-4538045b25bd" />
      <TestMethod codeBase="/Users/gwendallgarnier/Projects/Personal/dotnet/rsql4net/src/RSql4Net.Tests/bin/Debug/net6.0/RSql4Net.Tests.dll" adapterTypeName="executor://xunit/VsTestRunner2/netcoreapp" className="RSql4Net.Tests.Models.Queries.ComparisonInt64ExpressionTest" name="ShouldBeGreaterThanOrEqualsWithNullable" />
    </UnitTest>
    <UnitTest name="RSql4Net.Tests.Configuration.SettingsBuilderTest.ShouldBeOutOfRangePageSizeException" storage="/users/gwendallgarnier/projects/personal/dotnet/rsql4net/src/rsql4net.tests/bin/debug/net6.0/rsql4net.tests.dll" id="24d61a71-241c-e8c7-a5dc-1d39c1c16b22">
      <Execution id="57f04205-d243-4692-ab8d-ed685f0c9c3f" />
      <TestMethod codeBase="/Users/gwendallgarnier/Projects/Personal/dotnet/rsql4net/src/RSql4Net.Tests/bin/Debug/net6.0/RSql4Net.Tests.dll" adapterTypeName="executor://xunit/VsTestRunner2/netcoreapp" className="RSql4Net.Tests.Configuration.SettingsBuilderTest" name="ShouldBeOutOfRangePageSizeException" />
    </UnitTest>
    <UnitTest name="RSql4Net.Tests.Models.Queries.ComparisonDoubleExpressionTest.ShouldBeLowerThanWithNullable" storage="/users/gwendallgarnier/projects/personal/dotnet/rsql4net/src/rsql4net.tests/bin/debug/net6.0/rsql4net.tests.dll" id="3bd12f5e-06c2-8025-0e66-a1ff83463cd1">
      <Execution id="30de2cd6-9a77-4fdd-b7ad-99b45c702fca" />
      <TestMethod codeBase="/Users/gwendallgarnier/Projects/Personal/dotnet/rsql4net/src/RSql4Net.Tests/bin/Debug/net6.0/RSql4Net.Tests.dll" adapterTypeName="executor://xunit/VsTestRunner2/netcoreapp" className="RSql4Net.Tests.Models.Queries.ComparisonDoubleExpressionTest" name="ShouldBeLowerThanWithNullable" />
    </UnitTest>
    <UnitTest name="RSql4Net.Tests.Configuration.SettingsBuilderTest.ShouldBeWithQueryCache" storage="/users/gwendallgarnier/projects/personal/dotnet/rsql4net/src/rsql4net.tests/bin/debug/net6.0/rsql4net.tests.dll" id="4a510927-80a6-ec2e-bec1-7dda78a5e15d">
      <Execution id="c7f245a4-26e0-4d57-a101-83b0819bb85e" />
      <TestMethod codeBase="/Users/gwendallgarnier/Projects/Personal/dotnet/rsql4net/src/RSql4Net.Tests/bin/Debug/net6.0/RSql4Net.Tests.dll" adapterTypeName="executor://xunit/VsTestRunner2/netcoreapp" className="RSql4Net.Tests.Configuration.SettingsBuilderTest" name="ShouldBeWithQueryCache" />
    </UnitTest>
    <UnitTest name="RSql4Net.Tests.Models.Queries.ComparisonStringExpressionTest.ShouldBeEqualsSingleQuote" storage="/users/gwendallgarnier/projects/personal/dotnet/rsql4net/src/rsql4net.tests/bin/debug/net6.0/rsql4net.tests.dll" id="991e2057-fc0d-6e6c-6e4a-f1ff1941da8c">
      <Execution id="7f9ef933-20b9-4022-aa07-59eae5ae3f08" />
      <TestMethod codeBase="/Users/gwendallgarnier/Projects/Personal/dotnet/rsql4net/src/RSql4Net.Tests/bin/Debug/net6.0/RSql4Net.Tests.dll" adapterTypeName="executor://xunit/VsTestRunner2/netcoreapp" className="RSql4Net.Tests.Models.Queries.ComparisonStringExpressionTest" name="ShouldBeEqualsSingleQuote" />
    </UnitTest>
    <UnitTest name="RSql4Net.Tests.Models.Queries.QueryTest.ShouldBeThrowArgumentNullExceptionTest" storage="/users/gwendallgarnier/projects/personal/dotnet/rsql4net/src/rsql4net.tests/bin/debug/net6.0/rsql4net.tests.dll" id="7cc14e72-57ae-a0f0-609e-fa39693ccdaa">
      <Execution id="6dae7378-bf77-4162-bbaf-f83b2ff771ef" />
      <TestMethod codeBase="/Users/gwendallgarnier/Projects/Personal/dotnet/rsql4net/src/RSql4Net.Tests/bin/Debug/net6.0/RSql4Net.Tests.dll" adapterTypeName="executor://xunit/VsTestRunner2/netcoreapp" className="RSql4Net.Tests.Models.Queries.QueryTest" name="ShouldBeThrowArgumentNullExceptionTest" />
    </UnitTest>
    <UnitTest name="RSql4Net.Tests.Models.Paging.PageTest.ShouldBeWithEmptyPage" storage="/users/gwendallgarnier/projects/personal/dotnet/rsql4net/src/rsql4net.tests/bin/debug/net6.0/rsql4net.tests.dll" id="31e9ac34-6605-c9fa-d8c4-c999af4840c0">
      <Execution id="d664d484-2e5d-4c08-8ab4-d5edee85e8b2" />
      <TestMethod codeBase="/Users/gwendallgarnier/Projects/Personal/dotnet/rsql4net/src/RSql4Net.Tests/bin/Debug/net6.0/RSql4Net.Tests.dll" adapterTypeName="executor://xunit/VsTestRunner2/netcoreapp" className="RSql4Net.Tests.Models.Paging.PageTest" name="ShouldBeWithEmptyPage" />
    </UnitTest>
    <UnitTest name="RSql4Net.Tests.Models.Queries.ComparisonCharExpressionTest.ShouldBeLowerThanOrEqualsWithNullable" storage="/users/gwendallgarnier/projects/personal/dotnet/rsql4net/src/rsql4net.tests/bin/debug/net6.0/rsql4net.tests.dll" id="1da85df9-d528-b495-5827-df3e9e0b2702">
      <Execution id="932e0910-638b-4fb7-82b2-0b3eb509cfc0" />
      <TestMethod codeBase="/Users/gwendallgarnier/Projects/Personal/dotnet/rsql4net/src/RSql4Net.Tests/bin/Debug/net6.0/RSql4Net.Tests.dll" adapterTypeName="executor://xunit/VsTestRunner2/netcoreapp" className="RSql4Net.Tests.Models.Queries.ComparisonCharExpressionTest" name="ShouldBeLowerThanOrEqualsWithNullable" />
    </UnitTest>
    <UnitTest name="RSql4Net.Tests.Configuration.SettingsBuilderTest.ShouldBeInvalidFormatFieldNameException" storage="/users/gwendallgarnier/projects/personal/dotnet/rsql4net/src/rsql4net.tests/bin/debug/net6.0/rsql4net.tests.dll" id="6685cdd5-e940-ebd1-654a-12cbba893b07">
      <Execution id="5877ed82-1437-42e2-9a3e-454e8fabc1d7" />
      <TestMethod codeBase="/Users/gwendallgarnier/Projects/Personal/dotnet/rsql4net/src/RSql4Net.Tests/bin/Debug/net6.0/RSql4Net.Tests.dll" adapterTypeName="executor://xunit/VsTestRunner2/netcoreapp" className="RSql4Net.Tests.Configuration.SettingsBuilderTest" name="ShouldBeInvalidFormatFieldNameException" />
    </UnitTest>
    <UnitTest name="RSql4Net.Tests.Models.Queries.ComparisonStringExpressionTest.ShouldBeStartsWith" storage="/users/gwendallgarnier/projects/personal/dotnet/rsql4net/src/rsql4net.tests/bin/debug/net6.0/rsql4net.tests.dll" id="eb3f41cc-8ee0-e795-631e-b01c92d04851">
      <Execution id="aa08cc5c-7a8d-4158-a5b1-2d4055dede47" />
      <TestMethod codeBase="/Users/gwendallgarnier/Projects/Personal/dotnet/rsql4net/src/RSql4Net.Tests/bin/Debug/net6.0/RSql4Net.Tests.dll" adapterTypeName="executor://xunit/VsTestRunner2/netcoreapp" className="RSql4Net.Tests.Models.Queries.ComparisonStringExpressionTest" name="ShouldBeStartsWith" />
    </UnitTest>
    <UnitTest name="RSql4Net.Tests.Models.Queries.ComparisonStringExpressionTest.ShouldThrowExceptionLowerThanOrEquals" storage="/users/gwendallgarnier/projects/personal/dotnet/rsql4net/src/rsql4net.tests/bin/debug/net6.0/rsql4net.tests.dll" id="41d2b2fa-bda3-faef-2f82-d5535b4acb65">
      <Execution id="d48174d8-8190-4eae-a3bd-a8f546b85962" />
      <TestMethod codeBase="/Users/gwendallgarnier/Projects/Personal/dotnet/rsql4net/src/RSql4Net.Tests/bin/Debug/net6.0/RSql4Net.Tests.dll" adapterTypeName="executor://xunit/VsTestRunner2/netcoreapp" className="RSql4Net.Tests.Models.Queries.ComparisonStringExpressionTest" name="ShouldThrowExceptionLowerThanOrEquals" />
    </UnitTest>
    <UnitTest name="RSql4Net.Tests.Models.QueryableExtensionsTest.ShouldBePageWithMultiSort" storage="/users/gwendallgarnier/projects/personal/dotnet/rsql4net/src/rsql4net.tests/bin/debug/net6.0/rsql4net.tests.dll" id="44506114-32e6-e37d-5479-6abb7be7f203">
      <Execution id="b410c7d4-2d46-4432-a535-b1919c3a651e" />
      <TestMethod codeBase="/Users/gwendallgarnier/Projects/Personal/dotnet/rsql4net/src/RSql4Net.Tests/bin/Debug/net6.0/RSql4Net.Tests.dll" adapterTypeName="executor://xunit/VsTestRunner2/netcoreapp" className="RSql4Net.Tests.Models.QueryableExtensionsTest" name="ShouldBePageWithMultiSort" />
    </UnitTest>
    <UnitTest name="RSql4Net.Tests.Models.Paging.PageableModelBinderTest.ShouldBeValidPageNumber" storage="/users/gwendallgarnier/projects/personal/dotnet/rsql4net/src/rsql4net.tests/bin/debug/net6.0/rsql4net.tests.dll" id="b059f0a5-b299-aea8-3c6a-1a757e316b82">
      <Execution id="4fa5a485-71e1-440e-bbc8-94657c818759" />
      <TestMethod codeBase="/Users/gwendallgarnier/Projects/Personal/dotnet/rsql4net/src/RSql4Net.Tests/bin/Debug/net6.0/RSql4Net.Tests.dll" adapterTypeName="executor://xunit/VsTestRunner2/netcoreapp" className="RSql4Net.Tests.Models.Paging.PageableModelBinderTest" name="ShouldBeValidPageNumber" />
    </UnitTest>
    <UnitTest name="RSql4Net.Tests.Models.Queries.ComparisonDoubleExpressionTest.ShouldBeEquals" storage="/users/gwendallgarnier/projects/personal/dotnet/rsql4net/src/rsql4net.tests/bin/debug/net6.0/rsql4net.tests.dll" id="2724d9c6-b2fa-810e-ebfb-0e7d83e3de5d">
      <Execution id="c613faf2-5dfd-4d97-99d1-d97b1b992a63" />
      <TestMethod codeBase="/Users/gwendallgarnier/Projects/Personal/dotnet/rsql4net/src/RSql4Net.Tests/bin/Debug/net6.0/RSql4Net.Tests.dll" adapterTypeName="executor://xunit/VsTestRunner2/netcoreapp" className="RSql4Net.Tests.Models.Queries.ComparisonDoubleExpressionTest" name="ShouldBeEquals" />
    </UnitTest>
    <UnitTest name="RSql4Net.Tests.Models.Queries.ComparisonStringExpressionTest.ShouldThrowExceptionGreaterThanOrEquals" storage="/users/gwendallgarnier/projects/personal/dotnet/rsql4net/src/rsql4net.tests/bin/debug/net6.0/rsql4net.tests.dll" id="6318c8ad-9a09-f765-f416-1c28329d9874">
      <Execution id="9a4e1dbc-44fb-4773-b55e-d176dd2203f1" />
      <TestMethod codeBase="/Users/gwendallgarnier/Projects/Personal/dotnet/rsql4net/src/RSql4Net.Tests/bin/Debug/net6.0/RSql4Net.Tests.dll" adapterTypeName="executor://xunit/VsTestRunner2/netcoreapp" className="RSql4Net.Tests.Models.Queries.ComparisonStringExpressionTest" name="ShouldThrowExceptionGreaterThanOrEquals" />
    </UnitTest>
    <UnitTest name="RSql4Net.Tests.Models.Queries.ComparisonInt16ExpressionTest.ShouldBeInNullable" storage="/users/gwendallgarnier/projects/personal/dotnet/rsql4net/src/rsql4net.tests/bin/debug/net6.0/rsql4net.tests.dll" id="e2253bf1-f1a4-91a4-083f-d66d9a354221">
      <Execution id="47b6fd33-9abb-42c1-9e89-3e6e15fe9a27" />
      <TestMethod codeBase="/Users/gwendallgarnier/Projects/Personal/dotnet/rsql4net/src/RSql4Net.Tests/bin/Debug/net6.0/RSql4Net.Tests.dll" adapterTypeName="executor://xunit/VsTestRunner2/netcoreapp" className="RSql4Net.Tests.Models.Queries.ComparisonInt16ExpressionTest" name="ShouldBeInNullable" />
    </UnitTest>
    <UnitTest name="RSql4Net.Tests.Models.Queries.ComparisonInt32ExpressionTest.ShouldBeIn" storage="/users/gwendallgarnier/projects/personal/dotnet/rsql4net/src/rsql4net.tests/bin/debug/net6.0/rsql4net.tests.dll" id="c0771813-75e1-12d0-3ddc-027130ef723b">
      <Execution id="5aa3e490-5beb-45a8-a7e0-14244d1da6ff" />
      <TestMethod codeBase="/Users/gwendallgarnier/Projects/Personal/dotnet/rsql4net/src/RSql4Net.Tests/bin/Debug/net6.0/RSql4Net.Tests.dll" adapterTypeName="executor://xunit/VsTestRunner2/netcoreapp" className="RSql4Net.Tests.Models.Queries.ComparisonInt32ExpressionTest" name="ShouldBeIn" />
    </UnitTest>
    <UnitTest name="RSql4Net.Tests.Models.Queries.ComparisonInt32ExpressionTest.ShouldBeGreaterThanOrEqualsWithNullable" storage="/users/gwendallgarnier/projects/personal/dotnet/rsql4net/src/rsql4net.tests/bin/debug/net6.0/rsql4net.tests.dll" id="449c8141-c3ac-4869-cbe1-7a3e2e87e272">
      <Execution id="00b24264-ceeb-4e64-b29a-6f4bc67f8beb" />
      <TestMethod codeBase="/Users/gwendallgarnier/Projects/Personal/dotnet/rsql4net/src/RSql4Net.Tests/bin/Debug/net6.0/RSql4Net.Tests.dll" adapterTypeName="executor://xunit/VsTestRunner2/netcoreapp" className="RSql4Net.Tests.Models.Queries.ComparisonInt32ExpressionTest" name="ShouldBeGreaterThanOrEqualsWithNullable" />
    </UnitTest>
    <UnitTest name="RSql4Net.Tests.Models.Queries.ComparisonDateTimeOffsetExpressionTest.ShouldBeNotInNullable" storage="/users/gwendallgarnier/projects/personal/dotnet/rsql4net/src/rsql4net.tests/bin/debug/net6.0/rsql4net.tests.dll" id="f17fe23d-fc7f-7f58-c378-28426a6c7617">
      <Execution id="fbf6df3a-d723-41cd-893b-9c08ad9bcfc1" />
      <TestMethod codeBase="/Users/gwendallgarnier/Projects/Personal/dotnet/rsql4net/src/RSql4Net.Tests/bin/Debug/net6.0/RSql4Net.Tests.dll" adapterTypeName="executor://xunit/VsTestRunner2/netcoreapp" className="RSql4Net.Tests.Models.Queries.ComparisonDateTimeOffsetExpressionTest" name="ShouldBeNotInNullable" />
    </UnitTest>
    <UnitTest name="RSql4Net.Tests.Models.Queries.ComparisonDateTimeOffsetExpressionTest.ShouldBeInNullable" storage="/users/gwendallgarnier/projects/personal/dotnet/rsql4net/src/rsql4net.tests/bin/debug/net6.0/rsql4net.tests.dll" id="5a182670-9ec7-64dc-1107-763627414500">
      <Execution id="3adf1aad-da7a-45f6-b2ef-e6c120ab3e99" />
      <TestMethod codeBase="/Users/gwendallgarnier/Projects/Personal/dotnet/rsql4net/src/RSql4Net.Tests/bin/Debug/net6.0/RSql4Net.Tests.dll" adapterTypeName="executor://xunit/VsTestRunner2/netcoreapp" className="RSql4Net.Tests.Models.Queries.ComparisonDateTimeOffsetExpressionTest" name="ShouldBeInNullable" />
    </UnitTest>
    <UnitTest name="RSql4Net.Tests.Models.Queries.ComparisonInt64ExpressionTest.ShouldBeEqualsWithNullable" storage="/users/gwendallgarnier/projects/personal/dotnet/rsql4net/src/rsql4net.tests/bin/debug/net6.0/rsql4net.tests.dll" id="5086caa7-d2ab-2c2e-59b5-e07ae72bc9ae">
      <Execution id="192b39ca-a6c6-47e0-9f04-4345d51a8f93" />
      <TestMethod codeBase="/Users/gwendallgarnier/Projects/Personal/dotnet/rsql4net/src/RSql4Net.Tests/bin/Debug/net6.0/RSql4Net.Tests.dll" adapterTypeName="executor://xunit/VsTestRunner2/netcoreapp" className="RSql4Net.Tests.Models.Queries.ComparisonInt64ExpressionTest" name="ShouldBeEqualsWithNullable" />
    </UnitTest>
    <UnitTest name="RSql4Net.Tests.Models.Queries.ComparisonStringExpressionTest.ShouldBeEqualsDoubleQuote" storage="/users/gwendallgarnier/projects/personal/dotnet/rsql4net/src/rsql4net.tests/bin/debug/net6.0/rsql4net.tests.dll" id="404b8b8b-0b63-8e1b-2e5c-95bf74baa3e2">
      <Execution id="c38a4c23-e2c8-4610-9aeb-ae7bcfb5bfcd" />
      <TestMethod codeBase="/Users/gwendallgarnier/Projects/Personal/dotnet/rsql4net/src/RSql4Net.Tests/bin/Debug/net6.0/RSql4Net.Tests.dll" adapterTypeName="executor://xunit/VsTestRunner2/netcoreapp" className="RSql4Net.Tests.Models.Queries.ComparisonStringExpressionTest" name="ShouldBeEqualsDoubleQuote" />
    </UnitTest>
    <UnitTest name="RSql4Net.Tests.Models.Queries.ComparisonDateTimeOffsetExpressionTest.ShouldBeGreaterThan" storage="/users/gwendallgarnier/projects/personal/dotnet/rsql4net/src/rsql4net.tests/bin/debug/net6.0/rsql4net.tests.dll" id="673dc0cd-ee2e-6c49-6c45-96fa3c658c5c">
      <Execution id="43049d51-825c-4f0b-bd26-62c85de95712" />
      <TestMethod codeBase="/Users/gwendallgarnier/Projects/Personal/dotnet/rsql4net/src/RSql4Net.Tests/bin/Debug/net6.0/RSql4Net.Tests.dll" adapterTypeName="executor://xunit/VsTestRunner2/netcoreapp" className="RSql4Net.Tests.Models.Queries.ComparisonDateTimeOffsetExpressionTest" name="ShouldBeGreaterThan" />
    </UnitTest>
    <UnitTest name="RSql4Net.Tests.Models.Paging.PageableModelBinderProviderTest.ShouldBetNotPageableModelBinder" storage="/users/gwendallgarnier/projects/personal/dotnet/rsql4net/src/rsql4net.tests/bin/debug/net6.0/rsql4net.tests.dll" id="3d4fa89b-233a-28bb-85b6-98fa7094df98">
      <Execution id="35a5b062-b77f-4881-9b33-4c00c7649b48" />
      <TestMethod codeBase="/Users/gwendallgarnier/Projects/Personal/dotnet/rsql4net/src/RSql4Net.Tests/bin/Debug/net6.0/RSql4Net.Tests.dll" adapterTypeName="executor://xunit/VsTestRunner2/netcoreapp" className="RSql4Net.Tests.Models.Paging.PageableModelBinderProviderTest" name="ShouldBetNotPageableModelBinder" />
    </UnitTest>
    <UnitTest name="RSql4Net.Tests.Models.Queries.ComparisonInt32ExpressionTest.ShouldBeEqualsWithNullable" storage="/users/gwendallgarnier/projects/personal/dotnet/rsql4net/src/rsql4net.tests/bin/debug/net6.0/rsql4net.tests.dll" id="cb6af9fd-8a7c-032d-f613-5b83edab5762">
      <Execution id="01c570c8-f6b3-40d8-b220-87f77ce3c558" />
      <TestMethod codeBase="/Users/gwendallgarnier/Projects/Personal/dotnet/rsql4net/src/RSql4Net.Tests/bin/Debug/net6.0/RSql4Net.Tests.dll" adapterTypeName="executor://xunit/VsTestRunner2/netcoreapp" className="RSql4Net.Tests.Models.Queries.ComparisonInt32ExpressionTest" name="ShouldBeEqualsWithNullable" />
    </UnitTest>
    <UnitTest name="RSql4Net.Tests.Models.Paging.PageableTest.ShouldBeThrowInvalidPageNumberValueException" storage="/users/gwendallgarnier/projects/personal/dotnet/rsql4net/src/rsql4net.tests/bin/debug/net6.0/rsql4net.tests.dll" id="368620dd-3899-f455-2f5a-cfb35d815695">
      <Execution id="3825736a-b0c9-4681-aeca-595285a06204" />
      <TestMethod codeBase="/Users/gwendallgarnier/Projects/Personal/dotnet/rsql4net/src/RSql4Net.Tests/bin/Debug/net6.0/RSql4Net.Tests.dll" adapterTypeName="executor://xunit/VsTestRunner2/netcoreapp" className="RSql4Net.Tests.Models.Paging.PageableTest" name="ShouldBeThrowInvalidPageNumberValueException" />
    </UnitTest>
    <UnitTest name="RSql4Net.Tests.Models.Queries.ComparisonDateTimeOffsetExpressionTest.ShouldBeLowerThan" storage="/users/gwendallgarnier/projects/personal/dotnet/rsql4net/src/rsql4net.tests/bin/debug/net6.0/rsql4net.tests.dll" id="4bc8e2f8-e622-56a8-b85a-801484f31596">
      <Execution id="e5d76034-502c-4e36-9f42-339f862701a9" />
      <TestMethod codeBase="/Users/gwendallgarnier/Projects/Personal/dotnet/rsql4net/src/RSql4Net.Tests/bin/Debug/net6.0/RSql4Net.Tests.dll" adapterTypeName="executor://xunit/VsTestRunner2/netcoreapp" className="RSql4Net.Tests.Models.Queries.ComparisonDateTimeOffsetExpressionTest" name="ShouldBeLowerThan" />
    </UnitTest>
    <UnitTest name="RSql4Net.Tests.Models.Queries.ComparisonStringExpressionTest.ShouldThrowExceptionLowerThan" storage="/users/gwendallgarnier/projects/personal/dotnet/rsql4net/src/rsql4net.tests/bin/debug/net6.0/rsql4net.tests.dll" id="bfefe66a-8ce4-63fc-21af-7e76bcb9a29b">
      <Execution id="69991802-a020-4cb5-a4ea-2e61226de0d7" />
      <TestMethod codeBase="/Users/gwendallgarnier/Projects/Personal/dotnet/rsql4net/src/RSql4Net.Tests/bin/Debug/net6.0/RSql4Net.Tests.dll" adapterTypeName="executor://xunit/VsTestRunner2/netcoreapp" className="RSql4Net.Tests.Models.Queries.ComparisonStringExpressionTest" name="ShouldThrowExceptionLowerThan" />
    </UnitTest>
    <UnitTest name="RSql4Net.Tests.Models.Queries.ComparisonDateTimeOffsetExpressionTest.ShouldBeIn" storage="/users/gwendallgarnier/projects/personal/dotnet/rsql4net/src/rsql4net.tests/bin/debug/net6.0/rsql4net.tests.dll" id="442bfcd2-1448-2a9e-d382-e1388e5fdee5">
      <Execution id="f40cf451-37df-4a66-a0b2-560e4ae085de" />
      <TestMethod codeBase="/Users/gwendallgarnier/Projects/Personal/dotnet/rsql4net/src/RSql4Net.Tests/bin/Debug/net6.0/RSql4Net.Tests.dll" adapterTypeName="executor://xunit/VsTestRunner2/netcoreapp" className="RSql4Net.Tests.Models.Queries.ComparisonDateTimeOffsetExpressionTest" name="ShouldBeIn" />
    </UnitTest>
    <UnitTest name="RSql4Net.Tests.Models.Queries.ComparisonCharExpressionTest.ShouldBeLowerThan" storage="/users/gwendallgarnier/projects/personal/dotnet/rsql4net/src/rsql4net.tests/bin/debug/net6.0/rsql4net.tests.dll" id="76cfdc7e-4c5f-6807-36b6-0039956306fd">
      <Execution id="121e0544-9373-4b72-8092-5a15d8e9245d" />
      <TestMethod codeBase="/Users/gwendallgarnier/Projects/Personal/dotnet/rsql4net/src/RSql4Net.Tests/bin/Debug/net6.0/RSql4Net.Tests.dll" adapterTypeName="executor://xunit/VsTestRunner2/netcoreapp" className="RSql4Net.Tests.Models.Queries.ComparisonCharExpressionTest" name="ShouldBeLowerThan" />
    </UnitTest>
    <UnitTest name="RSql4Net.Tests.Models.Queries.ComparisonInt16ExpressionTest.ShouldBeEquals" storage="/users/gwendallgarnier/projects/personal/dotnet/rsql4net/src/rsql4net.tests/bin/debug/net6.0/rsql4net.tests.dll" id="52c15d9b-173f-29ba-3907-40dfab5b7ce5">
      <Execution id="d4552ace-edb1-47d8-96ac-3b29d0522cc3" />
      <TestMethod codeBase="/Users/gwendallgarnier/Projects/Personal/dotnet/rsql4net/src/RSql4Net.Tests/bin/Debug/net6.0/RSql4Net.Tests.dll" adapterTypeName="executor://xunit/VsTestRunner2/netcoreapp" className="RSql4Net.Tests.Models.Queries.ComparisonInt16ExpressionTest" name="ShouldBeEquals" />
    </UnitTest>
    <UnitTest name="RSql4Net.Tests.Models.Queries.ComparisonExceptionTest.ShouldBeThrowQueryComparisonTooManyArgumentException" storage="/users/gwendallgarnier/projects/personal/dotnet/rsql4net/src/rsql4net.tests/bin/debug/net6.0/rsql4net.tests.dll" id="ed08d4f6-8c94-dc85-67e6-6bc12101b670">
      <Execution id="db956a21-1dbb-4732-861c-78195d7b8a57" />
      <TestMethod codeBase="/Users/gwendallgarnier/Projects/Personal/dotnet/rsql4net/src/RSql4Net.Tests/bin/Debug/net6.0/RSql4Net.Tests.dll" adapterTypeName="executor://xunit/VsTestRunner2/netcoreapp" className="RSql4Net.Tests.Models.Queries.ComparisonExceptionTest" name="ShouldBeThrowQueryComparisonTooManyArgumentException" />
    </UnitTest>
    <UnitTest name="RSql4Net.Tests.Models.Queries.ComparisonDecimalExpressionTest.ShouldThrowInvalidConversionException" storage="/users/gwendallgarnier/projects/personal/dotnet/rsql4net/src/rsql4net.tests/bin/debug/net6.0/rsql4net.tests.dll" id="7e69559c-1ed8-a88d-0a12-79f7d41db660">
      <Execution id="7e3ae488-53b8-4ad1-b75e-8cd3219ada3c" />
      <TestMethod codeBase="/Users/gwendallgarnier/Projects/Personal/dotnet/rsql4net/src/RSql4Net.Tests/bin/Debug/net6.0/RSql4Net.Tests.dll" adapterTypeName="executor://xunit/VsTestRunner2/netcoreapp" className="RSql4Net.Tests.Models.Queries.ComparisonDecimalExpressionTest" name="ShouldThrowInvalidConversionException" />
    </UnitTest>
    <UnitTest name="RSql4Net.Tests.Models.Queries.ComparisonBooleanExpressionTest.ShouldBeInNullable" storage="/users/gwendallgarnier/projects/personal/dotnet/rsql4net/src/rsql4net.tests/bin/debug/net6.0/rsql4net.tests.dll" id="8b96e15c-9f78-003a-ebe5-6d5bac178a75">
      <Execution id="9b90f3c6-f21b-43bd-9c3e-4f33236299ee" />
      <TestMethod codeBase="/Users/gwendallgarnier/Projects/Personal/dotnet/rsql4net/src/RSql4Net.Tests/bin/Debug/net6.0/RSql4Net.Tests.dll" adapterTypeName="executor://xunit/VsTestRunner2/netcoreapp" className="RSql4Net.Tests.Models.Queries.ComparisonBooleanExpressionTest" name="ShouldBeInNullable" />
    </UnitTest>
    <UnitTest name="RSql4Net.Tests.Configuration.SettingsBuilderTest.ShouldBeWithOnCreateCacheEntry" storage="/users/gwendallgarnier/projects/personal/dotnet/rsql4net/src/rsql4net.tests/bin/debug/net6.0/rsql4net.tests.dll" id="744d69bb-be6f-cce1-9e11-d9ca45bacefa">
      <Execution id="1fd70d18-a823-4a7e-ac10-b2baadaf6a9d" />
      <TestMethod codeBase="/Users/gwendallgarnier/Projects/Personal/dotnet/rsql4net/src/RSql4Net.Tests/bin/Debug/net6.0/RSql4Net.Tests.dll" adapterTypeName="executor://xunit/VsTestRunner2/netcoreapp" className="RSql4Net.Tests.Configuration.SettingsBuilderTest" name="ShouldBeWithOnCreateCacheEntry" />
    </UnitTest>
    <UnitTest name="RSql4Net.Tests.Models.Queries.ComparisonDoubleExpressionTest.ShouldBeEqualsWithNullable" storage="/users/gwendallgarnier/projects/personal/dotnet/rsql4net/src/rsql4net.tests/bin/debug/net6.0/rsql4net.tests.dll" id="0c63485f-c026-6aed-9c60-94124296d318">
      <Execution id="37ccbb04-d452-4662-970f-b4840d014b26" />
      <TestMethod codeBase="/Users/gwendallgarnier/Projects/Personal/dotnet/rsql4net/src/RSql4Net.Tests/bin/Debug/net6.0/RSql4Net.Tests.dll" adapterTypeName="executor://xunit/VsTestRunner2/netcoreapp" className="RSql4Net.Tests.Models.Queries.ComparisonDoubleExpressionTest" name="ShouldBeEqualsWithNullable" />
    </UnitTest>
    <UnitTest name="RSql4Net.Tests.Models.Queries.ComparisonDateTimeExpressionTest.ShouldBeGreaterThanOrEquals" storage="/users/gwendallgarnier/projects/personal/dotnet/rsql4net/src/rsql4net.tests/bin/debug/net6.0/rsql4net.tests.dll" id="38d4fabd-f706-209d-fbb5-34fd04031025">
      <Execution id="bf0604c1-7c93-494d-bac7-73dcd8b5fff1" />
      <TestMethod codeBase="/Users/gwendallgarnier/Projects/Personal/dotnet/rsql4net/src/RSql4Net.Tests/bin/Debug/net6.0/RSql4Net.Tests.dll" adapterTypeName="executor://xunit/VsTestRunner2/netcoreapp" className="RSql4Net.Tests.Models.Queries.ComparisonDateTimeExpressionTest" name="ShouldBeGreaterThanOrEquals" />
    </UnitTest>
    <UnitTest name="RSql4Net.Tests.Models.Queries.QueryModelBinderProviderTest.ShouldBeNotQueryModelBinder" storage="/users/gwendallgarnier/projects/personal/dotnet/rsql4net/src/rsql4net.tests/bin/debug/net6.0/rsql4net.tests.dll" id="11f864b4-5c37-6aec-c79b-ec82933d5762">
      <Execution id="550a0625-9d56-45cb-a093-b5b79f6438e2" />
      <TestMethod codeBase="/Users/gwendallgarnier/Projects/Personal/dotnet/rsql4net/src/RSql4Net.Tests/bin/Debug/net6.0/RSql4Net.Tests.dll" adapterTypeName="executor://xunit/VsTestRunner2/netcoreapp" className="RSql4Net.Tests.Models.Queries.QueryModelBinderProviderTest" name="ShouldBeNotQueryModelBinder" />
    </UnitTest>
    <UnitTest name="RSql4Net.Tests.Models.Queries.ComparisonStringExpressionTest.ShouldBeThrowComparisonInvalidComparatorSelectionExceptionTest" storage="/users/gwendallgarnier/projects/personal/dotnet/rsql4net/src/rsql4net.tests/bin/debug/net6.0/rsql4net.tests.dll" id="04508444-bca0-8b56-c3e5-cc05f4d4b581">
      <Execution id="29356974-a4dd-46f6-8811-b36cb479e8c3" />
      <TestMethod codeBase="/Users/gwendallgarnier/Projects/Personal/dotnet/rsql4net/src/RSql4Net.Tests/bin/Debug/net6.0/RSql4Net.Tests.dll" adapterTypeName="executor://xunit/VsTestRunner2/netcoreapp" className="RSql4Net.Tests.Models.Queries.ComparisonStringExpressionTest" name="ShouldBeThrowComparisonInvalidComparatorSelectionExceptionTest" />
    </UnitTest>
    <UnitTest name="RSql4Net.Tests.Models.Queries.ComparisonDateTimeExpressionTest.ShouldBeLowerThan" storage="/users/gwendallgarnier/projects/personal/dotnet/rsql4net/src/rsql4net.tests/bin/debug/net6.0/rsql4net.tests.dll" id="29db48f3-fca6-dd26-7b29-d4433b784581">
      <Execution id="6cbf1a79-2cb5-467a-a824-19320801e62c" />
      <TestMethod codeBase="/Users/gwendallgarnier/Projects/Personal/dotnet/rsql4net/src/RSql4Net.Tests/bin/Debug/net6.0/RSql4Net.Tests.dll" adapterTypeName="executor://xunit/VsTestRunner2/netcoreapp" className="RSql4Net.Tests.Models.Queries.ComparisonDateTimeExpressionTest" name="ShouldBeLowerThan" />
    </UnitTest>
    <UnitTest name="RSql4Net.Tests.Models.Queries.ComparisonFloatExpressionTest.ShouldBeEqualsWithNullable" storage="/users/gwendallgarnier/projects/personal/dotnet/rsql4net/src/rsql4net.tests/bin/debug/net6.0/rsql4net.tests.dll" id="cfdf5a0b-9a66-94b5-4704-0981832282b6">
      <Execution id="0f430c17-d3c8-4ba0-88a2-b6d034359b4b" />
      <TestMethod codeBase="/Users/gwendallgarnier/Projects/Personal/dotnet/rsql4net/src/RSql4Net.Tests/bin/Debug/net6.0/RSql4Net.Tests.dll" adapterTypeName="executor://xunit/VsTestRunner2/netcoreapp" className="RSql4Net.Tests.Models.Queries.ComparisonFloatExpressionTest" name="ShouldBeEqualsWithNullable" />
    </UnitTest>
    <UnitTest name="RSql4Net.Tests.Models.Queries.ComparisonDateTimeExpressionTest.ShouldBeGreaterThanWithNullable" storage="/users/gwendallgarnier/projects/personal/dotnet/rsql4net/src/rsql4net.tests/bin/debug/net6.0/rsql4net.tests.dll" id="9652633e-5eab-46b8-287b-01302aaba5ff">
      <Execution id="08e2f640-d8bf-489f-907f-b41045f22aa5" />
      <TestMethod codeBase="/Users/gwendallgarnier/Projects/Personal/dotnet/rsql4net/src/RSql4Net.Tests/bin/Debug/net6.0/RSql4Net.Tests.dll" adapterTypeName="executor://xunit/VsTestRunner2/netcoreapp" className="RSql4Net.Tests.Models.Queries.ComparisonDateTimeExpressionTest" name="ShouldBeGreaterThanWithNullable" />
    </UnitTest>
    <UnitTest name="RSql4Net.Tests.Models.Queries.Exceptions.InvalidConversionExceptionTest.ShouldBeSerializable" storage="/users/gwendallgarnier/projects/personal/dotnet/rsql4net/src/rsql4net.tests/bin/debug/net6.0/rsql4net.tests.dll" id="7ec62b7a-0d44-7a7b-95f8-e1dd527a9f80">
      <Execution id="97295e23-1041-4557-88eb-213f1f54137c" />
      <TestMethod codeBase="/Users/gwendallgarnier/Projects/Personal/dotnet/rsql4net/src/RSql4Net.Tests/bin/Debug/net6.0/RSql4Net.Tests.dll" adapterTypeName="executor://xunit/VsTestRunner2/netcoreapp" className="RSql4Net.Tests.Models.Queries.Exceptions.InvalidConversionExceptionTest" name="ShouldBeSerializable" />
    </UnitTest>
    <UnitTest name="RSql4Net.Tests.Models.Paging.Exceptions.UnknownSortExceptionTest.ShouldBeSerializable" storage="/users/gwendallgarnier/projects/personal/dotnet/rsql4net/src/rsql4net.tests/bin/debug/net6.0/rsql4net.tests.dll" id="3d4b90ca-d8cd-933f-282f-ad7a1155f43e">
      <Execution id="b4b68d43-b466-4d5b-93fe-98d6cf997adf" />
      <TestMethod codeBase="/Users/gwendallgarnier/Projects/Personal/dotnet/rsql4net/src/RSql4Net.Tests/bin/Debug/net6.0/RSql4Net.Tests.dll" adapterTypeName="executor://xunit/VsTestRunner2/netcoreapp" className="RSql4Net.Tests.Models.Paging.Exceptions.UnknownSortExceptionTest" name="ShouldBeSerializable" />
    </UnitTest>
    <UnitTest name="RSql4Net.Tests.Models.Queries.LogicalOperatorTest.OrShouldBeIsAndExpressionWithGroupTest" storage="/users/gwendallgarnier/projects/personal/dotnet/rsql4net/src/rsql4net.tests/bin/debug/net6.0/rsql4net.tests.dll" id="18b4e6b5-3e29-2838-7ee9-7180f83ee222">
      <Execution id="45cfa494-3b95-43e6-b8fa-a359891befa3" />
      <TestMethod codeBase="/Users/gwendallgarnier/Projects/Personal/dotnet/rsql4net/src/RSql4Net.Tests/bin/Debug/net6.0/RSql4Net.Tests.dll" adapterTypeName="executor://xunit/VsTestRunner2/netcoreapp" className="RSql4Net.Tests.Models.Queries.LogicalOperatorTest" name="OrShouldBeIsAndExpressionWithGroupTest" />
    </UnitTest>
    <UnitTest name="RSql4Net.Tests.Models.Queries.QueryModelBinderTest.ShouldBeBindModelAsyncTest" storage="/users/gwendallgarnier/projects/personal/dotnet/rsql4net/src/rsql4net.tests/bin/debug/net6.0/rsql4net.tests.dll" id="a3f3cbbd-d404-4a3a-3ccd-06e0855c516d">
      <Execution id="f97b0044-f4b8-4d65-a8b3-3f56746aa146" />
      <TestMethod codeBase="/Users/gwendallgarnier/Projects/Personal/dotnet/rsql4net/src/RSql4Net.Tests/bin/Debug/net6.0/RSql4Net.Tests.dll" adapterTypeName="executor://xunit/VsTestRunner2/netcoreapp" className="RSql4Net.Tests.Models.Queries.QueryModelBinderTest" name="ShouldBeBindModelAsyncTest" />
    </UnitTest>
    <UnitTest name="RSql4Net.Tests.Models.Queries.QueryableExtensionsTests.ShouldBePageWithSortOrderByDescending" storage="/users/gwendallgarnier/projects/personal/dotnet/rsql4net/src/rsql4net.tests/bin/debug/net6.0/rsql4net.tests.dll" id="71db09ac-3965-b85a-a710-cc1ed5dda8db">
      <Execution id="379659d0-c54a-43fb-a0f7-3cdfbb6b8c8f" />
      <TestMethod codeBase="/Users/gwendallgarnier/Projects/Personal/dotnet/rsql4net/src/RSql4Net.Tests/bin/Debug/net6.0/RSql4Net.Tests.dll" adapterTypeName="executor://xunit/VsTestRunner2/netcoreapp" className="RSql4Net.Tests.Models.Queries.QueryableExtensionsTests" name="ShouldBePageWithSortOrderByDescending" />
    </UnitTest>
    <UnitTest name="RSql4Net.Tests.Models.Queries.ComparisonCharExpressionTest.ShouldBeInNullable" storage="/users/gwendallgarnier/projects/personal/dotnet/rsql4net/src/rsql4net.tests/bin/debug/net6.0/rsql4net.tests.dll" id="6e6d29a0-fe2e-c32d-aa06-8f2675cfb956">
      <Execution id="71a64b8b-f4f6-4b9d-ab74-af9623890147" />
      <TestMethod codeBase="/Users/gwendallgarnier/Projects/Personal/dotnet/rsql4net/src/RSql4Net.Tests/bin/Debug/net6.0/RSql4Net.Tests.dll" adapterTypeName="executor://xunit/VsTestRunner2/netcoreapp" className="RSql4Net.Tests.Models.Queries.ComparisonCharExpressionTest" name="ShouldBeInNullable" />
    </UnitTest>
    <UnitTest name="RSql4Net.Tests.Models.Queries.QueryModelBinderTest.ShouldBeBindModelAsyncWithCacheTest" storage="/users/gwendallgarnier/projects/personal/dotnet/rsql4net/src/rsql4net.tests/bin/debug/net6.0/rsql4net.tests.dll" id="043da95c-23e2-148f-543e-616c1f6d4304">
      <Execution id="641ac1a0-6743-43e0-a70c-9e4358e646f3" />
      <TestMethod codeBase="/Users/gwendallgarnier/Projects/Personal/dotnet/rsql4net/src/RSql4Net.Tests/bin/Debug/net6.0/RSql4Net.Tests.dll" adapterTypeName="executor://xunit/VsTestRunner2/netcoreapp" className="RSql4Net.Tests.Models.Queries.QueryModelBinderTest" name="ShouldBeBindModelAsyncWithCacheTest" />
    </UnitTest>
    <UnitTest name="RSql4Net.Tests.Models.Queries.ComparisonStringExpressionTest.ShouldBeEqualsEmptyDoubleQuote" storage="/users/gwendallgarnier/projects/personal/dotnet/rsql4net/src/rsql4net.tests/bin/debug/net6.0/rsql4net.tests.dll" id="3cc44839-1710-a7ab-cbfb-2f5c3c241eb7">
      <Execution id="224394ff-6738-4890-963c-5e831df6886f" />
      <TestMethod codeBase="/Users/gwendallgarnier/Projects/Personal/dotnet/rsql4net/src/RSql4Net.Tests/bin/Debug/net6.0/RSql4Net.Tests.dll" adapterTypeName="executor://xunit/VsTestRunner2/netcoreapp" className="RSql4Net.Tests.Models.Queries.ComparisonStringExpressionTest" name="ShouldBeEqualsEmptyDoubleQuote" />
    </UnitTest>
    <UnitTest name="RSql4Net.Tests.Models.Queries.ComparisonDecimalExpressionTest.ShouldBeEqualsWithNullable" storage="/users/gwendallgarnier/projects/personal/dotnet/rsql4net/src/rsql4net.tests/bin/debug/net6.0/rsql4net.tests.dll" id="fcd4c0ab-d801-ad3a-0486-deafaafe1312">
      <Execution id="d92dd8ae-7c66-49b4-9821-aa2e325b3e96" />
      <TestMethod codeBase="/Users/gwendallgarnier/Projects/Personal/dotnet/rsql4net/src/RSql4Net.Tests/bin/Debug/net6.0/RSql4Net.Tests.dll" adapterTypeName="executor://xunit/VsTestRunner2/netcoreapp" className="RSql4Net.Tests.Models.Queries.ComparisonDecimalExpressionTest" name="ShouldBeEqualsWithNullable" />
    </UnitTest>
    <UnitTest name="RSql4Net.Tests.Models.Queries.ComparisonGuidExpressionTest.ShouldBeNotInNullable" storage="/users/gwendallgarnier/projects/personal/dotnet/rsql4net/src/rsql4net.tests/bin/debug/net6.0/rsql4net.tests.dll" id="659ad104-4c4b-c1db-7b90-cf5df04efbe9">
      <Execution id="d8581691-c248-46c7-9f20-d0be7e11a81d" />
      <TestMethod codeBase="/Users/gwendallgarnier/Projects/Personal/dotnet/rsql4net/src/RSql4Net.Tests/bin/Debug/net6.0/RSql4Net.Tests.dll" adapterTypeName="executor://xunit/VsTestRunner2/netcoreapp" className="RSql4Net.Tests.Models.Queries.ComparisonGuidExpressionTest" name="ShouldBeNotInNullable" />
    </UnitTest>
    <UnitTest name="RSql4Net.Tests.Models.Queries.ComparisonDecimalExpressionTest.ShouldBeGreaterThan" storage="/users/gwendallgarnier/projects/personal/dotnet/rsql4net/src/rsql4net.tests/bin/debug/net6.0/rsql4net.tests.dll" id="97d2af3b-ca92-69bf-f53f-f9a1e6e56c8a">
      <Execution id="243dccab-81fa-4bdd-8c88-016b6b3879ab" />
      <TestMethod codeBase="/Users/gwendallgarnier/Projects/Personal/dotnet/rsql4net/src/RSql4Net.Tests/bin/Debug/net6.0/RSql4Net.Tests.dll" adapterTypeName="executor://xunit/VsTestRunner2/netcoreapp" className="RSql4Net.Tests.Models.Queries.ComparisonDecimalExpressionTest" name="ShouldBeGreaterThan" />
    </UnitTest>
    <UnitTest name="RSql4Net.Tests.Models.Queries.ComparisonDateTimeExpressionTest.ShouldBeNotEqualsWithNullable" storage="/users/gwendallgarnier/projects/personal/dotnet/rsql4net/src/rsql4net.tests/bin/debug/net6.0/rsql4net.tests.dll" id="6efc0155-8449-4b78-9cdc-d68a433da714">
      <Execution id="4fe54bcc-6238-4040-96ac-52b7be074e79" />
      <TestMethod codeBase="/Users/gwendallgarnier/Projects/Personal/dotnet/rsql4net/src/RSql4Net.Tests/bin/Debug/net6.0/RSql4Net.Tests.dll" adapterTypeName="executor://xunit/VsTestRunner2/netcoreapp" className="RSql4Net.Tests.Models.Queries.ComparisonDateTimeExpressionTest" name="ShouldBeNotEqualsWithNullable" />
    </UnitTest>
    <UnitTest name="RSql4Net.Tests.Models.Queries.ComparisonBooleanExpressionTest.ShouldBeNotInNullable" storage="/users/gwendallgarnier/projects/personal/dotnet/rsql4net/src/rsql4net.tests/bin/debug/net6.0/rsql4net.tests.dll" id="f7f733d9-b1f9-2d9a-e6cc-8763e84126ec">
      <Execution id="48ebb074-0f3f-4ba5-ae10-e7e79e19d357" />
      <TestMethod codeBase="/Users/gwendallgarnier/Projects/Personal/dotnet/rsql4net/src/RSql4Net.Tests/bin/Debug/net6.0/RSql4Net.Tests.dll" adapterTypeName="executor://xunit/VsTestRunner2/netcoreapp" className="RSql4Net.Tests.Models.Queries.ComparisonBooleanExpressionTest" name="ShouldBeNotInNullable" />
    </UnitTest>
    <UnitTest name="RSql4Net.Tests.Models.Paging.PageableModelBinderTest.ShouldBeValidPageSize" storage="/users/gwendallgarnier/projects/personal/dotnet/rsql4net/src/rsql4net.tests/bin/debug/net6.0/rsql4net.tests.dll" id="96da3c0b-8632-de07-4fd1-51a5cebc16fa">
      <Execution id="1097cf1c-a516-4083-96b2-de0faf91e39f" />
      <TestMethod codeBase="/Users/gwendallgarnier/Projects/Personal/dotnet/rsql4net/src/RSql4Net.Tests/bin/Debug/net6.0/RSql4Net.Tests.dll" adapterTypeName="executor://xunit/VsTestRunner2/netcoreapp" className="RSql4Net.Tests.Models.Paging.PageableModelBinderTest" name="ShouldBeValidPageSize" />
    </UnitTest>
    <UnitTest name="RSql4Net.Tests.Models.Queries.ComparisonEnumExpressionTest.ShouldBeNotEqualsWithNullable" storage="/users/gwendallgarnier/projects/personal/dotnet/rsql4net/src/rsql4net.tests/bin/debug/net6.0/rsql4net.tests.dll" id="5e23a397-e5de-eca3-cc84-a20158a63a4d">
      <Execution id="fd19298c-9613-4b21-a3fe-67b967d7a014" />
      <TestMethod codeBase="/Users/gwendallgarnier/Projects/Personal/dotnet/rsql4net/src/RSql4Net.Tests/bin/Debug/net6.0/RSql4Net.Tests.dll" adapterTypeName="executor://xunit/VsTestRunner2/netcoreapp" className="RSql4Net.Tests.Models.Queries.ComparisonEnumExpressionTest" name="ShouldBeNotEqualsWithNullable" />
    </UnitTest>
    <UnitTest name="RSql4Net.Tests.Models.Queries.ComparisonStringExpressionTest.ShouldBeIn" storage="/users/gwendallgarnier/projects/personal/dotnet/rsql4net/src/rsql4net.tests/bin/debug/net6.0/rsql4net.tests.dll" id="94248a5f-9feb-9e70-b9ef-fe601bf33e51">
      <Execution id="7b499ae0-18ce-4e98-987a-864a16c533a1" />
      <TestMethod codeBase="/Users/gwendallgarnier/Projects/Personal/dotnet/rsql4net/src/RSql4Net.Tests/bin/Debug/net6.0/RSql4Net.Tests.dll" adapterTypeName="executor://xunit/VsTestRunner2/netcoreapp" className="RSql4Net.Tests.Models.Queries.ComparisonStringExpressionTest" name="ShouldBeIn" />
    </UnitTest>
    <UnitTest name="RSql4Net.Tests.Models.Queries.ComparisonInt64ExpressionTest.ShouldBeEquals" storage="/users/gwendallgarnier/projects/personal/dotnet/rsql4net/src/rsql4net.tests/bin/debug/net6.0/rsql4net.tests.dll" id="c189e59d-3a87-cd03-1d38-ac442fe81dd4">
      <Execution id="2967adef-a030-4204-9a1a-fae4a725547e" />
      <TestMethod codeBase="/Users/gwendallgarnier/Projects/Personal/dotnet/rsql4net/src/RSql4Net.Tests/bin/Debug/net6.0/RSql4Net.Tests.dll" adapterTypeName="executor://xunit/VsTestRunner2/netcoreapp" className="RSql4Net.Tests.Models.Queries.ComparisonInt64ExpressionTest" name="ShouldBeEquals" />
    </UnitTest>
    <UnitTest name="RSql4Net.Tests.Configuration.SettingsBuilderTest.ShouldBeDefaultValidBuilder" storage="/users/gwendallgarnier/projects/personal/dotnet/rsql4net/src/rsql4net.tests/bin/debug/net6.0/rsql4net.tests.dll" id="84adaaa2-be7e-1dab-171d-cd4de1f4b36a">
      <Execution id="0719c810-4baa-4ac0-825a-b975764fa677" />
      <TestMethod codeBase="/Users/gwendallgarnier/Projects/Personal/dotnet/rsql4net/src/RSql4Net.Tests/bin/Debug/net6.0/RSql4Net.Tests.dll" adapterTypeName="executor://xunit/VsTestRunner2/netcoreapp" className="RSql4Net.Tests.Configuration.SettingsBuilderTest" name="ShouldBeDefaultValidBuilder" />
    </UnitTest>
    <UnitTest name="RSql4Net.Tests.Models.Paging.Exceptions.InvalidPageNumberValueExceptionTest.ShouldBeThrow" storage="/users/gwendallgarnier/projects/personal/dotnet/rsql4net/src/rsql4net.tests/bin/debug/net6.0/rsql4net.tests.dll" id="35c9f402-259c-7fcb-2286-b11a8a38a19a">
      <Execution id="7baa695b-19ad-4b18-8d02-37e8532093c1" />
      <TestMethod codeBase="/Users/gwendallgarnier/Projects/Personal/dotnet/rsql4net/src/RSql4Net.Tests/bin/Debug/net6.0/RSql4Net.Tests.dll" adapterTypeName="executor://xunit/VsTestRunner2/netcoreapp" className="RSql4Net.Tests.Models.Paging.Exceptions.InvalidPageNumberValueExceptionTest" name="ShouldBeThrow" />
    </UnitTest>
    <UnitTest name="RSql4Net.Tests.Models.Queries.ComparisonEnumExpressionTest.ShouldThrowInvalidConversionException" storage="/users/gwendallgarnier/projects/personal/dotnet/rsql4net/src/rsql4net.tests/bin/debug/net6.0/rsql4net.tests.dll" id="005e3c51-ed68-3fc0-3d5d-0855b199a8cb">
      <Execution id="c8f6c99a-3c54-447b-8839-f2c420b4b6b1" />
      <TestMethod codeBase="/Users/gwendallgarnier/Projects/Personal/dotnet/rsql4net/src/RSql4Net.Tests/bin/Debug/net6.0/RSql4Net.Tests.dll" adapterTypeName="executor://xunit/VsTestRunner2/netcoreapp" className="RSql4Net.Tests.Models.Queries.ComparisonEnumExpressionTest" name="ShouldThrowInvalidConversionException" />
    </UnitTest>
    <UnitTest name="RSql4Net.Tests.Models.Queries.ComparisonCharExpressionTest.ShouldBeLowerThanWithNullable" storage="/users/gwendallgarnier/projects/personal/dotnet/rsql4net/src/rsql4net.tests/bin/debug/net6.0/rsql4net.tests.dll" id="9189aa81-dfba-dd16-c96b-cba37ff29054">
      <Execution id="176da211-d17a-497a-93a7-0e0cb72052cc" />
      <TestMethod codeBase="/Users/gwendallgarnier/Projects/Personal/dotnet/rsql4net/src/RSql4Net.Tests/bin/Debug/net6.0/RSql4Net.Tests.dll" adapterTypeName="executor://xunit/VsTestRunner2/netcoreapp" className="RSql4Net.Tests.Models.Queries.ComparisonCharExpressionTest" name="ShouldBeLowerThanWithNullable" />
    </UnitTest>
    <UnitTest name="RSql4Net.Tests.Models.Queries.ComparisonInt32ExpressionTest.ShouldBeGreaterThanWithNullable" storage="/users/gwendallgarnier/projects/personal/dotnet/rsql4net/src/rsql4net.tests/bin/debug/net6.0/rsql4net.tests.dll" id="21e8e2cb-db16-e411-8a93-b83dbef92ff6">
      <Execution id="aa33efff-76d8-4710-b045-de35067a0ee3" />
      <TestMethod codeBase="/Users/gwendallgarnier/Projects/Personal/dotnet/rsql4net/src/RSql4Net.Tests/bin/Debug/net6.0/RSql4Net.Tests.dll" adapterTypeName="executor://xunit/VsTestRunner2/netcoreapp" className="RSql4Net.Tests.Models.Queries.ComparisonInt32ExpressionTest" name="ShouldBeGreaterThanWithNullable" />
    </UnitTest>
    <UnitTest name="RSql4Net.Tests.Controllers.ControllerBaseExtensionsTest.ShouldBeAllContent" storage="/users/gwendallgarnier/projects/personal/dotnet/rsql4net/src/rsql4net.tests/bin/debug/net6.0/rsql4net.tests.dll" id="856cbc78-ccc0-4ffe-a615-c8092f11d9a7">
      <Execution id="2053256e-4c26-4672-a8ba-0b7b29283549" />
      <TestMethod codeBase="/Users/gwendallgarnier/Projects/Personal/dotnet/rsql4net/src/RSql4Net.Tests/bin/Debug/net6.0/RSql4Net.Tests.dll" adapterTypeName="executor://xunit/VsTestRunner2/netcoreapp" className="RSql4Net.Tests.Controllers.ControllerBaseExtensionsTest" name="ShouldBeAllContent" />
    </UnitTest>
    <UnitTest name="RSql4Net.Tests.Models.Queries.ComparisonInt32ExpressionTest.ShouldBeNotIn" storage="/users/gwendallgarnier/projects/personal/dotnet/rsql4net/src/rsql4net.tests/bin/debug/net6.0/rsql4net.tests.dll" id="b2b87053-07f9-50d9-2be4-282b59aa97bf">
      <Execution id="273331ab-ba34-4b7b-9081-15c5c449dc95" />
      <TestMethod codeBase="/Users/gwendallgarnier/Projects/Personal/dotnet/rsql4net/src/RSql4Net.Tests/bin/Debug/net6.0/RSql4Net.Tests.dll" adapterTypeName="executor://xunit/VsTestRunner2/netcoreapp" className="RSql4Net.Tests.Models.Queries.ComparisonInt32ExpressionTest" name="ShouldBeNotIn" />
    </UnitTest>
    <UnitTest name="RSql4Net.Tests.Models.Queries.ComparisonBooleanExpressionTest.ShouldThrowExceptionGreaterThan" storage="/users/gwendallgarnier/projects/personal/dotnet/rsql4net/src/rsql4net.tests/bin/debug/net6.0/rsql4net.tests.dll" id="1bf1d190-7c16-90b9-80ef-c54c697927fa">
      <Execution id="f5bd66bb-8c3f-44f3-8baa-614d950c4c45" />
      <TestMethod codeBase="/Users/gwendallgarnier/Projects/Personal/dotnet/rsql4net/src/RSql4Net.Tests/bin/Debug/net6.0/RSql4Net.Tests.dll" adapterTypeName="executor://xunit/VsTestRunner2/netcoreapp" className="RSql4Net.Tests.Models.Queries.ComparisonBooleanExpressionTest" name="ShouldThrowExceptionGreaterThan" />
    </UnitTest>
    <UnitTest name="RSql4Net.Tests.Models.Queries.ComparisonGuidExpressionTest.ShouldBeEqualsWithNullable" storage="/users/gwendallgarnier/projects/personal/dotnet/rsql4net/src/rsql4net.tests/bin/debug/net6.0/rsql4net.tests.dll" id="07105369-0a74-1a34-a8e3-ef03c52013a1">
      <Execution id="fe8f0686-e8fc-487a-8335-9bbae621a260" />
      <TestMethod codeBase="/Users/gwendallgarnier/Projects/Personal/dotnet/rsql4net/src/RSql4Net.Tests/bin/Debug/net6.0/RSql4Net.Tests.dll" adapterTypeName="executor://xunit/VsTestRunner2/netcoreapp" className="RSql4Net.Tests.Models.Queries.ComparisonGuidExpressionTest" name="ShouldBeEqualsWithNullable" />
    </UnitTest>
    <UnitTest name="RSql4Net.Tests.Models.Queries.ComparisonDecimalExpressionTest.ShouldBeLowerThanOrEquals" storage="/users/gwendallgarnier/projects/personal/dotnet/rsql4net/src/rsql4net.tests/bin/debug/net6.0/rsql4net.tests.dll" id="6bba0d01-b5da-8bce-a80b-f5c8bde6a078">
      <Execution id="5abf1c5b-75e8-4450-8e3c-e3fe794986b8" />
      <TestMethod codeBase="/Users/gwendallgarnier/Projects/Personal/dotnet/rsql4net/src/RSql4Net.Tests/bin/Debug/net6.0/RSql4Net.Tests.dll" adapterTypeName="executor://xunit/VsTestRunner2/netcoreapp" className="RSql4Net.Tests.Models.Queries.ComparisonDecimalExpressionTest" name="ShouldBeLowerThanOrEquals" />
    </UnitTest>
    <UnitTest name="RSql4Net.Tests.Models.Paging.PageableModelBinderTest.ShouldBeIsValid" storage="/users/gwendallgarnier/projects/personal/dotnet/rsql4net/src/rsql4net.tests/bin/debug/net6.0/rsql4net.tests.dll" id="d963981a-9ce3-beb7-7e2f-61778719969b">
      <Execution id="aea01a3a-1da3-4e87-8a17-9161e1fa1f32" />
      <TestMethod codeBase="/Users/gwendallgarnier/Projects/Personal/dotnet/rsql4net/src/RSql4Net.Tests/bin/Debug/net6.0/RSql4Net.Tests.dll" adapterTypeName="executor://xunit/VsTestRunner2/netcoreapp" className="RSql4Net.Tests.Models.Paging.PageableModelBinderTest" name="ShouldBeIsValid" />
    </UnitTest>
    <UnitTest name="RSql4Net.Tests.Models.Queries.ComparisonByteExpressionTest.ShouldBeNotEquals" storage="/users/gwendallgarnier/projects/personal/dotnet/rsql4net/src/rsql4net.tests/bin/debug/net6.0/rsql4net.tests.dll" id="ee9ca101-fc59-bd6e-e412-f9346355ac9a">
      <Execution id="b3fbcb3e-c3be-480f-b969-0f82ff848293" />
      <TestMethod codeBase="/Users/gwendallgarnier/Projects/Personal/dotnet/rsql4net/src/RSql4Net.Tests/bin/Debug/net6.0/RSql4Net.Tests.dll" adapterTypeName="executor://xunit/VsTestRunner2/netcoreapp" className="RSql4Net.Tests.Models.Queries.ComparisonByteExpressionTest" name="ShouldBeNotEquals" />
    </UnitTest>
    <UnitTest name="RSql4Net.Tests.Models.Queries.LogicalOperatorTest.OrShouldBeOrExpressionWithGroupTest" storage="/users/gwendallgarnier/projects/personal/dotnet/rsql4net/src/rsql4net.tests/bin/debug/net6.0/rsql4net.tests.dll" id="23c90cac-45f8-8376-eeb8-e17a2ac37d79">
      <Execution id="a68c4ef0-0863-4059-886b-7dcdb905517d" />
      <TestMethod codeBase="/Users/gwendallgarnier/Projects/Personal/dotnet/rsql4net/src/RSql4Net.Tests/bin/Debug/net6.0/RSql4Net.Tests.dll" adapterTypeName="executor://xunit/VsTestRunner2/netcoreapp" className="RSql4Net.Tests.Models.Queries.LogicalOperatorTest" name="OrShouldBeOrExpressionWithGroupTest" />
    </UnitTest>
    <UnitTest name="RSql4Net.Tests.Models.Queries.Exceptions.QueryComparisonInvalidComparatorSelectionExceptionTest.ShouldBeSerializable" storage="/users/gwendallgarnier/projects/personal/dotnet/rsql4net/src/rsql4net.tests/bin/debug/net6.0/rsql4net.tests.dll" id="7fbb7831-ec84-605b-ae24-be5325ad16e3">
      <Execution id="2a63abcb-8cfc-44b7-97b8-5663d1762393" />
      <TestMethod codeBase="/Users/gwendallgarnier/Projects/Personal/dotnet/rsql4net/src/RSql4Net.Tests/bin/Debug/net6.0/RSql4Net.Tests.dll" adapterTypeName="executor://xunit/VsTestRunner2/netcoreapp" className="RSql4Net.Tests.Models.Queries.Exceptions.QueryComparisonInvalidComparatorSelectionExceptionTest" name="ShouldBeSerializable" />
    </UnitTest>
    <UnitTest name="RSql4Net.Tests.Models.Queries.ComparisonInt64ExpressionTest.ShouldBeInNullable" storage="/users/gwendallgarnier/projects/personal/dotnet/rsql4net/src/rsql4net.tests/bin/debug/net6.0/rsql4net.tests.dll" id="66b3316c-0b66-702e-c771-c23b512678ae">
      <Execution id="284da841-9e13-4ead-8891-88011c18007b" />
      <TestMethod codeBase="/Users/gwendallgarnier/Projects/Personal/dotnet/rsql4net/src/RSql4Net.Tests/bin/Debug/net6.0/RSql4Net.Tests.dll" adapterTypeName="executor://xunit/VsTestRunner2/netcoreapp" className="RSql4Net.Tests.Models.Queries.ComparisonInt64ExpressionTest" name="ShouldBeInNullable" />
    </UnitTest>
    <UnitTest name="RSql4Net.Tests.Models.Paging.Exceptions.InvalidSortDirectionExceptionTest.ShouldBeSerializable" storage="/users/gwendallgarnier/projects/personal/dotnet/rsql4net/src/rsql4net.tests/bin/debug/net6.0/rsql4net.tests.dll" id="5f536ca0-5523-ec4e-09ed-e85cfd384058">
      <Execution id="61032e97-3ea6-49f3-bef2-097bd0602f92" />
      <TestMethod codeBase="/Users/gwendallgarnier/Projects/Personal/dotnet/rsql4net/src/RSql4Net.Tests/bin/Debug/net6.0/RSql4Net.Tests.dll" adapterTypeName="executor://xunit/VsTestRunner2/netcoreapp" className="RSql4Net.Tests.Models.Paging.Exceptions.InvalidSortDirectionExceptionTest" name="ShouldBeSerializable" />
    </UnitTest>
    <UnitTest name="RSql4Net.Tests.Models.Queries.ComparisonInt16ExpressionTest.ShouldBeIn" storage="/users/gwendallgarnier/projects/personal/dotnet/rsql4net/src/rsql4net.tests/bin/debug/net6.0/rsql4net.tests.dll" id="fc62161e-f1f2-e492-2b73-2ebf73e697b5">
      <Execution id="24cfef16-d377-4202-bbb8-3fd6934a79db" />
      <TestMethod codeBase="/Users/gwendallgarnier/Projects/Personal/dotnet/rsql4net/src/RSql4Net.Tests/bin/Debug/net6.0/RSql4Net.Tests.dll" adapterTypeName="executor://xunit/VsTestRunner2/netcoreapp" className="RSql4Net.Tests.Models.Queries.ComparisonInt16ExpressionTest" name="ShouldBeIn" />
    </UnitTest>
    <UnitTest name="RSql4Net.Tests.Models.Queries.ComparisonInt16ExpressionTest.ShouldBeNotEqualsWithNullable" storage="/users/gwendallgarnier/projects/personal/dotnet/rsql4net/src/rsql4net.tests/bin/debug/net6.0/rsql4net.tests.dll" id="a5732365-01f4-1390-8e54-a7cf9fceebb8">
      <Execution id="50838d14-192e-4851-bd67-6ab75627f61d" />
      <TestMethod codeBase="/Users/gwendallgarnier/Projects/Personal/dotnet/rsql4net/src/RSql4Net.Tests/bin/Debug/net6.0/RSql4Net.Tests.dll" adapterTypeName="executor://xunit/VsTestRunner2/netcoreapp" className="RSql4Net.Tests.Models.Queries.ComparisonInt16ExpressionTest" name="ShouldBeNotEqualsWithNullable" />
    </UnitTest>
    <UnitTest name="RSql4Net.Tests.Models.Paging.PageTest.ShouldBeToValid" storage="/users/gwendallgarnier/projects/personal/dotnet/rsql4net/src/rsql4net.tests/bin/debug/net6.0/rsql4net.tests.dll" id="018e0bef-3f0e-b0b9-2cc2-edcbab442a5a">
      <Execution id="8f6fcb9d-2c1f-4f3c-bfae-9fd4e65d842c" />
      <TestMethod codeBase="/Users/gwendallgarnier/Projects/Personal/dotnet/rsql4net/src/RSql4Net.Tests/bin/Debug/net6.0/RSql4Net.Tests.dll" adapterTypeName="executor://xunit/VsTestRunner2/netcoreapp" className="RSql4Net.Tests.Models.Paging.PageTest" name="ShouldBeToValid" />
    </UnitTest>
    <UnitTest name="RSql4Net.Tests.Models.Queries.RSqlQueryExpressionHelperTest.ShouldBeTrue" storage="/users/gwendallgarnier/projects/personal/dotnet/rsql4net/src/rsql4net.tests/bin/debug/net6.0/rsql4net.tests.dll" id="4a7ec0fd-5627-ffef-89ef-bcf030bab2b9">
      <Execution id="b30f460a-e84b-4e83-a485-f09eeccebeb7" />
      <TestMethod codeBase="/Users/gwendallgarnier/Projects/Personal/dotnet/rsql4net/src/RSql4Net.Tests/bin/Debug/net6.0/RSql4Net.Tests.dll" adapterTypeName="executor://xunit/VsTestRunner2/netcoreapp" className="RSql4Net.Tests.Models.Queries.RSqlQueryExpressionHelperTest" name="ShouldBeTrue" />
    </UnitTest>
    <UnitTest name="RSql4Net.Tests.Models.Queries.ComparisonGuidExpressionTest.ShouldBeNotIn" storage="/users/gwendallgarnier/projects/personal/dotnet/rsql4net/src/rsql4net.tests/bin/debug/net6.0/rsql4net.tests.dll" id="b2489cf6-7470-6b61-1a1e-aece79dfac81">
      <Execution id="3bcd39f4-bf3b-4dde-a6ed-7ad3fb5bf2b9" />
      <TestMethod codeBase="/Users/gwendallgarnier/Projects/Personal/dotnet/rsql4net/src/RSql4Net.Tests/bin/Debug/net6.0/RSql4Net.Tests.dll" adapterTypeName="executor://xunit/VsTestRunner2/netcoreapp" className="RSql4Net.Tests.Models.Queries.ComparisonGuidExpressionTest" name="ShouldBeNotIn" />
    </UnitTest>
    <UnitTest name="RSql4Net.Tests.Models.Queries.ComparisonInt32ExpressionTest.ShouldBeNotEqualsWithNullable" storage="/users/gwendallgarnier/projects/personal/dotnet/rsql4net/src/rsql4net.tests/bin/debug/net6.0/rsql4net.tests.dll" id="853714e0-e5bb-5d43-8372-e1c9134ad6f9">
      <Execution id="00e0b8c4-0782-44e0-be57-ee7cc1788a0e" />
      <TestMethod codeBase="/Users/gwendallgarnier/Projects/Personal/dotnet/rsql4net/src/RSql4Net.Tests/bin/Debug/net6.0/RSql4Net.Tests.dll" adapterTypeName="executor://xunit/VsTestRunner2/netcoreapp" className="RSql4Net.Tests.Models.Queries.ComparisonInt32ExpressionTest" name="ShouldBeNotEqualsWithNullable" />
    </UnitTest>
    <UnitTest name="RSql4Net.Tests.Models.Queries.ComparisonBooleanExpressionTest.ShouldThrowInvalidConversionException" storage="/users/gwendallgarnier/projects/personal/dotnet/rsql4net/src/rsql4net.tests/bin/debug/net6.0/rsql4net.tests.dll" id="2a4e4943-58eb-c7b4-0836-32fd6e0ebdbd">
      <Execution id="372ee12f-8100-42f3-8ac6-4c62d4b04eb6" />
      <TestMethod codeBase="/Users/gwendallgarnier/Projects/Personal/dotnet/rsql4net/src/RSql4Net.Tests/bin/Debug/net6.0/RSql4Net.Tests.dll" adapterTypeName="executor://xunit/VsTestRunner2/netcoreapp" className="RSql4Net.Tests.Models.Queries.ComparisonBooleanExpressionTest" name="ShouldThrowInvalidConversionException" />
    </UnitTest>
    <UnitTest name="RSql4Net.Tests.Models.Queries.ComparisonFloatExpressionTest.ShouldBeNotEquals" storage="/users/gwendallgarnier/projects/personal/dotnet/rsql4net/src/rsql4net.tests/bin/debug/net6.0/rsql4net.tests.dll" id="40c02586-1a04-34b7-cd46-fa5958d3659e">
      <Execution id="736bf329-3805-42d2-a8c0-52e5201ca609" />
      <TestMethod codeBase="/Users/gwendallgarnier/Projects/Personal/dotnet/rsql4net/src/RSql4Net.Tests/bin/Debug/net6.0/RSql4Net.Tests.dll" adapterTypeName="executor://xunit/VsTestRunner2/netcoreapp" className="RSql4Net.Tests.Models.Queries.ComparisonFloatExpressionTest" name="ShouldBeNotEquals" />
    </UnitTest>
    <UnitTest name="RSql4Net.Tests.Models.Queries.QueryReflectionHelperTest.ShouldBeOverrideProperty(name: &quot;Test&quot;)" storage="/users/gwendallgarnier/projects/personal/dotnet/rsql4net/src/rsql4net.tests/bin/debug/net6.0/rsql4net.tests.dll" id="33f7ccc3-a575-cea0-a820-f26434b88628">
      <Execution id="0105621f-bcc7-44e0-be0d-e210c08213de" />
      <TestMethod codeBase="/Users/gwendallgarnier/Projects/Personal/dotnet/rsql4net/src/RSql4Net.Tests/bin/Debug/net6.0/RSql4Net.Tests.dll" adapterTypeName="executor://xunit/VsTestRunner2/netcoreapp" className="RSql4Net.Tests.Models.Queries.QueryReflectionHelperTest" name="ShouldBeOverrideProperty" />
    </UnitTest>
    <UnitTest name="RSql4Net.Tests.Models.Queries.ComparisonCharExpressionTest.ShouldBeEqualsWithNullable" storage="/users/gwendallgarnier/projects/personal/dotnet/rsql4net/src/rsql4net.tests/bin/debug/net6.0/rsql4net.tests.dll" id="0fd1e8d4-6d76-262b-1e0f-4388783d56d8">
      <Execution id="320d9958-12e6-4644-b0c3-527361476848" />
      <TestMethod codeBase="/Users/gwendallgarnier/Projects/Personal/dotnet/rsql4net/src/RSql4Net.Tests/bin/Debug/net6.0/RSql4Net.Tests.dll" adapterTypeName="executor://xunit/VsTestRunner2/netcoreapp" className="RSql4Net.Tests.Models.Queries.ComparisonCharExpressionTest" name="ShouldBeEqualsWithNullable" />
    </UnitTest>
    <UnitTest name="RSql4Net.Tests.Models.Queries.ComparisonFloatExpressionTest.ShouldBeLowerThanOrEquals" storage="/users/gwendallgarnier/projects/personal/dotnet/rsql4net/src/rsql4net.tests/bin/debug/net6.0/rsql4net.tests.dll" id="1f9697af-0d69-849e-0f98-c972cd0fddb8">
      <Execution id="fe2a7602-fd56-48fa-b354-9e94087ae285" />
      <TestMethod codeBase="/Users/gwendallgarnier/Projects/Personal/dotnet/rsql4net/src/RSql4Net.Tests/bin/Debug/net6.0/RSql4Net.Tests.dll" adapterTypeName="executor://xunit/VsTestRunner2/netcoreapp" className="RSql4Net.Tests.Models.Queries.ComparisonFloatExpressionTest" name="ShouldBeLowerThanOrEquals" />
    </UnitTest>
    <UnitTest name="RSql4Net.Tests.Models.Paging.Exceptions.InvalidSortDirectionExceptionTest.ShouldBeInvalidSortDirectionException" storage="/users/gwendallgarnier/projects/personal/dotnet/rsql4net/src/rsql4net.tests/bin/debug/net6.0/rsql4net.tests.dll" id="cbad9f7e-98e9-44a4-3831-461990f1b6a6">
      <Execution id="0d8e2e81-7ad2-47cd-a8ad-c02cacf3eea0" />
      <TestMethod codeBase="/Users/gwendallgarnier/Projects/Personal/dotnet/rsql4net/src/RSql4Net.Tests/bin/Debug/net6.0/RSql4Net.Tests.dll" adapterTypeName="executor://xunit/VsTestRunner2/netcoreapp" className="RSql4Net.Tests.Models.Paging.Exceptions.InvalidSortDirectionExceptionTest" name="ShouldBeInvalidSortDirectionException" />
    </UnitTest>
    <UnitTest name="RSql4Net.Tests.Models.Paging.PageTest.ShouldBeWithHasContentAndIsFirstPage" storage="/users/gwendallgarnier/projects/personal/dotnet/rsql4net/src/rsql4net.tests/bin/debug/net6.0/rsql4net.tests.dll" id="f71ee8b8-48e8-5736-59b2-1e84177c935a">
      <Execution id="a8c12870-a690-48f1-864d-ab7bf5e952ba" />
      <TestMethod codeBase="/Users/gwendallgarnier/Projects/Personal/dotnet/rsql4net/src/RSql4Net.Tests/bin/Debug/net6.0/RSql4Net.Tests.dll" adapterTypeName="executor://xunit/VsTestRunner2/netcoreapp" className="RSql4Net.Tests.Models.Paging.PageTest" name="ShouldBeWithHasContentAndIsFirstPage" />
    </UnitTest>
    <UnitTest name="RSql4Net.Tests.Models.Queries.ComparisonCharExpressionTest.ShouldBeNotEquals" storage="/users/gwendallgarnier/projects/personal/dotnet/rsql4net/src/rsql4net.tests/bin/debug/net6.0/rsql4net.tests.dll" id="2eac06b7-5785-a5d2-f269-141547f8f2ba">
      <Execution id="3269ef12-6823-4c61-ba9f-963962920019" />
      <TestMethod codeBase="/Users/gwendallgarnier/Projects/Personal/dotnet/rsql4net/src/RSql4Net.Tests/bin/Debug/net6.0/RSql4Net.Tests.dll" adapterTypeName="executor://xunit/VsTestRunner2/netcoreapp" className="RSql4Net.Tests.Models.Queries.ComparisonCharExpressionTest" name="ShouldBeNotEquals" />
    </UnitTest>
    <UnitTest name="RSql4Net.Tests.Models.Queries.ComparisonDoubleExpressionTest.ShouldBeGreaterThanWithNullable" storage="/users/gwendallgarnier/projects/personal/dotnet/rsql4net/src/rsql4net.tests/bin/debug/net6.0/rsql4net.tests.dll" id="a60621af-584f-9744-f0f1-677a8234e7aa">
      <Execution id="f5847571-0a53-4c7a-9228-af3e6c11949b" />
      <TestMethod codeBase="/Users/gwendallgarnier/Projects/Personal/dotnet/rsql4net/src/RSql4Net.Tests/bin/Debug/net6.0/RSql4Net.Tests.dll" adapterTypeName="executor://xunit/VsTestRunner2/netcoreapp" className="RSql4Net.Tests.Models.Queries.ComparisonDoubleExpressionTest" name="ShouldBeGreaterThanWithNullable" />
    </UnitTest>
    <UnitTest name="RSql4Net.Tests.Models.Queries.ComparisonDateTimeExpressionTest.ShouldBeEquals" storage="/users/gwendallgarnier/projects/personal/dotnet/rsql4net/src/rsql4net.tests/bin/debug/net6.0/rsql4net.tests.dll" id="881101fe-bb06-6c04-ddf4-9ecb365f97d5">
      <Execution id="50979b54-64c3-40a9-9d9b-ff1bd9e8ec6e" />
      <TestMethod codeBase="/Users/gwendallgarnier/Projects/Personal/dotnet/rsql4net/src/RSql4Net.Tests/bin/Debug/net6.0/RSql4Net.Tests.dll" adapterTypeName="executor://xunit/VsTestRunner2/netcoreapp" className="RSql4Net.Tests.Models.Queries.ComparisonDateTimeExpressionTest" name="ShouldBeEquals" />
    </UnitTest>
    <UnitTest name="RSql4Net.Tests.Models.Queries.ComparisonByteExpressionTest.ShouldBeEquals" storage="/users/gwendallgarnier/projects/personal/dotnet/rsql4net/src/rsql4net.tests/bin/debug/net6.0/rsql4net.tests.dll" id="ccb6b5c5-305c-cac2-dd89-fdf457a75195">
      <Execution id="2f1d7392-ea88-4fc6-9ee5-1a73994579e3" />
      <TestMethod codeBase="/Users/gwendallgarnier/Projects/Personal/dotnet/rsql4net/src/RSql4Net.Tests/bin/Debug/net6.0/RSql4Net.Tests.dll" adapterTypeName="executor://xunit/VsTestRunner2/netcoreapp" className="RSql4Net.Tests.Models.Queries.ComparisonByteExpressionTest" name="ShouldBeEquals" />
    </UnitTest>
    <UnitTest name="RSql4Net.Tests.Models.Queries.ComparisonDateTimeOffsetExpressionTest.ShouldBeLowerThanOrEqualsWithNullable" storage="/users/gwendallgarnier/projects/personal/dotnet/rsql4net/src/rsql4net.tests/bin/debug/net6.0/rsql4net.tests.dll" id="b71b092e-4445-ea49-9cee-eed0077aca04">
      <Execution id="af4bbdfb-6493-40cc-9f9c-48c45ea4d4c4" />
      <TestMethod codeBase="/Users/gwendallgarnier/Projects/Personal/dotnet/rsql4net/src/RSql4Net.Tests/bin/Debug/net6.0/RSql4Net.Tests.dll" adapterTypeName="executor://xunit/VsTestRunner2/netcoreapp" className="RSql4Net.Tests.Models.Queries.ComparisonDateTimeOffsetExpressionTest" name="ShouldBeLowerThanOrEqualsWithNullable" />
    </UnitTest>
    <UnitTest name="RSql4Net.Tests.Models.Queries.ComparisonByteExpressionTest.ShouldBeGreaterThanOrEquals" storage="/users/gwendallgarnier/projects/personal/dotnet/rsql4net/src/rsql4net.tests/bin/debug/net6.0/rsql4net.tests.dll" id="9a0e7d59-8b1f-7a38-cce2-c0714544ea5c">
      <Execution id="224ad501-8097-497b-9fba-945d60c9a563" />
      <TestMethod codeBase="/Users/gwendallgarnier/Projects/Personal/dotnet/rsql4net/src/RSql4Net.Tests/bin/Debug/net6.0/RSql4Net.Tests.dll" adapterTypeName="executor://xunit/VsTestRunner2/netcoreapp" className="RSql4Net.Tests.Models.Queries.ComparisonByteExpressionTest" name="ShouldBeGreaterThanOrEquals" />
    </UnitTest>
    <UnitTest name="RSql4Net.Tests.Models.Queries.ComparisonGuidExpressionTest.ShouldThrowExceptionLowerThan" storage="/users/gwendallgarnier/projects/personal/dotnet/rsql4net/src/rsql4net.tests/bin/debug/net6.0/rsql4net.tests.dll" id="de4160cc-baae-7c0d-1b3d-4e61f5b0e450">
      <Execution id="1bddb403-492a-43e4-941a-2055f75b50b3" />
      <TestMethod codeBase="/Users/gwendallgarnier/Projects/Personal/dotnet/rsql4net/src/RSql4Net.Tests/bin/Debug/net6.0/RSql4Net.Tests.dll" adapterTypeName="executor://xunit/VsTestRunner2/netcoreapp" className="RSql4Net.Tests.Models.Queries.ComparisonGuidExpressionTest" name="ShouldThrowExceptionLowerThan" />
    </UnitTest>
    <UnitTest name="RSql4Net.Tests.Models.Queries.ComparisonBooleanExpressionTest.ShouldBeEquals" storage="/users/gwendallgarnier/projects/personal/dotnet/rsql4net/src/rsql4net.tests/bin/debug/net6.0/rsql4net.tests.dll" id="404db39a-8149-5ab7-a9b5-80415afc33fc">
      <Execution id="8ffea3f1-72ad-4881-afd9-3f4b3b6cf0ec" />
      <TestMethod codeBase="/Users/gwendallgarnier/Projects/Personal/dotnet/rsql4net/src/RSql4Net.Tests/bin/Debug/net6.0/RSql4Net.Tests.dll" adapterTypeName="executor://xunit/VsTestRunner2/netcoreapp" className="RSql4Net.Tests.Models.Queries.ComparisonBooleanExpressionTest" name="ShouldBeEquals" />
    </UnitTest>
    <UnitTest name="RSql4Net.Tests.Models.Queries.ComparisonInt64ExpressionTest.ShouldBeLowerThanWithNullable" storage="/users/gwendallgarnier/projects/personal/dotnet/rsql4net/src/rsql4net.tests/bin/debug/net6.0/rsql4net.tests.dll" id="ee6c41d7-10e3-3374-52e5-e16f0a493e1b">
      <Execution id="04265f90-4f91-4bee-b57b-019f82b5efd1" />
      <TestMethod codeBase="/Users/gwendallgarnier/Projects/Personal/dotnet/rsql4net/src/RSql4Net.Tests/bin/Debug/net6.0/RSql4Net.Tests.dll" adapterTypeName="executor://xunit/VsTestRunner2/netcoreapp" className="RSql4Net.Tests.Models.Queries.ComparisonInt64ExpressionTest" name="ShouldBeLowerThanWithNullable" />
    </UnitTest>
    <UnitTest name="RSql4Net.Tests.Models.Queries.ComparisonDateTimeOffsetExpressionTest.ShouldBeGreaterThanOrEquals" storage="/users/gwendallgarnier/projects/personal/dotnet/rsql4net/src/rsql4net.tests/bin/debug/net6.0/rsql4net.tests.dll" id="bf1c9c74-340a-07e7-5c33-6766c9e09db8">
      <Execution id="7ceda5dd-aa83-48fc-a726-ba0a519cee31" />
      <TestMethod codeBase="/Users/gwendallgarnier/Projects/Personal/dotnet/rsql4net/src/RSql4Net.Tests/bin/Debug/net6.0/RSql4Net.Tests.dll" adapterTypeName="executor://xunit/VsTestRunner2/netcoreapp" className="RSql4Net.Tests.Models.Queries.ComparisonDateTimeOffsetExpressionTest" name="ShouldBeGreaterThanOrEquals" />
    </UnitTest>
    <UnitTest name="RSql4Net.Tests.Models.Queries.ComparisonByteExpressionTest.ShouldBeIn" storage="/users/gwendallgarnier/projects/personal/dotnet/rsql4net/src/rsql4net.tests/bin/debug/net6.0/rsql4net.tests.dll" id="7629c11e-c968-70fa-3b6e-79a7ec4fc0ac">
      <Execution id="8de81e1b-c89a-4616-a423-2a60b485413c" />
      <TestMethod codeBase="/Users/gwendallgarnier/Projects/Personal/dotnet/rsql4net/src/RSql4Net.Tests/bin/Debug/net6.0/RSql4Net.Tests.dll" adapterTypeName="executor://xunit/VsTestRunner2/netcoreapp" className="RSql4Net.Tests.Models.Queries.ComparisonByteExpressionTest" name="ShouldBeIn" />
    </UnitTest>
    <UnitTest name="RSql4Net.Tests.Models.Queries.ComparisonFloatExpressionTest.ShouldBeNotIn" storage="/users/gwendallgarnier/projects/personal/dotnet/rsql4net/src/rsql4net.tests/bin/debug/net6.0/rsql4net.tests.dll" id="b41fd8f5-c54e-ac57-2097-af0e819454bb">
      <Execution id="175ad374-c70e-4233-8204-12f1980b4052" />
      <TestMethod codeBase="/Users/gwendallgarnier/Projects/Personal/dotnet/rsql4net/src/RSql4Net.Tests/bin/Debug/net6.0/RSql4Net.Tests.dll" adapterTypeName="executor://xunit/VsTestRunner2/netcoreapp" className="RSql4Net.Tests.Models.Queries.ComparisonFloatExpressionTest" name="ShouldBeNotIn" />
    </UnitTest>
    <UnitTest name="RSql4Net.Tests.Models.Queries.ComparisonDoubleExpressionTest.ShouldBeLowerThanOrEquals" storage="/users/gwendallgarnier/projects/personal/dotnet/rsql4net/src/rsql4net.tests/bin/debug/net6.0/rsql4net.tests.dll" id="e3a30fa0-8414-9724-f45f-ee097fc56503">
      <Execution id="009444fe-24da-4ba8-ac56-37ffed59daf1" />
      <TestMethod codeBase="/Users/gwendallgarnier/Projects/Personal/dotnet/rsql4net/src/RSql4Net.Tests/bin/Debug/net6.0/RSql4Net.Tests.dll" adapterTypeName="executor://xunit/VsTestRunner2/netcoreapp" className="RSql4Net.Tests.Models.Queries.ComparisonDoubleExpressionTest" name="ShouldBeLowerThanOrEquals" />
    </UnitTest>
    <UnitTest name="RSql4Net.Tests.Models.Queries.ComparisonFloatExpressionTest.ShouldBeNotEqualsWithNullable" storage="/users/gwendallgarnier/projects/personal/dotnet/rsql4net/src/rsql4net.tests/bin/debug/net6.0/rsql4net.tests.dll" id="6bcd031b-4d13-4197-e296-9ce519997277">
      <Execution id="198a2709-24c6-4954-8746-f856082b5281" />
      <TestMethod codeBase="/Users/gwendallgarnier/Projects/Personal/dotnet/rsql4net/src/RSql4Net.Tests/bin/Debug/net6.0/RSql4Net.Tests.dll" adapterTypeName="executor://xunit/VsTestRunner2/netcoreapp" className="RSql4Net.Tests.Models.Queries.ComparisonFloatExpressionTest" name="ShouldBeNotEqualsWithNullable" />
    </UnitTest>
    <UnitTest name="RSql4Net.Tests.Models.Queries.RSqlQueryExpressionHelperTest.ShouldBeGetIsNullExpressionThrowComparisonTooManyArgumentExceptionTest" storage="/users/gwendallgarnier/projects/personal/dotnet/rsql4net/src/rsql4net.tests/bin/debug/net6.0/rsql4net.tests.dll" id="9541a191-32dc-1b45-3093-d5a492b245b6">
      <Execution id="e1e2ec74-1756-466c-bfa6-da7efb13c339" />
      <TestMethod codeBase="/Users/gwendallgarnier/Projects/Personal/dotnet/rsql4net/src/RSql4Net.Tests/bin/Debug/net6.0/RSql4Net.Tests.dll" adapterTypeName="executor://xunit/VsTestRunner2/netcoreapp" className="RSql4Net.Tests.Models.Queries.RSqlQueryExpressionHelperTest" name="ShouldBeGetIsNullExpressionThrowComparisonTooManyArgumentExceptionTest" />
    </UnitTest>
    <UnitTest name="RSql4Net.Tests.Models.Queries.ComparisonEnumExpressionTest.ShouldBeEqualsWithNullable" storage="/users/gwendallgarnier/projects/personal/dotnet/rsql4net/src/rsql4net.tests/bin/debug/net6.0/rsql4net.tests.dll" id="608d5cba-ee64-a102-70b9-c93c8916b1fd">
      <Execution id="9c413225-6252-4969-b3fe-db3d971ffc2d" />
      <TestMethod codeBase="/Users/gwendallgarnier/Projects/Personal/dotnet/rsql4net/src/RSql4Net.Tests/bin/Debug/net6.0/RSql4Net.Tests.dll" adapterTypeName="executor://xunit/VsTestRunner2/netcoreapp" className="RSql4Net.Tests.Models.Queries.ComparisonEnumExpressionTest" name="ShouldBeEqualsWithNullable" />
    </UnitTest>
    <UnitTest name="RSql4Net.Tests.Models.Queries.ComparisonByteExpressionTest.ShouldBeLowerThan" storage="/users/gwendallgarnier/projects/personal/dotnet/rsql4net/src/rsql4net.tests/bin/debug/net6.0/rsql4net.tests.dll" id="4222996a-dd69-9dff-7f8f-8fb7546b6b34">
      <Execution id="611dcf74-890e-467f-befa-69033f80b1a3" />
      <TestMethod codeBase="/Users/gwendallgarnier/Projects/Personal/dotnet/rsql4net/src/RSql4Net.Tests/bin/Debug/net6.0/RSql4Net.Tests.dll" adapterTypeName="executor://xunit/VsTestRunner2/netcoreapp" className="RSql4Net.Tests.Models.Queries.ComparisonByteExpressionTest" name="ShouldBeLowerThan" />
    </UnitTest>
    <UnitTest name="RSql4Net.Tests.Models.Queries.ComparisonInt32ExpressionTest.ShouldBeLowerThanOrEquals" storage="/users/gwendallgarnier/projects/personal/dotnet/rsql4net/src/rsql4net.tests/bin/debug/net6.0/rsql4net.tests.dll" id="74c3559d-0331-15b4-d746-a0cbb2313079">
      <Execution id="01f83c98-d84d-485c-90f0-86a1ccc476fa" />
      <TestMethod codeBase="/Users/gwendallgarnier/Projects/Personal/dotnet/rsql4net/src/RSql4Net.Tests/bin/Debug/net6.0/RSql4Net.Tests.dll" adapterTypeName="executor://xunit/VsTestRunner2/netcoreapp" className="RSql4Net.Tests.Models.Queries.ComparisonInt32ExpressionTest" name="ShouldBeLowerThanOrEquals" />
    </UnitTest>
    <UnitTest name="RSql4Net.Tests.Models.Queries.ComparisonDoubleExpressionTest.ShouldBeNotEqualsWithNullable" storage="/users/gwendallgarnier/projects/personal/dotnet/rsql4net/src/rsql4net.tests/bin/debug/net6.0/rsql4net.tests.dll" id="5101cca2-0f32-dacb-c590-28865c10dabe">
      <Execution id="53c501e0-d1e5-4e5b-b26e-cca66d5d7a6a" />
      <TestMethod codeBase="/Users/gwendallgarnier/Projects/Personal/dotnet/rsql4net/src/RSql4Net.Tests/bin/Debug/net6.0/RSql4Net.Tests.dll" adapterTypeName="executor://xunit/VsTestRunner2/netcoreapp" className="RSql4Net.Tests.Models.Queries.ComparisonDoubleExpressionTest" name="ShouldBeNotEqualsWithNullable" />
    </UnitTest>
    <UnitTest name="RSql4Net.Tests.Models.Queries.ComparisonDateTimeOffsetExpressionTest.ShouldBeGreaterThanOrEqualsWithNullable" storage="/users/gwendallgarnier/projects/personal/dotnet/rsql4net/src/rsql4net.tests/bin/debug/net6.0/rsql4net.tests.dll" id="88eed883-3a80-5013-b28c-c43622438de6">
      <Execution id="999a9e32-684f-4646-b376-fa87b0ae120f" />
      <TestMethod codeBase="/Users/gwendallgarnier/Projects/Personal/dotnet/rsql4net/src/RSql4Net.Tests/bin/Debug/net6.0/RSql4Net.Tests.dll" adapterTypeName="executor://xunit/VsTestRunner2/netcoreapp" className="RSql4Net.Tests.Models.Queries.ComparisonDateTimeOffsetExpressionTest" name="ShouldBeGreaterThanOrEqualsWithNullable" />
    </UnitTest>
    <UnitTest name="RSql4Net.Tests.Models.Queries.ComparisonCharExpressionTest.ShouldBeNotIn" storage="/users/gwendallgarnier/projects/personal/dotnet/rsql4net/src/rsql4net.tests/bin/debug/net6.0/rsql4net.tests.dll" id="bf5875e1-2f86-87e8-d588-cf0331c94bfe">
      <Execution id="63005784-5a2d-4cf6-807a-c0774fb65a1b" />
      <TestMethod codeBase="/Users/gwendallgarnier/Projects/Personal/dotnet/rsql4net/src/RSql4Net.Tests/bin/Debug/net6.0/RSql4Net.Tests.dll" adapterTypeName="executor://xunit/VsTestRunner2/netcoreapp" className="RSql4Net.Tests.Models.Queries.ComparisonCharExpressionTest" name="ShouldBeNotIn" />
    </UnitTest>
    <UnitTest name="RSql4Net.Tests.Models.Queries.Exceptions.ComparisonInvalidMatchTypeExceptionTest.ShouldBeSerializable" storage="/users/gwendallgarnier/projects/personal/dotnet/rsql4net/src/rsql4net.tests/bin/debug/net6.0/rsql4net.tests.dll" id="7c2bfdfd-4cd3-0a7e-46c0-ff338713ec8c">
      <Execution id="d702c369-57a8-40aa-a054-162ed0ccf20e" />
      <TestMethod codeBase="/Users/gwendallgarnier/Projects/Personal/dotnet/rsql4net/src/RSql4Net.Tests/bin/Debug/net6.0/RSql4Net.Tests.dll" adapterTypeName="executor://xunit/VsTestRunner2/netcoreapp" className="RSql4Net.Tests.Models.Queries.Exceptions.ComparisonInvalidMatchTypeExceptionTest" name="ShouldBeSerializable" />
    </UnitTest>
    <UnitTest name="RSql4Net.Tests.Models.Queries.ComparisonByteExpressionTest.ShouldBeEqualsWithNullable" storage="/users/gwendallgarnier/projects/personal/dotnet/rsql4net/src/rsql4net.tests/bin/debug/net6.0/rsql4net.tests.dll" id="06c22b60-83ab-20e8-a007-b11ba23b1b6f">
      <Execution id="2ce1a01e-9eb7-4432-abe2-46e1f49f2948" />
      <TestMethod codeBase="/Users/gwendallgarnier/Projects/Personal/dotnet/rsql4net/src/RSql4Net.Tests/bin/Debug/net6.0/RSql4Net.Tests.dll" adapterTypeName="executor://xunit/VsTestRunner2/netcoreapp" className="RSql4Net.Tests.Models.Queries.ComparisonByteExpressionTest" name="ShouldBeEqualsWithNullable" />
    </UnitTest>
    <UnitTest name="RSql4Net.Tests.Models.Paging.PageTest.ShouldBeWithHasContentAndHasPreviousAndHasNext" storage="/users/gwendallgarnier/projects/personal/dotnet/rsql4net/src/rsql4net.tests/bin/debug/net6.0/rsql4net.tests.dll" id="54557abe-1a4e-501e-12d2-93d978283cf0">
      <Execution id="53657d20-ef5b-4676-a428-10b9e702ae68" />
      <TestMethod codeBase="/Users/gwendallgarnier/Projects/Personal/dotnet/rsql4net/src/RSql4Net.Tests/bin/Debug/net6.0/RSql4Net.Tests.dll" adapterTypeName="executor://xunit/VsTestRunner2/netcoreapp" className="RSql4Net.Tests.Models.Paging.PageTest" name="ShouldBeWithHasContentAndHasPreviousAndHasNext" />
    </UnitTest>
    <UnitTest name="RSql4Net.Tests.Models.Queries.QueryReflectionHelperTest.ShouldBeParentProperty" storage="/users/gwendallgarnier/projects/personal/dotnet/rsql4net/src/rsql4net.tests/bin/debug/net6.0/rsql4net.tests.dll" id="eb0568de-7634-e538-e1c9-fd881e45d772">
      <Execution id="aa2cf38e-dad2-4c47-93a6-15437b0af29c" />
      <TestMethod codeBase="/Users/gwendallgarnier/Projects/Personal/dotnet/rsql4net/src/RSql4Net.Tests/bin/Debug/net6.0/RSql4Net.Tests.dll" adapterTypeName="executor://xunit/VsTestRunner2/netcoreapp" className="RSql4Net.Tests.Models.Queries.QueryReflectionHelperTest" name="ShouldBeParentProperty" />
    </UnitTest>
    <UnitTest name="RSql4Net.Tests.Models.Queries.ComparisonInt64ExpressionTest.ShouldBeLowerThanOrEquals" storage="/users/gwendallgarnier/projects/personal/dotnet/rsql4net/src/rsql4net.tests/bin/debug/net6.0/rsql4net.tests.dll" id="62e3045c-a497-76c4-2e62-015f9f7ea9c2">
      <Execution id="7a96f14b-6081-4030-8ebb-7d186feb7ab4" />
      <TestMethod codeBase="/Users/gwendallgarnier/Projects/Personal/dotnet/rsql4net/src/RSql4Net.Tests/bin/Debug/net6.0/RSql4Net.Tests.dll" adapterTypeName="executor://xunit/VsTestRunner2/netcoreapp" className="RSql4Net.Tests.Models.Queries.ComparisonInt64ExpressionTest" name="ShouldBeLowerThanOrEquals" />
    </UnitTest>
    <UnitTest name="RSql4Net.Tests.Models.Queries.RSqlQueryExpressionHelperTest.ShouldBeGetIsNullExpressionThrowComparisonInvalidComparatorSelectionExceptionTest" storage="/users/gwendallgarnier/projects/personal/dotnet/rsql4net/src/rsql4net.tests/bin/debug/net6.0/rsql4net.tests.dll" id="83d89063-6f6a-9539-bdd5-66ff5ebb05bd">
      <Execution id="d8d46ad9-34d5-4cf8-b07b-4804fbb6d1eb" />
      <TestMethod codeBase="/Users/gwendallgarnier/Projects/Personal/dotnet/rsql4net/src/RSql4Net.Tests/bin/Debug/net6.0/RSql4Net.Tests.dll" adapterTypeName="executor://xunit/VsTestRunner2/netcoreapp" className="RSql4Net.Tests.Models.Queries.RSqlQueryExpressionHelperTest" name="ShouldBeGetIsNullExpressionThrowComparisonInvalidComparatorSelectionExceptionTest" />
    </UnitTest>
    <UnitTest name="RSql4Net.Tests.Models.Queries.ComparisonCharExpressionTest.ShouldBeNotInNullable" storage="/users/gwendallgarnier/projects/personal/dotnet/rsql4net/src/rsql4net.tests/bin/debug/net6.0/rsql4net.tests.dll" id="b62a27ca-a9b5-9b83-8f3f-a84d8bff9d6d">
      <Execution id="6e5ceec0-e2be-44f5-a32b-deef652c9e3e" />
      <TestMethod codeBase="/Users/gwendallgarnier/Projects/Personal/dotnet/rsql4net/src/RSql4Net.Tests/bin/Debug/net6.0/RSql4Net.Tests.dll" adapterTypeName="executor://xunit/VsTestRunner2/netcoreapp" className="RSql4Net.Tests.Models.Queries.ComparisonCharExpressionTest" name="ShouldBeNotInNullable" />
    </UnitTest>
    <UnitTest name="RSql4Net.Tests.Models.Queries.QueryableExtensionsTests.ShouldBeThrowArgumentNullException" storage="/users/gwendallgarnier/projects/personal/dotnet/rsql4net/src/rsql4net.tests/bin/debug/net6.0/rsql4net.tests.dll" id="6c88b7ea-b888-37ff-67af-0a68235ae716">
      <Execution id="23fad88d-a5f7-4f5b-8456-f2e896c85662" />
      <TestMethod codeBase="/Users/gwendallgarnier/Projects/Personal/dotnet/rsql4net/src/RSql4Net.Tests/bin/Debug/net6.0/RSql4Net.Tests.dll" adapterTypeName="executor://xunit/VsTestRunner2/netcoreapp" className="RSql4Net.Tests.Models.Queries.QueryableExtensionsTests" name="ShouldBeThrowArgumentNullException" />
    </UnitTest>
    <UnitTest name="RSql4Net.Tests.Models.Queries.ComparisonDateTimeExpressionTest.ShouldBeLowerThanWithNullable" storage="/users/gwendallgarnier/projects/personal/dotnet/rsql4net/src/rsql4net.tests/bin/debug/net6.0/rsql4net.tests.dll" id="fcb0b9c4-adb9-b431-1d00-425c0da94fa6">
      <Execution id="b9d4cc95-e931-4cb7-a490-0957e6f48adf" />
      <TestMethod codeBase="/Users/gwendallgarnier/Projects/Personal/dotnet/rsql4net/src/RSql4Net.Tests/bin/Debug/net6.0/RSql4Net.Tests.dll" adapterTypeName="executor://xunit/VsTestRunner2/netcoreapp" className="RSql4Net.Tests.Models.Queries.ComparisonDateTimeExpressionTest" name="ShouldBeLowerThanWithNullable" />
    </UnitTest>
    <UnitTest name="RSql4Net.Tests.Configuration.Exceptions.InvalidFormatFieldNameExceptionTest.ShouldBeSerializable" storage="/users/gwendallgarnier/projects/personal/dotnet/rsql4net/src/rsql4net.tests/bin/debug/net6.0/rsql4net.tests.dll" id="2060c73a-6fd3-9734-cf2c-61c48be89b29">
      <Execution id="114106ec-69f1-4f64-9c46-8abd60f70087" />
      <TestMethod codeBase="/Users/gwendallgarnier/Projects/Personal/dotnet/rsql4net/src/RSql4Net.Tests/bin/Debug/net6.0/RSql4Net.Tests.dll" adapterTypeName="executor://xunit/VsTestRunner2/netcoreapp" className="RSql4Net.Tests.Configuration.Exceptions.InvalidFormatFieldNameExceptionTest" name="ShouldBeSerializable" />
    </UnitTest>
    <UnitTest name="RSql4Net.Tests.Models.Queries.Exceptions.QueryErrorNodeExceptionTest.ShouldBeSerializable" storage="/users/gwendallgarnier/projects/personal/dotnet/rsql4net/src/rsql4net.tests/bin/debug/net6.0/rsql4net.tests.dll" id="160e072b-221f-9c2e-d3ad-54710abe6587">
      <Execution id="7f61896d-c626-48a8-8cd9-b43f87ce4912" />
      <TestMethod codeBase="/Users/gwendallgarnier/Projects/Personal/dotnet/rsql4net/src/RSql4Net.Tests/bin/Debug/net6.0/RSql4Net.Tests.dll" adapterTypeName="executor://xunit/VsTestRunner2/netcoreapp" className="RSql4Net.Tests.Models.Queries.Exceptions.QueryErrorNodeExceptionTest" name="ShouldBeSerializable" />
    </UnitTest>
    <UnitTest name="RSql4Net.Tests.Models.Queries.ComparisonDateTimeOffsetExpressionTest.ShouldBeLowerThanWithNullable" storage="/users/gwendallgarnier/projects/personal/dotnet/rsql4net/src/rsql4net.tests/bin/debug/net6.0/rsql4net.tests.dll" id="0b166708-09d0-d987-080e-376f3f05a1ac">
      <Execution id="e6ce105b-6137-4fb5-8973-dc68718fe4a0" />
      <TestMethod codeBase="/Users/gwendallgarnier/Projects/Personal/dotnet/rsql4net/src/RSql4Net.Tests/bin/Debug/net6.0/RSql4Net.Tests.dll" adapterTypeName="executor://xunit/VsTestRunner2/netcoreapp" className="RSql4Net.Tests.Models.Queries.ComparisonDateTimeOffsetExpressionTest" name="ShouldBeLowerThanWithNullable" />
    </UnitTest>
    <UnitTest name="RSql4Net.Tests.Models.Queries.ComparisonByteExpressionTest.ShouldBeLowerThanOrEquals" storage="/users/gwendallgarnier/projects/personal/dotnet/rsql4net/src/rsql4net.tests/bin/debug/net6.0/rsql4net.tests.dll" id="fa4b2431-c6a7-e3fd-330a-e6f2f21e4772">
      <Execution id="d7257721-2612-437b-ada2-da1381c78c73" />
      <TestMethod codeBase="/Users/gwendallgarnier/Projects/Personal/dotnet/rsql4net/src/RSql4Net.Tests/bin/Debug/net6.0/RSql4Net.Tests.dll" adapterTypeName="executor://xunit/VsTestRunner2/netcoreapp" className="RSql4Net.Tests.Models.Queries.ComparisonByteExpressionTest" name="ShouldBeLowerThanOrEquals" />
    </UnitTest>
    <UnitTest name="RSql4Net.Tests.Models.Queries.ComparisonDoubleExpressionTest.ShouldBeGreaterThan" storage="/users/gwendallgarnier/projects/personal/dotnet/rsql4net/src/rsql4net.tests/bin/debug/net6.0/rsql4net.tests.dll" id="83f36b20-79f8-1e61-7d18-a59a54c00f3e">
      <Execution id="b97827ce-e767-493c-97af-d358dba9631c" />
      <TestMethod codeBase="/Users/gwendallgarnier/Projects/Personal/dotnet/rsql4net/src/RSql4Net.Tests/bin/Debug/net6.0/RSql4Net.Tests.dll" adapterTypeName="executor://xunit/VsTestRunner2/netcoreapp" className="RSql4Net.Tests.Models.Queries.ComparisonDoubleExpressionTest" name="ShouldBeGreaterThan" />
    </UnitTest>
    <UnitTest name="RSql4Net.Tests.Models.Queries.ComparisonDoubleExpressionTest.ShouldBeLowerThanOrEqualsWithNullable" storage="/users/gwendallgarnier/projects/personal/dotnet/rsql4net/src/rsql4net.tests/bin/debug/net6.0/rsql4net.tests.dll" id="5bac8179-2736-84fc-2b5c-8a03626ef96f">
      <Execution id="23fbe995-835b-4bbf-a6e1-6dfdb9e14cb9" />
      <TestMethod codeBase="/Users/gwendallgarnier/Projects/Personal/dotnet/rsql4net/src/RSql4Net.Tests/bin/Debug/net6.0/RSql4Net.Tests.dll" adapterTypeName="executor://xunit/VsTestRunner2/netcoreapp" className="RSql4Net.Tests.Models.Queries.ComparisonDoubleExpressionTest" name="ShouldBeLowerThanOrEqualsWithNullable" />
    </UnitTest>
    <UnitTest name="RSql4Net.Tests.Models.Queries.ComparisonCharExpressionTest.ShouldBeGreaterThanOrEqualsWithNullable" storage="/users/gwendallgarnier/projects/personal/dotnet/rsql4net/src/rsql4net.tests/bin/debug/net6.0/rsql4net.tests.dll" id="92741a22-28c3-a094-9747-ad8589f64324">
      <Execution id="9ed9a978-3260-4f61-9393-471fea9653db" />
      <TestMethod codeBase="/Users/gwendallgarnier/Projects/Personal/dotnet/rsql4net/src/RSql4Net.Tests/bin/Debug/net6.0/RSql4Net.Tests.dll" adapterTypeName="executor://xunit/VsTestRunner2/netcoreapp" className="RSql4Net.Tests.Models.Queries.ComparisonCharExpressionTest" name="ShouldBeGreaterThanOrEqualsWithNullable" />
    </UnitTest>
    <UnitTest name="RSql4Net.Tests.Controllers.ControllerBaseExtensionsTest.ShouldBePartialContent" storage="/users/gwendallgarnier/projects/personal/dotnet/rsql4net/src/rsql4net.tests/bin/debug/net6.0/rsql4net.tests.dll" id="d9229f49-efca-5fdb-4e7d-9c34b1f1a682">
      <Execution id="b21afadb-d6b6-4584-bc60-2c623695cc74" />
      <TestMethod codeBase="/Users/gwendallgarnier/Projects/Personal/dotnet/rsql4net/src/RSql4Net.Tests/bin/Debug/net6.0/RSql4Net.Tests.dll" adapterTypeName="executor://xunit/VsTestRunner2/netcoreapp" className="RSql4Net.Tests.Controllers.ControllerBaseExtensionsTest" name="ShouldBePartialContent" />
    </UnitTest>
    <UnitTest name="RSql4Net.Tests.Models.Queries.ComparisonSubObjectExpressionTest.ShouldBeEquals" storage="/users/gwendallgarnier/projects/personal/dotnet/rsql4net/src/rsql4net.tests/bin/debug/net6.0/rsql4net.tests.dll" id="92fda909-bacb-c010-bc73-013c127e84c5">
      <Execution id="7711885e-3c44-44cd-8c40-9cf474c3fca4" />
      <TestMethod codeBase="/Users/gwendallgarnier/Projects/Personal/dotnet/rsql4net/src/RSql4Net.Tests/bin/Debug/net6.0/RSql4Net.Tests.dll" adapterTypeName="executor://xunit/VsTestRunner2/netcoreapp" className="RSql4Net.Tests.Models.Queries.ComparisonSubObjectExpressionTest" name="ShouldBeEquals" />
    </UnitTest>
    <UnitTest name="RSql4Net.Tests.Models.Queries.ComparisonGuidExpressionTest.ShouldThrowExceptionGreaterThanOrEquals" storage="/users/gwendallgarnier/projects/personal/dotnet/rsql4net/src/rsql4net.tests/bin/debug/net6.0/rsql4net.tests.dll" id="da6cd655-47d7-868f-5a09-0cfc18371346">
      <Execution id="df214bf2-0f8f-4b51-8a2a-da656971b42d" />
      <TestMethod codeBase="/Users/gwendallgarnier/Projects/Personal/dotnet/rsql4net/src/RSql4Net.Tests/bin/Debug/net6.0/RSql4Net.Tests.dll" adapterTypeName="executor://xunit/VsTestRunner2/netcoreapp" className="RSql4Net.Tests.Models.Queries.ComparisonGuidExpressionTest" name="ShouldThrowExceptionGreaterThanOrEquals" />
    </UnitTest>
    <UnitTest name="RSql4Net.Tests.Models.Queries.ComparisonStringExpressionTest.ShouldBeEquals" storage="/users/gwendallgarnier/projects/personal/dotnet/rsql4net/src/rsql4net.tests/bin/debug/net6.0/rsql4net.tests.dll" id="84f2aea3-83c4-14b3-3a5a-0780b87dcfee">
      <Execution id="e236a0b2-7f42-4685-a935-651abe0f54f3" />
      <TestMethod codeBase="/Users/gwendallgarnier/Projects/Personal/dotnet/rsql4net/src/RSql4Net.Tests/bin/Debug/net6.0/RSql4Net.Tests.dll" adapterTypeName="executor://xunit/VsTestRunner2/netcoreapp" className="RSql4Net.Tests.Models.Queries.ComparisonStringExpressionTest" name="ShouldBeEquals" />
    </UnitTest>
    <UnitTest name="RSql4Net.Tests.Models.Queries.RSqlQueryExpressionHelperTest.ShouldBeGetLkExpressionThrowComparisonTooManyArgumentExceptionTest" storage="/users/gwendallgarnier/projects/personal/dotnet/rsql4net/src/rsql4net.tests/bin/debug/net6.0/rsql4net.tests.dll" id="5561ee75-021b-bcf6-6b97-ea62352f3bc6">
      <Execution id="c1317f1a-696a-412c-989c-82cfc5ad8d6b" />
      <TestMethod codeBase="/Users/gwendallgarnier/Projects/Personal/dotnet/rsql4net/src/RSql4Net.Tests/bin/Debug/net6.0/RSql4Net.Tests.dll" adapterTypeName="executor://xunit/VsTestRunner2/netcoreapp" className="RSql4Net.Tests.Models.Queries.RSqlQueryExpressionHelperTest" name="ShouldBeGetLkExpressionThrowComparisonTooManyArgumentExceptionTest" />
    </UnitTest>
    <UnitTest name="RSql4Net.Tests.Models.Queries.ComparisonFloatExpressionTest.ShouldThrowInvalidConversionException" storage="/users/gwendallgarnier/projects/personal/dotnet/rsql4net/src/rsql4net.tests/bin/debug/net6.0/rsql4net.tests.dll" id="2c0c8eeb-65d3-ab6e-b2a1-2d89d166659b">
      <Execution id="72c7a85c-8bdb-4980-a6a3-4d72d83948e8" />
      <TestMethod codeBase="/Users/gwendallgarnier/Projects/Personal/dotnet/rsql4net/src/RSql4Net.Tests/bin/Debug/net6.0/RSql4Net.Tests.dll" adapterTypeName="executor://xunit/VsTestRunner2/netcoreapp" className="RSql4Net.Tests.Models.Queries.ComparisonFloatExpressionTest" name="ShouldThrowInvalidConversionException" />
    </UnitTest>
    <UnitTest name="RSql4Net.Tests.Models.Queries.ComparisonInt16ExpressionTest.ShouldBeGreaterThanWithNullable" storage="/users/gwendallgarnier/projects/personal/dotnet/rsql4net/src/rsql4net.tests/bin/debug/net6.0/rsql4net.tests.dll" id="323f31b8-d3d6-1c0a-280c-1ea473d44b4b">
      <Execution id="db023cc2-2d75-4165-87d7-6ef5f5645b63" />
      <TestMethod codeBase="/Users/gwendallgarnier/Projects/Personal/dotnet/rsql4net/src/RSql4Net.Tests/bin/Debug/net6.0/RSql4Net.Tests.dll" adapterTypeName="executor://xunit/VsTestRunner2/netcoreapp" className="RSql4Net.Tests.Models.Queries.ComparisonInt16ExpressionTest" name="ShouldBeGreaterThanWithNullable" />
    </UnitTest>
    <UnitTest name="RSql4Net.Tests.Models.Queries.ComparisonInt64ExpressionTest.ShouldBeLowerThan" storage="/users/gwendallgarnier/projects/personal/dotnet/rsql4net/src/rsql4net.tests/bin/debug/net6.0/rsql4net.tests.dll" id="534e9087-867a-60ed-8cc0-64abd8a553e2">
      <Execution id="9c8ed05e-211b-4f6b-a462-64529ed36fe1" />
      <TestMethod codeBase="/Users/gwendallgarnier/Projects/Personal/dotnet/rsql4net/src/RSql4Net.Tests/bin/Debug/net6.0/RSql4Net.Tests.dll" adapterTypeName="executor://xunit/VsTestRunner2/netcoreapp" className="RSql4Net.Tests.Models.Queries.ComparisonInt64ExpressionTest" name="ShouldBeLowerThan" />
    </UnitTest>
    <UnitTest name="RSql4Net.Tests.Models.Queries.ComparisonDoubleExpressionTest.ShouldBeIn" storage="/users/gwendallgarnier/projects/personal/dotnet/rsql4net/src/rsql4net.tests/bin/debug/net6.0/rsql4net.tests.dll" id="a199e3d3-37c4-59ab-f42b-70300241cadc">
      <Execution id="eb9f3c12-120f-4463-955e-b331aa1fbcbf" />
      <TestMethod codeBase="/Users/gwendallgarnier/Projects/Personal/dotnet/rsql4net/src/RSql4Net.Tests/bin/Debug/net6.0/RSql4Net.Tests.dll" adapterTypeName="executor://xunit/VsTestRunner2/netcoreapp" className="RSql4Net.Tests.Models.Queries.ComparisonDoubleExpressionTest" name="ShouldBeIn" />
    </UnitTest>
    <UnitTest name="RSql4Net.Tests.Models.Queries.ComparisonInt16ExpressionTest.ShouldBeGreaterThan" storage="/users/gwendallgarnier/projects/personal/dotnet/rsql4net/src/rsql4net.tests/bin/debug/net6.0/rsql4net.tests.dll" id="47bafd0f-4ea8-d79e-a3a1-e034829fdf0e">
      <Execution id="8173f589-4feb-44c8-bfc6-cf395cfecd39" />
      <TestMethod codeBase="/Users/gwendallgarnier/Projects/Personal/dotnet/rsql4net/src/RSql4Net.Tests/bin/Debug/net6.0/RSql4Net.Tests.dll" adapterTypeName="executor://xunit/VsTestRunner2/netcoreapp" className="RSql4Net.Tests.Models.Queries.ComparisonInt16ExpressionTest" name="ShouldBeGreaterThan" />
    </UnitTest>
    <UnitTest name="RSql4Net.Tests.Models.Queries.ComparisonFloatExpressionTest.ShouldBeLowerThanOrEqualsWithNullable" storage="/users/gwendallgarnier/projects/personal/dotnet/rsql4net/src/rsql4net.tests/bin/debug/net6.0/rsql4net.tests.dll" id="cfdf3f31-a502-5fca-5bf9-5aa27e53a4e3">
      <Execution id="3ce116d0-c1bb-4e7a-a79f-f32314d198d2" />
      <TestMethod codeBase="/Users/gwendallgarnier/Projects/Personal/dotnet/rsql4net/src/RSql4Net.Tests/bin/Debug/net6.0/RSql4Net.Tests.dll" adapterTypeName="executor://xunit/VsTestRunner2/netcoreapp" className="RSql4Net.Tests.Models.Queries.ComparisonFloatExpressionTest" name="ShouldBeLowerThanOrEqualsWithNullable" />
    </UnitTest>
    <UnitTest name="RSql4Net.Tests.Models.Queries.Exceptions.ComparisonInvalidMatchTypeExceptionTest.ShouldBeThrow" storage="/users/gwendallgarnier/projects/personal/dotnet/rsql4net/src/rsql4net.tests/bin/debug/net6.0/rsql4net.tests.dll" id="b896f8fe-2e5e-8aa9-9d39-db295d7843fd">
      <Execution id="94c5d19d-ad35-4fc6-a864-a5c04b74a2d8" />
      <TestMethod codeBase="/Users/gwendallgarnier/Projects/Personal/dotnet/rsql4net/src/RSql4Net.Tests/bin/Debug/net6.0/RSql4Net.Tests.dll" adapterTypeName="executor://xunit/VsTestRunner2/netcoreapp" className="RSql4Net.Tests.Models.Queries.Exceptions.ComparisonInvalidMatchTypeExceptionTest" name="ShouldBeThrow" />
    </UnitTest>
    <UnitTest name="RSql4Net.Tests.Models.Queries.ComparisonStringExpressionTest.ShouldBeNotIn" storage="/users/gwendallgarnier/projects/personal/dotnet/rsql4net/src/rsql4net.tests/bin/debug/net6.0/rsql4net.tests.dll" id="eb6e98ca-75a8-b42e-dc00-5d34d512cc30">
      <Execution id="58b1f99c-db12-4cfe-9ac6-15b6a07b2604" />
      <TestMethod codeBase="/Users/gwendallgarnier/Projects/Personal/dotnet/rsql4net/src/RSql4Net.Tests/bin/Debug/net6.0/RSql4Net.Tests.dll" adapterTypeName="executor://xunit/VsTestRunner2/netcoreapp" className="RSql4Net.Tests.Models.Queries.ComparisonStringExpressionTest" name="ShouldBeNotIn" />
    </UnitTest>
    <UnitTest name="RSql4Net.Tests.Models.Queries.RSqlQueryExpressionHelperTest.ShouldBeGetAndExpressionThrowArgumentNullExceptionTest" storage="/users/gwendallgarnier/projects/personal/dotnet/rsql4net/src/rsql4net.tests/bin/debug/net6.0/rsql4net.tests.dll" id="6c300d8b-6f97-3167-5505-d46121639bc0">
      <Execution id="39924b15-45a8-498f-9bfa-dc8a6faaae0d" />
      <TestMethod codeBase="/Users/gwendallgarnier/Projects/Personal/dotnet/rsql4net/src/RSql4Net.Tests/bin/Debug/net6.0/RSql4Net.Tests.dll" adapterTypeName="executor://xunit/VsTestRunner2/netcoreapp" className="RSql4Net.Tests.Models.Queries.RSqlQueryExpressionHelperTest" name="ShouldBeGetAndExpressionThrowArgumentNullExceptionTest" />
    </UnitTest>
    <UnitTest name="RSql4Net.Tests.ServiceCollectionExtensionsTest.ShouldBeWithRSql" storage="/users/gwendallgarnier/projects/personal/dotnet/rsql4net/src/rsql4net.tests/bin/debug/net6.0/rsql4net.tests.dll" id="4ba015fd-b684-52d9-eb3d-37b09d418759">
      <Execution id="8377c51e-3cd9-4e14-9220-c1c34f0db63a" />
      <TestMethod codeBase="/Users/gwendallgarnier/Projects/Personal/dotnet/rsql4net/src/RSql4Net.Tests/bin/Debug/net6.0/RSql4Net.Tests.dll" adapterTypeName="executor://xunit/VsTestRunner2/netcoreapp" className="RSql4Net.Tests.ServiceCollectionExtensionsTest" name="ShouldBeWithRSql" />
    </UnitTest>
    <UnitTest name="RSql4Net.Tests.Models.Queries.ComparisonBooleanExpressionTest.ShouldBeNotEquals" storage="/users/gwendallgarnier/projects/personal/dotnet/rsql4net/src/rsql4net.tests/bin/debug/net6.0/rsql4net.tests.dll" id="f5ca4854-6bdc-cd8b-b916-6dbc97333176">
      <Execution id="5db823b6-db5e-45b5-b496-2568a80a15cb" />
      <TestMethod codeBase="/Users/gwendallgarnier/Projects/Personal/dotnet/rsql4net/src/RSql4Net.Tests/bin/Debug/net6.0/RSql4Net.Tests.dll" adapterTypeName="executor://xunit/VsTestRunner2/netcoreapp" className="RSql4Net.Tests.Models.Queries.ComparisonBooleanExpressionTest" name="ShouldBeNotEquals" />
    </UnitTest>
    <UnitTest name="RSql4Net.Tests.Models.Queries.ComparisonInt64ExpressionTest.ShouldBeGreaterThanOrEquals" storage="/users/gwendallgarnier/projects/personal/dotnet/rsql4net/src/rsql4net.tests/bin/debug/net6.0/rsql4net.tests.dll" id="6f37e7aa-2d10-e0c0-87af-2fc3a74c2497">
      <Execution id="d5154f8e-56f6-4a9d-b131-a19d1381dfc2" />
      <TestMethod codeBase="/Users/gwendallgarnier/Projects/Personal/dotnet/rsql4net/src/RSql4Net.Tests/bin/Debug/net6.0/RSql4Net.Tests.dll" adapterTypeName="executor://xunit/VsTestRunner2/netcoreapp" className="RSql4Net.Tests.Models.Queries.ComparisonInt64ExpressionTest" name="ShouldBeGreaterThanOrEquals" />
    </UnitTest>
    <UnitTest name="RSql4Net.Tests.Configuration.SettingsBuilderTest.ShouldBeAlreadyFieldNameUsedException" storage="/users/gwendallgarnier/projects/personal/dotnet/rsql4net/src/rsql4net.tests/bin/debug/net6.0/rsql4net.tests.dll" id="830d0d13-c9b7-8311-2a0e-2baa92eda423">
      <Execution id="ae2373ee-93c1-46fb-ad20-8dcf89de32fb" />
      <TestMethod codeBase="/Users/gwendallgarnier/Projects/Personal/dotnet/rsql4net/src/RSql4Net.Tests/bin/Debug/net6.0/RSql4Net.Tests.dll" adapterTypeName="executor://xunit/VsTestRunner2/netcoreapp" className="RSql4Net.Tests.Configuration.SettingsBuilderTest" name="ShouldBeAlreadyFieldNameUsedException" />
    </UnitTest>
    <UnitTest name="RSql4Net.Tests.Models.Queries.ComparisonCharExpressionTest.ShouldBeIn" storage="/users/gwendallgarnier/projects/personal/dotnet/rsql4net/src/rsql4net.tests/bin/debug/net6.0/rsql4net.tests.dll" id="7b858a2f-88b0-6da8-ee9a-1532e3e2a916">
      <Execution id="fb93e617-fa39-49e9-9656-fa3d7bb63cca" />
      <TestMethod codeBase="/Users/gwendallgarnier/Projects/Personal/dotnet/rsql4net/src/RSql4Net.Tests/bin/Debug/net6.0/RSql4Net.Tests.dll" adapterTypeName="executor://xunit/VsTestRunner2/netcoreapp" className="RSql4Net.Tests.Models.Queries.ComparisonCharExpressionTest" name="ShouldBeIn" />
    </UnitTest>
    <UnitTest name="RSql4Net.Tests.Models.Queries.ComparisonDateTimeOffsetExpressionTest.ShouldBeNotIn" storage="/users/gwendallgarnier/projects/personal/dotnet/rsql4net/src/rsql4net.tests/bin/debug/net6.0/rsql4net.tests.dll" id="6cb80eab-2155-3e32-4075-3a124947a278">
      <Execution id="53bc7e7c-d449-4037-9a56-b628b7738a66" />
      <TestMethod codeBase="/Users/gwendallgarnier/Projects/Personal/dotnet/rsql4net/src/RSql4Net.Tests/bin/Debug/net6.0/RSql4Net.Tests.dll" adapterTypeName="executor://xunit/VsTestRunner2/netcoreapp" className="RSql4Net.Tests.Models.Queries.ComparisonDateTimeOffsetExpressionTest" name="ShouldBeNotIn" />
    </UnitTest>
    <UnitTest name="RSql4Net.Tests.SwaggerGen.RSqlOperationFilterTest.ShouldBeWithPageableParameter" storage="/users/gwendallgarnier/projects/personal/dotnet/rsql4net/src/rsql4net.tests/bin/debug/net6.0/rsql4net.tests.dll" id="f8e9f3f0-aa6f-4953-bd32-d6195a964021">
      <Execution id="56cab34a-8278-4126-914d-ec03c5af8bc1" />
      <TestMethod codeBase="/Users/gwendallgarnier/Projects/Personal/dotnet/rsql4net/src/RSql4Net.Tests/bin/Debug/net6.0/RSql4Net.Tests.dll" adapterTypeName="executor://xunit/VsTestRunner2/netcoreapp" className="RSql4Net.Tests.SwaggerGen.RSqlOperationFilterTest" name="ShouldBeWithPageableParameter" />
    </UnitTest>
    <UnitTest name="RSql4Net.Tests.Models.Queries.ComparisonFloatExpressionTest.ShouldBeEquals" storage="/users/gwendallgarnier/projects/personal/dotnet/rsql4net/src/rsql4net.tests/bin/debug/net6.0/rsql4net.tests.dll" id="193fb7c8-28c0-48c1-0c9d-a05079065f8e">
      <Execution id="20db9ec9-ca16-4b95-be52-d91f54e2a12a" />
      <TestMethod codeBase="/Users/gwendallgarnier/Projects/Personal/dotnet/rsql4net/src/RSql4Net.Tests/bin/Debug/net6.0/RSql4Net.Tests.dll" adapterTypeName="executor://xunit/VsTestRunner2/netcoreapp" className="RSql4Net.Tests.Models.Queries.ComparisonFloatExpressionTest" name="ShouldBeEquals" />
    </UnitTest>
    <UnitTest name="RSql4Net.Tests.Models.Queries.RSqlQueryExpressionHelperTest.ShouldBeGetIsNullExpressionThrowComparisonNotEnoughArgumentExceptionTest" storage="/users/gwendallgarnier/projects/personal/dotnet/rsql4net/src/rsql4net.tests/bin/debug/net6.0/rsql4net.tests.dll" id="941ed32f-81dc-4be8-1aa4-93c5cf33e1d7">
      <Execution id="e43f19d8-70b4-4a75-846d-bd6907357693" />
      <TestMethod codeBase="/Users/gwendallgarnier/Projects/Personal/dotnet/rsql4net/src/RSql4Net.Tests/bin/Debug/net6.0/RSql4Net.Tests.dll" adapterTypeName="executor://xunit/VsTestRunner2/netcoreapp" className="RSql4Net.Tests.Models.Queries.RSqlQueryExpressionHelperTest" name="ShouldBeGetIsNullExpressionThrowComparisonNotEnoughArgumentExceptionTest" />
    </UnitTest>
    <UnitTest name="RSql4Net.Tests.Models.Queries.ComparisonInt32ExpressionTest.ShouldBeEquals" storage="/users/gwendallgarnier/projects/personal/dotnet/rsql4net/src/rsql4net.tests/bin/debug/net6.0/rsql4net.tests.dll" id="c048dd32-5c7a-5419-b68b-a5544b11f635">
      <Execution id="ed95264e-7689-416e-8068-954d471326a7" />
      <TestMethod codeBase="/Users/gwendallgarnier/Projects/Personal/dotnet/rsql4net/src/RSql4Net.Tests/bin/Debug/net6.0/RSql4Net.Tests.dll" adapterTypeName="executor://xunit/VsTestRunner2/netcoreapp" className="RSql4Net.Tests.Models.Queries.ComparisonInt32ExpressionTest" name="ShouldBeEquals" />
    </UnitTest>
    <UnitTest name="RSql4Net.Tests.Models.Queries.ComparisonExceptionTest.ShouldBeThrowQueryComparisonUnknownSelectorException" storage="/users/gwendallgarnier/projects/personal/dotnet/rsql4net/src/rsql4net.tests/bin/debug/net6.0/rsql4net.tests.dll" id="7a32ee84-d7f6-226e-6d94-bf0e53ed33e6">
      <Execution id="0f1e7d31-298b-45d6-9e0a-a5264c428d77" />
      <TestMethod codeBase="/Users/gwendallgarnier/Projects/Personal/dotnet/rsql4net/src/RSql4Net.Tests/bin/Debug/net6.0/RSql4Net.Tests.dll" adapterTypeName="executor://xunit/VsTestRunner2/netcoreapp" className="RSql4Net.Tests.Models.Queries.ComparisonExceptionTest" name="ShouldBeThrowQueryComparisonUnknownSelectorException" />
    </UnitTest>
    <UnitTest name="RSql4Net.Tests.Configuration.SettingsBuilderTest.ShouldBeCustomValidBuilder" storage="/users/gwendallgarnier/projects/personal/dotnet/rsql4net/src/rsql4net.tests/bin/debug/net6.0/rsql4net.tests.dll" id="fdcc3b04-660b-d514-14e7-76bde633f941">
      <Execution id="16437268-9d7f-4d2e-9ddb-4cc0d3fd91c6" />
      <TestMethod codeBase="/Users/gwendallgarnier/Projects/Personal/dotnet/rsql4net/src/RSql4Net.Tests/bin/Debug/net6.0/RSql4Net.Tests.dll" adapterTypeName="executor://xunit/VsTestRunner2/netcoreapp" className="RSql4Net.Tests.Configuration.SettingsBuilderTest" name="ShouldBeCustomValidBuilder" />
    </UnitTest>
    <UnitTest name="RSql4Net.Tests.Models.Queries.ComparisonDecimalExpressionTest.ShouldBeLowerThanWithNullable" storage="/users/gwendallgarnier/projects/personal/dotnet/rsql4net/src/rsql4net.tests/bin/debug/net6.0/rsql4net.tests.dll" id="2a92043b-a354-182c-2c5b-fa1531c31365">
      <Execution id="fce1f593-846a-4437-9ee4-60005c31d676" />
      <TestMethod codeBase="/Users/gwendallgarnier/Projects/Personal/dotnet/rsql4net/src/RSql4Net.Tests/bin/Debug/net6.0/RSql4Net.Tests.dll" adapterTypeName="executor://xunit/VsTestRunner2/netcoreapp" className="RSql4Net.Tests.Models.Queries.ComparisonDecimalExpressionTest" name="ShouldBeLowerThanWithNullable" />
    </UnitTest>
    <UnitTest name="RSql4Net.Tests.Models.Queries.ComparisonInt32ExpressionTest.ShouldBeLowerThan" storage="/users/gwendallgarnier/projects/personal/dotnet/rsql4net/src/rsql4net.tests/bin/debug/net6.0/rsql4net.tests.dll" id="6e9c68c2-c0dd-4b1e-bcd6-21265adc17ab">
      <Execution id="9d49905f-0570-4222-9441-d6836cf3b9fa" />
      <TestMethod codeBase="/Users/gwendallgarnier/Projects/Personal/dotnet/rsql4net/src/RSql4Net.Tests/bin/Debug/net6.0/RSql4Net.Tests.dll" adapterTypeName="executor://xunit/VsTestRunner2/netcoreapp" className="RSql4Net.Tests.Models.Queries.ComparisonInt32ExpressionTest" name="ShouldBeLowerThan" />
    </UnitTest>
    <UnitTest name="RSql4Net.Tests.Models.Queries.ComparisonStringExpressionTest.ShouldBeNotEquals" storage="/users/gwendallgarnier/projects/personal/dotnet/rsql4net/src/rsql4net.tests/bin/debug/net6.0/rsql4net.tests.dll" id="59242324-e20b-a7b3-411c-823cf4f05e09">
      <Execution id="5410a821-326b-4397-9a2d-0722dd976df6" />
      <TestMethod codeBase="/Users/gwendallgarnier/Projects/Personal/dotnet/rsql4net/src/RSql4Net.Tests/bin/Debug/net6.0/RSql4Net.Tests.dll" adapterTypeName="executor://xunit/VsTestRunner2/netcoreapp" className="RSql4Net.Tests.Models.Queries.ComparisonStringExpressionTest" name="ShouldBeNotEquals" />
    </UnitTest>
    <UnitTest name="RSql4Net.Tests.Models.Queries.Exceptions.ComparisonTooManyArgumentExceptionTest.ShouldBeSerializable" storage="/users/gwendallgarnier/projects/personal/dotnet/rsql4net/src/rsql4net.tests/bin/debug/net6.0/rsql4net.tests.dll" id="96564f32-26cd-a3ee-d05c-ce4b266a5203">
      <Execution id="f0782577-4b34-49f4-a40f-5d95e4d2bddc" />
      <TestMethod codeBase="/Users/gwendallgarnier/Projects/Personal/dotnet/rsql4net/src/RSql4Net.Tests/bin/Debug/net6.0/RSql4Net.Tests.dll" adapterTypeName="executor://xunit/VsTestRunner2/netcoreapp" className="RSql4Net.Tests.Models.Queries.Exceptions.ComparisonTooManyArgumentExceptionTest" name="ShouldBeSerializable" />
    </UnitTest>
    <UnitTest name="RSql4Net.Tests.Models.Queries.ComparisonInt32ExpressionTest.ShouldBeLowerThanWithNullable" storage="/users/gwendallgarnier/projects/personal/dotnet/rsql4net/src/rsql4net.tests/bin/debug/net6.0/rsql4net.tests.dll" id="60fb77df-7ea3-45d6-087c-7d64ca76d05c">
      <Execution id="1ea7b2d1-bcd3-402b-9a70-2c7be1a63389" />
      <TestMethod codeBase="/Users/gwendallgarnier/Projects/Personal/dotnet/rsql4net/src/RSql4Net.Tests/bin/Debug/net6.0/RSql4Net.Tests.dll" adapterTypeName="executor://xunit/VsTestRunner2/netcoreapp" className="RSql4Net.Tests.Models.Queries.ComparisonInt32ExpressionTest" name="ShouldBeLowerThanWithNullable" />
    </UnitTest>
    <UnitTest name="RSql4Net.Tests.Models.Queries.ComparisonBooleanExpressionTest.ShouldBeEqualsWithNullable" storage="/users/gwendallgarnier/projects/personal/dotnet/rsql4net/src/rsql4net.tests/bin/debug/net6.0/rsql4net.tests.dll" id="da32758c-2aca-0034-4e1b-a3544445a753">
      <Execution id="26db8dd2-3ee7-4ce3-b228-40bec1b609c7" />
      <TestMethod codeBase="/Users/gwendallgarnier/Projects/Personal/dotnet/rsql4net/src/RSql4Net.Tests/bin/Debug/net6.0/RSql4Net.Tests.dll" adapterTypeName="executor://xunit/VsTestRunner2/netcoreapp" className="RSql4Net.Tests.Models.Queries.ComparisonBooleanExpressionTest" name="ShouldBeEqualsWithNullable" />
    </UnitTest>
    <UnitTest name="RSql4Net.Tests.Models.Queries.ComparisonCharExpressionTest.ShouldBeGreaterThan" storage="/users/gwendallgarnier/projects/personal/dotnet/rsql4net/src/rsql4net.tests/bin/debug/net6.0/rsql4net.tests.dll" id="9dc65989-d026-d5a8-777b-84d227940d7b">
      <Execution id="0820f7c7-fb98-435f-b5ae-f5c5d3eeedd1" />
      <TestMethod codeBase="/Users/gwendallgarnier/Projects/Personal/dotnet/rsql4net/src/RSql4Net.Tests/bin/Debug/net6.0/RSql4Net.Tests.dll" adapterTypeName="executor://xunit/VsTestRunner2/netcoreapp" className="RSql4Net.Tests.Models.Queries.ComparisonCharExpressionTest" name="ShouldBeGreaterThan" />
    </UnitTest>
    <UnitTest name="RSql4Net.Tests.Models.Queries.ComparisonInt16ExpressionTest.ShouldBeLowerThanOrEqualsWithNullable" storage="/users/gwendallgarnier/projects/personal/dotnet/rsql4net/src/rsql4net.tests/bin/debug/net6.0/rsql4net.tests.dll" id="5a7e9457-dd42-9772-050d-b0199c83ea90">
      <Execution id="5e54fad3-f627-4737-b99c-54e9ca624784" />
      <TestMethod codeBase="/Users/gwendallgarnier/Projects/Personal/dotnet/rsql4net/src/RSql4Net.Tests/bin/Debug/net6.0/RSql4Net.Tests.dll" adapterTypeName="executor://xunit/VsTestRunner2/netcoreapp" className="RSql4Net.Tests.Models.Queries.ComparisonInt16ExpressionTest" name="ShouldBeLowerThanOrEqualsWithNullable" />
    </UnitTest>
    <UnitTest name="RSql4Net.Tests.Models.Queries.ComparisonDateTimeOffsetExpressionTest.ShouldBeLowerThanOrEquals" storage="/users/gwendallgarnier/projects/personal/dotnet/rsql4net/src/rsql4net.tests/bin/debug/net6.0/rsql4net.tests.dll" id="9c01007e-f15c-5042-f344-9d61c8fd49b7">
      <Execution id="d3364238-b4b8-482d-8401-f77135ce0589" />
      <TestMethod codeBase="/Users/gwendallgarnier/Projects/Personal/dotnet/rsql4net/src/RSql4Net.Tests/bin/Debug/net6.0/RSql4Net.Tests.dll" adapterTypeName="executor://xunit/VsTestRunner2/netcoreapp" className="RSql4Net.Tests.Models.Queries.ComparisonDateTimeOffsetExpressionTest" name="ShouldBeLowerThanOrEquals" />
    </UnitTest>
    <UnitTest name="RSql4Net.Tests.Models.Queries.ComparisonDecimalExpressionTest.ShouldBeEquals" storage="/users/gwendallgarnier/projects/personal/dotnet/rsql4net/src/rsql4net.tests/bin/debug/net6.0/rsql4net.tests.dll" id="51426835-a488-79ce-9060-c68af6406338">
      <Execution id="84c701de-6d5b-4f70-a129-fea9057ec109" />
      <TestMethod codeBase="/Users/gwendallgarnier/Projects/Personal/dotnet/rsql4net/src/RSql4Net.Tests/bin/Debug/net6.0/RSql4Net.Tests.dll" adapterTypeName="executor://xunit/VsTestRunner2/netcoreapp" className="RSql4Net.Tests.Models.Queries.ComparisonDecimalExpressionTest" name="ShouldBeEquals" />
    </UnitTest>
    <UnitTest name="RSql4Net.Tests.Models.Queries.QueryReflectionHelperTest.ShouldBeExcludeProperty(name: &quot;ExcludeProperty2&quot;)" storage="/users/gwendallgarnier/projects/personal/dotnet/rsql4net/src/rsql4net.tests/bin/debug/net6.0/rsql4net.tests.dll" id="f532ac45-3097-944f-c4f8-99582f29dc0c">
      <Execution id="3d7f3077-66c0-4d21-a5b1-b71d662bb1aa" />
      <TestMethod codeBase="/Users/gwendallgarnier/Projects/Personal/dotnet/rsql4net/src/RSql4Net.Tests/bin/Debug/net6.0/RSql4Net.Tests.dll" adapterTypeName="executor://xunit/VsTestRunner2/netcoreapp" className="RSql4Net.Tests.Models.Queries.QueryReflectionHelperTest" name="ShouldBeExcludeProperty" />
    </UnitTest>
    <UnitTest name="RSql4Net.Tests.Models.Queries.ComparisonInt64ExpressionTest.ShouldBeIn" storage="/users/gwendallgarnier/projects/personal/dotnet/rsql4net/src/rsql4net.tests/bin/debug/net6.0/rsql4net.tests.dll" id="4f6eedc0-273d-3ddf-b2ec-30442140fc69">
      <Execution id="087f3c10-d439-4f2d-a233-5a674582e72f" />
      <TestMethod codeBase="/Users/gwendallgarnier/Projects/Personal/dotnet/rsql4net/src/RSql4Net.Tests/bin/Debug/net6.0/RSql4Net.Tests.dll" adapterTypeName="executor://xunit/VsTestRunner2/netcoreapp" className="RSql4Net.Tests.Models.Queries.ComparisonInt64ExpressionTest" name="ShouldBeIn" />
    </UnitTest>
    <UnitTest name="RSql4Net.Tests.Models.Queries.ComparisonDoubleExpressionTest.ShouldBeGreaterThanOrEqualsWithNullable" storage="/users/gwendallgarnier/projects/personal/dotnet/rsql4net/src/rsql4net.tests/bin/debug/net6.0/rsql4net.tests.dll" id="68b75c99-dac3-a5fc-e529-c42237fc36b3">
      <Execution id="2d245702-aeff-4ac2-9339-cbdaf2f8f289" />
      <TestMethod codeBase="/Users/gwendallgarnier/Projects/Personal/dotnet/rsql4net/src/RSql4Net.Tests/bin/Debug/net6.0/RSql4Net.Tests.dll" adapterTypeName="executor://xunit/VsTestRunner2/netcoreapp" className="RSql4Net.Tests.Models.Queries.ComparisonDoubleExpressionTest" name="ShouldBeGreaterThanOrEqualsWithNullable" />
    </UnitTest>
    <UnitTest name="RSql4Net.Tests.Models.Queries.ComparisonDoubleExpressionTest.ShouldThrowInvalidConversionException" storage="/users/gwendallgarnier/projects/personal/dotnet/rsql4net/src/rsql4net.tests/bin/debug/net6.0/rsql4net.tests.dll" id="34bcbfc6-659b-6383-b54c-e735fafc784c">
      <Execution id="c8b14b8b-d4f5-48d5-a09f-528dd087d4fe" />
      <TestMethod codeBase="/Users/gwendallgarnier/Projects/Personal/dotnet/rsql4net/src/RSql4Net.Tests/bin/Debug/net6.0/RSql4Net.Tests.dll" adapterTypeName="executor://xunit/VsTestRunner2/netcoreapp" className="RSql4Net.Tests.Models.Queries.ComparisonDoubleExpressionTest" name="ShouldThrowInvalidConversionException" />
    </UnitTest>
    <UnitTest name="RSql4Net.Tests.Models.Queries.ComparisonDateTimeOffsetExpressionTest.ShouldBeNotEqualsWithNullable" storage="/users/gwendallgarnier/projects/personal/dotnet/rsql4net/src/rsql4net.tests/bin/debug/net6.0/rsql4net.tests.dll" id="420abb37-9168-bed0-3c02-f8ca29a3eb20">
      <Execution id="1e719b90-92e5-4cc8-9fec-3be14091cd96" />
      <TestMethod codeBase="/Users/gwendallgarnier/Projects/Personal/dotnet/rsql4net/src/RSql4Net.Tests/bin/Debug/net6.0/RSql4Net.Tests.dll" adapterTypeName="executor://xunit/VsTestRunner2/netcoreapp" className="RSql4Net.Tests.Models.Queries.ComparisonDateTimeOffsetExpressionTest" name="ShouldBeNotEqualsWithNullable" />
    </UnitTest>
    <UnitTest name="RSql4Net.Tests.Models.Queries.ComparisonBooleanExpressionTest.ShouldThrowExceptionGreaterThanOrEquals" storage="/users/gwendallgarnier/projects/personal/dotnet/rsql4net/src/rsql4net.tests/bin/debug/net6.0/rsql4net.tests.dll" id="0f211c0c-c4a5-0729-8a77-e39ab48ae45f">
      <Execution id="d37a9498-4e8f-4ade-b657-aae116ad09cf" />
      <TestMethod codeBase="/Users/gwendallgarnier/Projects/Personal/dotnet/rsql4net/src/RSql4Net.Tests/bin/Debug/net6.0/RSql4Net.Tests.dll" adapterTypeName="executor://xunit/VsTestRunner2/netcoreapp" className="RSql4Net.Tests.Models.Queries.ComparisonBooleanExpressionTest" name="ShouldThrowExceptionGreaterThanOrEquals" />
    </UnitTest>
    <UnitTest name="RSql4Net.Tests.Models.MethodContainsInfoTest.ShouldBeReturnNull" storage="/users/gwendallgarnier/projects/personal/dotnet/rsql4net/src/rsql4net.tests/bin/debug/net6.0/rsql4net.tests.dll" id="65d43f36-da3f-f658-6fd0-c192ae241543">
      <Execution id="ac89385e-aa22-4595-9d6d-45726a708878" />
      <TestMethod codeBase="/Users/gwendallgarnier/Projects/Personal/dotnet/rsql4net/src/RSql4Net.Tests/bin/Debug/net6.0/RSql4Net.Tests.dll" adapterTypeName="executor://xunit/VsTestRunner2/netcoreapp" className="RSql4Net.Tests.Models.MethodContainsInfoTest" name="ShouldBeReturnNull" />
    </UnitTest>
    <UnitTest name="RSql4Net.Tests.Models.Queries.ComparisonCharExpressionTest.ShouldBeGreaterThanWithNullable" storage="/users/gwendallgarnier/projects/personal/dotnet/rsql4net/src/rsql4net.tests/bin/debug/net6.0/rsql4net.tests.dll" id="476e636f-af85-f0a7-ce68-221d8bd3d711">
      <Execution id="a33d6ca8-4491-48a7-ae85-167c59a61ba0" />
      <TestMethod codeBase="/Users/gwendallgarnier/Projects/Personal/dotnet/rsql4net/src/RSql4Net.Tests/bin/Debug/net6.0/RSql4Net.Tests.dll" adapterTypeName="executor://xunit/VsTestRunner2/netcoreapp" className="RSql4Net.Tests.Models.Queries.ComparisonCharExpressionTest" name="ShouldBeGreaterThanWithNullable" />
    </UnitTest>
    <UnitTest name="RSql4Net.Tests.Models.Queries.Exceptions.InvalidConversionExceptionTest.ShouldBeThrow" storage="/users/gwendallgarnier/projects/personal/dotnet/rsql4net/src/rsql4net.tests/bin/debug/net6.0/rsql4net.tests.dll" id="d4c12bd2-c459-ae76-55bd-f5a51cf9c1a3">
      <Execution id="9827fb1f-45f1-45d6-87a5-597f6d42d44f" />
      <TestMethod codeBase="/Users/gwendallgarnier/Projects/Personal/dotnet/rsql4net/src/RSql4Net.Tests/bin/Debug/net6.0/RSql4Net.Tests.dll" adapterTypeName="executor://xunit/VsTestRunner2/netcoreapp" className="RSql4Net.Tests.Models.Queries.Exceptions.InvalidConversionExceptionTest" name="ShouldBeThrow" />
    </UnitTest>
    <UnitTest name="RSql4Net.Tests.Models.Queries.ComparisonBooleanExpressionTest.ShouldThrowExceptionLowerThanOrEquals" storage="/users/gwendallgarnier/projects/personal/dotnet/rsql4net/src/rsql4net.tests/bin/debug/net6.0/rsql4net.tests.dll" id="c9fc8e19-7fe1-4dae-2948-7f153faac460">
      <Execution id="f8b4face-5494-49c8-9628-13f017f29b95" />
      <TestMethod codeBase="/Users/gwendallgarnier/Projects/Personal/dotnet/rsql4net/src/RSql4Net.Tests/bin/Debug/net6.0/RSql4Net.Tests.dll" adapterTypeName="executor://xunit/VsTestRunner2/netcoreapp" className="RSql4Net.Tests.Models.Queries.ComparisonBooleanExpressionTest" name="ShouldThrowExceptionLowerThanOrEquals" />
    </UnitTest>
    <UnitTest name="RSql4Net.Tests.Models.Queries.ComparisonDateTimeExpressionTest.ShouldThrowInvalidConversionException" storage="/users/gwendallgarnier/projects/personal/dotnet/rsql4net/src/rsql4net.tests/bin/debug/net6.0/rsql4net.tests.dll" id="193579c3-924a-42ac-1f05-be920639c4a1">
      <Execution id="5038c45d-d8fb-47bb-8423-ecdbfce04dd0" />
      <TestMethod codeBase="/Users/gwendallgarnier/Projects/Personal/dotnet/rsql4net/src/RSql4Net.Tests/bin/Debug/net6.0/RSql4Net.Tests.dll" adapterTypeName="executor://xunit/VsTestRunner2/netcoreapp" className="RSql4Net.Tests.Models.Queries.ComparisonDateTimeExpressionTest" name="ShouldThrowInvalidConversionException" />
    </UnitTest>
    <UnitTest name="RSql4Net.Tests.Configuration.Exceptions.AlreadyFieldNameUsedExceptionTest.ShouldBeSerializable" storage="/users/gwendallgarnier/projects/personal/dotnet/rsql4net/src/rsql4net.tests/bin/debug/net6.0/rsql4net.tests.dll" id="787870f5-3e0e-92fe-6108-df4ccf393003">
      <Execution id="b4fcdd7c-63ec-48b7-b95b-ec93e6d1c585" />
      <TestMethod codeBase="/Users/gwendallgarnier/Projects/Personal/dotnet/rsql4net/src/RSql4Net.Tests/bin/Debug/net6.0/RSql4Net.Tests.dll" adapterTypeName="executor://xunit/VsTestRunner2/netcoreapp" className="RSql4Net.Tests.Configuration.Exceptions.AlreadyFieldNameUsedExceptionTest" name="ShouldBeSerializable" />
    </UnitTest>
    <UnitTest name="RSql4Net.Tests.Models.Queries.ComparisonInt16ExpressionTest.ShouldBeNotIn" storage="/users/gwendallgarnier/projects/personal/dotnet/rsql4net/src/rsql4net.tests/bin/debug/net6.0/rsql4net.tests.dll" id="0f6799d5-267a-0236-4374-a0f2b3116681">
      <Execution id="f252e028-839f-4522-83ed-53c23a3a911c" />
      <TestMethod codeBase="/Users/gwendallgarnier/Projects/Personal/dotnet/rsql4net/src/RSql4Net.Tests/bin/Debug/net6.0/RSql4Net.Tests.dll" adapterTypeName="executor://xunit/VsTestRunner2/netcoreapp" className="RSql4Net.Tests.Models.Queries.ComparisonInt16ExpressionTest" name="ShouldBeNotIn" />
    </UnitTest>
    <UnitTest name="RSql4Net.Tests.Models.Queries.ComparisonDateTimeExpressionTest.ShouldBeNotIn" storage="/users/gwendallgarnier/projects/personal/dotnet/rsql4net/src/rsql4net.tests/bin/debug/net6.0/rsql4net.tests.dll" id="25092170-5d64-7b6d-4cf3-6b0ffd4b5dcf">
      <Execution id="6552d84f-fdad-427b-85b1-d6524bcc29e9" />
      <TestMethod codeBase="/Users/gwendallgarnier/Projects/Personal/dotnet/rsql4net/src/RSql4Net.Tests/bin/Debug/net6.0/RSql4Net.Tests.dll" adapterTypeName="executor://xunit/VsTestRunner2/netcoreapp" className="RSql4Net.Tests.Models.Queries.ComparisonDateTimeExpressionTest" name="ShouldBeNotIn" />
    </UnitTest>
    <UnitTest name="RSql4Net.Tests.Models.Queries.ComparisonStringExpressionTest.ShouldBeContains" storage="/users/gwendallgarnier/projects/personal/dotnet/rsql4net/src/rsql4net.tests/bin/debug/net6.0/rsql4net.tests.dll" id="8b9796b7-ac1a-5608-8d60-0ce2c21258fc">
      <Execution id="1cdbaf6e-ec52-4f6f-a9bc-d0c9e8d895a2" />
      <TestMethod codeBase="/Users/gwendallgarnier/Projects/Personal/dotnet/rsql4net/src/RSql4Net.Tests/bin/Debug/net6.0/RSql4Net.Tests.dll" adapterTypeName="executor://xunit/VsTestRunner2/netcoreapp" className="RSql4Net.Tests.Models.Queries.ComparisonStringExpressionTest" name="ShouldBeContains" />
    </UnitTest>
    <UnitTest name="RSql4Net.Tests.Models.Queries.ComparisonCharExpressionTest.ShouldBeNotEqualsWithNullable" storage="/users/gwendallgarnier/projects/personal/dotnet/rsql4net/src/rsql4net.tests/bin/debug/net6.0/rsql4net.tests.dll" id="e2fdfbc5-89ea-0c33-b909-8f18127851bc">
      <Execution id="58d9e129-ce7c-4273-ad15-4e376d0c8bd1" />
      <TestMethod codeBase="/Users/gwendallgarnier/Projects/Personal/dotnet/rsql4net/src/RSql4Net.Tests/bin/Debug/net6.0/RSql4Net.Tests.dll" adapterTypeName="executor://xunit/VsTestRunner2/netcoreapp" className="RSql4Net.Tests.Models.Queries.ComparisonCharExpressionTest" name="ShouldBeNotEqualsWithNullable" />
    </UnitTest>
    <UnitTest name="RSql4Net.Tests.SwaggerGen.RSqlOperationFilterTest.ShouldBeThrowArgumentNullException" storage="/users/gwendallgarnier/projects/personal/dotnet/rsql4net/src/rsql4net.tests/bin/debug/net6.0/rsql4net.tests.dll" id="ecbe38e9-2a87-e30d-a4ee-bb9a11341e56">
      <Execution id="3aa58acd-8d39-4029-9db5-21da0909e4f8" />
      <TestMethod codeBase="/Users/gwendallgarnier/Projects/Personal/dotnet/rsql4net/src/RSql4Net.Tests/bin/Debug/net6.0/RSql4Net.Tests.dll" adapterTypeName="executor://xunit/VsTestRunner2/netcoreapp" className="RSql4Net.Tests.SwaggerGen.RSqlOperationFilterTest" name="ShouldBeThrowArgumentNullException" />
    </UnitTest>
    <UnitTest name="RSql4Net.Tests.Models.Queries.ComparisonInt32ExpressionTest.ShouldBeNotInNullable" storage="/users/gwendallgarnier/projects/personal/dotnet/rsql4net/src/rsql4net.tests/bin/debug/net6.0/rsql4net.tests.dll" id="7361fb7d-ab51-b57e-5760-25803e64be01">
      <Execution id="c5d0a7e9-3369-4f7f-aacd-5821748cc0f6" />
      <TestMethod codeBase="/Users/gwendallgarnier/Projects/Personal/dotnet/rsql4net/src/RSql4Net.Tests/bin/Debug/net6.0/RSql4Net.Tests.dll" adapterTypeName="executor://xunit/VsTestRunner2/netcoreapp" className="RSql4Net.Tests.Models.Queries.ComparisonInt32ExpressionTest" name="ShouldBeNotInNullable" />
    </UnitTest>
    <UnitTest name="RSql4Net.Tests.Models.Queries.ComparisonDecimalExpressionTest.ShouldBeGreaterThanWithNullable" storage="/users/gwendallgarnier/projects/personal/dotnet/rsql4net/src/rsql4net.tests/bin/debug/net6.0/rsql4net.tests.dll" id="1c46ab22-39c5-508f-f6e2-b7d5ed4ca241">
      <Execution id="c1b2c40c-9fb8-48ee-aad9-23631b6fda70" />
      <TestMethod codeBase="/Users/gwendallgarnier/Projects/Personal/dotnet/rsql4net/src/RSql4Net.Tests/bin/Debug/net6.0/RSql4Net.Tests.dll" adapterTypeName="executor://xunit/VsTestRunner2/netcoreapp" className="RSql4Net.Tests.Models.Queries.ComparisonDecimalExpressionTest" name="ShouldBeGreaterThanWithNullable" />
    </UnitTest>
    <UnitTest name="RSql4Net.Tests.Models.Queries.ComparisonInt16ExpressionTest.ShouldBeLowerThanWithNullable" storage="/users/gwendallgarnier/projects/personal/dotnet/rsql4net/src/rsql4net.tests/bin/debug/net6.0/rsql4net.tests.dll" id="bd375c65-c285-6709-86c8-8d22133754ce">
      <Execution id="61b5b790-fac2-4a75-a4ce-141cdfcd988a" />
      <TestMethod codeBase="/Users/gwendallgarnier/Projects/Personal/dotnet/rsql4net/src/RSql4Net.Tests/bin/Debug/net6.0/RSql4Net.Tests.dll" adapterTypeName="executor://xunit/VsTestRunner2/netcoreapp" className="RSql4Net.Tests.Models.Queries.ComparisonInt16ExpressionTest" name="ShouldBeLowerThanWithNullable" />
    </UnitTest>
    <UnitTest name="RSql4Net.Tests.Models.Queries.ComparisonDecimalExpressionTest.ShouldBeIn" storage="/users/gwendallgarnier/projects/personal/dotnet/rsql4net/src/rsql4net.tests/bin/debug/net6.0/rsql4net.tests.dll" id="9c9cde97-93c4-1b48-fcbc-2ba560ccd26e">
      <Execution id="a966f290-dc72-46cf-8d72-ee0550fdc05c" />
      <TestMethod codeBase="/Users/gwendallgarnier/Projects/Personal/dotnet/rsql4net/src/RSql4Net.Tests/bin/Debug/net6.0/RSql4Net.Tests.dll" adapterTypeName="executor://xunit/VsTestRunner2/netcoreapp" className="RSql4Net.Tests.Models.Queries.ComparisonDecimalExpressionTest" name="ShouldBeIn" />
    </UnitTest>
    <UnitTest name="RSql4Net.Tests.Models.Queries.ComparisonBooleanExpressionTest.ShouldBeNotEqualsWithNullable" storage="/users/gwendallgarnier/projects/personal/dotnet/rsql4net/src/rsql4net.tests/bin/debug/net6.0/rsql4net.tests.dll" id="973fa410-da16-a361-c7f5-2a000b69e86e">
      <Execution id="5a0e000b-1a7a-41f5-bacb-f2168c0bea64" />
      <TestMethod codeBase="/Users/gwendallgarnier/Projects/Personal/dotnet/rsql4net/src/RSql4Net.Tests/bin/Debug/net6.0/RSql4Net.Tests.dll" adapterTypeName="executor://xunit/VsTestRunner2/netcoreapp" className="RSql4Net.Tests.Models.Queries.ComparisonBooleanExpressionTest" name="ShouldBeNotEqualsWithNullable" />
    </UnitTest>
    <UnitTest name="RSql4Net.Tests.Models.Queries.ComparisonBooleanExpressionTest.ShouldThrowExceptionLowerThan" storage="/users/gwendallgarnier/projects/personal/dotnet/rsql4net/src/rsql4net.tests/bin/debug/net6.0/rsql4net.tests.dll" id="08529ca9-9097-cd96-2850-aeadfa3cb417">
      <Execution id="b629b2d5-917a-424e-a73e-24c346130424" />
      <TestMethod codeBase="/Users/gwendallgarnier/Projects/Personal/dotnet/rsql4net/src/RSql4Net.Tests/bin/Debug/net6.0/RSql4Net.Tests.dll" adapterTypeName="executor://xunit/VsTestRunner2/netcoreapp" className="RSql4Net.Tests.Models.Queries.ComparisonBooleanExpressionTest" name="ShouldThrowExceptionLowerThan" />
    </UnitTest>
    <UnitTest name="RSql4Net.Tests.Models.Paging.Exceptions.OutOfRangePageNumberExceptionTest.ShouldBeSerializable" storage="/users/gwendallgarnier/projects/personal/dotnet/rsql4net/src/rsql4net.tests/bin/debug/net6.0/rsql4net.tests.dll" id="fe89c41e-f63f-eb7f-df69-c9acf7957b14">
      <Execution id="7720bf60-4ac1-4805-aef1-7fc344d4348a" />
      <TestMethod codeBase="/Users/gwendallgarnier/Projects/Personal/dotnet/rsql4net/src/RSql4Net.Tests/bin/Debug/net6.0/RSql4Net.Tests.dll" adapterTypeName="executor://xunit/VsTestRunner2/netcoreapp" className="RSql4Net.Tests.Models.Paging.Exceptions.OutOfRangePageNumberExceptionTest" name="ShouldBeSerializable" />
    </UnitTest>
    <UnitTest name="RSql4Net.Tests.Models.Queries.QueryModelBinderProviderTest.ShouldBeQueryModelBinder" storage="/users/gwendallgarnier/projects/personal/dotnet/rsql4net/src/rsql4net.tests/bin/debug/net6.0/rsql4net.tests.dll" id="7e59ac07-b19c-f6fb-c581-983100f315b6">
      <Execution id="d305d11f-5791-464b-a766-7dba00b560a2" />
      <TestMethod codeBase="/Users/gwendallgarnier/Projects/Personal/dotnet/rsql4net/src/RSql4Net.Tests/bin/Debug/net6.0/RSql4Net.Tests.dll" adapterTypeName="executor://xunit/VsTestRunner2/netcoreapp" className="RSql4Net.Tests.Models.Queries.QueryModelBinderProviderTest" name="ShouldBeQueryModelBinder" />
    </UnitTest>
    <UnitTest name="RSql4Net.Tests.Models.Queries.ComparisonFloatExpressionTest.ShouldBeIn" storage="/users/gwendallgarnier/projects/personal/dotnet/rsql4net/src/rsql4net.tests/bin/debug/net6.0/rsql4net.tests.dll" id="b4ec47f3-7932-66f0-fbeb-a89a22127715">
      <Execution id="5eed43f9-7fe1-4b5c-8a8a-51868bfe3bc2" />
      <TestMethod codeBase="/Users/gwendallgarnier/Projects/Personal/dotnet/rsql4net/src/RSql4Net.Tests/bin/Debug/net6.0/RSql4Net.Tests.dll" adapterTypeName="executor://xunit/VsTestRunner2/netcoreapp" className="RSql4Net.Tests.Models.Queries.ComparisonFloatExpressionTest" name="ShouldBeIn" />
    </UnitTest>
    <UnitTest name="RSql4Net.Tests.Models.Queries.ComparisonGuidExpressionTest.ShouldBeNotEqualsWithNullable" storage="/users/gwendallgarnier/projects/personal/dotnet/rsql4net/src/rsql4net.tests/bin/debug/net6.0/rsql4net.tests.dll" id="56177b1b-9eb0-03f2-8f43-fac9706095ba">
      <Execution id="656ad9ac-65ad-4961-abc4-f08f771e4f11" />
      <TestMethod codeBase="/Users/gwendallgarnier/Projects/Personal/dotnet/rsql4net/src/RSql4Net.Tests/bin/Debug/net6.0/RSql4Net.Tests.dll" adapterTypeName="executor://xunit/VsTestRunner2/netcoreapp" className="RSql4Net.Tests.Models.Queries.ComparisonGuidExpressionTest" name="ShouldBeNotEqualsWithNullable" />
    </UnitTest>
    <UnitTest name="RSql4Net.Tests.Models.Queries.ComparisonInt16ExpressionTest.ShouldBeLowerThanOrEquals" storage="/users/gwendallgarnier/projects/personal/dotnet/rsql4net/src/rsql4net.tests/bin/debug/net6.0/rsql4net.tests.dll" id="d8525535-a683-4f6e-df25-e3f681adf935">
      <Execution id="27365a24-dc83-4d45-9dfc-3e48610065d4" />
      <TestMethod codeBase="/Users/gwendallgarnier/Projects/Personal/dotnet/rsql4net/src/RSql4Net.Tests/bin/Debug/net6.0/RSql4Net.Tests.dll" adapterTypeName="executor://xunit/VsTestRunner2/netcoreapp" className="RSql4Net.Tests.Models.Queries.ComparisonInt16ExpressionTest" name="ShouldBeLowerThanOrEquals" />
    </UnitTest>
    <UnitTest name="RSql4Net.Tests.Models.Queries.ComparisonGuidExpressionTest.ShouldThrowInvalidConversionException" storage="/users/gwendallgarnier/projects/personal/dotnet/rsql4net/src/rsql4net.tests/bin/debug/net6.0/rsql4net.tests.dll" id="12214fad-2044-c470-5e5d-8a5b1a7b7b68">
      <Execution id="e70ddfed-542c-42b8-9d38-ed5014f07b90" />
      <TestMethod codeBase="/Users/gwendallgarnier/Projects/Personal/dotnet/rsql4net/src/RSql4Net.Tests/bin/Debug/net6.0/RSql4Net.Tests.dll" adapterTypeName="executor://xunit/VsTestRunner2/netcoreapp" className="RSql4Net.Tests.Models.Queries.ComparisonGuidExpressionTest" name="ShouldThrowInvalidConversionException" />
    </UnitTest>
    <UnitTest name="RSql4Net.Tests.Models.Queries.ComparisonByteExpressionTest.ShouldBeNotEqualsWithNullable" storage="/users/gwendallgarnier/projects/personal/dotnet/rsql4net/src/rsql4net.tests/bin/debug/net6.0/rsql4net.tests.dll" id="509ca7ba-66f9-f558-66c4-a1ea66b5e1cd">
      <Execution id="be1e1876-372d-48a1-a5ac-60f9e5735a78" />
      <TestMethod codeBase="/Users/gwendallgarnier/Projects/Personal/dotnet/rsql4net/src/RSql4Net.Tests/bin/Debug/net6.0/RSql4Net.Tests.dll" adapterTypeName="executor://xunit/VsTestRunner2/netcoreapp" className="RSql4Net.Tests.Models.Queries.ComparisonByteExpressionTest" name="ShouldBeNotEqualsWithNullable" />
    </UnitTest>
    <UnitTest name="RSql4Net.Tests.Models.Paging.Exceptions.OutOfRangePageSizeExceptionTest.ShouldBeSerializable" storage="/users/gwendallgarnier/projects/personal/dotnet/rsql4net/src/rsql4net.tests/bin/debug/net6.0/rsql4net.tests.dll" id="b135fe68-315c-e126-a1c7-964eec22e9b8">
      <Execution id="346be861-9bcc-4c17-8a75-f687ae0409c2" />
      <TestMethod codeBase="/Users/gwendallgarnier/Projects/Personal/dotnet/rsql4net/src/RSql4Net.Tests/bin/Debug/net6.0/RSql4Net.Tests.dll" adapterTypeName="executor://xunit/VsTestRunner2/netcoreapp" className="RSql4Net.Tests.Models.Paging.Exceptions.OutOfRangePageSizeExceptionTest" name="ShouldBeSerializable" />
    </UnitTest>
    <UnitTest name="RSql4Net.Tests.Models.Queries.ComparisonDateTimeExpressionTest.ShouldBeNotInNullable" storage="/users/gwendallgarnier/projects/personal/dotnet/rsql4net/src/rsql4net.tests/bin/debug/net6.0/rsql4net.tests.dll" id="7a63bffc-0fa9-2cb8-2d3d-1f2dd2280b38">
      <Execution id="7b590267-9267-4d1b-bf9f-1a2d3c8fe28b" />
      <TestMethod codeBase="/Users/gwendallgarnier/Projects/Personal/dotnet/rsql4net/src/RSql4Net.Tests/bin/Debug/net6.0/RSql4Net.Tests.dll" adapterTypeName="executor://xunit/VsTestRunner2/netcoreapp" className="RSql4Net.Tests.Models.Queries.ComparisonDateTimeExpressionTest" name="ShouldBeNotInNullable" />
    </UnitTest>
    <UnitTest name="RSql4Net.Tests.Models.Queries.ComparisonInt16ExpressionTest.ShouldBeNotEquals" storage="/users/gwendallgarnier/projects/personal/dotnet/rsql4net/src/rsql4net.tests/bin/debug/net6.0/rsql4net.tests.dll" id="2958636c-cc8d-553a-9f84-d96bfbdc67a4">
      <Execution id="cdfb3c3c-3e56-4b70-979b-ce2c48037f8e" />
      <TestMethod codeBase="/Users/gwendallgarnier/Projects/Personal/dotnet/rsql4net/src/RSql4Net.Tests/bin/Debug/net6.0/RSql4Net.Tests.dll" adapterTypeName="executor://xunit/VsTestRunner2/netcoreapp" className="RSql4Net.Tests.Models.Queries.ComparisonInt16ExpressionTest" name="ShouldBeNotEquals" />
    </UnitTest>
    <UnitTest name="RSql4Net.Tests.Models.Queries.ComparisonStringExpressionTest.ShouldThrowExceptionGreaterThan" storage="/users/gwendallgarnier/projects/personal/dotnet/rsql4net/src/rsql4net.tests/bin/debug/net6.0/rsql4net.tests.dll" id="007b0408-717d-c4ad-14bd-00cc96290524">
      <Execution id="c6651ab6-ecec-4ddc-883d-e7e4777b6b29" />
      <TestMethod codeBase="/Users/gwendallgarnier/Projects/Personal/dotnet/rsql4net/src/RSql4Net.Tests/bin/Debug/net6.0/RSql4Net.Tests.dll" adapterTypeName="executor://xunit/VsTestRunner2/netcoreapp" className="RSql4Net.Tests.Models.Queries.ComparisonStringExpressionTest" name="ShouldThrowExceptionGreaterThan" />
    </UnitTest>
    <UnitTest name="RSql4Net.Tests.Models.Queries.ComparisonByteExpressionTest.ShouldBeNotIn" storage="/users/gwendallgarnier/projects/personal/dotnet/rsql4net/src/rsql4net.tests/bin/debug/net6.0/rsql4net.tests.dll" id="f7cfb5ed-0e59-308d-5805-c7879361aae3">
      <Execution id="fbcdec17-b192-4a32-9286-052f5c5aaab3" />
      <TestMethod codeBase="/Users/gwendallgarnier/Projects/Personal/dotnet/rsql4net/src/RSql4Net.Tests/bin/Debug/net6.0/RSql4Net.Tests.dll" adapterTypeName="executor://xunit/VsTestRunner2/netcoreapp" className="RSql4Net.Tests.Models.Queries.ComparisonByteExpressionTest" name="ShouldBeNotIn" />
    </UnitTest>
    <UnitTest name="RSql4Net.Tests.Models.Queries.ComparisonBooleanExpressionTest.ShouldBeNotIn" storage="/users/gwendallgarnier/projects/personal/dotnet/rsql4net/src/rsql4net.tests/bin/debug/net6.0/rsql4net.tests.dll" id="47b526a9-1ba3-164f-6b78-b8b016c05246">
      <Execution id="d9d3e4f4-fde4-4aac-8821-0ea66bb0344d" />
      <TestMethod codeBase="/Users/gwendallgarnier/Projects/Personal/dotnet/rsql4net/src/RSql4Net.Tests/bin/Debug/net6.0/RSql4Net.Tests.dll" adapterTypeName="executor://xunit/VsTestRunner2/netcoreapp" className="RSql4Net.Tests.Models.Queries.ComparisonBooleanExpressionTest" name="ShouldBeNotIn" />
    </UnitTest>
    <UnitTest name="RSql4Net.Tests.Models.Queries.Exceptions.ComparisonUnknownSelectorExceptionTest.ShouldBeSerializable" storage="/users/gwendallgarnier/projects/personal/dotnet/rsql4net/src/rsql4net.tests/bin/debug/net6.0/rsql4net.tests.dll" id="958c6825-7d5d-6be0-d7ca-dbe465832ca1">
      <Execution id="5ed93238-d3d7-4ed0-a848-0c7697587c01" />
      <TestMethod codeBase="/Users/gwendallgarnier/Projects/Personal/dotnet/rsql4net/src/RSql4Net.Tests/bin/Debug/net6.0/RSql4Net.Tests.dll" adapterTypeName="executor://xunit/VsTestRunner2/netcoreapp" className="RSql4Net.Tests.Models.Queries.Exceptions.ComparisonUnknownSelectorExceptionTest" name="ShouldBeSerializable" />
    </UnitTest>
    <UnitTest name="RSql4Net.Tests.Models.Queries.QueryReflectionHelperTest.ShouldBeExcludeProperty(name: &quot;ExcludeProperty&quot;)" storage="/users/gwendallgarnier/projects/personal/dotnet/rsql4net/src/rsql4net.tests/bin/debug/net6.0/rsql4net.tests.dll" id="e39a6688-7577-8126-182a-a7f2071a1a79">
      <Execution id="dd3f1a28-634e-4c0e-8196-9b6e67661ae8" />
      <TestMethod codeBase="/Users/gwendallgarnier/Projects/Personal/dotnet/rsql4net/src/RSql4Net.Tests/bin/Debug/net6.0/RSql4Net.Tests.dll" adapterTypeName="executor://xunit/VsTestRunner2/netcoreapp" className="RSql4Net.Tests.Models.Queries.QueryReflectionHelperTest" name="ShouldBeExcludeProperty" />
    </UnitTest>
    <UnitTest name="RSql4Net.Tests.Models.Queries.ComparisonGuidExpressionTest.ShouldThrowExceptionGreaterThan" storage="/users/gwendallgarnier/projects/personal/dotnet/rsql4net/src/rsql4net.tests/bin/debug/net6.0/rsql4net.tests.dll" id="deff2b1c-bb94-54ac-743e-a0f5ec070de3">
      <Execution id="a140a7a2-7caa-4075-8b5c-54636d25ecf8" />
      <TestMethod codeBase="/Users/gwendallgarnier/Projects/Personal/dotnet/rsql4net/src/RSql4Net.Tests/bin/Debug/net6.0/RSql4Net.Tests.dll" adapterTypeName="executor://xunit/VsTestRunner2/netcoreapp" className="RSql4Net.Tests.Models.Queries.ComparisonGuidExpressionTest" name="ShouldThrowExceptionGreaterThan" />
    </UnitTest>
    <UnitTest name="RSql4Net.Tests.Models.Queries.ComparisonDateTimeExpressionTest.ShouldBeEqualsWithNullable" storage="/users/gwendallgarnier/projects/personal/dotnet/rsql4net/src/rsql4net.tests/bin/debug/net6.0/rsql4net.tests.dll" id="072c3823-dfd2-c81c-313d-abb196abae0b">
      <Execution id="2a6cbb1c-eb7e-4d4c-a9e6-31d28098a9c5" />
      <TestMethod codeBase="/Users/gwendallgarnier/Projects/Personal/dotnet/rsql4net/src/RSql4Net.Tests/bin/Debug/net6.0/RSql4Net.Tests.dll" adapterTypeName="executor://xunit/VsTestRunner2/netcoreapp" className="RSql4Net.Tests.Models.Queries.ComparisonDateTimeExpressionTest" name="ShouldBeEqualsWithNullable" />
    </UnitTest>
    <UnitTest name="RSql4Net.Tests.Models.Queries.ComparisonInt64ExpressionTest.ShouldBeGreaterThan" storage="/users/gwendallgarnier/projects/personal/dotnet/rsql4net/src/rsql4net.tests/bin/debug/net6.0/rsql4net.tests.dll" id="54cccfa1-7a12-9e1a-d286-9c3be319f95f">
      <Execution id="48024ad3-e6de-4794-a6d7-661c30017f27" />
      <TestMethod codeBase="/Users/gwendallgarnier/Projects/Personal/dotnet/rsql4net/src/RSql4Net.Tests/bin/Debug/net6.0/RSql4Net.Tests.dll" adapterTypeName="executor://xunit/VsTestRunner2/netcoreapp" className="RSql4Net.Tests.Models.Queries.ComparisonInt64ExpressionTest" name="ShouldBeGreaterThan" />
    </UnitTest>
    <UnitTest name="RSql4Net.Tests.Models.Queries.ComparisonByteExpressionTest.ShouldBeInNullable" storage="/users/gwendallgarnier/projects/personal/dotnet/rsql4net/src/rsql4net.tests/bin/debug/net6.0/rsql4net.tests.dll" id="13fdf270-a163-9ba7-ed7b-f058d0b1461a">
      <Execution id="4492cfd0-8368-443f-a463-aee7b71d9015" />
      <TestMethod codeBase="/Users/gwendallgarnier/Projects/Personal/dotnet/rsql4net/src/RSql4Net.Tests/bin/Debug/net6.0/RSql4Net.Tests.dll" adapterTypeName="executor://xunit/VsTestRunner2/netcoreapp" className="RSql4Net.Tests.Models.Queries.ComparisonByteExpressionTest" name="ShouldBeInNullable" />
    </UnitTest>
    <UnitTest name="RSql4Net.Tests.Models.Queries.ComparisonGuidExpressionTest.ShouldThrowExceptionLowerThanOrEquals" storage="/users/gwendallgarnier/projects/personal/dotnet/rsql4net/src/rsql4net.tests/bin/debug/net6.0/rsql4net.tests.dll" id="dc58dee5-2774-9f7e-861c-159f5238182a">
      <Execution id="07b4b522-6459-4fc9-9497-746d97fc1e36" />
      <TestMethod codeBase="/Users/gwendallgarnier/Projects/Personal/dotnet/rsql4net/src/RSql4Net.Tests/bin/Debug/net6.0/RSql4Net.Tests.dll" adapterTypeName="executor://xunit/VsTestRunner2/netcoreapp" className="RSql4Net.Tests.Models.Queries.ComparisonGuidExpressionTest" name="ShouldThrowExceptionLowerThanOrEquals" />
    </UnitTest>
    <UnitTest name="RSql4Net.Tests.Models.Queries.ComparisonDateTimeExpressionTest.ShouldBeGreaterThan" storage="/users/gwendallgarnier/projects/personal/dotnet/rsql4net/src/rsql4net.tests/bin/debug/net6.0/rsql4net.tests.dll" id="5e615c88-baf4-4fbd-88dd-858a000b20e0">
      <Execution id="45b180c7-5e93-40f2-a956-5078077db112" />
      <TestMethod codeBase="/Users/gwendallgarnier/Projects/Personal/dotnet/rsql4net/src/RSql4Net.Tests/bin/Debug/net6.0/RSql4Net.Tests.dll" adapterTypeName="executor://xunit/VsTestRunner2/netcoreapp" className="RSql4Net.Tests.Models.Queries.ComparisonDateTimeExpressionTest" name="ShouldBeGreaterThan" />
    </UnitTest>
    <UnitTest name="RSql4Net.Tests.Models.Queries.ComparisonFloatExpressionTest.ShouldBeLowerThan" storage="/users/gwendallgarnier/projects/personal/dotnet/rsql4net/src/rsql4net.tests/bin/debug/net6.0/rsql4net.tests.dll" id="771fbacf-d6c2-ed74-821f-9010fb13a09b">
      <Execution id="328c5950-6d75-4c29-9fc4-9fa5aa091307" />
      <TestMethod codeBase="/Users/gwendallgarnier/Projects/Personal/dotnet/rsql4net/src/RSql4Net.Tests/bin/Debug/net6.0/RSql4Net.Tests.dll" adapterTypeName="executor://xunit/VsTestRunner2/netcoreapp" className="RSql4Net.Tests.Models.Queries.ComparisonFloatExpressionTest" name="ShouldBeLowerThan" />
    </UnitTest>
    <UnitTest name="RSql4Net.Tests.Models.Queries.ComparisonDecimalExpressionTest.ShouldBeLowerThan" storage="/users/gwendallgarnier/projects/personal/dotnet/rsql4net/src/rsql4net.tests/bin/debug/net6.0/rsql4net.tests.dll" id="34ac8690-9005-159b-5ced-fdc350e74806">
      <Execution id="25adf5a9-5034-4b42-ab27-88a354608d22" />
      <TestMethod codeBase="/Users/gwendallgarnier/Projects/Personal/dotnet/rsql4net/src/RSql4Net.Tests/bin/Debug/net6.0/RSql4Net.Tests.dll" adapterTypeName="executor://xunit/VsTestRunner2/netcoreapp" className="RSql4Net.Tests.Models.Queries.ComparisonDecimalExpressionTest" name="ShouldBeLowerThan" />
    </UnitTest>
    <UnitTest name="RSql4Net.Tests.Controllers.ControllerBaseExtensionsTest.ShouldBeThrowArgumentNullException" storage="/users/gwendallgarnier/projects/personal/dotnet/rsql4net/src/rsql4net.tests/bin/debug/net6.0/rsql4net.tests.dll" id="10616d86-b4fb-ee8f-3816-22002e93afa1">
      <Execution id="7795e9eb-078c-472d-8776-b39bbb497907" />
      <TestMethod codeBase="/Users/gwendallgarnier/Projects/Personal/dotnet/rsql4net/src/RSql4Net.Tests/bin/Debug/net6.0/RSql4Net.Tests.dll" adapterTypeName="executor://xunit/VsTestRunner2/netcoreapp" className="RSql4Net.Tests.Controllers.ControllerBaseExtensionsTest" name="ShouldBeThrowArgumentNullException" />
    </UnitTest>
    <UnitTest name="RSql4Net.Tests.Models.Queries.ComparisonDateTimeExpressionTest.ShouldBeInNullable" storage="/users/gwendallgarnier/projects/personal/dotnet/rsql4net/src/rsql4net.tests/bin/debug/net6.0/rsql4net.tests.dll" id="f629f68a-ae3b-d20c-1e5a-18bbe3f1b054">
      <Execution id="bc2fd84e-6bd3-43c3-bf94-53ec879dfb00" />
      <TestMethod codeBase="/Users/gwendallgarnier/Projects/Personal/dotnet/rsql4net/src/RSql4Net.Tests/bin/Debug/net6.0/RSql4Net.Tests.dll" adapterTypeName="executor://xunit/VsTestRunner2/netcoreapp" className="RSql4Net.Tests.Models.Queries.ComparisonDateTimeExpressionTest" name="ShouldBeInNullable" />
    </UnitTest>
    <UnitTest name="RSql4Net.Tests.Models.Queries.ComparisonCharExpressionTest.ShouldBeLowerThanOrEquals" storage="/users/gwendallgarnier/projects/personal/dotnet/rsql4net/src/rsql4net.tests/bin/debug/net6.0/rsql4net.tests.dll" id="563da2ee-9349-8d1b-8c50-cc17383a29fe">
      <Execution id="4bafa86e-1bf5-4ba9-a48d-e40356b10ab7" />
      <TestMethod codeBase="/Users/gwendallgarnier/Projects/Personal/dotnet/rsql4net/src/RSql4Net.Tests/bin/Debug/net6.0/RSql4Net.Tests.dll" adapterTypeName="executor://xunit/VsTestRunner2/netcoreapp" className="RSql4Net.Tests.Models.Queries.ComparisonCharExpressionTest" name="ShouldBeLowerThanOrEquals" />
    </UnitTest>
    <UnitTest name="RSql4Net.Tests.Models.Paging.PageableModelBinderProviderTest.ShouldBeWithInterfacePageableModelBinder" storage="/users/gwendallgarnier/projects/personal/dotnet/rsql4net/src/rsql4net.tests/bin/debug/net6.0/rsql4net.tests.dll" id="0bd6bd4d-05f6-ba01-c60a-c53965231b83">
      <Execution id="9bfc5f07-eb40-4f93-a3c4-b5c391ff3e66" />
      <TestMethod codeBase="/Users/gwendallgarnier/Projects/Personal/dotnet/rsql4net/src/RSql4Net.Tests/bin/Debug/net6.0/RSql4Net.Tests.dll" adapterTypeName="executor://xunit/VsTestRunner2/netcoreapp" className="RSql4Net.Tests.Models.Paging.PageableModelBinderProviderTest" name="ShouldBeWithInterfacePageableModelBinder" />
    </UnitTest>
    <UnitTest name="RSql4Net.Tests.Models.Queries.ComparisonCharExpressionTest.ShouldBeGreaterThanOrEquals" storage="/users/gwendallgarnier/projects/personal/dotnet/rsql4net/src/rsql4net.tests/bin/debug/net6.0/rsql4net.tests.dll" id="abec240d-c5da-107b-9f24-9c86ec7ce4db">
      <Execution id="693d8761-1b0e-4d1c-9c9b-393f9127121c" />
      <TestMethod codeBase="/Users/gwendallgarnier/Projects/Personal/dotnet/rsql4net/src/RSql4Net.Tests/bin/Debug/net6.0/RSql4Net.Tests.dll" adapterTypeName="executor://xunit/VsTestRunner2/netcoreapp" className="RSql4Net.Tests.Models.Queries.ComparisonCharExpressionTest" name="ShouldBeGreaterThanOrEquals" />
    </UnitTest>
    <UnitTest name="RSql4Net.Tests.Models.Queries.ComparisonExceptionTest.ShouldThrowQueryComparisonUnknownComparatorException" storage="/users/gwendallgarnier/projects/personal/dotnet/rsql4net/src/rsql4net.tests/bin/debug/net6.0/rsql4net.tests.dll" id="92051177-fdbc-8422-e8b5-0bfb6065d089">
      <Execution id="48fc9f8b-b963-4025-9985-d3f943c5a915" />
      <TestMethod codeBase="/Users/gwendallgarnier/Projects/Personal/dotnet/rsql4net/src/RSql4Net.Tests/bin/Debug/net6.0/RSql4Net.Tests.dll" adapterTypeName="executor://xunit/VsTestRunner2/netcoreapp" className="RSql4Net.Tests.Models.Queries.ComparisonExceptionTest" name="ShouldThrowQueryComparisonUnknownComparatorException" />
    </UnitTest>
    <UnitTest name="RSql4Net.Tests.Models.Paging.Exceptions.InvalidPageNumberValueExceptionTest.ShouldBeSerializable" storage="/users/gwendallgarnier/projects/personal/dotnet/rsql4net/src/rsql4net.tests/bin/debug/net6.0/rsql4net.tests.dll" id="a3807877-4ae3-64e8-b4cc-b4537d48afb4">
      <Execution id="4a1e30f7-6917-4ccd-85a0-0af6df79ffe3" />
      <TestMethod codeBase="/Users/gwendallgarnier/Projects/Personal/dotnet/rsql4net/src/RSql4Net.Tests/bin/Debug/net6.0/RSql4Net.Tests.dll" adapterTypeName="executor://xunit/VsTestRunner2/netcoreapp" className="RSql4Net.Tests.Models.Paging.Exceptions.InvalidPageNumberValueExceptionTest" name="ShouldBeSerializable" />
    </UnitTest>
    <UnitTest name="RSql4Net.Tests.Models.Queries.ComparisonByteExpressionTest.ShouldBeLowerThanOrEqualsWithNullable" storage="/users/gwendallgarnier/projects/personal/dotnet/rsql4net/src/rsql4net.tests/bin/debug/net6.0/rsql4net.tests.dll" id="637ccd55-a1b3-28e6-fce5-0835802691d0">
      <Execution id="ab265df6-e025-46af-833b-b13adc33620f" />
      <TestMethod codeBase="/Users/gwendallgarnier/Projects/Personal/dotnet/rsql4net/src/RSql4Net.Tests/bin/Debug/net6.0/RSql4Net.Tests.dll" adapterTypeName="executor://xunit/VsTestRunner2/netcoreapp" className="RSql4Net.Tests.Models.Queries.ComparisonByteExpressionTest" name="ShouldBeLowerThanOrEqualsWithNullable" />
    </UnitTest>
    <UnitTest name="RSql4Net.Tests.Models.Queries.ComparisonInt64ExpressionTest.ShouldBeNotIn" storage="/users/gwendallgarnier/projects/personal/dotnet/rsql4net/src/rsql4net.tests/bin/debug/net6.0/rsql4net.tests.dll" id="cf15a4ee-2361-2e9b-a229-2d38c92f0f3d">
      <Execution id="81feb12c-a9a3-49d3-b9d5-d2fe87dd8513" />
      <TestMethod codeBase="/Users/gwendallgarnier/Projects/Personal/dotnet/rsql4net/src/RSql4Net.Tests/bin/Debug/net6.0/RSql4Net.Tests.dll" adapterTypeName="executor://xunit/VsTestRunner2/netcoreapp" className="RSql4Net.Tests.Models.Queries.ComparisonInt64ExpressionTest" name="ShouldBeNotIn" />
    </UnitTest>
    <UnitTest name="RSql4Net.Tests.Models.Queries.ComparisonByteExpressionTest.ShouldBeGreaterThanOrEqualsWithNullable" storage="/users/gwendallgarnier/projects/personal/dotnet/rsql4net/src/rsql4net.tests/bin/debug/net6.0/rsql4net.tests.dll" id="b1e36434-8999-4b5c-3e20-a0bc55b14f29">
      <Execution id="471b9c45-5101-4c51-a55b-b5cd9a6b8405" />
      <TestMethod codeBase="/Users/gwendallgarnier/Projects/Personal/dotnet/rsql4net/src/RSql4Net.Tests/bin/Debug/net6.0/RSql4Net.Tests.dll" adapterTypeName="executor://xunit/VsTestRunner2/netcoreapp" className="RSql4Net.Tests.Models.Queries.ComparisonByteExpressionTest" name="ShouldBeGreaterThanOrEqualsWithNullable" />
    </UnitTest>
    <UnitTest name="RSql4Net.Tests.Models.Queries.QueryReflectionHelperTest.ShouldBeOverrideProperty(name: &quot;Test2&quot;)" storage="/users/gwendallgarnier/projects/personal/dotnet/rsql4net/src/rsql4net.tests/bin/debug/net6.0/rsql4net.tests.dll" id="4b5f86e6-1b06-d66d-f877-35f8ca965ac0">
      <Execution id="c752745c-1fe1-4c4b-95fe-9d45137be716" />
      <TestMethod codeBase="/Users/gwendallgarnier/Projects/Personal/dotnet/rsql4net/src/RSql4Net.Tests/bin/Debug/net6.0/RSql4Net.Tests.dll" adapterTypeName="executor://xunit/VsTestRunner2/netcoreapp" className="RSql4Net.Tests.Models.Queries.QueryReflectionHelperTest" name="ShouldBeOverrideProperty" />
    </UnitTest>
    <UnitTest name="RSql4Net.Tests.Models.Queries.ComparisonInt32ExpressionTest.ShouldBeLowerThanOrEqualsWithNullable" storage="/users/gwendallgarnier/projects/personal/dotnet/rsql4net/src/rsql4net.tests/bin/debug/net6.0/rsql4net.tests.dll" id="a6eba466-5e1f-6fdb-5792-f9a7a607a018">
      <Execution id="9c8af784-b335-4f85-b2b5-770b32a957b0" />
      <TestMethod codeBase="/Users/gwendallgarnier/Projects/Personal/dotnet/rsql4net/src/RSql4Net.Tests/bin/Debug/net6.0/RSql4Net.Tests.dll" adapterTypeName="executor://xunit/VsTestRunner2/netcoreapp" className="RSql4Net.Tests.Models.Queries.ComparisonInt32ExpressionTest" name="ShouldBeLowerThanOrEqualsWithNullable" />
    </UnitTest>
    <UnitTest name="RSql4Net.Tests.Models.Queries.Exceptions.ComparisonNotEnoughArgumentExceptionTest.ShouldBeSerializable" storage="/users/gwendallgarnier/projects/personal/dotnet/rsql4net/src/rsql4net.tests/bin/debug/net6.0/rsql4net.tests.dll" id="66dc7c42-c61f-5a7a-8e2d-57b3001fab94">
      <Execution id="599bd0e3-2863-46f1-8abb-c4dee203c4f4" />
      <TestMethod codeBase="/Users/gwendallgarnier/Projects/Personal/dotnet/rsql4net/src/RSql4Net.Tests/bin/Debug/net6.0/RSql4Net.Tests.dll" adapterTypeName="executor://xunit/VsTestRunner2/netcoreapp" className="RSql4Net.Tests.Models.Queries.Exceptions.ComparisonNotEnoughArgumentExceptionTest" name="ShouldBeSerializable" />
    </UnitTest>
    <UnitTest name="RSql4Net.Tests.Models.Queries.RSqlQueryExpressionHelperTest.ShouldBeGetOrExpressionThrowArgumentNullExceptionTest" storage="/users/gwendallgarnier/projects/personal/dotnet/rsql4net/src/rsql4net.tests/bin/debug/net6.0/rsql4net.tests.dll" id="52bfcf71-0f82-dd58-8692-2c80534e10a0">
      <Execution id="fb24a84f-eba1-4e6f-8a14-f19ec5fd9156" />
      <TestMethod codeBase="/Users/gwendallgarnier/Projects/Personal/dotnet/rsql4net/src/RSql4Net.Tests/bin/Debug/net6.0/RSql4Net.Tests.dll" adapterTypeName="executor://xunit/VsTestRunner2/netcoreapp" className="RSql4Net.Tests.Models.Queries.RSqlQueryExpressionHelperTest" name="ShouldBeGetOrExpressionThrowArgumentNullExceptionTest" />
    </UnitTest>
    <UnitTest name="RSql4Net.Tests.Models.Queries.ComparisonDecimalExpressionTest.ShouldBeNotEquals" storage="/users/gwendallgarnier/projects/personal/dotnet/rsql4net/src/rsql4net.tests/bin/debug/net6.0/rsql4net.tests.dll" id="1512b94e-ee7a-489c-9ffe-e99563ea200c">
      <Execution id="000bc61b-7215-4feb-a2a2-4d1afc0abdf7" />
      <TestMethod codeBase="/Users/gwendallgarnier/Projects/Personal/dotnet/rsql4net/src/RSql4Net.Tests/bin/Debug/net6.0/RSql4Net.Tests.dll" adapterTypeName="executor://xunit/VsTestRunner2/netcoreapp" className="RSql4Net.Tests.Models.Queries.ComparisonDecimalExpressionTest" name="ShouldBeNotEquals" />
    </UnitTest>
    <UnitTest name="RSql4Net.Tests.Models.Queries.ComparisonGuidExpressionTest.ShouldBeIn" storage="/users/gwendallgarnier/projects/personal/dotnet/rsql4net/src/rsql4net.tests/bin/debug/net6.0/rsql4net.tests.dll" id="aee98fd2-4253-2827-2979-ef0b5b618baa">
      <Execution id="be802afe-fd98-4068-9f18-0715910f0fb3" />
      <TestMethod codeBase="/Users/gwendallgarnier/Projects/Personal/dotnet/rsql4net/src/RSql4Net.Tests/bin/Debug/net6.0/RSql4Net.Tests.dll" adapterTypeName="executor://xunit/VsTestRunner2/netcoreapp" className="RSql4Net.Tests.Models.Queries.ComparisonGuidExpressionTest" name="ShouldBeIn" />
    </UnitTest>
    <UnitTest name="RSql4Net.Tests.Models.Queries.ComparisonEnumExpressionTest.ShouldBeNotEquals" storage="/users/gwendallgarnier/projects/personal/dotnet/rsql4net/src/rsql4net.tests/bin/debug/net6.0/rsql4net.tests.dll" id="9c8e7fb1-c901-dbe0-6673-94353f3f4b70">
      <Execution id="a2402ef9-72c7-4da2-aee0-f24194e9f938" />
      <TestMethod codeBase="/Users/gwendallgarnier/Projects/Personal/dotnet/rsql4net/src/RSql4Net.Tests/bin/Debug/net6.0/RSql4Net.Tests.dll" adapterTypeName="executor://xunit/VsTestRunner2/netcoreapp" className="RSql4Net.Tests.Models.Queries.ComparisonEnumExpressionTest" name="ShouldBeNotEquals" />
    </UnitTest>
    <UnitTest name="RSql4Net.Tests.Models.Queries.ComparisonByteExpressionTest.ShouldThrowInvalidConversionException" storage="/users/gwendallgarnier/projects/personal/dotnet/rsql4net/src/rsql4net.tests/bin/debug/net6.0/rsql4net.tests.dll" id="6264d79d-9c2e-8553-a2bf-836a5866c485">
      <Execution id="4f28f3f4-b461-45eb-aea4-e3e44c43945c" />
      <TestMethod codeBase="/Users/gwendallgarnier/Projects/Personal/dotnet/rsql4net/src/RSql4Net.Tests/bin/Debug/net6.0/RSql4Net.Tests.dll" adapterTypeName="executor://xunit/VsTestRunner2/netcoreapp" className="RSql4Net.Tests.Models.Queries.ComparisonByteExpressionTest" name="ShouldThrowInvalidConversionException" />
    </UnitTest>
    <UnitTest name="RSql4Net.Tests.Models.Queries.ComparisonInt16ExpressionTest.ShouldBeGreaterThanOrEqualsWithNullable" storage="/users/gwendallgarnier/projects/personal/dotnet/rsql4net/src/rsql4net.tests/bin/debug/net6.0/rsql4net.tests.dll" id="434d0a81-4b0e-2d6e-28f2-3eea76b562bf">
      <Execution id="de9b1ee9-4ad6-4a99-bb02-c1426a04c083" />
      <TestMethod codeBase="/Users/gwendallgarnier/Projects/Personal/dotnet/rsql4net/src/RSql4Net.Tests/bin/Debug/net6.0/RSql4Net.Tests.dll" adapterTypeName="executor://xunit/VsTestRunner2/netcoreapp" className="RSql4Net.Tests.Models.Queries.ComparisonInt16ExpressionTest" name="ShouldBeGreaterThanOrEqualsWithNullable" />
    </UnitTest>
    <UnitTest name="RSql4Net.Tests.Models.Queries.ComparisonBooleanExpressionTest.ShouldBeIn" storage="/users/gwendallgarnier/projects/personal/dotnet/rsql4net/src/rsql4net.tests/bin/debug/net6.0/rsql4net.tests.dll" id="8a3e1047-d3fd-348b-973f-c2604614ed87">
      <Execution id="c9265171-0468-494c-a80c-276dbd42f55d" />
      <TestMethod codeBase="/Users/gwendallgarnier/Projects/Personal/dotnet/rsql4net/src/RSql4Net.Tests/bin/Debug/net6.0/RSql4Net.Tests.dll" adapterTypeName="executor://xunit/VsTestRunner2/netcoreapp" className="RSql4Net.Tests.Models.Queries.ComparisonBooleanExpressionTest" name="ShouldBeIn" />
    </UnitTest>
    <UnitTest name="RSql4Net.Tests.Models.Queries.ComparisonEnumExpressionTest.ShouldBeNotInNullable" storage="/users/gwendallgarnier/projects/personal/dotnet/rsql4net/src/rsql4net.tests/bin/debug/net6.0/rsql4net.tests.dll" id="4faaad05-fa50-169f-9456-8af436405c28">
      <Execution id="de037a41-9781-4eff-86e0-8dc47240e1af" />
      <TestMethod codeBase="/Users/gwendallgarnier/Projects/Personal/dotnet/rsql4net/src/RSql4Net.Tests/bin/Debug/net6.0/RSql4Net.Tests.dll" adapterTypeName="executor://xunit/VsTestRunner2/netcoreapp" className="RSql4Net.Tests.Models.Queries.ComparisonEnumExpressionTest" name="ShouldBeNotInNullable" />
    </UnitTest>
    <UnitTest name="RSql4Net.Tests.Models.Queries.ComparisonDateTimeExpressionTest.ShouldBeIn" storage="/users/gwendallgarnier/projects/personal/dotnet/rsql4net/src/rsql4net.tests/bin/debug/net6.0/rsql4net.tests.dll" id="2d7ece3b-5227-38fa-a455-72a867e2aa52">
      <Execution id="c6f3b14c-7d07-46eb-ab19-40b4d279ee96" />
      <TestMethod codeBase="/Users/gwendallgarnier/Projects/Personal/dotnet/rsql4net/src/RSql4Net.Tests/bin/Debug/net6.0/RSql4Net.Tests.dll" adapterTypeName="executor://xunit/VsTestRunner2/netcoreapp" className="RSql4Net.Tests.Models.Queries.ComparisonDateTimeExpressionTest" name="ShouldBeIn" />
    </UnitTest>
    <UnitTest name="RSql4Net.Tests.Models.Queries.ComparisonFloatExpressionTest.ShouldBeNotInNullable" storage="/users/gwendallgarnier/projects/personal/dotnet/rsql4net/src/rsql4net.tests/bin/debug/net6.0/rsql4net.tests.dll" id="139828ba-6552-1b0e-56f6-133570e16ed0">
      <Execution id="ace7182a-1ce2-4619-8cf1-198a8f5e566d" />
      <TestMethod codeBase="/Users/gwendallgarnier/Projects/Personal/dotnet/rsql4net/src/RSql4Net.Tests/bin/Debug/net6.0/RSql4Net.Tests.dll" adapterTypeName="executor://xunit/VsTestRunner2/netcoreapp" className="RSql4Net.Tests.Models.Queries.ComparisonFloatExpressionTest" name="ShouldBeNotInNullable" />
    </UnitTest>
    <UnitTest name="RSql4Net.Tests.Models.Queries.ComparisonDecimalExpressionTest.ShouldBeNotEqualsWithNullable" storage="/users/gwendallgarnier/projects/personal/dotnet/rsql4net/src/rsql4net.tests/bin/debug/net6.0/rsql4net.tests.dll" id="8c3042de-1640-61df-21c7-c2ba47238ff7">
      <Execution id="5989c1b0-e458-4fb0-ad2f-908f5aef27ca" />
      <TestMethod codeBase="/Users/gwendallgarnier/Projects/Personal/dotnet/rsql4net/src/RSql4Net.Tests/bin/Debug/net6.0/RSql4Net.Tests.dll" adapterTypeName="executor://xunit/VsTestRunner2/netcoreapp" className="RSql4Net.Tests.Models.Queries.ComparisonDecimalExpressionTest" name="ShouldBeNotEqualsWithNullable" />
    </UnitTest>
    <UnitTest name="RSql4Net.Tests.Models.Queries.ComparisonDecimalExpressionTest.ShouldBeGreaterThanOrEqualsWithNullable" storage="/users/gwendallgarnier/projects/personal/dotnet/rsql4net/src/rsql4net.tests/bin/debug/net6.0/rsql4net.tests.dll" id="48d3b575-36be-519d-c4bb-5067aa7abe4e">
      <Execution id="b516b205-67d2-44b1-846a-5b3a7e7f9333" />
      <TestMethod codeBase="/Users/gwendallgarnier/Projects/Personal/dotnet/rsql4net/src/RSql4Net.Tests/bin/Debug/net6.0/RSql4Net.Tests.dll" adapterTypeName="executor://xunit/VsTestRunner2/netcoreapp" className="RSql4Net.Tests.Models.Queries.ComparisonDecimalExpressionTest" name="ShouldBeGreaterThanOrEqualsWithNullable" />
    </UnitTest>
    <UnitTest name="RSql4Net.Tests.Models.Queries.ComparisonInt32ExpressionTest.ShouldBeNotEquals" storage="/users/gwendallgarnier/projects/personal/dotnet/rsql4net/src/rsql4net.tests/bin/debug/net6.0/rsql4net.tests.dll" id="d2dc3879-589b-affa-e1e1-aa22fc182fea">
      <Execution id="2864ce37-56e5-4fb1-a9df-b6a49dd6f654" />
      <TestMethod codeBase="/Users/gwendallgarnier/Projects/Personal/dotnet/rsql4net/src/RSql4Net.Tests/bin/Debug/net6.0/RSql4Net.Tests.dll" adapterTypeName="executor://xunit/VsTestRunner2/netcoreapp" className="RSql4Net.Tests.Models.Queries.ComparisonInt32ExpressionTest" name="ShouldBeNotEquals" />
    </UnitTest>
    <UnitTest name="RSql4Net.Tests.Models.Paging.PageableTest.ShouldBeThrowInvalidPageSizeValueException" storage="/users/gwendallgarnier/projects/personal/dotnet/rsql4net/src/rsql4net.tests/bin/debug/net6.0/rsql4net.tests.dll" id="96616c90-f4b3-0b77-9542-ff7c50c209b0">
      <Execution id="c055eaf7-e887-495c-9f9b-5225af1e57fc" />
      <TestMethod codeBase="/Users/gwendallgarnier/Projects/Personal/dotnet/rsql4net/src/RSql4Net.Tests/bin/Debug/net6.0/RSql4Net.Tests.dll" adapterTypeName="executor://xunit/VsTestRunner2/netcoreapp" className="RSql4Net.Tests.Models.Paging.PageableTest" name="ShouldBeThrowInvalidPageSizeValueException" />
    </UnitTest>
    <UnitTest name="RSql4Net.Tests.Models.Queries.ComparisonDoubleExpressionTest.ShouldBeNotEquals" storage="/users/gwendallgarnier/projects/personal/dotnet/rsql4net/src/rsql4net.tests/bin/debug/net6.0/rsql4net.tests.dll" id="1347f241-136c-cef8-d4ba-385ff45a8d83">
      <Execution id="cf5780f3-a5ae-4142-882b-292d7ffdea4c" />
      <TestMethod codeBase="/Users/gwendallgarnier/Projects/Personal/dotnet/rsql4net/src/RSql4Net.Tests/bin/Debug/net6.0/RSql4Net.Tests.dll" adapterTypeName="executor://xunit/VsTestRunner2/netcoreapp" className="RSql4Net.Tests.Models.Queries.ComparisonDoubleExpressionTest" name="ShouldBeNotEquals" />
    </UnitTest>
    <UnitTest name="RSql4Net.Tests.Models.Queries.ComparisonDoubleExpressionTest.ShouldBeInNullable" storage="/users/gwendallgarnier/projects/personal/dotnet/rsql4net/src/rsql4net.tests/bin/debug/net6.0/rsql4net.tests.dll" id="bee8ab9b-1229-81b9-8dc6-5eb35ea0a15a">
      <Execution id="ed74c79a-8d49-46d3-a227-e6bacb246b42" />
      <TestMethod codeBase="/Users/gwendallgarnier/Projects/Personal/dotnet/rsql4net/src/RSql4Net.Tests/bin/Debug/net6.0/RSql4Net.Tests.dll" adapterTypeName="executor://xunit/VsTestRunner2/netcoreapp" className="RSql4Net.Tests.Models.Queries.ComparisonDoubleExpressionTest" name="ShouldBeInNullable" />
    </UnitTest>
    <UnitTest name="RSql4Net.Tests.Models.Queries.ComparisonDateTimeExpressionTest.ShouldBeLowerThanOrEquals" storage="/users/gwendallgarnier/projects/personal/dotnet/rsql4net/src/rsql4net.tests/bin/debug/net6.0/rsql4net.tests.dll" id="9c34f19c-a78d-e718-8670-920d606c5d71">
      <Execution id="cafd610b-39eb-49c7-b6d8-ac4ec12c1287" />
      <TestMethod codeBase="/Users/gwendallgarnier/Projects/Personal/dotnet/rsql4net/src/RSql4Net.Tests/bin/Debug/net6.0/RSql4Net.Tests.dll" adapterTypeName="executor://xunit/VsTestRunner2/netcoreapp" className="RSql4Net.Tests.Models.Queries.ComparisonDateTimeExpressionTest" name="ShouldBeLowerThanOrEquals" />
    </UnitTest>
    <UnitTest name="RSql4Net.Tests.Models.Queries.ComparisonByteExpressionTest.ShouldBeLowerThanWithNullable" storage="/users/gwendallgarnier/projects/personal/dotnet/rsql4net/src/rsql4net.tests/bin/debug/net6.0/rsql4net.tests.dll" id="fa488c5f-fab5-f09b-e2a0-9a4880752228">
      <Execution id="be81e352-a1c3-4359-a191-472b9fb1c16d" />
      <TestMethod codeBase="/Users/gwendallgarnier/Projects/Personal/dotnet/rsql4net/src/RSql4Net.Tests/bin/Debug/net6.0/RSql4Net.Tests.dll" adapterTypeName="executor://xunit/VsTestRunner2/netcoreapp" className="RSql4Net.Tests.Models.Queries.ComparisonByteExpressionTest" name="ShouldBeLowerThanWithNullable" />
    </UnitTest>
    <UnitTest name="RSql4Net.Tests.Models.Queries.ComparisonInt32ExpressionTest.ShouldThrowInvalidConversionException" storage="/users/gwendallgarnier/projects/personal/dotnet/rsql4net/src/rsql4net.tests/bin/debug/net6.0/rsql4net.tests.dll" id="462dec4c-3a33-b570-c645-eceaf827ac58">
      <Execution id="6185793c-090c-4930-970c-b07907cf4464" />
      <TestMethod codeBase="/Users/gwendallgarnier/Projects/Personal/dotnet/rsql4net/src/RSql4Net.Tests/bin/Debug/net6.0/RSql4Net.Tests.dll" adapterTypeName="executor://xunit/VsTestRunner2/netcoreapp" className="RSql4Net.Tests.Models.Queries.ComparisonInt32ExpressionTest" name="ShouldThrowInvalidConversionException" />
    </UnitTest>
    <UnitTest name="RSql4Net.Tests.Models.Queries.ComparisonDecimalExpressionTest.ShouldBeNotInNullable" storage="/users/gwendallgarnier/projects/personal/dotnet/rsql4net/src/rsql4net.tests/bin/debug/net6.0/rsql4net.tests.dll" id="050aef7b-1151-869d-ea30-b9f815e3a4ec">
      <Execution id="abdeece1-2a5c-4834-9284-987cfb84f94e" />
      <TestMethod codeBase="/Users/gwendallgarnier/Projects/Personal/dotnet/rsql4net/src/RSql4Net.Tests/bin/Debug/net6.0/RSql4Net.Tests.dll" adapterTypeName="executor://xunit/VsTestRunner2/netcoreapp" className="RSql4Net.Tests.Models.Queries.ComparisonDecimalExpressionTest" name="ShouldBeNotInNullable" />
    </UnitTest>
    <UnitTest name="RSql4Net.Tests.Models.Queries.ComparisonStringExpressionTest.ShouldBeEndsWith" storage="/users/gwendallgarnier/projects/personal/dotnet/rsql4net/src/rsql4net.tests/bin/debug/net6.0/rsql4net.tests.dll" id="a7e4ca44-e4f7-ba97-dfb3-07aa8f1ef3b6">
      <Execution id="5018e696-3ab7-4586-b622-12d1e09abe1e" />
      <TestMethod codeBase="/Users/gwendallgarnier/Projects/Personal/dotnet/rsql4net/src/RSql4Net.Tests/bin/Debug/net6.0/RSql4Net.Tests.dll" adapterTypeName="executor://xunit/VsTestRunner2/netcoreapp" className="RSql4Net.Tests.Models.Queries.ComparisonStringExpressionTest" name="ShouldBeEndsWith" />
    </UnitTest>
    <UnitTest name="RSql4Net.Tests.Models.Queries.ComparisonEnumExpressionTest.ShouldBeEquals" storage="/users/gwendallgarnier/projects/personal/dotnet/rsql4net/src/rsql4net.tests/bin/debug/net6.0/rsql4net.tests.dll" id="c7078dfe-5bc9-c6bc-b957-507730682bac">
      <Execution id="79b14a9d-dd31-494b-b231-f4a1bcaf741f" />
      <TestMethod codeBase="/Users/gwendallgarnier/Projects/Personal/dotnet/rsql4net/src/RSql4Net.Tests/bin/Debug/net6.0/RSql4Net.Tests.dll" adapterTypeName="executor://xunit/VsTestRunner2/netcoreapp" className="RSql4Net.Tests.Models.Queries.ComparisonEnumExpressionTest" name="ShouldBeEquals" />
    </UnitTest>
    <UnitTest name="RSql4Net.Tests.Models.Queries.ComparisonDecimalExpressionTest.ShouldBeLowerThanOrEqualsWithNullable" storage="/users/gwendallgarnier/projects/personal/dotnet/rsql4net/src/rsql4net.tests/bin/debug/net6.0/rsql4net.tests.dll" id="4ddae656-d694-9d4c-413d-c76077fc3e84">
      <Execution id="72745bf5-1205-47db-9c0b-96b56ce52697" />
      <TestMethod codeBase="/Users/gwendallgarnier/Projects/Personal/dotnet/rsql4net/src/RSql4Net.Tests/bin/Debug/net6.0/RSql4Net.Tests.dll" adapterTypeName="executor://xunit/VsTestRunner2/netcoreapp" className="RSql4Net.Tests.Models.Queries.ComparisonDecimalExpressionTest" name="ShouldBeLowerThanOrEqualsWithNullable" />
    </UnitTest>
    <UnitTest name="RSql4Net.Tests.Models.Paging.Exceptions.OutOfRangePageSizeExceptionTest.ShouldBeOutOfRangePageSizeException" storage="/users/gwendallgarnier/projects/personal/dotnet/rsql4net/src/rsql4net.tests/bin/debug/net6.0/rsql4net.tests.dll" id="04e901a7-e8d7-41d4-62cc-f5e2a9003964">
      <Execution id="ed9d7a4f-436d-4d3f-a5a0-6e21879b618f" />
      <TestMethod codeBase="/Users/gwendallgarnier/Projects/Personal/dotnet/rsql4net/src/RSql4Net.Tests/bin/Debug/net6.0/RSql4Net.Tests.dll" adapterTypeName="executor://xunit/VsTestRunner2/netcoreapp" className="RSql4Net.Tests.Models.Paging.Exceptions.OutOfRangePageSizeExceptionTest" name="ShouldBeOutOfRangePageSizeException" />
    </UnitTest>
    <UnitTest name="RSql4Net.Tests.Models.Queries.ComparisonEnumExpressionTest.ShouldBeNotIn" storage="/users/gwendallgarnier/projects/personal/dotnet/rsql4net/src/rsql4net.tests/bin/debug/net6.0/rsql4net.tests.dll" id="c1434bf1-d23a-92ec-b509-106e7b4bedbc">
      <Execution id="9be441f0-42bf-48e1-9818-07fcecc5fe4a" />
      <TestMethod codeBase="/Users/gwendallgarnier/Projects/Personal/dotnet/rsql4net/src/RSql4Net.Tests/bin/Debug/net6.0/RSql4Net.Tests.dll" adapterTypeName="executor://xunit/VsTestRunner2/netcoreapp" className="RSql4Net.Tests.Models.Queries.ComparisonEnumExpressionTest" name="ShouldBeNotIn" />
    </UnitTest>
    <UnitTest name="RSql4Net.Tests.Models.Queries.ComparisonGuidExpressionTest.ShouldBeInNullable" storage="/users/gwendallgarnier/projects/personal/dotnet/rsql4net/src/rsql4net.tests/bin/debug/net6.0/rsql4net.tests.dll" id="78eac5f8-bda6-d007-56b5-154052e8dfc6">
      <Execution id="8f90ade4-49a6-4aeb-b49d-5b7c96ce52d4" />
      <TestMethod codeBase="/Users/gwendallgarnier/Projects/Personal/dotnet/rsql4net/src/RSql4Net.Tests/bin/Debug/net6.0/RSql4Net.Tests.dll" adapterTypeName="executor://xunit/VsTestRunner2/netcoreapp" className="RSql4Net.Tests.Models.Queries.ComparisonGuidExpressionTest" name="ShouldBeInNullable" />
    </UnitTest>
    <UnitTest name="RSql4Net.Tests.Models.Queries.ComparisonFloatExpressionTest.ShouldBeGreaterThanOrEquals" storage="/users/gwendallgarnier/projects/personal/dotnet/rsql4net/src/rsql4net.tests/bin/debug/net6.0/rsql4net.tests.dll" id="23e30615-bad0-f865-4c3e-b4185ab24210">
      <Execution id="e2448ef5-ed67-42e9-a6c6-bc2920f16b97" />
      <TestMethod codeBase="/Users/gwendallgarnier/Projects/Personal/dotnet/rsql4net/src/RSql4Net.Tests/bin/Debug/net6.0/RSql4Net.Tests.dll" adapterTypeName="executor://xunit/VsTestRunner2/netcoreapp" className="RSql4Net.Tests.Models.Queries.ComparisonFloatExpressionTest" name="ShouldBeGreaterThanOrEquals" />
    </UnitTest>
  </TestDefinitions>
  <TestEntries>
    <TestEntry testId="1347f241-136c-cef8-d4ba-385ff45a8d83" executionId="cf5780f3-a5ae-4142-882b-292d7ffdea4c" testListId="8c84fa94-04c1-424b-9868-57a2d4851a1d" />
    <TestEntry testId="2a4e4943-58eb-c7b4-0836-32fd6e0ebdbd" executionId="372ee12f-8100-42f3-8ac6-4c62d4b04eb6" testListId="8c84fa94-04c1-424b-9868-57a2d4851a1d" />
    <TestEntry testId="6318c8ad-9a09-f765-f416-1c28329d9874" executionId="9a4e1dbc-44fb-4773-b55e-d176dd2203f1" testListId="8c84fa94-04c1-424b-9868-57a2d4851a1d" />
    <TestEntry testId="3bd12f5e-06c2-8025-0e66-a1ff83463cd1" executionId="30de2cd6-9a77-4fdd-b7ad-99b45c702fca" testListId="8c84fa94-04c1-424b-9868-57a2d4851a1d" />
    <TestEntry testId="eb3f41cc-8ee0-e795-631e-b01c92d04851" executionId="aa08cc5c-7a8d-4158-a5b1-2d4055dede47" testListId="8c84fa94-04c1-424b-9868-57a2d4851a1d" />
    <TestEntry testId="bfefe66a-8ce4-63fc-21af-7e76bcb9a29b" executionId="69991802-a020-4cb5-a4ea-2e61226de0d7" testListId="8c84fa94-04c1-424b-9868-57a2d4851a1d" />
    <TestEntry testId="1c46ab22-39c5-508f-f6e2-b7d5ed4ca241" executionId="c1b2c40c-9fb8-48ee-aad9-23631b6fda70" testListId="8c84fa94-04c1-424b-9868-57a2d4851a1d" />
    <TestEntry testId="b1e2926e-f8f3-82da-2314-c429fe38bdac" executionId="99b5c750-58af-4145-aac7-a4315ceb4401" testListId="8c84fa94-04c1-424b-9868-57a2d4851a1d" />
    <TestEntry testId="193579c3-924a-42ac-1f05-be920639c4a1" executionId="5038c45d-d8fb-47bb-8423-ecdbfce04dd0" testListId="8c84fa94-04c1-424b-9868-57a2d4851a1d" />
    <TestEntry testId="65d43f36-da3f-f658-6fd0-c192ae241543" executionId="ac89385e-aa22-4595-9d6d-45726a708878" testListId="8c84fa94-04c1-424b-9868-57a2d4851a1d" />
    <TestEntry testId="323f31b8-d3d6-1c0a-280c-1ea473d44b4b" executionId="db023cc2-2d75-4165-87d7-6ef5f5645b63" testListId="8c84fa94-04c1-424b-9868-57a2d4851a1d" />
    <TestEntry testId="b1e36434-8999-4b5c-3e20-a0bc55b14f29" executionId="471b9c45-5101-4c51-a55b-b5cd9a6b8405" testListId="8c84fa94-04c1-424b-9868-57a2d4851a1d" />
    <TestEntry testId="24d61a71-241c-e8c7-a5dc-1d39c1c16b22" executionId="57f04205-d243-4692-ab8d-ed685f0c9c3f" testListId="8c84fa94-04c1-424b-9868-57a2d4851a1d" />
    <TestEntry testId="48d3b575-36be-519d-c4bb-5067aa7abe4e" executionId="b516b205-67d2-44b1-846a-5b3a7e7f9333" testListId="8c84fa94-04c1-424b-9868-57a2d4851a1d" />
    <TestEntry testId="0ef5e003-5932-1c65-e16a-5acde530f66c" executionId="c1890601-09ba-4aad-989c-d6aa3c2f3121" testListId="8c84fa94-04c1-424b-9868-57a2d4851a1d" />
    <TestEntry testId="92fda909-bacb-c010-bc73-013c127e84c5" executionId="7711885e-3c44-44cd-8c40-9cf474c3fca4" testListId="8c84fa94-04c1-424b-9868-57a2d4851a1d" />
    <TestEntry testId="f71ee8b8-48e8-5736-59b2-1e84177c935a" executionId="a8c12870-a690-48f1-864d-ab7bf5e952ba" testListId="8c84fa94-04c1-424b-9868-57a2d4851a1d" />
    <TestEntry testId="637ccd55-a1b3-28e6-fce5-0835802691d0" executionId="ab265df6-e025-46af-833b-b13adc33620f" testListId="8c84fa94-04c1-424b-9868-57a2d4851a1d" />
    <TestEntry testId="04e901a7-e8d7-41d4-62cc-f5e2a9003964" executionId="ed9d7a4f-436d-4d3f-a5a0-6e21879b618f" testListId="8c84fa94-04c1-424b-9868-57a2d4851a1d" />
    <TestEntry testId="7fbb7831-ec84-605b-ae24-be5325ad16e3" executionId="2a63abcb-8cfc-44b7-97b8-5663d1762393" testListId="8c84fa94-04c1-424b-9868-57a2d4851a1d" />
    <TestEntry testId="2c0c8eeb-65d3-ab6e-b2a1-2d89d166659b" executionId="72c7a85c-8bdb-4980-a6a3-4d72d83948e8" testListId="8c84fa94-04c1-424b-9868-57a2d4851a1d" />
    <TestEntry testId="e2fdfbc5-89ea-0c33-b909-8f18127851bc" executionId="58d9e129-ce7c-4273-ad15-4e376d0c8bd1" testListId="8c84fa94-04c1-424b-9868-57a2d4851a1d" />
    <TestEntry testId="72cc9381-a15d-5922-bf27-2d84a5a1ca3f" executionId="d913d67f-49c5-41e7-871b-ad191317bf22" testListId="8c84fa94-04c1-424b-9868-57a2d4851a1d" />
    <TestEntry testId="5561ee75-021b-bcf6-6b97-ea62352f3bc6" executionId="c1317f1a-696a-412c-989c-82cfc5ad8d6b" testListId="8c84fa94-04c1-424b-9868-57a2d4851a1d" />
    <TestEntry testId="673dc0cd-ee2e-6c49-6c45-96fa3c658c5c" executionId="43049d51-825c-4f0b-bd26-62c85de95712" testListId="8c84fa94-04c1-424b-9868-57a2d4851a1d" />
    <TestEntry testId="dc58dee5-2774-9f7e-861c-159f5238182a" executionId="07b4b522-6459-4fc9-9497-746d97fc1e36" testListId="8c84fa94-04c1-424b-9868-57a2d4851a1d" />
    <TestEntry testId="de4160cc-baae-7c0d-1b3d-4e61f5b0e450" executionId="1bddb403-492a-43e4-941a-2055f75b50b3" testListId="8c84fa94-04c1-424b-9868-57a2d4851a1d" />
    <TestEntry testId="c9fc8e19-7fe1-4dae-2948-7f153faac460" executionId="f8b4face-5494-49c8-9628-13f017f29b95" testListId="8c84fa94-04c1-424b-9868-57a2d4851a1d" />
    <TestEntry testId="7629c11e-c968-70fa-3b6e-79a7ec4fc0ac" executionId="8de81e1b-c89a-4616-a423-2a60b485413c" testListId="8c84fa94-04c1-424b-9868-57a2d4851a1d" />
    <TestEntry testId="a3f3cbbd-d404-4a3a-3ccd-06e0855c516d" executionId="f97b0044-f4b8-4d65-a8b3-3f56746aa146" testListId="8c84fa94-04c1-424b-9868-57a2d4851a1d" />
    <TestEntry testId="c02368e4-4367-c8e4-2b88-09096a1ba2ed" executionId="cd155c9d-b849-430e-832f-9a212807daa7" testListId="8c84fa94-04c1-424b-9868-57a2d4851a1d" />
    <TestEntry testId="3d4b90ca-d8cd-933f-282f-ad7a1155f43e" executionId="b4b68d43-b466-4d5b-93fe-98d6cf997adf" testListId="8c84fa94-04c1-424b-9868-57a2d4851a1d" />
    <TestEntry testId="9dc65989-d026-d5a8-777b-84d227940d7b" executionId="0820f7c7-fb98-435f-b5ae-f5c5d3eeedd1" testListId="8c84fa94-04c1-424b-9868-57a2d4851a1d" />
    <TestEntry testId="52c15d9b-173f-29ba-3907-40dfab5b7ce5" executionId="d4552ace-edb1-47d8-96ac-3b29d0522cc3" testListId="8c84fa94-04c1-424b-9868-57a2d4851a1d" />
    <TestEntry testId="4b5f86e6-1b06-d66d-f877-35f8ca965ac0" executionId="c752745c-1fe1-4c4b-95fe-9d45137be716" testListId="8c84fa94-04c1-424b-9868-57a2d4851a1d" />
    <TestEntry testId="7e69559c-1ed8-a88d-0a12-79f7d41db660" executionId="7e3ae488-53b8-4ad1-b75e-8cd3219ada3c" testListId="8c84fa94-04c1-424b-9868-57a2d4851a1d" />
    <TestEntry testId="b2489cf6-7470-6b61-1a1e-aece79dfac81" executionId="3bcd39f4-bf3b-4dde-a6ed-7ad3fb5bf2b9" testListId="8c84fa94-04c1-424b-9868-57a2d4851a1d" />
    <TestEntry testId="52bfcf71-0f82-dd58-8692-2c80534e10a0" executionId="fb24a84f-eba1-4e6f-8a14-f19ec5fd9156" testListId="8c84fa94-04c1-424b-9868-57a2d4851a1d" />
    <TestEntry testId="735adce3-b0b2-2c8e-4357-26b470213a9c" executionId="ed1437a5-88e4-4090-afa7-4d4c507911aa" testListId="8c84fa94-04c1-424b-9868-57a2d4851a1d" />
    <TestEntry testId="d8ebeac3-0d84-9dca-2a44-c87b2a115079" executionId="795b1948-db9d-4d70-95ea-b8040226f830" testListId="8c84fa94-04c1-424b-9868-57a2d4851a1d" />
    <TestEntry testId="509ca7ba-66f9-f558-66c4-a1ea66b5e1cd" executionId="be1e1876-372d-48a1-a5ac-60f9e5735a78" testListId="8c84fa94-04c1-424b-9868-57a2d4851a1d" />
    <TestEntry testId="bfb9be75-e156-c728-d055-d143fb035539" executionId="cabd94d4-f2b9-4838-b0c0-5851d4c6cf20" testListId="8c84fa94-04c1-424b-9868-57a2d4851a1d" />
    <TestEntry testId="193fb7c8-28c0-48c1-0c9d-a05079065f8e" executionId="20db9ec9-ca16-4b95-be52-d91f54e2a12a" testListId="8c84fa94-04c1-424b-9868-57a2d4851a1d" />
    <TestEntry testId="68ecc453-40c4-421d-3d93-7fb988c008e3" executionId="8070b4d8-720d-4ef2-8e88-cb480ee4743a" testListId="8c84fa94-04c1-424b-9868-57a2d4851a1d" />
    <TestEntry testId="0f6799d5-267a-0236-4374-a0f2b3116681" executionId="f252e028-839f-4522-83ed-53c23a3a911c" testListId="8c84fa94-04c1-424b-9868-57a2d4851a1d" />
    <TestEntry testId="e39a6688-7577-8126-182a-a7f2071a1a79" executionId="dd3f1a28-634e-4c0e-8196-9b6e67661ae8" testListId="8c84fa94-04c1-424b-9868-57a2d4851a1d" />
    <TestEntry testId="f8e9f3f0-aa6f-4953-bd32-d6195a964021" executionId="56cab34a-8278-4126-914d-ec03c5af8bc1" testListId="8c84fa94-04c1-424b-9868-57a2d4851a1d" />
    <TestEntry testId="da32758c-2aca-0034-4e1b-a3544445a753" executionId="26db8dd2-3ee7-4ce3-b228-40bec1b609c7" testListId="8c84fa94-04c1-424b-9868-57a2d4851a1d" />
    <TestEntry testId="5f536ca0-5523-ec4e-09ed-e85cfd384058" executionId="61032e97-3ea6-49f3-bef2-097bd0602f92" testListId="8c84fa94-04c1-424b-9868-57a2d4851a1d" />
    <TestEntry testId="4a510927-80a6-ec2e-bec1-7dda78a5e15d" executionId="c7f245a4-26e0-4d57-a101-83b0819bb85e" testListId="8c84fa94-04c1-424b-9868-57a2d4851a1d" />
    <TestEntry testId="cfdf5a0b-9a66-94b5-4704-0981832282b6" executionId="0f430c17-d3c8-4ba0-88a2-b6d034359b4b" testListId="8c84fa94-04c1-424b-9868-57a2d4851a1d" />
    <TestEntry testId="db2dc42c-8513-32f0-00d7-7b6ca2ca30b2" executionId="32aac0a8-51ad-46d5-9ade-7d8bdfeac312" testListId="8c84fa94-04c1-424b-9868-57a2d4851a1d" />
    <TestEntry testId="9716bbbb-31ed-166f-597d-17cab299d937" executionId="8ad9b281-c56f-462d-9800-f8eeb27c7fe6" testListId="8c84fa94-04c1-424b-9868-57a2d4851a1d" />
    <TestEntry testId="92e5636a-2567-0e25-7b93-7c0d0cc53c3b" executionId="1fde49d5-cb54-4de9-a4ad-4538045b25bd" testListId="8c84fa94-04c1-424b-9868-57a2d4851a1d" />
    <TestEntry testId="66dc7c42-c61f-5a7a-8e2d-57b3001fab94" executionId="599bd0e3-2863-46f1-8abb-c4dee203c4f4" testListId="8c84fa94-04c1-424b-9868-57a2d4851a1d" />
    <TestEntry testId="6bcd031b-4d13-4197-e296-9ce519997277" executionId="198a2709-24c6-4954-8746-f856082b5281" testListId="8c84fa94-04c1-424b-9868-57a2d4851a1d" />
    <TestEntry testId="69f16bda-5d44-eaed-df61-05e7d7d753a5" executionId="b54d9179-39b3-47bb-bd58-ff4ea1d05fd1" testListId="8c84fa94-04c1-424b-9868-57a2d4851a1d" />
    <TestEntry testId="368620dd-3899-f455-2f5a-cfb35d815695" executionId="3825736a-b0c9-4681-aeca-595285a06204" testListId="8c84fa94-04c1-424b-9868-57a2d4851a1d" />
    <TestEntry testId="96616c90-f4b3-0b77-9542-ff7c50c209b0" executionId="c055eaf7-e887-495c-9f9b-5225af1e57fc" testListId="8c84fa94-04c1-424b-9868-57a2d4851a1d" />
    <TestEntry testId="771fbacf-d6c2-ed74-821f-9010fb13a09b" executionId="328c5950-6d75-4c29-9fc4-9fa5aa091307" testListId="8c84fa94-04c1-424b-9868-57a2d4851a1d" />
    <TestEntry testId="ecbe38e9-2a87-e30d-a4ee-bb9a11341e56" executionId="3aa58acd-8d39-4029-9db5-21da0909e4f8" testListId="8c84fa94-04c1-424b-9868-57a2d4851a1d" />
    <TestEntry testId="11f864b4-5c37-6aec-c79b-ec82933d5762" executionId="550a0625-9d56-45cb-a093-b5b79f6438e2" testListId="8c84fa94-04c1-424b-9868-57a2d4851a1d" />
    <TestEntry testId="856cbc78-ccc0-4ffe-a615-c8092f11d9a7" executionId="2053256e-4c26-4672-a8ba-0b7b29283549" testListId="8c84fa94-04c1-424b-9868-57a2d4851a1d" />
    <TestEntry testId="74c3559d-0331-15b4-d746-a0cbb2313079" executionId="01f83c98-d84d-485c-90f0-86a1ccc476fa" testListId="8c84fa94-04c1-424b-9868-57a2d4851a1d" />
    <TestEntry testId="e3a30fa0-8414-9724-f45f-ee097fc56503" executionId="009444fe-24da-4ba8-ac56-37ffed59daf1" testListId="8c84fa94-04c1-424b-9868-57a2d4851a1d" />
    <TestEntry testId="853714e0-e5bb-5d43-8372-e1c9134ad6f9" executionId="00e0b8c4-0782-44e0-be57-ee7cc1788a0e" testListId="8c84fa94-04c1-424b-9868-57a2d4851a1d" />
    <TestEntry testId="ff84ba60-73ee-f58e-ff14-f6ff32f00c52" executionId="9e362736-5e1d-4566-8b4e-b0dbf25c8592" testListId="8c84fa94-04c1-424b-9868-57a2d4851a1d" />
    <TestEntry testId="8a3e1047-d3fd-348b-973f-c2604614ed87" executionId="c9265171-0468-494c-a80c-276dbd42f55d" testListId="8c84fa94-04c1-424b-9868-57a2d4851a1d" />
    <TestEntry testId="31e9ac34-6605-c9fa-d8c4-c999af4840c0" executionId="d664d484-2e5d-4c08-8ab4-d5edee85e8b2" testListId="8c84fa94-04c1-424b-9868-57a2d4851a1d" />
    <TestEntry testId="4a7ec0fd-5627-ffef-89ef-bcf030bab2b9" executionId="b30f460a-e84b-4e83-a485-f09eeccebeb7" testListId="8c84fa94-04c1-424b-9868-57a2d4851a1d" />
    <TestEntry testId="29dc812f-8379-42ae-cc5e-acf89e970461" executionId="eed2ecaf-0992-49b7-946d-52ce3dc13409" testListId="8c84fa94-04c1-424b-9868-57a2d4851a1d" />
    <TestEntry testId="60fb77df-7ea3-45d6-087c-7d64ca76d05c" executionId="1ea7b2d1-bcd3-402b-9a70-2c7be1a63389" testListId="8c84fa94-04c1-424b-9868-57a2d4851a1d" />
    <TestEntry testId="a6eba466-5e1f-6fdb-5792-f9a7a607a018" executionId="9c8af784-b335-4f85-b2b5-770b32a957b0" testListId="8c84fa94-04c1-424b-9868-57a2d4851a1d" />
    <TestEntry testId="744d69bb-be6f-cce1-9e11-d9ca45bacefa" executionId="1fd70d18-a823-4a7e-ac10-b2baadaf6a9d" testListId="8c84fa94-04c1-424b-9868-57a2d4851a1d" />
    <TestEntry testId="2a92043b-a354-182c-2c5b-fa1531c31365" executionId="fce1f593-846a-4437-9ee4-60005c31d676" testListId="8c84fa94-04c1-424b-9868-57a2d4851a1d" />
    <TestEntry testId="fa4b2431-c6a7-e3fd-330a-e6f2f21e4772" executionId="d7257721-2612-437b-ada2-da1381c78c73" testListId="8c84fa94-04c1-424b-9868-57a2d4851a1d" />
    <TestEntry testId="5086caa7-d2ab-2c2e-59b5-e07ae72bc9ae" executionId="192b39ca-a6c6-47e0-9f04-4345d51a8f93" testListId="8c84fa94-04c1-424b-9868-57a2d4851a1d" />
    <TestEntry testId="958c6825-7d5d-6be0-d7ca-dbe465832ca1" executionId="5ed93238-d3d7-4ed0-a848-0c7697587c01" testListId="8c84fa94-04c1-424b-9868-57a2d4851a1d" />
    <TestEntry testId="1512b94e-ee7a-489c-9ffe-e99563ea200c" executionId="000bc61b-7215-4feb-a2a2-4d1afc0abdf7" testListId="8c84fa94-04c1-424b-9868-57a2d4851a1d" />
    <TestEntry testId="160e072b-221f-9c2e-d3ad-54710abe6587" executionId="7f61896d-c626-48a8-8cd9-b43f87ce4912" testListId="8c84fa94-04c1-424b-9868-57a2d4851a1d" />
    <TestEntry testId="fcd4c0ab-d801-ad3a-0486-deafaafe1312" executionId="d92dd8ae-7c66-49b4-9821-aa2e325b3e96" testListId="8c84fa94-04c1-424b-9868-57a2d4851a1d" />
    <TestEntry testId="47bafd0f-4ea8-d79e-a3a1-e034829fdf0e" executionId="8173f589-4feb-44c8-bfc6-cf395cfecd39" testListId="8c84fa94-04c1-424b-9868-57a2d4851a1d" />
    <TestEntry testId="a6e5f062-8922-ab2d-036b-8db1754b9461" executionId="a8215ffc-bfdd-43fe-95ea-ba3f3e87bcb6" testListId="8c84fa94-04c1-424b-9868-57a2d4851a1d" />
    <TestEntry testId="539000c1-50b2-78d9-85ce-c10ec3411f0d" executionId="9cb3a297-faf3-4da7-b3cb-e5deac396a48" testListId="8c84fa94-04c1-424b-9868-57a2d4851a1d" />
    <TestEntry testId="4ba015fd-b684-52d9-eb3d-37b09d418759" executionId="8377c51e-3cd9-4e14-9220-c1c34f0db63a" testListId="8c84fa94-04c1-424b-9868-57a2d4851a1d" />
    <TestEntry testId="b62a27ca-a9b5-9b83-8f3f-a84d8bff9d6d" executionId="6e5ceec0-e2be-44f5-a32b-deef652c9e3e" testListId="8c84fa94-04c1-424b-9868-57a2d4851a1d" />
    <TestEntry testId="881101fe-bb06-6c04-ddf4-9ecb365f97d5" executionId="50979b54-64c3-40a9-9d9b-ff1bd9e8ec6e" testListId="8c84fa94-04c1-424b-9868-57a2d4851a1d" />
    <TestEntry testId="9c8e7fb1-c901-dbe0-6673-94353f3f4b70" executionId="a2402ef9-72c7-4da2-aee0-f24194e9f938" testListId="8c84fa94-04c1-424b-9868-57a2d4851a1d" />
    <TestEntry testId="bf1c9c74-340a-07e7-5c33-6766c9e09db8" executionId="7ceda5dd-aa83-48fc-a726-ba0a519cee31" testListId="8c84fa94-04c1-424b-9868-57a2d4851a1d" />
    <TestEntry testId="007b0408-717d-c4ad-14bd-00cc96290524" executionId="c6651ab6-ecec-4ddc-883d-e7e4777b6b29" testListId="8c84fa94-04c1-424b-9868-57a2d4851a1d" />
    <TestEntry testId="6e6d29a0-fe2e-c32d-aa06-8f2675cfb956" executionId="71a64b8b-f4f6-4b9d-ab74-af9623890147" testListId="8c84fa94-04c1-424b-9868-57a2d4851a1d" />
    <TestEntry testId="07105369-0a74-1a34-a8e3-ef03c52013a1" executionId="fe8f0686-e8fc-487a-8335-9bbae621a260" testListId="8c84fa94-04c1-424b-9868-57a2d4851a1d" />
    <TestEntry testId="b71b092e-4445-ea49-9cee-eed0077aca04" executionId="af4bbdfb-6493-40cc-9f9c-48c45ea4d4c4" testListId="8c84fa94-04c1-424b-9868-57a2d4851a1d" />
    <TestEntry testId="e96d5a4e-3361-11a8-df54-2cbff1fab841" executionId="eb34256f-a54e-40c7-9162-a3235b52b6bb" testListId="8c84fa94-04c1-424b-9868-57a2d4851a1d" />
    <TestEntry testId="eb0568de-7634-e538-e1c9-fd881e45d772" executionId="aa2cf38e-dad2-4c47-93a6-15437b0af29c" testListId="8c84fa94-04c1-424b-9868-57a2d4851a1d" />
    <TestEntry testId="f629f68a-ae3b-d20c-1e5a-18bbe3f1b054" executionId="bc2fd84e-6bd3-43c3-bf94-53ec879dfb00" testListId="8c84fa94-04c1-424b-9868-57a2d4851a1d" />
    <TestEntry testId="442bfcd2-1448-2a9e-d382-e1388e5fdee5" executionId="f40cf451-37df-4a66-a0b2-560e4ae085de" testListId="8c84fa94-04c1-424b-9868-57a2d4851a1d" />
    <TestEntry testId="ee6c41d7-10e3-3374-52e5-e16f0a493e1b" executionId="04265f90-4f91-4bee-b57b-019f82b5efd1" testListId="8c84fa94-04c1-424b-9868-57a2d4851a1d" />
    <TestEntry testId="0ca148e7-37bf-37e7-b4ce-63e21a75aaec" executionId="081b6c16-4816-4c56-b411-87f863d55a82" testListId="8c84fa94-04c1-424b-9868-57a2d4851a1d" />
    <TestEntry testId="f5ca4854-6bdc-cd8b-b916-6dbc97333176" executionId="5db823b6-db5e-45b5-b496-2568a80a15cb" testListId="8c84fa94-04c1-424b-9868-57a2d4851a1d" />
    <TestEntry testId="b059f0a5-b299-aea8-3c6a-1a757e316b82" executionId="4fa5a485-71e1-440e-bbc8-94657c818759" testListId="8c84fa94-04c1-424b-9868-57a2d4851a1d" />
    <TestEntry testId="ce9307b3-6db3-89f6-7b25-49c11e5dd57d" executionId="968cace7-fc2f-4470-baeb-861f64e916b8" testListId="8c84fa94-04c1-424b-9868-57a2d4851a1d" />
    <TestEntry testId="cb6af9fd-8a7c-032d-f613-5b83edab5762" executionId="01c570c8-f6b3-40d8-b220-87f77ce3c558" testListId="8c84fa94-04c1-424b-9868-57a2d4851a1d" />
    <TestEntry testId="54cccfa1-7a12-9e1a-d286-9c3be319f95f" executionId="48024ad3-e6de-4794-a6d7-661c30017f27" testListId="8c84fa94-04c1-424b-9868-57a2d4851a1d" />
    <TestEntry testId="6cb80eab-2155-3e32-4075-3a124947a278" executionId="53bc7e7c-d449-4037-9a56-b628b7738a66" testListId="8c84fa94-04c1-424b-9868-57a2d4851a1d" />
    <TestEntry testId="d4c12bd2-c459-ae76-55bd-f5a51cf9c1a3" executionId="9827fb1f-45f1-45d6-87a5-597f6d42d44f" testListId="8c84fa94-04c1-424b-9868-57a2d4851a1d" />
    <TestEntry testId="f7cfb5ed-0e59-308d-5805-c7879361aae3" executionId="fbcdec17-b192-4a32-9286-052f5c5aaab3" testListId="8c84fa94-04c1-424b-9868-57a2d4851a1d" />
    <TestEntry testId="afca6f05-923a-0ff7-8f71-b893e5bb8b4a" executionId="b6b8cb20-da82-40cf-90bf-144aa41d475d" testListId="8c84fa94-04c1-424b-9868-57a2d4851a1d" />
    <TestEntry testId="7a63bffc-0fa9-2cb8-2d3d-1f2dd2280b38" executionId="7b590267-9267-4d1b-bf9f-1a2d3c8fe28b" testListId="8c84fa94-04c1-424b-9868-57a2d4851a1d" />
    <TestEntry testId="fd4369b9-edc9-c5ac-23a8-69c7d957bba8" executionId="1b63a93a-e2a5-452c-9fb9-cfa3d8036f95" testListId="8c84fa94-04c1-424b-9868-57a2d4851a1d" />
    <TestEntry testId="abec240d-c5da-107b-9f24-9c86ec7ce4db" executionId="693d8761-1b0e-4d1c-9c9b-393f9127121c" testListId="8c84fa94-04c1-424b-9868-57a2d4851a1d" />
    <TestEntry testId="c7078dfe-5bc9-c6bc-b957-507730682bac" executionId="79b14a9d-dd31-494b-b231-f4a1bcaf741f" testListId="8c84fa94-04c1-424b-9868-57a2d4851a1d" />
    <TestEntry testId="ae9e993c-4e65-e306-7e2d-1968638db56a" executionId="6af758cd-105a-486c-8716-6013c368a586" testListId="8c84fa94-04c1-424b-9868-57a2d4851a1d" />
    <TestEntry testId="9a0e7d59-8b1f-7a38-cce2-c0714544ea5c" executionId="224ad501-8097-497b-9fba-945d60c9a563" testListId="8c84fa94-04c1-424b-9868-57a2d4851a1d" />
    <TestEntry testId="6bba0d01-b5da-8bce-a80b-f5c8bde6a078" executionId="5abf1c5b-75e8-4450-8e3c-e3fe794986b8" testListId="8c84fa94-04c1-424b-9868-57a2d4851a1d" />
    <TestEntry testId="129d06e2-742c-5893-9551-2da275d202ea" executionId="b5499510-2ea6-43eb-9e1f-e64498962afb" testListId="8c84fa94-04c1-424b-9868-57a2d4851a1d" />
    <TestEntry testId="0c63485f-c026-6aed-9c60-94124296d318" executionId="37ccbb04-d452-4662-970f-b4840d014b26" testListId="8c84fa94-04c1-424b-9868-57a2d4851a1d" />
    <TestEntry testId="8b96e15c-9f78-003a-ebe5-6d5bac178a75" executionId="9b90f3c6-f21b-43bd-9c3e-4f33236299ee" testListId="8c84fa94-04c1-424b-9868-57a2d4851a1d" />
    <TestEntry testId="06c22b60-83ab-20e8-a007-b11ba23b1b6f" executionId="2ce1a01e-9eb7-4432-abe2-46e1f49f2948" testListId="8c84fa94-04c1-424b-9868-57a2d4851a1d" />
    <TestEntry testId="7ec62b7a-0d44-7a7b-95f8-e1dd527a9f80" executionId="97295e23-1041-4557-88eb-213f1f54137c" testListId="8c84fa94-04c1-424b-9868-57a2d4851a1d" />
    <TestEntry testId="a5732365-01f4-1390-8e54-a7cf9fceebb8" executionId="50838d14-192e-4851-bd67-6ab75627f61d" testListId="8c84fa94-04c1-424b-9868-57a2d4851a1d" />
    <TestEntry testId="6e9c68c2-c0dd-4b1e-bcd6-21265adc17ab" executionId="9d49905f-0570-4222-9441-d6836cf3b9fa" testListId="8c84fa94-04c1-424b-9868-57a2d4851a1d" />
    <TestEntry testId="4f6eedc0-273d-3ddf-b2ec-30442140fc69" executionId="087f3c10-d439-4f2d-a233-5a674582e72f" testListId="8c84fa94-04c1-424b-9868-57a2d4851a1d" />
    <TestEntry testId="47b526a9-1ba3-164f-6b78-b8b016c05246" executionId="d9d3e4f4-fde4-4aac-8821-0ea66bb0344d" testListId="8c84fa94-04c1-424b-9868-57a2d4851a1d" />
    <TestEntry testId="9c9cde97-93c4-1b48-fcbc-2ba560ccd26e" executionId="a966f290-dc72-46cf-8d72-ee0550fdc05c" testListId="8c84fa94-04c1-424b-9868-57a2d4851a1d" />
    <TestEntry testId="92197a5b-dab7-7983-6641-48ed629f5e73" executionId="77d664fd-742d-4b6a-bdf9-d13d80eebfd2" testListId="8c84fa94-04c1-424b-9868-57a2d4851a1d" />
    <TestEntry testId="8890594f-fd51-ad21-070c-880fa91560f7" executionId="8207375e-74ea-4631-a2fa-d045bbf7b95d" testListId="8c84fa94-04c1-424b-9868-57a2d4851a1d" />
    <TestEntry testId="a7e4ca44-e4f7-ba97-dfb3-07aa8f1ef3b6" executionId="5018e696-3ab7-4586-b622-12d1e09abe1e" testListId="8c84fa94-04c1-424b-9868-57a2d4851a1d" />
    <TestEntry testId="bf5875e1-2f86-87e8-d588-cf0331c94bfe" executionId="63005784-5a2d-4cf6-807a-c0774fb65a1b" testListId="8c84fa94-04c1-424b-9868-57a2d4851a1d" />
    <TestEntry testId="2958636c-cc8d-553a-9f84-d96bfbdc67a4" executionId="cdfb3c3c-3e56-4b70-979b-ce2c48037f8e" testListId="8c84fa94-04c1-424b-9868-57a2d4851a1d" />
    <TestEntry testId="a60621af-584f-9744-f0f1-677a8234e7aa" executionId="f5847571-0a53-4c7a-9228-af3e6c11949b" testListId="8c84fa94-04c1-424b-9868-57a2d4851a1d" />
    <TestEntry testId="5bac8179-2736-84fc-2b5c-8a03626ef96f" executionId="23fbe995-835b-4bbf-a6e1-6dfdb9e14cb9" testListId="8c84fa94-04c1-424b-9868-57a2d4851a1d" />
    <TestEntry testId="0bd6bd4d-05f6-ba01-c60a-c53965231b83" executionId="9bfc5f07-eb40-4f93-a3c4-b5c391ff3e66" testListId="8c84fa94-04c1-424b-9868-57a2d4851a1d" />
    <TestEntry testId="c048dd32-5c7a-5419-b68b-a5544b11f635" executionId="ed95264e-7689-416e-8068-954d471326a7" testListId="8c84fa94-04c1-424b-9868-57a2d4851a1d" />
    <TestEntry testId="84f2aea3-83c4-14b3-3a5a-0780b87dcfee" executionId="e236a0b2-7f42-4685-a935-651abe0f54f3" testListId="8c84fa94-04c1-424b-9868-57a2d4851a1d" />
    <TestEntry testId="10616d86-b4fb-ee8f-3816-22002e93afa1" executionId="7795e9eb-078c-472d-8776-b39bbb497907" testListId="8c84fa94-04c1-424b-9868-57a2d4851a1d" />
    <TestEntry testId="eb6e98ca-75a8-b42e-dc00-5d34d512cc30" executionId="58b1f99c-db12-4cfe-9ac6-15b6a07b2604" testListId="8c84fa94-04c1-424b-9868-57a2d4851a1d" />
    <TestEntry testId="83f36b20-79f8-1e61-7d18-a59a54c00f3e" executionId="b97827ce-e767-493c-97af-d358dba9631c" testListId="8c84fa94-04c1-424b-9868-57a2d4851a1d" />
    <TestEntry testId="449c8141-c3ac-4869-cbe1-7a3e2e87e272" executionId="00b24264-ceeb-4e64-b29a-6f4bc67f8beb" testListId="8c84fa94-04c1-424b-9868-57a2d4851a1d" />
    <TestEntry testId="d963981a-9ce3-beb7-7e2f-61778719969b" executionId="aea01a3a-1da3-4e87-8a17-9161e1fa1f32" testListId="8c84fa94-04c1-424b-9868-57a2d4851a1d" />
    <TestEntry testId="13fdf270-a163-9ba7-ed7b-f058d0b1461a" executionId="4492cfd0-8368-443f-a463-aee7b71d9015" testListId="8c84fa94-04c1-424b-9868-57a2d4851a1d" />
    <TestEntry testId="92741a22-28c3-a094-9747-ad8589f64324" executionId="9ed9a978-3260-4f61-9393-471fea9653db" testListId="8c84fa94-04c1-424b-9868-57a2d4851a1d" />
    <TestEntry testId="c7abf1c4-30e3-37a9-deb5-29d7c3f1c999" executionId="1590b335-342c-4590-aaeb-62983d262ff8" testListId="8c84fa94-04c1-424b-9868-57a2d4851a1d" />
    <TestEntry testId="f4d3cb2f-9601-1ad6-0c09-e4cec65340c9" executionId="47de02e2-f87e-4307-9956-461c3fe68842" testListId="8c84fa94-04c1-424b-9868-57a2d4851a1d" />
    <TestEntry testId="34ac8690-9005-159b-5ced-fdc350e74806" executionId="25adf5a9-5034-4b42-ab27-88a354608d22" testListId="8c84fa94-04c1-424b-9868-57a2d4851a1d" />
    <TestEntry testId="78eac5f8-bda6-d007-56b5-154052e8dfc6" executionId="8f90ade4-49a6-4aeb-b49d-5b7c96ce52d4" testListId="8c84fa94-04c1-424b-9868-57a2d4851a1d" />
    <TestEntry testId="deff2b1c-bb94-54ac-743e-a0f5ec070de3" executionId="a140a7a2-7caa-4075-8b5c-54636d25ecf8" testListId="8c84fa94-04c1-424b-9868-57a2d4851a1d" />
    <TestEntry testId="2060c73a-6fd3-9734-cf2c-61c48be89b29" executionId="114106ec-69f1-4f64-9c46-8abd60f70087" testListId="8c84fa94-04c1-424b-9868-57a2d4851a1d" />
    <TestEntry testId="2724d9c6-b2fa-810e-ebfb-0e7d83e3de5d" executionId="c613faf2-5dfd-4d97-99d1-d97b1b992a63" testListId="8c84fa94-04c1-424b-9868-57a2d4851a1d" />
    <TestEntry testId="ed08d4f6-8c94-dc85-67e6-6bc12101b670" executionId="db956a21-1dbb-4732-861c-78195d7b8a57" testListId="8c84fa94-04c1-424b-9868-57a2d4851a1d" />
    <TestEntry testId="9541a191-32dc-1b45-3093-d5a492b245b6" executionId="e1e2ec74-1756-466c-bfa6-da7efb13c339" testListId="8c84fa94-04c1-424b-9868-57a2d4851a1d" />
    <TestEntry testId="2eac06b7-5785-a5d2-f269-141547f8f2ba" executionId="3269ef12-6823-4c61-ba9f-963962920019" testListId="8c84fa94-04c1-424b-9868-57a2d4851a1d" />
    <TestEntry testId="1bf1d190-7c16-90b9-80ef-c54c697927fa" executionId="f5bd66bb-8c3f-44f3-8baa-614d950c4c45" testListId="8c84fa94-04c1-424b-9868-57a2d4851a1d" />
    <TestEntry testId="b2b87053-07f9-50d9-2be4-282b59aa97bf" executionId="273331ab-ba34-4b7b-9081-15c5c449dc95" testListId="8c84fa94-04c1-424b-9868-57a2d4851a1d" />
    <TestEntry testId="223d1f7a-1b5b-28af-08b1-c63b57d6150a" executionId="20639e7e-e81c-43e1-9728-dbaee35432e7" testListId="8c84fa94-04c1-424b-9868-57a2d4851a1d" />
    <TestEntry testId="fe89c41e-f63f-eb7f-df69-c9acf7957b14" executionId="7720bf60-4ac1-4805-aef1-7fc344d4348a" testListId="8c84fa94-04c1-424b-9868-57a2d4851a1d" />
    <TestEntry testId="7b858a2f-88b0-6da8-ee9a-1532e3e2a916" executionId="fb93e617-fa39-49e9-9656-fa3d7bb63cca" testListId="8c84fa94-04c1-424b-9868-57a2d4851a1d" />
    <TestEntry testId="4a216f16-6292-7abe-926e-9d0f7cd2078c" executionId="25a9a186-7b7b-42e3-a23b-3dc5b56a06c5" testListId="8c84fa94-04c1-424b-9868-57a2d4851a1d" />
    <TestEntry testId="7361fb7d-ab51-b57e-5760-25803e64be01" executionId="c5d0a7e9-3369-4f7f-aacd-5821748cc0f6" testListId="8c84fa94-04c1-424b-9868-57a2d4851a1d" />
    <TestEntry testId="71db09ac-3965-b85a-a710-cc1ed5dda8db" executionId="379659d0-c54a-43fb-a0f7-3cdfbb6b8c8f" testListId="8c84fa94-04c1-424b-9868-57a2d4851a1d" />
    <TestEntry testId="043da95c-23e2-148f-543e-616c1f6d4304" executionId="641ac1a0-6743-43e0-a70c-9e4358e646f3" testListId="8c84fa94-04c1-424b-9868-57a2d4851a1d" />
    <TestEntry testId="4faaad05-fa50-169f-9456-8af436405c28" executionId="de037a41-9781-4eff-86e0-8dc47240e1af" testListId="8c84fa94-04c1-424b-9868-57a2d4851a1d" />
    <TestEntry testId="2a24ac53-b3f4-bee2-3417-6bf1441aae89" executionId="fdfea8e3-5313-4abb-bd57-aca5fec01d58" testListId="8c84fa94-04c1-424b-9868-57a2d4851a1d" />
    <TestEntry testId="4ddae656-d694-9d4c-413d-c76077fc3e84" executionId="72745bf5-1205-47db-9c0b-96b56ce52697" testListId="8c84fa94-04c1-424b-9868-57a2d4851a1d" />
    <TestEntry testId="03e49b07-f185-c2c7-acb9-eb9f55386a08" executionId="30e06ad0-2c7a-412f-a2b0-9e458e252dd8" testListId="8c84fa94-04c1-424b-9868-57a2d4851a1d" />
    <TestEntry testId="c189e59d-3a87-cd03-1d38-ac442fe81dd4" executionId="2967adef-a030-4204-9a1a-fae4a725547e" testListId="8c84fa94-04c1-424b-9868-57a2d4851a1d" />
    <TestEntry testId="981d7c58-258a-a930-2de2-2d02e195dd3e" executionId="4182f53e-1c7c-428d-b7c5-2ae465fb443f" testListId="8c84fa94-04c1-424b-9868-57a2d4851a1d" />
    <TestEntry testId="92051177-fdbc-8422-e8b5-0bfb6065d089" executionId="48fc9f8b-b963-4025-9985-d3f943c5a915" testListId="8c84fa94-04c1-424b-9868-57a2d4851a1d" />
    <TestEntry testId="9c01007e-f15c-5042-f344-9d61c8fd49b7" executionId="d3364238-b4b8-482d-8401-f77135ce0589" testListId="8c84fa94-04c1-424b-9868-57a2d4851a1d" />
    <TestEntry testId="1ec6bda7-9164-577d-9489-e892f81d35ca" executionId="0dcbd2d1-49c8-4f65-a799-110422ddad09" testListId="8c84fa94-04c1-424b-9868-57a2d4851a1d" />
    <TestEntry testId="d9229f49-efca-5fdb-4e7d-9c34b1f1a682" executionId="b21afadb-d6b6-4584-bc60-2c623695cc74" testListId="8c84fa94-04c1-424b-9868-57a2d4851a1d" />
    <TestEntry testId="096f10bc-8b78-d872-74d1-e131206915a6" executionId="de0bad4f-8cf7-422f-b47e-54f6e3e40f0b" testListId="8c84fa94-04c1-424b-9868-57a2d4851a1d" />
    <TestEntry testId="cbad9f7e-98e9-44a4-3831-461990f1b6a6" executionId="0d8e2e81-7ad2-47cd-a8ad-c02cacf3eea0" testListId="8c84fa94-04c1-424b-9868-57a2d4851a1d" />
    <TestEntry testId="b4ec47f3-7932-66f0-fbeb-a89a22127715" executionId="5eed43f9-7fe1-4b5c-8a8a-51868bfe3bc2" testListId="8c84fa94-04c1-424b-9868-57a2d4851a1d" />
    <TestEntry testId="1ac879e9-86e6-128e-2334-d4bc67a12cf5" executionId="8c62798e-5ca1-40e0-9084-6d80a4a485c9" testListId="8c84fa94-04c1-424b-9868-57a2d4851a1d" />
    <TestEntry testId="25092170-5d64-7b6d-4cf3-6b0ffd4b5dcf" executionId="6552d84f-fdad-427b-85b1-d6524bcc29e9" testListId="8c84fa94-04c1-424b-9868-57a2d4851a1d" />
    <TestEntry testId="affab33f-cfd0-37c9-57a5-5464fa77ccd8" executionId="38686ff9-3c15-4a7b-832b-bd0da79c9a1e" testListId="8c84fa94-04c1-424b-9868-57a2d4851a1d" />
    <TestEntry testId="b41fd8f5-c54e-ac57-2097-af0e819454bb" executionId="175ad374-c70e-4233-8204-12f1980b4052" testListId="8c84fa94-04c1-424b-9868-57a2d4851a1d" />
    <TestEntry testId="434d0a81-4b0e-2d6e-28f2-3eea76b562bf" executionId="de9b1ee9-4ad6-4a99-bb02-c1426a04c083" testListId="8c84fa94-04c1-424b-9868-57a2d4851a1d" />
    <TestEntry testId="40c02586-1a04-34b7-cd46-fa5958d3659e" executionId="736bf329-3805-42d2-a8c0-52e5201ca609" testListId="8c84fa94-04c1-424b-9868-57a2d4851a1d" />
    <TestEntry testId="d8525535-a683-4f6e-df25-e3f681adf935" executionId="27365a24-dc83-4d45-9dfc-3e48610065d4" testListId="8c84fa94-04c1-424b-9868-57a2d4851a1d" />
    <TestEntry testId="7e59ac07-b19c-f6fb-c581-983100f315b6" executionId="d305d11f-5791-464b-a766-7dba00b560a2" testListId="8c84fa94-04c1-424b-9868-57a2d4851a1d" />
    <TestEntry testId="830a02d3-97a5-6ffe-c807-bbb830d67736" executionId="bc7f0d68-2ed3-44d4-bf80-378f5deb20f7" testListId="8c84fa94-04c1-424b-9868-57a2d4851a1d" />
    <TestEntry testId="b54deaba-ab34-1ece-76eb-ba24347a78c0" executionId="6467ed38-bcab-4c18-8289-4eaf53262686" testListId="8c84fa94-04c1-424b-9868-57a2d4851a1d" />
    <TestEntry testId="4c7ce7e4-c6be-26f0-1ef7-14ba09da5b5e" executionId="fb2bb62d-0f05-4326-9749-c670e23bde93" testListId="8c84fa94-04c1-424b-9868-57a2d4851a1d" />
    <TestEntry testId="bbc673bb-67c2-10e5-4a05-36754f239e52" executionId="61ca0fc5-7316-432f-821f-7e4c16b65fcf" testListId="8c84fa94-04c1-424b-9868-57a2d4851a1d" />
    <TestEntry testId="3cc44839-1710-a7ab-cbfb-2f5c3c241eb7" executionId="224394ff-6738-4890-963c-5e831df6886f" testListId="8c84fa94-04c1-424b-9868-57a2d4851a1d" />
    <TestEntry testId="404db39a-8149-5ab7-a9b5-80415afc33fc" executionId="8ffea3f1-72ad-4881-afd9-3f4b3b6cf0ec" testListId="8c84fa94-04c1-424b-9868-57a2d4851a1d" />
    <TestEntry testId="9652633e-5eab-46b8-287b-01302aaba5ff" executionId="08e2f640-d8bf-489f-907f-b41045f22aa5" testListId="8c84fa94-04c1-424b-9868-57a2d4851a1d" />
    <TestEntry testId="76cfdc7e-4c5f-6807-36b6-0039956306fd" executionId="121e0544-9373-4b72-8092-5a15d8e9245d" testListId="8c84fa94-04c1-424b-9868-57a2d4851a1d" />
    <TestEntry testId="54557abe-1a4e-501e-12d2-93d978283cf0" executionId="53657d20-ef5b-4676-a428-10b9e702ae68" testListId="8c84fa94-04c1-424b-9868-57a2d4851a1d" />
    <TestEntry testId="f17fe23d-fc7f-7f58-c378-28426a6c7617" executionId="fbf6df3a-d723-41cd-893b-9c08ad9bcfc1" testListId="8c84fa94-04c1-424b-9868-57a2d4851a1d" />
    <TestEntry testId="830d0d13-c9b7-8311-2a0e-2baa92eda423" executionId="ae2373ee-93c1-46fb-ad20-8dcf89de32fb" testListId="8c84fa94-04c1-424b-9868-57a2d4851a1d" />
    <TestEntry testId="29db48f3-fca6-dd26-7b29-d4433b784581" executionId="6cbf1a79-2cb5-467a-a824-19320801e62c" testListId="8c84fa94-04c1-424b-9868-57a2d4851a1d" />
    <TestEntry testId="84adaaa2-be7e-1dab-171d-cd4de1f4b36a" executionId="0719c810-4baa-4ac0-825a-b975764fa677" testListId="8c84fa94-04c1-424b-9868-57a2d4851a1d" />
    <TestEntry testId="7c2bfdfd-4cd3-0a7e-46c0-ff338713ec8c" executionId="d702c369-57a8-40aa-a054-162ed0ccf20e" testListId="8c84fa94-04c1-424b-9868-57a2d4851a1d" />
    <TestEntry testId="94248a5f-9feb-9e70-b9ef-fe601bf33e51" executionId="7b499ae0-18ce-4e98-987a-864a16c533a1" testListId="8c84fa94-04c1-424b-9868-57a2d4851a1d" />
    <TestEntry testId="fcb0b9c4-adb9-b431-1d00-425c0da94fa6" executionId="b9d4cc95-e931-4cb7-a490-0957e6f48adf" testListId="8c84fa94-04c1-424b-9868-57a2d4851a1d" />
    <TestEntry testId="83d89063-6f6a-9539-bdd5-66ff5ebb05bd" executionId="d8d46ad9-34d5-4cf8-b07b-4804fbb6d1eb" testListId="8c84fa94-04c1-424b-9868-57a2d4851a1d" />
    <TestEntry testId="cf15a4ee-2361-2e9b-a229-2d38c92f0f3d" executionId="81feb12c-a9a3-49d3-b9d5-d2fe87dd8513" testListId="8c84fa94-04c1-424b-9868-57a2d4851a1d" />
    <TestEntry testId="a5bc4f80-1210-2039-c3af-ec2f78272e15" executionId="250a6aab-6c60-48a7-b6d9-e39f85ca33d5" testListId="8c84fa94-04c1-424b-9868-57a2d4851a1d" />
    <TestEntry testId="55243e6d-ef3c-b2e6-4c3c-737d2480ccb0" executionId="2ba70858-c030-4c1c-bd40-67d9e0da3094" testListId="8c84fa94-04c1-424b-9868-57a2d4851a1d" />
    <TestEntry testId="38d4fabd-f706-209d-fbb5-34fd04031025" executionId="bf0604c1-7c93-494d-bac7-73dcd8b5fff1" testListId="8c84fa94-04c1-424b-9868-57a2d4851a1d" />
    <TestEntry testId="8c3042de-1640-61df-21c7-c2ba47238ff7" executionId="5989c1b0-e458-4fb0-ad2f-908f5aef27ca" testListId="8c84fa94-04c1-424b-9868-57a2d4851a1d" />
    <TestEntry testId="8b9796b7-ac1a-5608-8d60-0ce2c21258fc" executionId="1cdbaf6e-ec52-4f6f-a9bc-d0c9e8d895a2" testListId="8c84fa94-04c1-424b-9868-57a2d4851a1d" />
    <TestEntry testId="563da2ee-9349-8d1b-8c50-cc17383a29fe" executionId="4bafa86e-1bf5-4ba9-a48d-e40356b10ab7" testListId="8c84fa94-04c1-424b-9868-57a2d4851a1d" />
    <TestEntry testId="0b166708-09d0-d987-080e-376f3f05a1ac" executionId="e6ce105b-6137-4fb5-8973-dc68718fe4a0" testListId="8c84fa94-04c1-424b-9868-57a2d4851a1d" />
    <TestEntry testId="3d4fa89b-233a-28bb-85b6-98fa7094df98" executionId="35a5b062-b77f-4881-9b33-4c00c7649b48" testListId="8c84fa94-04c1-424b-9868-57a2d4851a1d" />
    <TestEntry testId="66b3316c-0b66-702e-c771-c23b512678ae" executionId="284da841-9e13-4ead-8891-88011c18007b" testListId="8c84fa94-04c1-424b-9868-57a2d4851a1d" />
    <TestEntry testId="420abb37-9168-bed0-3c02-f8ca29a3eb20" executionId="1e719b90-92e5-4cc8-9fec-3be14091cd96" testListId="8c84fa94-04c1-424b-9868-57a2d4851a1d" />
    <TestEntry testId="56177b1b-9eb0-03f2-8f43-fac9706095ba" executionId="656ad9ac-65ad-4961-abc4-f08f771e4f11" testListId="8c84fa94-04c1-424b-9868-57a2d4851a1d" />
    <TestEntry testId="678b9c94-9549-543e-a450-92ac90deaa00" executionId="99770120-5c53-46f9-8253-07ea31931edc" testListId="8c84fa94-04c1-424b-9868-57a2d4851a1d" />
    <TestEntry testId="f96e18f0-2e54-c873-19d3-b95208f43201" executionId="0a4dec37-2f7e-4fda-a084-b35f867fd0f1" testListId="8c84fa94-04c1-424b-9868-57a2d4851a1d" />
    <TestEntry testId="5e23a397-e5de-eca3-cc84-a20158a63a4d" executionId="fd19298c-9613-4b21-a3fe-67b967d7a014" testListId="8c84fa94-04c1-424b-9868-57a2d4851a1d" />
    <TestEntry testId="2d7ece3b-5227-38fa-a455-72a867e2aa52" executionId="c6f3b14c-7d07-46eb-ab19-40b4d279ee96" testListId="8c84fa94-04c1-424b-9868-57a2d4851a1d" />
    <TestEntry testId="991e2057-fc0d-6e6c-6e4a-f1ff1941da8c" executionId="7f9ef933-20b9-4022-aa07-59eae5ae3f08" testListId="8c84fa94-04c1-424b-9868-57a2d4851a1d" />
    <TestEntry testId="04508444-bca0-8b56-c3e5-cc05f4d4b581" executionId="29356974-a4dd-46f6-8811-b36cb479e8c3" testListId="8c84fa94-04c1-424b-9868-57a2d4851a1d" />
    <TestEntry testId="050aef7b-1151-869d-ea30-b9f815e3a4ec" executionId="abdeece1-2a5c-4834-9284-987cfb84f94e" testListId="8c84fa94-04c1-424b-9868-57a2d4851a1d" />
    <TestEntry testId="de47982b-31e1-ef11-a5d8-54f7620bd206" executionId="443fc326-6ae4-4f9e-80c4-16af6a3a2276" testListId="8c84fa94-04c1-424b-9868-57a2d4851a1d" />
    <TestEntry testId="12214fad-2044-c470-5e5d-8a5b1a7b7b68" executionId="e70ddfed-542c-42b8-9d38-ed5014f07b90" testListId="8c84fa94-04c1-424b-9868-57a2d4851a1d" />
    <TestEntry testId="f2b4e622-5685-5ab3-dd40-9460cbad0e46" executionId="2d115b5e-2aee-4a95-932a-4d7702c313e8" testListId="8c84fa94-04c1-424b-9868-57a2d4851a1d" />
    <TestEntry testId="97e36052-54ed-6133-dca8-6955d99fb298" executionId="8c36108d-1e96-4e0e-88ea-ad73dcf79d4c" testListId="8c84fa94-04c1-424b-9868-57a2d4851a1d" />
    <TestEntry testId="33f7ccc3-a575-cea0-a820-f26434b88628" executionId="0105621f-bcc7-44e0-be0d-e210c08213de" testListId="8c84fa94-04c1-424b-9868-57a2d4851a1d" />
    <TestEntry testId="44506114-32e6-e37d-5479-6abb7be7f203" executionId="b410c7d4-2d46-4432-a535-b1919c3a651e" testListId="8c84fa94-04c1-424b-9868-57a2d4851a1d" />
    <TestEntry testId="c0771813-75e1-12d0-3ddc-027130ef723b" executionId="5aa3e490-5beb-45a8-a7e0-14244d1da6ff" testListId="8c84fa94-04c1-424b-9868-57a2d4851a1d" />
    <TestEntry testId="6c300d8b-6f97-3167-5505-d46121639bc0" executionId="39924b15-45a8-498f-9bfa-dc8a6faaae0d" testListId="8c84fa94-04c1-424b-9868-57a2d4851a1d" />
    <TestEntry testId="d2dc3879-589b-affa-e1e1-aa22fc182fea" executionId="2864ce37-56e5-4fb1-a9df-b6a49dd6f654" testListId="8c84fa94-04c1-424b-9868-57a2d4851a1d" />
    <TestEntry testId="62e3045c-a497-76c4-2e62-015f9f7ea9c2" executionId="7a96f14b-6081-4030-8ebb-7d186feb7ab4" testListId="8c84fa94-04c1-424b-9868-57a2d4851a1d" />
    <TestEntry testId="072c3823-dfd2-c81c-313d-abb196abae0b" executionId="2a6cbb1c-eb7e-4d4c-a9e6-31d28098a9c5" testListId="8c84fa94-04c1-424b-9868-57a2d4851a1d" />
    <TestEntry testId="34bcbfc6-659b-6383-b54c-e735fafc784c" executionId="c8b14b8b-d4f5-48d5-a09f-528dd087d4fe" testListId="8c84fa94-04c1-424b-9868-57a2d4851a1d" />
    <TestEntry testId="1da85df9-d528-b495-5827-df3e9e0b2702" executionId="932e0910-638b-4fb7-82b2-0b3eb509cfc0" testListId="8c84fa94-04c1-424b-9868-57a2d4851a1d" />
    <TestEntry testId="bc7ea639-d5c1-e4a7-5b36-65f340ce556e" executionId="57d015f1-600e-4adc-92e0-fad3e523abee" testListId="8c84fa94-04c1-424b-9868-57a2d4851a1d" />
    <TestEntry testId="660195f8-76f9-2dcf-c39d-b924c33dfabf" executionId="a24209a5-f1b2-46c8-8e4a-121b123a8bab" testListId="8c84fa94-04c1-424b-9868-57a2d4851a1d" />
    <TestEntry testId="4bc8e2f8-e622-56a8-b85a-801484f31596" executionId="e5d76034-502c-4e36-9f42-339f862701a9" testListId="8c84fa94-04c1-424b-9868-57a2d4851a1d" />
    <TestEntry testId="fc62161e-f1f2-e492-2b73-2ebf73e697b5" executionId="24cfef16-d377-4202-bbb8-3fd6934a79db" testListId="8c84fa94-04c1-424b-9868-57a2d4851a1d" />
    <TestEntry testId="aee98fd2-4253-2827-2979-ef0b5b618baa" executionId="be802afe-fd98-4068-9f18-0715910f0fb3" testListId="8c84fa94-04c1-424b-9868-57a2d4851a1d" />
    <TestEntry testId="941ed32f-81dc-4be8-1aa4-93c5cf33e1d7" executionId="e43f19d8-70b4-4a75-846d-bd6907357693" testListId="8c84fa94-04c1-424b-9868-57a2d4851a1d" />
    <TestEntry testId="ebff0beb-a7c1-1495-2b06-d10172550912" executionId="959057fe-70bf-4acd-8e59-45eb13b1ff58" testListId="8c84fa94-04c1-424b-9868-57a2d4851a1d" />
    <TestEntry testId="18b4e6b5-3e29-2838-7ee9-7180f83ee222" executionId="45cfa494-3b95-43e6-b8fa-a359891befa3" testListId="8c84fa94-04c1-424b-9868-57a2d4851a1d" />
    <TestEntry testId="6f5ee98f-7f13-b9ed-5de3-72293b2254af" executionId="d8ab10c8-e564-465d-8a6d-6b2605656a29" testListId="8c84fa94-04c1-424b-9868-57a2d4851a1d" />
    <TestEntry testId="6685cdd5-e940-ebd1-654a-12cbba893b07" executionId="5877ed82-1437-42e2-9a3e-454e8fabc1d7" testListId="8c84fa94-04c1-424b-9868-57a2d4851a1d" />
    <TestEntry testId="b135fe68-315c-e126-a1c7-964eec22e9b8" executionId="346be861-9bcc-4c17-8a75-f687ae0409c2" testListId="8c84fa94-04c1-424b-9868-57a2d4851a1d" />
    <TestEntry testId="43cd0403-4027-ea62-f879-eadbd24375a3" executionId="be64805d-9896-4ccf-b90c-bc69f290d117" testListId="8c84fa94-04c1-424b-9868-57a2d4851a1d" />
    <TestEntry testId="139828ba-6552-1b0e-56f6-133570e16ed0" executionId="ace7182a-1ce2-4619-8cf1-198a8f5e566d" testListId="8c84fa94-04c1-424b-9868-57a2d4851a1d" />
    <TestEntry testId="41d2b2fa-bda3-faef-2f82-d5535b4acb65" executionId="d48174d8-8190-4eae-a3bd-a8f546b85962" testListId="8c84fa94-04c1-424b-9868-57a2d4851a1d" />
    <TestEntry testId="97d2af3b-ca92-69bf-f53f-f9a1e6e56c8a" executionId="243dccab-81fa-4bdd-8c88-016b6b3879ab" testListId="8c84fa94-04c1-424b-9868-57a2d4851a1d" />
    <TestEntry testId="6efc0155-8449-4b78-9cdc-d68a433da714" executionId="4fe54bcc-6238-4040-96ac-52b7be074e79" testListId="8c84fa94-04c1-424b-9868-57a2d4851a1d" />
    <TestEntry testId="21e8e2cb-db16-e411-8a93-b83dbef92ff6" executionId="aa33efff-76d8-4710-b045-de35067a0ee3" testListId="8c84fa94-04c1-424b-9868-57a2d4851a1d" />
    <TestEntry testId="973fa410-da16-a361-c7f5-2a000b69e86e" executionId="5a0e000b-1a7a-41f5-bacb-f2168c0bea64" testListId="8c84fa94-04c1-424b-9868-57a2d4851a1d" />
    <TestEntry testId="6f37e7aa-2d10-e0c0-87af-2fc3a74c2497" executionId="d5154f8e-56f6-4a9d-b131-a19d1381dfc2" testListId="8c84fa94-04c1-424b-9868-57a2d4851a1d" />
    <TestEntry testId="c8aecded-d269-11d9-d59d-3fa8b43aea85" executionId="2d762a06-de6c-4dc9-b3a8-4b3e44217857" testListId="8c84fa94-04c1-424b-9868-57a2d4851a1d" />
    <TestEntry testId="5a182670-9ec7-64dc-1107-763627414500" executionId="3adf1aad-da7a-45f6-b2ef-e6c120ab3e99" testListId="8c84fa94-04c1-424b-9868-57a2d4851a1d" />
    <TestEntry testId="ac3ecf25-cf10-70d8-1db3-1bbf623e0cc1" executionId="397f567d-a855-48ec-a9a5-852c8cd1d30f" testListId="8c84fa94-04c1-424b-9868-57a2d4851a1d" />
    <TestEntry testId="9189aa81-dfba-dd16-c96b-cba37ff29054" executionId="176da211-d17a-497a-93a7-0e0cb72052cc" testListId="8c84fa94-04c1-424b-9868-57a2d4851a1d" />
    <TestEntry testId="a8371b7f-e846-dab2-ff90-5f052d7a1836" executionId="0cb0b10d-741e-4111-a714-88ee0ce13a86" testListId="8c84fa94-04c1-424b-9868-57a2d4851a1d" />
    <TestEntry testId="35c9f402-259c-7fcb-2286-b11a8a38a19a" executionId="7baa695b-19ad-4b18-8d02-37e8532093c1" testListId="8c84fa94-04c1-424b-9868-57a2d4851a1d" />
    <TestEntry testId="5e615c88-baf4-4fbd-88dd-858a000b20e0" executionId="45b180c7-5e93-40f2-a956-5078077db112" testListId="8c84fa94-04c1-424b-9868-57a2d4851a1d" />
    <TestEntry testId="59242324-e20b-a7b3-411c-823cf4f05e09" executionId="5410a821-326b-4397-9a2d-0722dd976df6" testListId="8c84fa94-04c1-424b-9868-57a2d4851a1d" />
    <TestEntry testId="8c2b57eb-d0d4-3389-d570-57664b178843" executionId="b05e02ab-138e-40f3-b878-387e41c5bf56" testListId="8c84fa94-04c1-424b-9868-57a2d4851a1d" />
    <TestEntry testId="08529ca9-9097-cd96-2850-aeadfa3cb417" executionId="b629b2d5-917a-424e-a73e-24c346130424" testListId="8c84fa94-04c1-424b-9868-57a2d4851a1d" />
    <TestEntry testId="608d5cba-ee64-a102-70b9-c93c8916b1fd" executionId="9c413225-6252-4969-b3fe-db3d971ffc2d" testListId="8c84fa94-04c1-424b-9868-57a2d4851a1d" />
    <TestEntry testId="404b8b8b-0b63-8e1b-2e5c-95bf74baa3e2" executionId="c38a4c23-e2c8-4610-9aeb-ae7bcfb5bfcd" testListId="8c84fa94-04c1-424b-9868-57a2d4851a1d" />
    <TestEntry testId="faf7c01a-0cc8-434c-c738-c5f41a339b2f" executionId="977c4781-209f-4c80-96e9-9fa9123b39df" testListId="8c84fa94-04c1-424b-9868-57a2d4851a1d" />
    <TestEntry testId="f532ac45-3097-944f-c4f8-99582f29dc0c" executionId="3d7f3077-66c0-4d21-a5b1-b71d662bb1aa" testListId="8c84fa94-04c1-424b-9868-57a2d4851a1d" />
    <TestEntry testId="23e30615-bad0-f865-4c3e-b4185ab24210" executionId="e2448ef5-ed67-42e9-a6c6-bc2920f16b97" testListId="8c84fa94-04c1-424b-9868-57a2d4851a1d" />
    <TestEntry testId="7cc14e72-57ae-a0f0-609e-fa39693ccdaa" executionId="6dae7378-bf77-4162-bbaf-f83b2ff771ef" testListId="8c84fa94-04c1-424b-9868-57a2d4851a1d" />
    <TestEntry testId="b896f8fe-2e5e-8aa9-9d39-db295d7843fd" executionId="94c5d19d-ad35-4fc6-a864-a5c04b74a2d8" testListId="8c84fa94-04c1-424b-9868-57a2d4851a1d" />
    <TestEntry testId="cfdf3f31-a502-5fca-5bf9-5aa27e53a4e3" executionId="3ce116d0-c1bb-4e7a-a79f-f32314d198d2" testListId="8c84fa94-04c1-424b-9868-57a2d4851a1d" />
    <TestEntry testId="659ad104-4c4b-c1db-7b90-cf5df04efbe9" executionId="d8581691-c248-46c7-9f20-d0be7e11a81d" testListId="8c84fa94-04c1-424b-9868-57a2d4851a1d" />
    <TestEntry testId="f7f733d9-b1f9-2d9a-e6cc-8763e84126ec" executionId="48ebb074-0f3f-4ba5-ae10-e7e79e19d357" testListId="8c84fa94-04c1-424b-9868-57a2d4851a1d" />
    <TestEntry testId="6264d79d-9c2e-8553-a2bf-836a5866c485" executionId="4f28f3f4-b461-45eb-aea4-e3e44c43945c" testListId="8c84fa94-04c1-424b-9868-57a2d4851a1d" />
    <TestEntry testId="5101cca2-0f32-dacb-c590-28865c10dabe" executionId="53c501e0-d1e5-4e5b-b26e-cca66d5d7a6a" testListId="8c84fa94-04c1-424b-9868-57a2d4851a1d" />
    <TestEntry testId="4222996a-dd69-9dff-7f8f-8fb7546b6b34" executionId="611dcf74-890e-467f-befa-69033f80b1a3" testListId="8c84fa94-04c1-424b-9868-57a2d4851a1d" />
    <TestEntry testId="0f211c0c-c4a5-0729-8a77-e39ab48ae45f" executionId="d37a9498-4e8f-4ade-b657-aae116ad09cf" testListId="8c84fa94-04c1-424b-9868-57a2d4851a1d" />
    <TestEntry testId="bee8ab9b-1229-81b9-8dc6-5eb35ea0a15a" executionId="ed74c79a-8d49-46d3-a227-e6bacb246b42" testListId="8c84fa94-04c1-424b-9868-57a2d4851a1d" />
    <TestEntry testId="e686199e-af25-de96-58f0-5651a7d51bf8" executionId="ce5c5ea6-ce00-41e8-9ed4-4173272701c0" testListId="8c84fa94-04c1-424b-9868-57a2d4851a1d" />
    <TestEntry testId="9695d684-78e2-873c-1d69-33df199ebc57" executionId="34890139-9d61-4406-a153-32bbd962a9bc" testListId="8c84fa94-04c1-424b-9868-57a2d4851a1d" />
    <TestEntry testId="96564f32-26cd-a3ee-d05c-ce4b266a5203" executionId="f0782577-4b34-49f4-a40f-5d95e4d2bddc" testListId="8c84fa94-04c1-424b-9868-57a2d4851a1d" />
    <TestEntry testId="567d98ba-aaad-f264-f54c-5e980a7a09cc" executionId="11ddd1f7-3253-4f00-b2d5-d358ef813312" testListId="8c84fa94-04c1-424b-9868-57a2d4851a1d" />
    <TestEntry testId="018e0bef-3f0e-b0b9-2cc2-edcbab442a5a" executionId="8f6fcb9d-2c1f-4f3c-bfae-9fd4e65d842c" testListId="8c84fa94-04c1-424b-9868-57a2d4851a1d" />
    <TestEntry testId="e2253bf1-f1a4-91a4-083f-d66d9a354221" executionId="47b6fd33-9abb-42c1-9e89-3e6e15fe9a27" testListId="8c84fa94-04c1-424b-9868-57a2d4851a1d" />
    <TestEntry testId="5a7e9457-dd42-9772-050d-b0199c83ea90" executionId="5e54fad3-f627-4737-b99c-54e9ca624784" testListId="8c84fa94-04c1-424b-9868-57a2d4851a1d" />
    <TestEntry testId="a3807877-4ae3-64e8-b4cc-b4537d48afb4" executionId="4a1e30f7-6917-4ccd-85a0-0af6df79ffe3" testListId="8c84fa94-04c1-424b-9868-57a2d4851a1d" />
    <TestEntry testId="005e3c51-ed68-3fc0-3d5d-0855b199a8cb" executionId="c8f6c99a-3c54-447b-8839-f2c420b4b6b1" testListId="8c84fa94-04c1-424b-9868-57a2d4851a1d" />
    <TestEntry testId="88eed883-3a80-5013-b28c-c43622438de6" executionId="999a9e32-684f-4646-b376-fa87b0ae120f" testListId="8c84fa94-04c1-424b-9868-57a2d4851a1d" />
    <TestEntry testId="7a32ee84-d7f6-226e-6d94-bf0e53ed33e6" executionId="0f1e7d31-298b-45d6-9e0a-a5264c428d77" testListId="8c84fa94-04c1-424b-9868-57a2d4851a1d" />
    <TestEntry testId="c1434bf1-d23a-92ec-b509-106e7b4bedbc" executionId="9be441f0-42bf-48e1-9818-07fcecc5fe4a" testListId="8c84fa94-04c1-424b-9868-57a2d4851a1d" />
    <TestEntry testId="787870f5-3e0e-92fe-6108-df4ccf393003" executionId="b4fcdd7c-63ec-48b7-b95b-ec93e6d1c585" testListId="8c84fa94-04c1-424b-9868-57a2d4851a1d" />
    <TestEntry testId="534e9087-867a-60ed-8cc0-64abd8a553e2" executionId="9c8ed05e-211b-4f6b-a462-64529ed36fe1" testListId="8c84fa94-04c1-424b-9868-57a2d4851a1d" />
    <TestEntry testId="462dec4c-3a33-b570-c645-eceaf827ac58" executionId="6185793c-090c-4930-970c-b07907cf4464" testListId="8c84fa94-04c1-424b-9868-57a2d4851a1d" />
    <TestEntry testId="ee9ca101-fc59-bd6e-e412-f9346355ac9a" executionId="b3fbcb3e-c3be-480f-b969-0f82ff848293" testListId="8c84fa94-04c1-424b-9868-57a2d4851a1d" />
    <TestEntry testId="68b75c99-dac3-a5fc-e529-c42237fc36b3" executionId="2d245702-aeff-4ac2-9339-cbdaf2f8f289" testListId="8c84fa94-04c1-424b-9868-57a2d4851a1d" />
    <TestEntry testId="6c88b7ea-b888-37ff-67af-0a68235ae716" executionId="23fad88d-a5f7-4f5b-8456-f2e896c85662" testListId="8c84fa94-04c1-424b-9868-57a2d4851a1d" />
    <TestEntry testId="8f60fef4-feed-da59-6bd8-df9b72fe1a7a" executionId="9988c1e9-65aa-4b0c-a9cd-165ed1196f13" testListId="8c84fa94-04c1-424b-9868-57a2d4851a1d" />
    <TestEntry testId="185e763c-3f34-dd08-2fb0-230c3c9dbb2e" executionId="7c0356ae-3d1c-4a65-b6b8-d00055e59744" testListId="8c84fa94-04c1-424b-9868-57a2d4851a1d" />
    <TestEntry testId="23c90cac-45f8-8376-eeb8-e17a2ac37d79" executionId="a68c4ef0-0863-4059-886b-7dcdb905517d" testListId="8c84fa94-04c1-424b-9868-57a2d4851a1d" />
    <TestEntry testId="bd375c65-c285-6709-86c8-8d22133754ce" executionId="61b5b790-fac2-4a75-a4ce-141cdfcd988a" testListId="8c84fa94-04c1-424b-9868-57a2d4851a1d" />
    <TestEntry testId="6e3bf1cb-e058-191c-13ab-cae699dce81e" executionId="c880a588-e2a8-4e39-992a-a9016b75d4be" testListId="8c84fa94-04c1-424b-9868-57a2d4851a1d" />
    <TestEntry testId="a199e3d3-37c4-59ab-f42b-70300241cadc" executionId="eb9f3c12-120f-4463-955e-b331aa1fbcbf" testListId="8c84fa94-04c1-424b-9868-57a2d4851a1d" />
    <TestEntry testId="da6cd655-47d7-868f-5a09-0cfc18371346" executionId="df214bf2-0f8f-4b51-8a2a-da656971b42d" testListId="8c84fa94-04c1-424b-9868-57a2d4851a1d" />
    <TestEntry testId="9c34f19c-a78d-e718-8670-920d606c5d71" executionId="cafd610b-39eb-49c7-b6d8-ac4ec12c1287" testListId="8c84fa94-04c1-424b-9868-57a2d4851a1d" />
    <TestEntry testId="fa488c5f-fab5-f09b-e2a0-9a4880752228" executionId="be81e352-a1c3-4359-a191-472b9fb1c16d" testListId="8c84fa94-04c1-424b-9868-57a2d4851a1d" />
    <TestEntry testId="1f9697af-0d69-849e-0f98-c972cd0fddb8" executionId="fe2a7602-fd56-48fa-b354-9e94087ae285" testListId="8c84fa94-04c1-424b-9868-57a2d4851a1d" />
    <TestEntry testId="0f20a65a-999f-dcdb-dbc8-5fcb78ce746f" executionId="c4933257-737f-4d25-886d-ade05257a677" testListId="8c84fa94-04c1-424b-9868-57a2d4851a1d" />
    <TestEntry testId="0fd1e8d4-6d76-262b-1e0f-4388783d56d8" executionId="320d9958-12e6-4644-b0c3-527361476848" testListId="8c84fa94-04c1-424b-9868-57a2d4851a1d" />
    <TestEntry testId="16af025c-999f-4b3e-e269-4dacccc018ad" executionId="6e4eab5a-2538-4814-8f4a-fc8163de4041" testListId="8c84fa94-04c1-424b-9868-57a2d4851a1d" />
    <TestEntry testId="476e636f-af85-f0a7-ce68-221d8bd3d711" executionId="a33d6ca8-4491-48a7-ae85-167c59a61ba0" testListId="8c84fa94-04c1-424b-9868-57a2d4851a1d" />
    <TestEntry testId="51426835-a488-79ce-9060-c68af6406338" executionId="84c701de-6d5b-4f70-a129-fea9057ec109" testListId="8c84fa94-04c1-424b-9868-57a2d4851a1d" />
    <TestEntry testId="96da3c0b-8632-de07-4fd1-51a5cebc16fa" executionId="1097cf1c-a516-4083-96b2-de0faf91e39f" testListId="8c84fa94-04c1-424b-9868-57a2d4851a1d" />
    <TestEntry testId="ccb6b5c5-305c-cac2-dd89-fdf457a75195" executionId="2f1d7392-ea88-4fc6-9ee5-1a73994579e3" testListId="8c84fa94-04c1-424b-9868-57a2d4851a1d" />
    <TestEntry testId="a65f31b0-a24d-7de5-1705-201d3c368a90" executionId="e38405de-0d64-4b01-8414-a755869d3f7d" testListId="8c84fa94-04c1-424b-9868-57a2d4851a1d" />
    <TestEntry testId="fdcc3b04-660b-d514-14e7-76bde633f941" executionId="16437268-9d7f-4d2e-9ddb-4cc0d3fd91c6" testListId="8c84fa94-04c1-424b-9868-57a2d4851a1d" />
  </TestEntries>
  <TestLists>
    <TestList name="Les résultats ne figurent pas dans une liste" id="8c84fa94-04c1-424b-9868-57a2d4851a1d" />
    <TestList name="Tous les résultats chargés" id="19431567-8539-422a-85d7-44ee4e166bda" />
  </TestLists>
  <ResultSummary outcome="Completed">
    <Counters total="312" executed="312" passed="312" failed="0" error="0" timeout="0" aborted="0" inconclusive="0" passedButRunAborted="0" notRunnable="0" notExecuted="0" disconnected="0" warning="0" completed="0" inProgress="0" pending="0" />
    <Output>
      <StdOut>[xUnit.net 00:00:00.00] xUnit.net VSTest Adapter v2.4.3+1b45f5407b (64-bit .NET 6.0.10)
[xUnit.net 00:00:00.85]   Discovering: RSql4Net.Tests
[xUnit.net 00:00:00.94]   Discovered:  RSql4Net.Tests
[xUnit.net 00:00:00.94]   Starting:    RSql4Net.Tests
[xUnit.net 00:00:02.25]   Finished:    RSql4Net.Tests
</StdOut>
    </Output>
    <CollectorDataEntries>
      <Collector agentName="macbook-pro-de-gwendall" uri="datacollector://microsoft/CoverletCodeCoverage/1.0" collectorDisplayName="XPlat code coverage">
        <UriAttachments>
          <UriAttachment>
            <A href="macbook-pro-de-gwendall/coverage.cobertura.xml"></A>
          </UriAttachment>
        </UriAttachments>
      </Collector>
    </CollectorDataEntries>
  </ResultSummary>
</TestRun>